[0.021s] Invoking command in '/home/jason/Desktop/ROS2_study/build/ros2_test_interfaces': CMAKE_PREFIX_PATH=/opt/ros/humble /usr/bin/cmake --build /home/jason/Desktop/ROS2_study/build/ros2_test_interfaces -- -j32 -l32
[0.065s] -- Found ament_cmake: 1.3.6 (/opt/ros/humble/share/ament_cmake/cmake)
[0.274s] -- Found rclcpp: 16.0.7 (/opt/ros/humble/share/rclcpp/cmake)
[0.321s] -- Found rosidl_generator_c: 3.1.5 (/opt/ros/humble/share/rosidl_generator_c/cmake)
[0.325s] -- Found rosidl_adapter: 3.1.5 (/opt/ros/humble/share/rosidl_adapter/cmake)
[0.338s] -- Found rosidl_generator_cpp: 3.1.5 (/opt/ros/humble/share/rosidl_generator_cpp/cmake)
[0.361s] -- Using all available rosidl_typesupport_c: rosidl_typesupport_fastrtps_c;rosidl_typesupport_introspection_c
[0.385s] -- Using all available rosidl_typesupport_cpp: rosidl_typesupport_fastrtps_cpp;rosidl_typesupport_introspection_cpp
[0.470s] -- Found rmw_implementation_cmake: 6.1.1 (/opt/ros/humble/share/rmw_implementation_cmake/cmake)
[0.473s] -- Found rmw_fastrtps_cpp: 6.2.5 (/opt/ros/humble/share/rmw_fastrtps_cpp/cmake)
[0.588s] -- Using RMW implementation 'rmw_fastrtps_cpp' as default
[0.681s] -- Found sensor_msgs: 4.2.3 (/opt/ros/humble/share/sensor_msgs/cmake)
[0.744s] -- Found ament_lint_auto: 0.12.9 (/opt/ros/humble/share/ament_lint_auto/cmake)
[1.021s] [31mCMake Error at /opt/ros/humble/share/rosidl_adapter/cmake/rosidl_adapt_interfaces.cmake:59 (message):
[1.021s]   execute_process(/usr/bin/python3.10 -m rosidl_adapter --package-name
[1.021s]   ros2_test_interfaces --arguments-file
[1.021s]   /home/jason/Desktop/ROS2_study/build/ros2_test_interfaces/rosidl_adapter__arguments__ros2_test_interfaces.json
[1.021s]   --output-dir
[1.021s]   /home/jason/Desktop/ROS2_study/build/ros2_test_interfaces/rosidl_adapter/ros2_test_interfaces
[1.021s]   --output-file
[1.021s]   /home/jason/Desktop/ROS2_study/build/ros2_test_interfaces/rosidl_adapter/ros2_test_interfaces.idls)
[1.021s]   returned error code 1:
[1.022s] 
[1.022s]   Error processing 'sensor_msgs/msg/Image image' of
[1.022s]   'ros2_test_interfaces/TestInterfaces': 'sensor_msgs/msg/Image'
[1.022s] 
[1.022s]   Traceback (most recent call last):
[1.022s] 
[1.022s]     File "/usr/lib/python3.10/runpy.py", line 196, in _run_module_as_main
[1.022s]       return _run_code(code, main_globals, None,
[1.022s]     File "/usr/lib/python3.10/runpy.py", line 86, in _run_code
[1.022s]       exec(code, run_globals)
[1.022s]     File "/opt/ros/humble/local/lib/python3.10/dist-packages/rosidl_adapter/__main__.py", line 19, in <module>
[1.022s]       sys.exit(main())
[1.022s]     File "/opt/ros/humble/local/lib/python3.10/dist-packages/rosidl_adapter/main.py", line 53, in main
[1.022s]       abs_idl_file = convert_to_idl(
[1.022s]     File "/opt/ros/humble/local/lib/python3.10/dist-packages/rosidl_adapter/__init__.py", line 19, in convert_to_idl
[1.022s]       return convert_msg_to_idl(
[1.022s]     File "/opt/ros/humble/local/lib/python3.10/dist-packages/rosidl_adapter/msg/__init__.py", line 28, in convert_msg_to_idl
[1.022s]       msg = parse_message_string(package_name, input_file.stem, content)
[1.022s]     File "/opt/ros/humble/local/lib/python3.10/dist-packages/rosidl_adapter/parser.py", line 520, in parse_message_string
[1.022s]       Type(type_string, context_package_name=pkg_name),
[1.022s]     File "/opt/ros/humble/local/lib/python3.10/dist-packages/rosidl_adapter/parser.py", line 277, in __init__
[1.022s]       super(Type, self).__init__(
[1.022s]     File "/opt/ros/humble/local/lib/python3.10/dist-packages/rosidl_adapter/parser.py", line 190, in __init__
[1.023s]       raise InvalidResourceName(type_string)
[1.023s] 
[1.023s]   rosidl_adapter.parser.InvalidResourceName: sensor_msgs/msg/Image
[1.023s] 
[1.023s] Call Stack (most recent call first):
[1.023s]   /opt/ros/humble/share/rosidl_cmake/cmake/rosidl_generate_interfaces.cmake:130 (rosidl_adapt_interfaces)
[1.023s]   CMakeLists.txt:28 (rosidl_generate_interfaces)
[1.023s] 
[1.023s] [0m
[1.023s] -- Configuring incomplete, errors occurred!
[1.023s] See also "/home/jason/Desktop/ROS2_study/build/ros2_test_interfaces/CMakeFiles/CMakeOutput.log".
[1.029s] gmake: *** [Makefile:541ï¼šcmake_check_build_system] é”™è¯¯ 1
[1.032s] Invoked command in '/home/jason/Desktop/ROS2_study/build/ros2_test_interfaces' returned '2': CMAKE_PREFIX_PATH=/opt/ros/humble /usr/bin/cmake --build /home/jason/Desktop/ROS2_study/build/ros2_test_interfaces -- -j32 -l32
