[35m[1mConsolidate compiler generated dependencies of target ros2_test_client[0m
[ 50%] [32mBuilding CXX object CMakeFiles/ros2_test_client.dir/src/ros2_test_client.cpp.o[0m
[01m[K/home/jason/Desktop/ROS2_study/src/ros2_test_client/src/ros2_test_client.cpp:[m[K In member function â€˜[01m[Kvoid Client_test01::result_callback(rclcpp::Client<example_interfaces::srv::AddTwoInts>::SharedFuture)[m[Kâ€™:
[01m[K/home/jason/Desktop/ROS2_study/src/ros2_test_client/src/ros2_test_client.cpp:45:21:[m[K [01;31m[Kerror: [m[Kinvalid cast from type â€˜[01m[Kconst std::shared_ptr<example_interfaces::srv::AddTwoInts_Response_<std::allocator<void> > >[m[Kâ€™ to type â€˜[01m[Kint[m[Kâ€™
   45 |     auto response = [01;31m[K(int)result_future.get()[m[K;
      |                     [01;31m[K^~~~~~~~~~~~~~~~~~~~~~~~[m[K
gmake[2]: *** [CMakeFiles/ros2_test_client.dir/build.make:76ï¼šCMakeFiles/ros2_test_client.dir/src/ros2_test_client.cpp.o] é”™è¯¯ 1
gmake[1]: *** [CMakeFiles/Makefile2:137ï¼šCMakeFiles/ros2_test_client.dir/all] é”™è¯¯ 2
gmake: *** [Makefile:146ï¼šall] é”™è¯¯ 2
