[0.110s] Invoking command in '/home/jason/Desktop/ROS2_study/build/ros2_test_client': CMAKE_PREFIX_PATH=${CMAKE_PREFIX_PATH}:/opt/ros/humble /usr/bin/cmake --build /home/jason/Desktop/ROS2_study/build/ros2_test_client -- -j32 -l32
[0.139s] [35m[1mConsolidate compiler generated dependencies of target ros2_test_client[0m
[0.156s] [ 50%] [32mBuilding CXX object CMakeFiles/ros2_test_client.dir/src/ros2_test_client.cpp.o[0m
[1.479s] [01m[K/home/jason/Desktop/ROS2_study/src/ros2_test_client/src/ros2_test_client.cpp:[m[K In member function â€˜[01m[Kvoid Client_test01::result_callback(rclcpp::Client<example_interfaces::srv::AddTwoInts>::SharedFuture)[m[Kâ€™:
[1.479s] [01m[K/home/jason/Desktop/ROS2_study/src/ros2_test_client/src/ros2_test_client.cpp:45:21:[m[K [01;31m[Kerror: [m[Kinvalid cast from type â€˜[01m[Kconst std::shared_ptr<example_interfaces::srv::AddTwoInts_Response_<std::allocator<void> > >[m[Kâ€™ to type â€˜[01m[Kint[m[Kâ€™
[1.479s]    45 |     auto response = [01;31m[K(int)result_future.get()[m[K;
[1.479s]       |                     [01;31m[K^~~~~~~~~~~~~~~~~~~~~~~~[m[K
[1.813s] gmake[2]: *** [CMakeFiles/ros2_test_client.dir/build.make:76ï¼šCMakeFiles/ros2_test_client.dir/src/ros2_test_client.cpp.o] é”™è¯¯ 1
[1.813s] gmake[1]: *** [CMakeFiles/Makefile2:137ï¼šCMakeFiles/ros2_test_client.dir/all] é”™è¯¯ 2
[1.813s] gmake: *** [Makefile:146ï¼šall] é”™è¯¯ 2
[1.815s] Invoked command in '/home/jason/Desktop/ROS2_study/build/ros2_test_client' returned '2': CMAKE_PREFIX_PATH=${CMAKE_PREFIX_PATH}:/opt/ros/humble /usr/bin/cmake --build /home/jason/Desktop/ROS2_study/build/ros2_test_client -- -j32 -l32
