[0.086s] Invoking command in '/home/jason/Desktop/ROS2_study/build/ros2_test_client': CMAKE_PREFIX_PATH=/opt/ros/humble /usr/bin/cmake --build /home/jason/Desktop/ROS2_study/build/ros2_test_client -- -j32 -l32
[0.111s] [35m[1mConsolidate compiler generated dependencies of target ros2_test_client[0m
[0.124s] [ 50%] [32mBuilding CXX object CMakeFiles/ros2_test_client.dir/src/ros2_test_client.cpp.o[0m
[1.403s] In file included from [01m[K/opt/ros/humble/include/rclcpp/rclcpp/logging.hpp:24[m[K,
[1.403s]                  from [01m[K/opt/ros/humble/include/rclcpp/rclcpp/client.hpp:40[m[K,
[1.403s]                  from [01m[K/opt/ros/humble/include/rclcpp/rclcpp/callback_group.hpp:24[m[K,
[1.403s]                  from [01m[K/opt/ros/humble/include/rclcpp/rclcpp/any_executable.hpp:20[m[K,
[1.403s]                  from [01m[K/opt/ros/humble/include/rclcpp/rclcpp/memory_strategy.hpp:25[m[K,
[1.403s]                  from [01m[K/opt/ros/humble/include/rclcpp/rclcpp/memory_strategies.hpp:18[m[K,
[1.403s]                  from [01m[K/opt/ros/humble/include/rclcpp/rclcpp/executor_options.hpp:20[m[K,
[1.403s]                  from [01m[K/opt/ros/humble/include/rclcpp/rclcpp/executor.hpp:37[m[K,
[1.403s]                  from [01m[K/opt/ros/humble/include/rclcpp/rclcpp/executors/multi_threaded_executor.hpp:25[m[K,
[1.403s]                  from [01m[K/opt/ros/humble/include/rclcpp/rclcpp/executors.hpp:21[m[K,
[1.403s]                  from [01m[K/opt/ros/humble/include/rclcpp/rclcpp/rclcpp.hpp:155[m[K,
[1.403s]                  from [01m[K/home/jason/Desktop/ROS2_study/src/ros2_test_client/src/ros2_test_client.cpp:2[m[K:
[1.403s] [01m[K/home/jason/Desktop/ROS2_study/src/ros2_test_client/src/ros2_test_client.cpp:[m[K In member function â€˜[01m[Kvoid Client_test01::result_callback(rclcpp::Client<example_interfaces::srv::AddTwoInts>::SharedFuture)[m[Kâ€™:
[1.404s] [01m[K/home/jason/Desktop/ROS2_study/src/ros2_test_client/src/ros2_test_client.cpp:49:39:[m[K [01;31m[Kerror: [m[Kâ€˜[01m[Krequest[m[Kâ€™ was not declared in this scope
[1.404s]    49 |             "Result of %d + %d = %d", [01;31m[Krequest[m[K.a, request.b, response->sum);
[1.404s]       |                                       [01;31m[K^~~~~~~[m[K
[1.745s] gmake[2]: *** [CMakeFiles/ros2_test_client.dir/build.make:76ï¼šCMakeFiles/ros2_test_client.dir/src/ros2_test_client.cpp.o] é”™è¯¯ 1
[1.745s] gmake[1]: *** [CMakeFiles/Makefile2:137ï¼šCMakeFiles/ros2_test_client.dir/all] é”™è¯¯ 2
[1.746s] gmake: *** [Makefile:146ï¼šall] é”™è¯¯ 2
[1.748s] Invoked command in '/home/jason/Desktop/ROS2_study/build/ros2_test_client' returned '2': CMAKE_PREFIX_PATH=/opt/ros/humble /usr/bin/cmake --build /home/jason/Desktop/ROS2_study/build/ros2_test_client -- -j32 -l32
