[0.021s] Invoking command in '/home/jason/Desktop/ROS2_study/build/ros2_test_subscriber': CMAKE_PREFIX_PATH=/opt/ros/humble /usr/bin/cmake --build /home/jason/Desktop/ROS2_study/build/ros2_test_subscriber -- -j32 -l32
[0.066s] [35m[1mConsolidate compiler generated dependencies of target ros2_test_subscriber[0m
[0.092s] [ 50%] [32mBuilding CXX object CMakeFiles/ros2_test_subscriber.dir/src/ros2_test_subscriber.cpp.o[0m
[1.148s] [01m[K/home/jason/Desktop/ROS2_study/src/ros2_test_subscriber/src/ros2_test_subscriber.cpp:24:34:[m[K [01;31m[Kerror: [m[Kexpected â€˜[01m[K)[m[Kâ€™ before â€˜[01m[Kname[m[Kâ€™
[1.149s]    24 |     MinimalSubscriber[34m[K([m[Kstd::String[01;31m[K [m[K[32m[Kname[m[K):Node(name)
[1.149s]       |                      [34m[K~[m[K           [01;31m[K^[m[K[32m[K~~~~[m[K
[1.149s]       |                                  [32m[K)[m[K
[1.169s] [01m[K/home/jason/Desktop/ROS2_study/src/ros2_test_subscriber/src/ros2_test_subscriber.cpp:[m[K In member function â€˜[01m[Kvoid MinimalSubscriber::topic_callback(std_msgs::msg::String_<std::allocator<void> >::SharedPtr)[m[Kâ€™:
[1.169s] [01m[K/home/jason/Desktop/ROS2_study/src/ros2_test_subscriber/src/ros2_test_subscriber.cpp:41:9:[m[K [01;31m[Kerror: [m[Kâ€˜[01m[Kifï¼ˆmsg[m[Kâ€™ was not declared in this scope
[1.169s]    41 |         [01;31m[Kifï¼ˆmsg[m[K->data == "Hello World"ï¼‰{
[1.169s]       |         [01;31m[K^~~~~~~[m[K
[1.171s] In file included from [01m[K/opt/ros/humble/include/rclcpp/rclcpp/logging.hpp:24[m[K,
[1.171s]                  from [01m[K/opt/ros/humble/include/rclcpp/rclcpp/client.hpp:40[m[K,
[1.171s]                  from [01m[K/opt/ros/humble/include/rclcpp/rclcpp/callback_group.hpp:24[m[K,
[1.171s]                  from [01m[K/opt/ros/humble/include/rclcpp/rclcpp/any_executable.hpp:20[m[K,
[1.171s]                  from [01m[K/opt/ros/humble/include/rclcpp/rclcpp/memory_strategy.hpp:25[m[K,
[1.171s]                  from [01m[K/opt/ros/humble/include/rclcpp/rclcpp/memory_strategies.hpp:18[m[K,
[1.171s]                  from [01m[K/opt/ros/humble/include/rclcpp/rclcpp/executor_options.hpp:20[m[K,
[1.172s]                  from [01m[K/opt/ros/humble/include/rclcpp/rclcpp/executor.hpp:37[m[K,
[1.172s]                  from [01m[K/opt/ros/humble/include/rclcpp/rclcpp/executors/multi_threaded_executor.hpp:25[m[K,
[1.172s]                  from [01m[K/opt/ros/humble/include/rclcpp/rclcpp/executors.hpp:21[m[K,
[1.172s]                  from [01m[K/opt/ros/humble/include/rclcpp/rclcpp/rclcpp.hpp:155[m[K,
[1.172s]                  from [01m[K/home/jason/Desktop/ROS2_study/src/ros2_test_subscriber/src/ros2_test_subscriber.cpp:10[m[K:
[1.172s] [01m[K/home/jason/Desktop/ROS2_study/src/ros2_test_subscriber/src/ros2_test_subscriber.cpp:45:92:[m[K [01;31m[Kerror: [m[Kâ€˜[01m[Kspeed[m[Kâ€™ was not declared in this scope
[1.172s]    45 |         RCLCPP_INFO(this->get_logger(), "I heard: '%d',the speed is %f", msg->data.c_str(),[01;31m[Kspeed[m[K);
[1.172s]       |                                                                                            [01;31m[K^~~~~[m[K
[1.336s] In file included from [01m[K/usr/include/x86_64-linux-gnu/c++/11/bits/c++allocator.h:33[m[K,
[1.336s]                  from [01m[K/usr/include/c++/11/bits/allocator.h:46[m[K,
[1.336s]                  from [01m[K/usr/include/c++/11/memory:64[m[K,
[1.336s]                  from [01m[K/opt/ros/humble/include/rclcpp/rclcpp/rclcpp.hpp:153[m[K,
[1.336s]                  from [01m[K/home/jason/Desktop/ROS2_study/src/ros2_test_subscriber/src/ros2_test_subscriber.cpp:10[m[K:
[1.336s] /usr/include/c++/11/ext/new_allocator.h: In instantiation of â€˜[01m[Kvoid __gnu_cxx::new_allocator<_Tp>::construct(_Up*, _Args&& ...) [with _Up = MinimalSubscriber; _Args = {const char (&)[21]}; _Tp = MinimalSubscriber][m[Kâ€™:
[1.336s] [01m[K/usr/include/c++/11/bits/alloc_traits.h:516:17:[m[K   required from â€˜[01m[Kstatic void std::allocator_traits<std::allocator<_Tp1> >::construct(std::allocator_traits<std::allocator<_Tp1> >::allocator_type&, _Up*, _Args&& ...) [with _Up = MinimalSubscriber; _Args = {const char (&)[21]}; _Tp = MinimalSubscriber; std::allocator_traits<std::allocator<_Tp1> >::allocator_type = std::allocator<MinimalSubscriber>][m[Kâ€™
[1.337s] [01m[K/usr/include/c++/11/bits/shared_ptr_base.h:519:39:[m[K   required from â€˜[01m[Kstd::_Sp_counted_ptr_inplace<_Tp, _Alloc, _Lp>::_Sp_counted_ptr_inplace(_Alloc, _Args&& ...) [with _Args = {const char (&)[21]}; _Tp = MinimalSubscriber; _Alloc = std::allocator<MinimalSubscriber>; __gnu_cxx::_Lock_policy _Lp = __gnu_cxx::_S_atomic][m[Kâ€™
[1.337s] [01m[K/usr/include/c++/11/bits/shared_ptr_base.h:650:16:[m[K   required from â€˜[01m[Kstd::__shared_count<_Lp>::__shared_count(_Tp*&, std::_Sp_alloc_shared_tag<_Alloc>, _Args&& ...) [with _Tp = MinimalSubscriber; _Alloc = std::allocator<MinimalSubscriber>; _Args = {const char (&)[21]}; __gnu_cxx::_Lock_policy _Lp = __gnu_cxx::_S_atomic][m[Kâ€™
[1.337s] [01m[K/usr/include/c++/11/bits/shared_ptr_base.h:1342:14:[m[K   required from â€˜[01m[Kstd::__shared_ptr<_Tp, _Lp>::__shared_ptr(std::_Sp_alloc_shared_tag<_Tp>, _Args&& ...) [with _Alloc = std::allocator<MinimalSubscriber>; _Args = {const char (&)[21]}; _Tp = MinimalSubscriber; __gnu_cxx::_Lock_policy _Lp = __gnu_cxx::_S_atomic][m[Kâ€™
[1.337s] [01m[K/usr/include/c++/11/bits/shared_ptr.h:409:59:[m[K   required from â€˜[01m[Kstd::shared_ptr<_Tp>::shared_ptr(std::_Sp_alloc_shared_tag<_Tp>, _Args&& ...) [with _Alloc = std::allocator<MinimalSubscriber>; _Args = {const char (&)[21]}; _Tp = MinimalSubscriber][m[Kâ€™
[1.337s] [01m[K/usr/include/c++/11/bits/shared_ptr.h:862:14:[m[K   required from â€˜[01m[Kstd::shared_ptr<_Tp> std::allocate_shared(const _Alloc&, _Args&& ...) [with _Tp = MinimalSubscriber; _Alloc = std::allocator<MinimalSubscriber>; _Args = {const char (&)[21]}][m[Kâ€™
[1.337s] [01m[K/usr/include/c++/11/bits/shared_ptr.h:878:39:[m[K   required from â€˜[01m[Kstd::shared_ptr<_Tp> std::make_shared(_Args&& ...) [with _Tp = MinimalSubscriber; _Args = {const char (&)[21]}][m[Kâ€™
[1.337s] [01m[K/home/jason/Desktop/ROS2_study/src/ros2_test_subscriber/src/ros2_test_subscriber.cpp:53:52:[m[K   required from here
[1.337s] [01m[K/usr/include/c++/11/ext/new_allocator.h:162:11:[m[K [01;31m[Kerror: [m[Kno matching function for call to â€˜[01m[KMinimalSubscriber::MinimalSubscriber(const char [21])[m[Kâ€™
[1.337s]   162 |         { [01;31m[K::new((void *)__p) _Up(std::forward<_Args>(__args)...)[m[K; }
[1.337s]       |           [01;31m[K^~~~~~~~~~~~~~~~~~~~~~~~~~~~~~~~~~~~~~~~~~~~~~~~~~~~~~[m[K
[1.337s] [01m[K/home/jason/Desktop/ROS2_study/src/ros2_test_subscriber/src/ros2_test_subscriber.cpp:20:7:[m[K [01;36m[Knote: [m[Kcandidate: â€˜[01m[KMinimalSubscriber::MinimalSubscriber()[m[Kâ€™ (deleted)
[1.337s]    20 | class [01;36m[KMinimalSubscriber[m[K : public rclcpp::Node
[1.337s]       |       [01;36m[K^~~~~~~~~~~~~~~~~[m[K
[1.345s] [01m[K/home/jason/Desktop/ROS2_study/src/ros2_test_subscriber/src/ros2_test_subscriber.cpp:20:7:[m[K [01;36m[Knote: [m[K  candidate expects 0 arguments, 1 provided
[1.346s] [01m[K/home/jason/Desktop/ROS2_study/src/ros2_test_subscriber/src/ros2_test_subscriber.cpp:20:7:[m[K [01;36m[Knote: [m[Kcandidate: â€˜[01m[KMinimalSubscriber::MinimalSubscriber(const MinimalSubscriber&)[m[Kâ€™ (deleted)
[1.346s] [01m[K/home/jason/Desktop/ROS2_study/src/ros2_test_subscriber/src/ros2_test_subscriber.cpp:20:7:[m[K [01;36m[Knote: [m[K  no known conversion for argument 1 from â€˜[01m[Kconst char [21][m[Kâ€™ to â€˜[01m[Kconst MinimalSubscriber&[m[Kâ€™
[1.346s] [01m[K/home/jason/Desktop/ROS2_study/src/ros2_test_subscriber/src/ros2_test_subscriber.cpp:20:7:[m[K [01;36m[Knote: [m[Kcandidate: â€˜[01m[KMinimalSubscriber::MinimalSubscriber(MinimalSubscriber&&)[m[Kâ€™ (deleted)
[1.346s] [01m[K/home/jason/Desktop/ROS2_study/src/ros2_test_subscriber/src/ros2_test_subscriber.cpp:20:7:[m[K [01;36m[Knote: [m[K  no known conversion for argument 1 from â€˜[01m[Kconst char [21][m[Kâ€™ to â€˜[01m[KMinimalSubscriber&&[m[Kâ€™
[1.377s] gmake[2]: *** [CMakeFiles/ros2_test_subscriber.dir/build.make:76ï¼šCMakeFiles/ros2_test_subscriber.dir/src/ros2_test_subscriber.cpp.o] é”™è¯¯ 1
[1.377s] gmake[1]: *** [CMakeFiles/Makefile2:137ï¼šCMakeFiles/ros2_test_subscriber.dir/all] é”™è¯¯ 2
[1.377s] gmake: *** [Makefile:146ï¼šall] é”™è¯¯ 2
[1.379s] Invoked command in '/home/jason/Desktop/ROS2_study/build/ros2_test_subscriber' returned '2': CMAKE_PREFIX_PATH=/opt/ros/humble /usr/bin/cmake --build /home/jason/Desktop/ROS2_study/build/ros2_test_subscriber -- -j32 -l32
