[0.029s] Invoking command in '/home/jason/Desktop/ROS2_study/build/ros2_test_client': CMAKE_PREFIX_PATH=${CMAKE_PREFIX_PATH}:/opt/ros/humble /usr/bin/cmake --build /home/jason/Desktop/ROS2_study/build/ros2_test_client -- -j32 -l32
[0.075s] [ 50%] [32mBuilding CXX object CMakeFiles/ros2_test_client.dir/src/ros2_test_client.cpp.o[0m
[1.134s] [01m[K/home/jason/Desktop/ROS2_study/src/ros2_test_client/src/ros2_test_client.cpp:[m[K In constructor â€˜[01m[KClient_test01::Client_test01(std::string)[m[Kâ€™:
[1.134s] [01m[K/home/jason/Desktop/ROS2_study/src/ros2_test_client/src/ros2_test_client.cpp:13:9:[m[K [01;31m[Kerror: [m[Kâ€˜[01m[Ktimer_[m[Kâ€™ was not declared in this scope; did you mean â€˜[01m[Ktimer_t[m[Kâ€™?
[1.134s]    13 |         [01;31m[Ktimer_[m[K=this->create_wall_timer(std::chrono::milliseconds(500),std::bind(&Client_test01::timer_callback,this));
[1.134s]       |         [01;31m[K^~~~~~[m[K
[1.134s]       |         [32m[Ktimer_t[m[K
[1.134s] [01m[K/home/jason/Desktop/ROS2_study/src/ros2_test_client/src/ros2_test_client.cpp:13:97:[m[K [01;31m[Kerror: [m[Kâ€˜[01m[Ktimer_callback[m[Kâ€™ is not a member of â€˜[01m[KClient_test01[m[Kâ€™
[1.134s]    13 | ::chrono::milliseconds(500),std::bind(&Client_test01::[01;31m[Ktimer_callback[m[K,this));
[1.134s]       |                                                       [01;31m[K^~~~~~~~~~~~~~[m[K
[1.134s] 
[1.429s] gmake[2]: *** [CMakeFiles/ros2_test_client.dir/build.make:76ï¼šCMakeFiles/ros2_test_client.dir/src/ros2_test_client.cpp.o] é”™è¯¯ 1
[1.429s] gmake[1]: *** [CMakeFiles/Makefile2:137ï¼šCMakeFiles/ros2_test_client.dir/all] é”™è¯¯ 2
[1.429s] gmake: *** [Makefile:146ï¼šall] é”™è¯¯ 2
[1.432s] Invoked command in '/home/jason/Desktop/ROS2_study/build/ros2_test_client' returned '2': CMAKE_PREFIX_PATH=${CMAKE_PREFIX_PATH}:/opt/ros/humble /usr/bin/cmake --build /home/jason/Desktop/ROS2_study/build/ros2_test_client -- -j32 -l32
