[01m[K/home/jason/Desktop/ROS2_study/src/ros2_test_parameters/src/ros2_test_parameters.cpp:[m[K In constructor â€˜[01m[KParameters_test01::Parameters_test01(std::string)[m[Kâ€™:
[01m[K/home/jason/Desktop/ROS2_study/src/ros2_test_parameters/src/ros2_test_parameters.cpp:22:23:[m[K [01;31m[Kerror: [m[Kbase operand of â€˜[01m[K->[m[Kâ€™ has non-pointer type â€˜[01m[Krclcpp::Logger[m[Kâ€™
   22 |     this->get_logger()[01;31m[K->[m[Kset_level((rclcpp::Logger::Level)log_level);//è®¾ç½®æ—¥å¿—çº§åˆ« å«ä¹‰ï¼šè®¾ç½®æ—¥å¿—çº§åˆ«ä¸ºlog_level
      |                       [01;31m[K^~[m[K
[01m[K/home/jason/Desktop/ROS2_study/src/ros2_test_parameters/src/ros2_test_parameters.cpp:[m[K In member function â€˜[01m[Kvoid Parameters_test01::timer_callback()[m[Kâ€™:
[01m[K/home/jason/Desktop/ROS2_study/src/ros2_test_parameters/src/ros2_test_parameters.cpp:30:27:[m[K [01;31m[Kerror: [m[Kbase operand of â€˜[01m[K->[m[Kâ€™ has non-pointer type â€˜[01m[Krclcpp::Logger[m[Kâ€™
   30 |         this->get_logger()[01;31m[K->[m[Kset_level((rclcpp::Logger::Level)log_level);//è®¾ç½®æ—¥å¿—çº§åˆ« å«ä¹‰ï¼šè®¾ç½®æ—¥å¿—çº§åˆ«ä¸ºlog_level
      |                           [01;31m[K^~[m[K
[01m[K/home/jason/Desktop/ROS2_study/src/ros2_test_parameters/src/ros2_test_parameters.cpp:[m[K In function â€˜[01m[Kint main(int, char**)[m[Kâ€™:
[01m[K/home/jason/Desktop/ROS2_study/src/ros2_test_parameters/src/ros2_test_parameters.cpp:44:14:[m[K [01;35m[Kwarning: [m[Kunused parameter â€˜[01m[Kargc[m[Kâ€™ [[01;35m[K]8;;https://gcc.gnu.org/onlinedocs/gcc/Warning-Options.html#index-Wunused-parameter-Wunused-parameter]8;;[m[K]
   44 | int main([01;35m[Kint argc[m[K,char** argv){
      |          [01;35m[K~~~~^~~~[m[K
[01m[K/home/jason/Desktop/ROS2_study/src/ros2_test_parameters/src/ros2_test_parameters.cpp:44:26:[m[K [01;35m[Kwarning: [m[Kunused parameter â€˜[01m[Kargv[m[Kâ€™ [[01;35m[K]8;;https://gcc.gnu.org/onlinedocs/gcc/Warning-Options.html#index-Wunused-parameter-Wunused-parameter]8;;[m[K]
   44 | int main(int argc,[01;35m[Kchar** argv[m[K){
      |                   [01;35m[K~~~~~~~^~~~[m[K
gmake[2]: *** [CMakeFiles/ros2_test_parameters.dir/build.make:76ï¼šCMakeFiles/ros2_test_parameters.dir/src/ros2_test_parameters.cpp.o] é”™è¯¯ 1
gmake[1]: *** [CMakeFiles/Makefile2:137ï¼šCMakeFiles/ros2_test_parameters.dir/all] é”™è¯¯ 2
gmake: *** [Makefile:146ï¼šall] é”™è¯¯ 2
