[35m[1mConsolidate compiler generated dependencies of target ros2_test_service[0m
[ 50%] [32mBuilding CXX object CMakeFiles/ros2_test_service.dir/src/ros2_test_service.cpp.o[0m
[100%] [32m[1mLinking CXX executable ros2_test_service[0m
/usr/bin/ld: /usr/lib/gcc/x86_64-linux-gnu/11/../../../x86_64-linux-gnu/Scrt1.o: in function `_start':
(.text+0x1b): undefined reference to `main'
collect2: error: ld returned 1 exit status
gmake[2]: *** [CMakeFiles/ros2_test_service.dir/build.make:183ï¼šros2_test_service] é”™è¯¯ 1
gmake[1]: *** [CMakeFiles/Makefile2:137ï¼šCMakeFiles/ros2_test_service.dir/all] é”™è¯¯ 2
gmake: *** [Makefile:146ï¼šall] é”™è¯¯ 2
