[0.000000] (-) TimerEvent: {}
[0.000550] (-) JobUnselected: {'identifier': 'ros2_test_node'}
[0.000582] (-) JobUnselected: {'identifier': 'ros2_test_publisher'}
[0.000591] (-) JobUnselected: {'identifier': 'ros2_test_subscriber'}
[0.000600] (ros2_test_interfaces) JobQueued: {'identifier': 'ros2_test_interfaces', 'dependencies': OrderedDict()}
[0.000613] (ros2_test_interfaces) JobStarted: {'identifier': 'ros2_test_interfaces'}
[0.024832] (ros2_test_interfaces) JobProgress: {'identifier': 'ros2_test_interfaces', 'progress': 'cmake'}
[0.025032] (ros2_test_interfaces) JobProgress: {'identifier': 'ros2_test_interfaces', 'progress': 'build'}
[0.025513] (ros2_test_interfaces) Command: {'cmd': ['/usr/bin/cmake', '--build', '/home/jason/Desktop/ROS2_study/build/ros2_test_interfaces', '--', '-j32', '-l32'], 'cwd': '/home/jason/Desktop/ROS2_study/build/ros2_test_interfaces', 'env': OrderedDict([('LESSOPEN', '| /usr/bin/lesspipe %s'), ('LANGUAGE', 'zh_CN:en'), ('USER', 'jason'), ('LC_TIME', 'zh_CN.UTF-8'), ('XDG_SESSION_TYPE', 'x11'), ('GIT_ASKPASS', '/usr/share/code/resources/app/extensions/git/dist/askpass.sh'), ('SHLVL', '2'), ('LD_LIBRARY_PATH', '/home/jason/Desktop/ROS2_study/install/ros2_test_interfaces/lib:/opt/ros/humble/opt/rviz_ogre_vendor/lib:/opt/ros/humble/lib/x86_64-linux-gnu:/opt/ros/humble/lib:/opt/tdt/openvino/tools/compile_tool:/opt/tdt/openvino/runtime/3rdparty/hddl/lib:/opt/tdt/openvino/runtime/lib/intel64::/opt/tdt/libhikcamera/lib64:/opt/tdt/lib:/usr/local/opencv4.7.0/lib'), ('HDDL_INSTALL_DIR', '/opt/tdt/openvino/runtime/3rdparty/hddl'), ('HOME', '/home/jason'), ('CHROME_DESKTOP', 'code-url-handler.desktop'), ('CONDA_SHLVL', '0'), ('OLDPWD', '/home/jason/Desktop/ROS2_study/src'), ('TERM_PROGRAM_VERSION', '1.85.1'), ('DESKTOP_SESSION', 'ubuntu'), ('ROS_PYTHON_VERSION', '3'), ('GNOME_SHELL_SESSION_MODE', 'ubuntu'), ('GTK_MODULES', 'gail:atk-bridge'), ('INTEL_OPENVINO_DIR', '/opt/tdt/openvino'), ('VSCODE_GIT_ASKPASS_MAIN', '/usr/share/code/resources/app/extensions/git/dist/askpass-main.js'), ('LC_MONETARY', 'zh_CN.UTF-8'), ('VSCODE_GIT_ASKPASS_NODE', '/usr/share/code/code'), ('SYSTEMD_EXEC_PID', '1737'), ('DBUS_SESSION_BUS_ADDRESS', 'unix:path=/run/user/1000/bus'), ('COLORTERM', 'truecolor'), ('_CE_M', ''), ('IM_CONFIG_PHASE', '1'), ('COLCON_PREFIX_PATH', '/home/jason/Desktop/ROS2_study/install'), ('ROS_DISTRO', 'humble'), ('GTK_IM_MODULE', 'fcitx'), ('LOGNAME', 'jason'), ('_', '/usr/bin/colcon'), ('ROS_VERSION', '2'), ('PKG_CONFIG_PATH', '/opt/tdt/openvino/runtime/lib/intel64/pkgconfig:/opt/tdt/lib/pkgconfig:/usr/local/opencv4.7.0/lib/pkgconfig'), ('XDG_SESSION_CLASS', 'user'), ('USERNAME', 'jason'), ('TERM', 'xterm-256color'), ('GNOME_DESKTOP_SESSION_ID', 'this-is-deprecated'), ('_CE_CONDA', ''), ('ROS_LOCALHOST_ONLY', '0'), ('WINDOWPATH', '2'), ('MVCAM_SDK_PATH', '/opt/tdt/MVS'), ('PATH', '/opt/tdt/libhikcamera/cmake:/opt/tdt/lib/cmake:/opt/ros/humble/bin:/opt/tdt/libhikcamera/cmake:/opt/tdt/lib/cmake:/home/jason/miniconda3/condabin:/opt/tdt/libhikcamera/cmake:/opt/tdt/lib/cmake:/home/jason/.local/bin:/usr/local/sbin:/usr/local/bin:/usr/sbin:/usr/bin:/sbin:/bin:/usr/games:/usr/local/games:/snap/bin:/snap/bin'), ('SESSION_MANAGER', 'local/jason-Legion:@/tmp/.ICE-unix/1708,unix/jason-Legion:/tmp/.ICE-unix/1708'), ('PAPERSIZE', 'a4'), ('XDG_MENU_PREFIX', 'gnome-'), ('LC_ADDRESS', 'zh_CN.UTF-8'), ('GNOME_TERMINAL_SCREEN', '/org/gnome/Terminal/screen/33a4a828_55a4_4a19_b50e_31a12bf0ab9d'), ('XDG_RUNTIME_DIR', '/run/user/1000'), ('GDK_BACKEND', 'x11'), ('DISPLAY', ':0'), ('LANG', 'zh_CN.UTF-8'), ('XDG_CURRENT_DESKTOP', 'Unity'), ('LC_TELEPHONE', 'zh_CN.UTF-8'), ('XMODIFIERS', '@im=fcitx'), ('XDG_SESSION_DESKTOP', 'ubuntu'), ('XAUTHORITY', '/run/user/1000/gdm/Xauthority'), ('LS_COLORS', 'rs=0:di=01;34:ln=01;36:mh=00:pi=40;33:so=01;35:do=01;35:bd=40;33;01:cd=40;33;01:or=40;31;01:mi=00:su=37;41:sg=30;43:ca=30;41:tw=30;42:ow=34;42:st=37;44:ex=01;32:*.tar=01;31:*.tgz=01;31:*.arc=01;31:*.arj=01;31:*.taz=01;31:*.lha=01;31:*.lz4=01;31:*.lzh=01;31:*.lzma=01;31:*.tlz=01;31:*.txz=01;31:*.tzo=01;31:*.t7z=01;31:*.zip=01;31:*.z=01;31:*.dz=01;31:*.gz=01;31:*.lrz=01;31:*.lz=01;31:*.lzo=01;31:*.xz=01;31:*.zst=01;31:*.tzst=01;31:*.bz2=01;31:*.bz=01;31:*.tbz=01;31:*.tbz2=01;31:*.tz=01;31:*.deb=01;31:*.rpm=01;31:*.jar=01;31:*.war=01;31:*.ear=01;31:*.sar=01;31:*.rar=01;31:*.alz=01;31:*.ace=01;31:*.zoo=01;31:*.cpio=01;31:*.7z=01;31:*.rz=01;31:*.cab=01;31:*.wim=01;31:*.swm=01;31:*.dwm=01;31:*.esd=01;31:*.jpg=01;35:*.jpeg=01;35:*.mjpg=01;35:*.mjpeg=01;35:*.gif=01;35:*.bmp=01;35:*.pbm=01;35:*.pgm=01;35:*.ppm=01;35:*.tga=01;35:*.xbm=01;35:*.xpm=01;35:*.tif=01;35:*.tiff=01;35:*.png=01;35:*.svg=01;35:*.svgz=01;35:*.mng=01;35:*.pcx=01;35:*.mov=01;35:*.mpg=01;35:*.mpeg=01;35:*.m2v=01;35:*.mkv=01;35:*.webm=01;35:*.webp=01;35:*.ogm=01;35:*.mp4=01;35:*.m4v=01;35:*.mp4v=01;35:*.vob=01;35:*.qt=01;35:*.nuv=01;35:*.wmv=01;35:*.asf=01;35:*.rm=01;35:*.rmvb=01;35:*.flc=01;35:*.avi=01;35:*.fli=01;35:*.flv=01;35:*.gl=01;35:*.dl=01;35:*.xcf=01;35:*.xwd=01;35:*.yuv=01;35:*.cgm=01;35:*.emf=01;35:*.ogv=01;35:*.ogx=01;35:*.aac=00;36:*.au=00;36:*.flac=00;36:*.m4a=00;36:*.mid=00;36:*.midi=00;36:*.mka=00;36:*.mp3=00;36:*.mpc=00;36:*.ogg=00;36:*.ra=00;36:*.wav=00;36:*.oga=00;36:*.opus=00;36:*.spx=00;36:*.xspf=00;36:'), ('VSCODE_GIT_IPC_HANDLE', '/run/user/1000/vscode-git-b7a0f9322e.sock'), ('GNOME_TERMINAL_SERVICE', ':1.109'), ('TERM_PROGRAM', 'vscode'), ('SSH_AGENT_LAUNCHER', 'gnome-keyring'), ('SSH_AUTH_SOCK', '/run/user/1000/keyring/ssh'), ('AMENT_PREFIX_PATH', '/home/jason/Desktop/ROS2_study/install/ros2_test_subscriber:/home/jason/Desktop/ROS2_study/install/ros2_test_publisher:/home/jason/Desktop/ROS2_study/install/ros2_test_node:/home/jason/Desktop/ROS2_study/install/ros2_test_interfaces:/opt/ros/humble'), ('CONDA_PYTHON_EXE', '/home/jason/miniconda3/bin/python'), ('ORIGINAL_XDG_CURRENT_DESKTOP', 'ubuntu:GNOME'), ('SHELL', '/bin/bash'), ('LC_NAME', 'zh_CN.UTF-8'), ('ngraph_DIR', '/opt/tdt/openvino/runtime/cmake'), ('QT_ACCESSIBILITY', '1'), ('GDMSESSION', 'ubuntu'), ('LESSCLOSE', '/usr/bin/lesspipe %s %s'), ('LC_MEASUREMENT', 'zh_CN.UTF-8'), ('GPG_AGENT_INFO', '/run/user/1000/gnupg/S.gpg-agent:0:1'), ('InferenceEngine_DIR', '/opt/tdt/openvino/runtime/cmake'), ('LC_IDENTIFICATION', 'zh_CN.UTF-8'), ('VSCODE_GIT_ASKPASS_EXTRA_ARGS', '--ms-enable-electron-run-as-node'), ('QT_IM_MODULE', 'fcitx'), ('PWD', '/home/jason/Desktop/ROS2_study/build/ros2_test_interfaces'), ('XDG_CONFIG_DIRS', '/etc/xdg/xdg-ubuntu:/etc/xdg'), ('CONDA_EXE', '/home/jason/miniconda3/bin/conda'), ('CLUTTER_IM_MODULE', 'fcitx'), ('XDG_DATA_DIRS', '/usr/share/ubuntu:/usr/share/gnome:/usr/local/share/:/usr/share/:/var/lib/snapd/desktop'), ('PYTHONPATH', '/home/jason/Desktop/ROS2_study/install/ros2_test_interfaces/local/lib/python3.10/dist-packages:/opt/ros/humble/lib/python3.10/site-packages:/opt/ros/humble/local/lib/python3.10/dist-packages'), ('LC_NUMERIC', 'zh_CN.UTF-8'), ('LC_PAPER', 'zh_CN.UTF-8'), ('COLCON', '1'), ('VTE_VERSION', '6800'), ('OpenVINO_DIR', '/opt/tdt/openvino/runtime/cmake'), ('CMAKE_PREFIX_PATH', '/home/jason/Desktop/ROS2_study/install/ros2_test_subscriber:/home/jason/Desktop/ROS2_study/install/ros2_test_publisher:/home/jason/Desktop/ROS2_study/install/ros2_test_node:/home/jason/Desktop/ROS2_study/install/ros2_test_interfaces:/opt/ros/humble'), ('MVCAM_COMMON_RUNENV', '/opt/tdt/MVS/lib')]), 'shell': False}
[0.040408] (ros2_test_interfaces) StdoutLine: {'line': b'-- Found ament_cmake: 1.3.6 (/opt/ros/humble/share/ament_cmake/cmake)\n'}
[0.100056] (-) TimerEvent: {}
[0.200402] (-) TimerEvent: {}
[0.254240] (ros2_test_interfaces) StdoutLine: {'line': b'-- Found sensor_msgs: 4.2.3 (/opt/ros/humble/share/sensor_msgs/cmake)\n'}
[0.268105] (ros2_test_interfaces) StdoutLine: {'line': b'-- Found rosidl_generator_c: 3.1.5 (/opt/ros/humble/share/rosidl_generator_c/cmake)\n'}
[0.269229] (ros2_test_interfaces) StdoutLine: {'line': b'-- Found rosidl_adapter: 3.1.5 (/opt/ros/humble/share/rosidl_adapter/cmake)\n'}
[0.271888] (ros2_test_interfaces) StdoutLine: {'line': b'-- Found rosidl_generator_cpp: 3.1.5 (/opt/ros/humble/share/rosidl_generator_cpp/cmake)\n'}
[0.277234] (ros2_test_interfaces) StdoutLine: {'line': b'-- Using all available rosidl_typesupport_c: rosidl_typesupport_fastrtps_c;rosidl_typesupport_introspection_c\n'}
[0.284330] (ros2_test_interfaces) StdoutLine: {'line': b'-- Using all available rosidl_typesupport_cpp: rosidl_typesupport_fastrtps_cpp;rosidl_typesupport_introspection_cpp\n'}
[0.300487] (-) TimerEvent: {}
[0.385601] (ros2_test_interfaces) StdoutLine: {'line': b'-- Found rosidl_default_generators: 1.2.0 (/opt/ros/humble/share/rosidl_default_generators/cmake)\n'}
[0.400551] (-) TimerEvent: {}
[0.500767] (-) TimerEvent: {}
[0.601066] (-) TimerEvent: {}
[0.602309] (ros2_test_interfaces) StderrLine: {'line': b'\x1b[31mCMake Error at /opt/ros/humble/share/rosidl_adapter/cmake/rosidl_adapt_interfaces.cmake:59 (message):\n'}
[0.602454] (ros2_test_interfaces) StderrLine: {'line': b'  execute_process(/usr/bin/python3.10 -m rosidl_adapter --package-name\n'}
[0.602504] (ros2_test_interfaces) StderrLine: {'line': b'  ros2_test_interfaces --arguments-file\n'}
[0.602544] (ros2_test_interfaces) StderrLine: {'line': b'  /home/jason/Desktop/ROS2_study/build/ros2_test_interfaces/rosidl_adapter__arguments__ros2_test_interfaces.json\n'}
[0.602581] (ros2_test_interfaces) StderrLine: {'line': b'  --output-dir\n'}
[0.602618] (ros2_test_interfaces) StderrLine: {'line': b'  /home/jason/Desktop/ROS2_study/build/ros2_test_interfaces/rosidl_adapter/ros2_test_interfaces\n'}
[0.602656] (ros2_test_interfaces) StderrLine: {'line': b'  --output-file\n'}
[0.602691] (ros2_test_interfaces) StderrLine: {'line': b'  /home/jason/Desktop/ROS2_study/build/ros2_test_interfaces/rosidl_adapter/ros2_test_interfaces.idls)\n'}
[0.602728] (ros2_test_interfaces) StderrLine: {'line': b'  returned error code 1:\n'}
[0.602766] (ros2_test_interfaces) StderrLine: {'line': b'\n'}
[0.602803] (ros2_test_interfaces) StderrLine: {'line': b"  Error processing 'uint 32 money' of\n"}
[0.602839] (ros2_test_interfaces) StderrLine: {'line': b"  'ros2_test_interfaces/TestInterfaces_Request': ''uint' is an invalid\n"}
[0.602874] (ros2_test_interfaces) StderrLine: {'line': b"  message name.  It should have the pattern '^[A-Z][A-Za-z0-9]*$''\n"}
[0.602909] (ros2_test_interfaces) StderrLine: {'line': b'\n'}
[0.602945] (ros2_test_interfaces) StderrLine: {'line': b'  Traceback (most recent call last):\n'}
[0.602980] (ros2_test_interfaces) StderrLine: {'line': b'\n'}
[0.603014] (ros2_test_interfaces) StderrLine: {'line': b'    File "/usr/lib/python3.10/runpy.py", line 196, in _run_module_as_main\n'}
[0.603049] (ros2_test_interfaces) StderrLine: {'line': b'      return _run_code(code, main_globals, None,\n'}
[0.603084] (ros2_test_interfaces) StderrLine: {'line': b'    File "/usr/lib/python3.10/runpy.py", line 86, in _run_code\n'}
[0.603118] (ros2_test_interfaces) StderrLine: {'line': b'      exec(code, run_globals)\n'}
[0.603153] (ros2_test_interfaces) StderrLine: {'line': b'    File "/opt/ros/humble/local/lib/python3.10/dist-packages/rosidl_adapter/__main__.py", line 19, in <module>\n'}
[0.603187] (ros2_test_interfaces) StderrLine: {'line': b'      sys.exit(main())\n'}
[0.603222] (ros2_test_interfaces) StderrLine: {'line': b'    File "/opt/ros/humble/local/lib/python3.10/dist-packages/rosidl_adapter/main.py", line 53, in main\n'}
[0.603256] (ros2_test_interfaces) StderrLine: {'line': b'      abs_idl_file = convert_to_idl(\n'}
[0.603290] (ros2_test_interfaces) StderrLine: {'line': b'    File "/opt/ros/humble/local/lib/python3.10/dist-packages/rosidl_adapter/__init__.py", line 24, in convert_to_idl\n'}
[0.603325] (ros2_test_interfaces) StderrLine: {'line': b'      return convert_srv_to_idl(\n'}
[0.603360] (ros2_test_interfaces) StderrLine: {'line': b'    File "/opt/ros/humble/local/lib/python3.10/dist-packages/rosidl_adapter/srv/__init__.py", line 28, in convert_srv_to_idl\n'}
[0.603397] (ros2_test_interfaces) StderrLine: {'line': b'      srv = parse_service_string(package_name, input_file.stem, content)\n'}
[0.603435] (ros2_test_interfaces) StderrLine: {'line': b'    File "/opt/ros/humble/local/lib/python3.10/dist-packages/rosidl_adapter/parser.py", line 859, in parse_service_string\n'}
[0.603477] (ros2_test_interfaces) StderrLine: {'line': b'      request_message = parse_message_string(\n'}
[0.603516] (ros2_test_interfaces) StderrLine: {'line': b'    File "/opt/ros/humble/local/lib/python3.10/dist-packages/rosidl_adapter/parser.py", line 520, in parse_message_string\n'}
[0.603554] (ros2_test_interfaces) StderrLine: {'line': b'      Type(type_string, context_package_name=pkg_name),\n'}
[0.603592] (ros2_test_interfaces) StderrLine: {'line': b'    File "/opt/ros/humble/local/lib/python3.10/dist-packages/rosidl_adapter/parser.py", line 277, in __init__\n'}
[0.603642] (ros2_test_interfaces) StderrLine: {'line': b'      super(Type, self).__init__(\n'}
[0.603680] (ros2_test_interfaces) StderrLine: {'line': b'    File "/opt/ros/humble/local/lib/python3.10/dist-packages/rosidl_adapter/parser.py", line 205, in __init__\n'}
[0.603717] (ros2_test_interfaces) StderrLine: {'line': b'      raise InvalidResourceName(\n'}
[0.603752] (ros2_test_interfaces) StderrLine: {'line': b'\n'}
[0.603788] (ros2_test_interfaces) StderrLine: {'line': b"  rosidl_adapter.parser.InvalidResourceName: 'uint' is an invalid message\n"}
[0.603825] (ros2_test_interfaces) StderrLine: {'line': b"  name.  It should have the pattern '^[A-Z][A-Za-z0-9]*$'\n"}
[0.603862] (ros2_test_interfaces) StderrLine: {'line': b'\n'}
[0.603898] (ros2_test_interfaces) StderrLine: {'line': b'Call Stack (most recent call first):\n'}
[0.603938] (ros2_test_interfaces) StderrLine: {'line': b'  /opt/ros/humble/share/rosidl_cmake/cmake/rosidl_generate_interfaces.cmake:130 (rosidl_adapt_interfaces)\n'}
[0.603975] (ros2_test_interfaces) StderrLine: {'line': b'  CMakeLists.txt:18 (rosidl_generate_interfaces)\n'}
[0.604010] (ros2_test_interfaces) StderrLine: {'line': b'\n'}
[0.604046] (ros2_test_interfaces) StderrLine: {'line': b'\x1b[0m\n'}
[0.604081] (ros2_test_interfaces) StdoutLine: {'line': b'-- Configuring incomplete, errors occurred!\n'}
[0.604127] (ros2_test_interfaces) StdoutLine: {'line': b'See also "/home/jason/Desktop/ROS2_study/build/ros2_test_interfaces/CMakeFiles/CMakeOutput.log".\n'}
[0.606315] (ros2_test_interfaces) StderrLine: {'line': b'gmake: *** [Makefile:747\xef\xbc\x9acmake_check_build_system] \xe9\x94\x99\xe8\xaf\xaf 1\n'}
[0.607772] (ros2_test_interfaces) CommandEnded: {'returncode': 2}
[0.701821] (-) TimerEvent: {}
[0.770945] (ros2_test_interfaces) JobEnded: {'identifier': 'ros2_test_interfaces', 'rc': 2}
[0.772260] (-) EventReactorShutdown: {}
