[0.084s] Invoking command in '/home/jason/Desktop/ROS2_study/build/ros2_test_client': CMAKE_PREFIX_PATH=/opt/ros/humble /usr/bin/cmake --build /home/jason/Desktop/ROS2_study/build/ros2_test_client -- -j32 -l32
[0.105s] [35m[1mConsolidate compiler generated dependencies of target ros2_test_client[0m
[0.117s] [ 50%] [32mBuilding CXX object CMakeFiles/ros2_test_client.dir/src/ros2_test_client.cpp.o[0m
[1.435s] In file included from [01m[K/opt/ros/humble/include/rclcpp/rclcpp/logging.hpp:24[m[K,
[1.435s]                  from [01m[K/opt/ros/humble/include/rclcpp/rclcpp/client.hpp:40[m[K,
[1.435s]                  from [01m[K/opt/ros/humble/include/rclcpp/rclcpp/callback_group.hpp:24[m[K,
[1.435s]                  from [01m[K/opt/ros/humble/include/rclcpp/rclcpp/any_executable.hpp:20[m[K,
[1.435s]                  from [01m[K/opt/ros/humble/include/rclcpp/rclcpp/memory_strategy.hpp:25[m[K,
[1.435s]                  from [01m[K/opt/ros/humble/include/rclcpp/rclcpp/memory_strategies.hpp:18[m[K,
[1.435s]                  from [01m[K/opt/ros/humble/include/rclcpp/rclcpp/executor_options.hpp:20[m[K,
[1.435s]                  from [01m[K/opt/ros/humble/include/rclcpp/rclcpp/executor.hpp:37[m[K,
[1.435s]                  from [01m[K/opt/ros/humble/include/rclcpp/rclcpp/executors/multi_threaded_executor.hpp:25[m[K,
[1.435s]                  from [01m[K/opt/ros/humble/include/rclcpp/rclcpp/executors.hpp:21[m[K,
[1.435s]                  from [01m[K/opt/ros/humble/include/rclcpp/rclcpp/rclcpp.hpp:155[m[K,
[1.435s]                  from [01m[K/home/jason/Desktop/ROS2_study/src/ros2_test_client/src/ros2_test_client.cpp:2[m[K:
[1.435s] [01m[K/home/jason/Desktop/ROS2_study/src/ros2_test_client/src/ros2_test_client.cpp:[m[K In member function â€˜[01m[Kvoid Client_test01::result_callback(rclcpp::Client<example_interfaces::srv::AddTwoInts>::SharedFuture)[m[Kâ€™:
[1.435s] [01m[K/home/jason/Desktop/ROS2_study/src/ros2_test_client/src/ros2_test_client.cpp:46:77:[m[K [01;31m[Kerror: [m[Kâ€˜[01m[Kusing element_type = struct example_interfaces::srv::AddTwoInts_Response_<std::allocator<void> >[m[Kâ€™ {aka â€˜[01m[Kstruct example_interfaces::srv::AddTwoInts_Response_<std::allocator<void> >[m[Kâ€™} has no member named â€˜[01m[Krequest[m[Kâ€™
[1.435s]    46 |         RCLCPP_INFO(this->get_logger(), "Result of %d + %d = %d", response->[01;31m[Krequest[m[K.a, response->request.b, response->sum);
[1.435s]       |                                                                             [01;31m[K^~~~~~~[m[K
[1.435s] [01m[K/home/jason/Desktop/ROS2_study/src/ros2_test_client/src/ros2_test_client.cpp:46:98:[m[K [01;31m[Kerror: [m[Kâ€˜[01m[Kusing element_type = struct example_interfaces::srv::AddTwoInts_Response_<std::allocator<void> >[m[Kâ€™ {aka â€˜[01m[Kstruct example_interfaces::srv::AddTwoInts_Response_<std::allocator<void> >[m[Kâ€™} has no member named â€˜[01m[Krequest[m[Kâ€™
[1.435s]    46 |         RCLCPP_INFO(this->get_logger(), "Result of %d + %d = %d", response->request.a, response->[01;31m[Krequest[m[K.b, response->sum);
[1.435s]       |                                                                                                  [01;31m[K^~~~~~~[m[K
[1.778s] gmake[2]: *** [CMakeFiles/ros2_test_client.dir/build.make:76ï¼šCMakeFiles/ros2_test_client.dir/src/ros2_test_client.cpp.o] é”™è¯¯ 1
[1.778s] gmake[1]: *** [CMakeFiles/Makefile2:137ï¼šCMakeFiles/ros2_test_client.dir/all] é”™è¯¯ 2
[1.778s] gmake: *** [Makefile:146ï¼šall] é”™è¯¯ 2
[1.780s] Invoked command in '/home/jason/Desktop/ROS2_study/build/ros2_test_client' returned '2': CMAKE_PREFIX_PATH=/opt/ros/humble /usr/bin/cmake --build /home/jason/Desktop/ROS2_study/build/ros2_test_client -- -j32 -l32
