[0.020s] Invoking command in '/home/jason/Desktop/ROS2_study/build/ros2_test_interfaces': CMAKE_PREFIX_PATH=/opt/ros/humble /usr/bin/cmake --build /home/jason/Desktop/ROS2_study/build/ros2_test_interfaces -- -j32 -l32
[0.034s] -- Found ament_cmake: 1.3.6 (/opt/ros/humble/share/ament_cmake/cmake)
[0.214s] -- Found rclcpp: 16.0.7 (/opt/ros/humble/share/rclcpp/cmake)
[0.265s] -- Found rosidl_generator_c: 3.1.5 (/opt/ros/humble/share/rosidl_generator_c/cmake)
[0.268s] -- Found rosidl_adapter: 3.1.5 (/opt/ros/humble/share/rosidl_adapter/cmake)
[0.276s] -- Found rosidl_generator_cpp: 3.1.5 (/opt/ros/humble/share/rosidl_generator_cpp/cmake)
[0.291s] -- Using all available rosidl_typesupport_c: rosidl_typesupport_fastrtps_c;rosidl_typesupport_introspection_c
[0.311s] -- Using all available rosidl_typesupport_cpp: rosidl_typesupport_fastrtps_cpp;rosidl_typesupport_introspection_cpp
[0.362s] -- Found rmw_implementation_cmake: 6.1.1 (/opt/ros/humble/share/rmw_implementation_cmake/cmake)
[0.362s] -- Found rmw_fastrtps_cpp: 6.2.5 (/opt/ros/humble/share/rmw_fastrtps_cpp/cmake)
[0.417s] -- Using RMW implementation 'rmw_fastrtps_cpp' as default
[0.491s] -- Found sensor_msgs: 4.2.3 (/opt/ros/humble/share/sensor_msgs/cmake)
[0.634s] [31mCMake Error at /opt/ros/humble/share/rosidl_adapter/cmake/rosidl_adapt_interfaces.cmake:59 (message):
[0.634s]   execute_process(/usr/bin/python3.10 -m rosidl_adapter --package-name
[0.634s]   ros2_test_interfaces --arguments-file
[0.634s]   /home/jason/Desktop/ROS2_study/build/ros2_test_interfaces/rosidl_adapter__arguments__ros2_test_interfaces.json
[0.634s]   --output-dir
[0.634s]   /home/jason/Desktop/ROS2_study/build/ros2_test_interfaces/rosidl_adapter/ros2_test_interfaces
[0.634s]   --output-file
[0.634s]   /home/jason/Desktop/ROS2_study/build/ros2_test_interfaces/rosidl_adapter/ros2_test_interfaces.idls)
[0.634s]   returned error code 1:
[0.634s] 
[0.634s]   Error processing 'sensor_msgs/msg/Image image' of
[0.634s]   'ros2_test_interfaces/TestInterfaces': 'sensor_msgs/msg/Image'
[0.634s] 
[0.634s]   Traceback (most recent call last):
[0.634s] 
[0.634s]     File "/usr/lib/python3.10/runpy.py", line 196, in _run_module_as_main
[0.634s]       return _run_code(code, main_globals, None,
[0.634s]     File "/usr/lib/python3.10/runpy.py", line 86, in _run_code
[0.634s]       exec(code, run_globals)
[0.634s]     File "/opt/ros/humble/local/lib/python3.10/dist-packages/rosidl_adapter/__main__.py", line 19, in <module>
[0.634s]       sys.exit(main())
[0.634s]     File "/opt/ros/humble/local/lib/python3.10/dist-packages/rosidl_adapter/main.py", line 53, in main
[0.634s]       abs_idl_file = convert_to_idl(
[0.634s]     File "/opt/ros/humble/local/lib/python3.10/dist-packages/rosidl_adapter/__init__.py", line 19, in convert_to_idl
[0.634s]       return convert_msg_to_idl(
[0.634s]     File "/opt/ros/humble/local/lib/python3.10/dist-packages/rosidl_adapter/msg/__init__.py", line 28, in convert_msg_to_idl
[0.634s]       msg = parse_message_string(package_name, input_file.stem, content)
[0.635s]     File "/opt/ros/humble/local/lib/python3.10/dist-packages/rosidl_adapter/parser.py", line 520, in parse_message_string
[0.635s]       Type(type_string, context_package_name=pkg_name),
[0.635s]     File "/opt/ros/humble/local/lib/python3.10/dist-packages/rosidl_adapter/parser.py", line 277, in __init__
[0.635s]       super(Type, self).__init__(
[0.635s]     File "/opt/ros/humble/local/lib/python3.10/dist-packages/rosidl_adapter/parser.py", line 190, in __init__
[0.635s]       raise InvalidResourceName(type_string)
[0.635s] 
[0.635s]   rosidl_adapter.parser.InvalidResourceName: sensor_msgs/msg/Image
[0.635s] 
[0.635s] Call Stack (most recent call first):
[0.635s]   /opt/ros/humble/share/rosidl_cmake/cmake/rosidl_generate_interfaces.cmake:130 (rosidl_adapt_interfaces)
[0.635s]   CMakeLists.txt:15 (rosidl_generate_interfaces)
[0.635s] 
[0.635s] [0m
[0.635s] -- Configuring incomplete, errors occurred!
[0.635s] See also "/home/jason/Desktop/ROS2_study/build/ros2_test_interfaces/CMakeFiles/CMakeOutput.log".
[0.638s] gmake: *** [Makefile:541ï¼šcmake_check_build_system] é”™è¯¯ 1
[0.640s] Invoked command in '/home/jason/Desktop/ROS2_study/build/ros2_test_interfaces' returned '2': CMAKE_PREFIX_PATH=/opt/ros/humble /usr/bin/cmake --build /home/jason/Desktop/ROS2_study/build/ros2_test_interfaces -- -j32 -l32
