[01m[K/home/jason/Desktop/ROS2_study/src/ros2_test_action/src/main.cpp:1:9:[m[K [01;31m[Kfatal error: [m[Ktest.hpp: æ²¡æœ‰é‚£ä¸ªæ–‡ä»¶æˆ–ç›®å½•
    1 | #include[01;31m[K"test.hpp"[m[K
      |         [01;31m[K^~~~~~~~~~[m[K
compilation terminated.
gmake[2]: *** [CMakeFiles/ros2_test_action.dir/build.make:76ï¼šCMakeFiles/ros2_test_action.dir/src/main.cpp.o] é”™è¯¯ 1
gmake[1]: *** [CMakeFiles/Makefile2:137ï¼šCMakeFiles/ros2_test_action.dir/all] é”™è¯¯ 2
gmake: *** [Makefile:146ï¼šall] é”™è¯¯ 2
