[0.114s] Invoking command in '/home/jason/Desktop/ROS2_study/build/ros2_test_action': CMAKE_PREFIX_PATH=/opt/ros/humble /usr/bin/cmake /home/jason/Desktop/ROS2_study/src/ros2_test_action -DCMAKE_INSTALL_PREFIX=/home/jason/Desktop/ROS2_study/install/ros2_test_action
[0.125s] -- Found ament_cmake: 1.3.6 (/opt/ros/humble/share/ament_cmake/cmake)
[0.246s] -- Found rclcpp: 16.0.7 (/opt/ros/humble/share/rclcpp/cmake)
[0.272s] -- Found rosidl_generator_c: 3.1.5 (/opt/ros/humble/share/rosidl_generator_c/cmake)
[0.274s] -- Found rosidl_adapter: 3.1.5 (/opt/ros/humble/share/rosidl_adapter/cmake)
[0.281s] -- Found rosidl_generator_cpp: 3.1.5 (/opt/ros/humble/share/rosidl_generator_cpp/cmake)
[0.291s] -- Using all available rosidl_typesupport_c: rosidl_typesupport_fastrtps_c;rosidl_typesupport_introspection_c
[0.304s] -- Using all available rosidl_typesupport_cpp: rosidl_typesupport_fastrtps_cpp;rosidl_typesupport_introspection_cpp
[0.354s] -- Found rmw_implementation_cmake: 6.1.1 (/opt/ros/humble/share/rmw_implementation_cmake/cmake)
[0.355s] -- Found rmw_fastrtps_cpp: 6.2.5 (/opt/ros/humble/share/rmw_fastrtps_cpp/cmake)
[0.436s] -- Using RMW implementation 'rmw_fastrtps_cpp' as default
[0.563s] -- Found rclcpp_action: 16.0.7 (/opt/ros/humble/share/rclcpp_action/cmake)
[0.631s] -- Found ament_lint_auto: 0.12.9 (/opt/ros/humble/share/ament_lint_auto/cmake)
[0.678s] -- Added test 'cppcheck' to perform static code analysis on C / C++ code
[0.678s] -- Configured cppcheck include dirs: 
[0.678s] -- Configured cppcheck exclude dirs and/or files: 
[0.678s] -- Added test 'lint_cmake' to check CMake code style
[0.679s] -- Added test 'uncrustify' to check C / C++ code style
[0.679s] -- Configured uncrustify additional arguments: 
[0.679s] -- Added test 'xmllint' to check XML markup files
[0.680s] -- Configuring done
[0.686s] -- Generating done
[0.687s] -- Build files have been written to: /home/jason/Desktop/ROS2_study/build/ros2_test_action
[0.692s] Invoked command in '/home/jason/Desktop/ROS2_study/build/ros2_test_action' returned '0': CMAKE_PREFIX_PATH=/opt/ros/humble /usr/bin/cmake /home/jason/Desktop/ROS2_study/src/ros2_test_action -DCMAKE_INSTALL_PREFIX=/home/jason/Desktop/ROS2_study/install/ros2_test_action
[0.693s] Invoking command in '/home/jason/Desktop/ROS2_study/build/ros2_test_action': CMAKE_PREFIX_PATH=/opt/ros/humble /usr/bin/cmake --build /home/jason/Desktop/ROS2_study/build/ros2_test_action -- -j32 -l32
[0.726s] [ 50%] [32mBuilding CXX object CMakeFiles/ros2_test_action.dir/src/main.cpp.o[0m
[0.732s] [01m[K/home/jason/Desktop/ROS2_study/src/ros2_test_action/src/main.cpp:1:9:[m[K [01;31m[Kfatal error: [m[Ktest.hpp: æ²¡æœ‰é‚£ä¸ªæ–‡ä»¶æˆ–ç›®å½•
[0.732s]     1 | #include[01;31m[K"test.hpp"[m[K
[0.732s]       |         [01;31m[K^~~~~~~~~~[m[K
[0.732s] compilation terminated.
[0.733s] gmake[2]: *** [CMakeFiles/ros2_test_action.dir/build.make:76ï¼šCMakeFiles/ros2_test_action.dir/src/main.cpp.o] é”™è¯¯ 1
[0.733s] gmake[1]: *** [CMakeFiles/Makefile2:137ï¼šCMakeFiles/ros2_test_action.dir/all] é”™è¯¯ 2
[0.733s] gmake: *** [Makefile:146ï¼šall] é”™è¯¯ 2
[0.765s] Invoked command in '/home/jason/Desktop/ROS2_study/build/ros2_test_action' returned '2': CMAKE_PREFIX_PATH=/opt/ros/humble /usr/bin/cmake --build /home/jason/Desktop/ROS2_study/build/ros2_test_action -- -j32 -l32
