[35m[1mConsolidate compiler generated dependencies of target ros2_test_publisher[0m
[ 50%] [32mBuilding CXX object CMakeFiles/ros2_test_publisher.dir/src/ros2_test_publisher.cpp.o[0m
[01m[K/home/jason/Desktop/ROS2_study/src/ros2_test_publisher/src/ros2_test_publisher.cpp:[m[K In constructor â€˜[01m[KMinimalPublisher::MinimalPublisher(const char*)[m[Kâ€™:
[01m[K/home/jason/Desktop/ROS2_study/src/ros2_test_publisher/src/ros2_test_publisher.cpp:31:100:[m[K [01;31m[Kerror: [m[Kâ€˜[01m[Ktimer_callback[m[Kâ€™ is not a member of â€˜[01m[KMinimalPublisher[m[Kâ€™
   31 |         timer_=this->create_wall_timer(std::chrono::milliseconds(500),std::bind(&MinimalPublisher::[01;31m[Ktimer_callback[m[K,this));
      |                                                                                                    [01;31m[K^~~~~~~~~~~~~~[m[K
[01m[K/home/jason/Desktop/ROS2_study/src/ros2_test_publisher/src/ros2_test_publisher.cpp:24:34:[m[K [01;35m[Kwarning: [m[Kunused parameter â€˜[01m[Knode_name[m[Kâ€™ [[01;35m[K]8;;https://gcc.gnu.org/onlinedocs/gcc/Warning-Options.html#index-Wunused-parameter-Wunused-parameter]8;;[m[K]
   24 |     MinimalPublisher([01;35m[Kconst char* node_name[m[K):Node("minimal_publisher")
      |                      [01;35m[K~~~~~~~~~~~~^~~~~~~~~[m[K
[01m[K/home/jason/Desktop/ROS2_study/src/ros2_test_publisher/src/ros2_test_publisher.cpp:[m[K In member function â€˜[01m[Kvoid MinimalPublisher::topic_callback()[m[Kâ€™:
[01m[K/home/jason/Desktop/ROS2_study/src/ros2_test_publisher/src/ros2_test_publisher.cpp:43:9:[m[K [01;31m[Kerror: [m[Kâ€˜[01m[Kmessage[m[Kâ€™ was not declared in this scope; did you mean â€˜[01m[Kmessages[m[Kâ€™?
   43 |         [01;31m[Kmessage[m[K.data = "Hello World!";//èµ‹å€¼
      |         [01;31m[K^~~~~~~[m[K
      |         [32m[Kmessages[m[K
gmake[2]: *** [CMakeFiles/ros2_test_publisher.dir/build.make:76ï¼šCMakeFiles/ros2_test_publisher.dir/src/ros2_test_publisher.cpp.o] é”™è¯¯ 1
gmake[1]: *** [CMakeFiles/Makefile2:137ï¼šCMakeFiles/ros2_test_publisher.dir/all] é”™è¯¯ 2
gmake: *** [Makefile:146ï¼šall] é”™è¯¯ 2
