[01m[K/home/jason/Desktop/ROS2_study/src/ros2_test_client_low/src/ros2_test_client_lower.cpp:[m[K In member function â€˜[01m[Kvoid Client_test02::send_request(int, int)[m[Kâ€™:
[01m[K/home/jason/Desktop/ROS2_study/src/ros2_test_client_low/src/ros2_test_client_lower.cpp:38:33:[m[K [01;31m[Kerror: [m[Kâ€˜[01m[KClient_test01[m[Kâ€™ has not been declared
   38 |             request, std::bind(&[01;31m[KClient_test01[m[K::result_callback, this, std::placeholders::_1));
      |                                 [01;31m[K^~~~~~~~~~~~~[m[K
[01m[K/home/jason/Desktop/ROS2_study/src/ros2_test_client_low/src/ros2_test_client_lower.cpp:[m[K In function â€˜[01m[Kint main()[m[Kâ€™:
[01m[K/home/jason/Desktop/ROS2_study/src/ros2_test_client_low/src/ros2_test_client_lower.cpp:72:34:[m[K [01;31m[Kerror: [m[Kâ€˜[01m[KClient_test01[m[Kâ€™ was not declared in this scope; did you mean â€˜[01m[KClient_test02[m[Kâ€™?
   72 |     auto node = std::make_shared<[01;31m[KClient_test01[m[K>("client_test01");
      |                                  [01;31m[K^~~~~~~~~~~~~[m[K
      |                                  [32m[KClient_test02[m[K
[01m[K/home/jason/Desktop/ROS2_study/src/ros2_test_client_low/src/ros2_test_client_lower.cpp:72:48:[m[K [01;31m[Kerror: [m[Kno matching function for call to â€˜[01m[Kmake_shared<<expression error> >(const char [14])[m[Kâ€™
   72 |     auto node = [01;31m[Kstd::make_shared<Client_test01>("client_test01")[m[K;
      |                 [01;31m[K~~~~~~~~~~~~~~~~~~~~~~~~~~~~~~~^~~~~~~~~~~~~~~~~[m[K
In file included from [01m[K/usr/include/c++/11/memory:77[m[K,
                 from [01m[K/opt/ros/humble/include/example_interfaces/example_interfaces/srv/detail/add_two_ints__struct.hpp:10[m[K,
                 from [01m[K/opt/ros/humble/include/example_interfaces/example_interfaces/srv/add_two_ints.hpp:7[m[K,
                 from [01m[K/home/jason/Desktop/ROS2_study/src/ros2_test_client_low/src/ros2_test_client_lower.cpp:1[m[K:
[01m[K/usr/include/c++/11/bits/shared_ptr.h:875:5:[m[K [01;36m[Knote: [m[Kcandidate: â€˜[01m[Ktemplate<class _Tp, class ... _Args> std::shared_ptr<_Tp> std::make_shared(_Args&& ...)[m[Kâ€™
  875 |     [01;36m[Kmake_shared[m[K(_Args&&... __args)
      |     [01;36m[K^~~~~~~~~~~[m[K
[01m[K/usr/include/c++/11/bits/shared_ptr.h:875:5:[m[K [01;36m[Knote: [m[K  template argument deduction/substitution failed:
[01m[K/home/jason/Desktop/ROS2_study/src/ros2_test_client_low/src/ros2_test_client_lower.cpp:72:48:[m[K [01;31m[Kerror: [m[Ktemplate argument 1 is invalid
   72 |     auto node = [01;31m[Kstd::make_shared<Client_test01>("client_test01")[m[K;
      |                 [01;31m[K~~~~~~~~~~~~~~~~~~~~~~~~~~~~~~~^~~~~~~~~~~~~~~~~[m[K
gmake[2]: *** [CMakeFiles/ros2_test_client_lower.dir/build.make:76ï¼šCMakeFiles/ros2_test_client_lower.dir/src/ros2_test_client_lower.cpp.o] é”™è¯¯ 1
gmake[1]: *** [CMakeFiles/Makefile2:137ï¼šCMakeFiles/ros2_test_client_lower.dir/all] é”™è¯¯ 2
gmake: *** [Makefile:146ï¼šall] é”™è¯¯ 2
