[0.142s] Invoking command in '/home/jason/Desktop/ROS2_study/build/ros2_test_client_low': CMAKE_PREFIX_PATH=${CMAKE_PREFIX_PATH}:/opt/ros/humble /usr/bin/cmake --build /home/jason/Desktop/ROS2_study/build/ros2_test_client_low -- -j32 -l32
[0.154s] -- Found ament_cmake: 1.3.6 (/opt/ros/humble/share/ament_cmake/cmake)
[0.274s] -- Found rclcpp: 16.0.7 (/opt/ros/humble/share/rclcpp/cmake)
[0.296s] -- Found rosidl_generator_c: 3.1.5 (/opt/ros/humble/share/rosidl_generator_c/cmake)
[0.296s] -- Found rosidl_adapter: 3.1.5 (/opt/ros/humble/share/rosidl_adapter/cmake)
[0.301s] -- Found rosidl_generator_cpp: 3.1.5 (/opt/ros/humble/share/rosidl_generator_cpp/cmake)
[0.308s] -- Using all available rosidl_typesupport_c: rosidl_typesupport_fastrtps_c;rosidl_typesupport_introspection_c
[0.317s] -- Using all available rosidl_typesupport_cpp: rosidl_typesupport_fastrtps_cpp;rosidl_typesupport_introspection_cpp
[0.352s] -- Found rmw_implementation_cmake: 6.1.1 (/opt/ros/humble/share/rmw_implementation_cmake/cmake)
[0.352s] -- Found rmw_fastrtps_cpp: 6.2.5 (/opt/ros/humble/share/rmw_fastrtps_cpp/cmake)
[0.441s] -- Using RMW implementation 'rmw_fastrtps_cpp' as default
[0.540s] -- Found example_interfaces: 0.9.3 (/opt/ros/humble/share/example_interfaces/cmake)
[0.645s] -- Found ament_lint_auto: 0.12.9 (/opt/ros/humble/share/ament_lint_auto/cmake)
[0.690s] -- Added test 'cppcheck' to perform static code analysis on C / C++ code
[0.691s] -- Configured cppcheck include dirs: 
[0.691s] -- Configured cppcheck exclude dirs and/or files: 
[0.691s] -- Added test 'lint_cmake' to check CMake code style
[0.691s] -- Added test 'uncrustify' to check C / C++ code style
[0.691s] -- Configured uncrustify additional arguments: 
[0.691s] -- Added test 'xmllint' to check XML markup files
[0.692s] -- Configuring done
[0.699s] -- Generating done
[0.699s] -- Build files have been written to: /home/jason/Desktop/ROS2_study/build/ros2_test_client_low
[0.722s] [ 50%] [32mBuilding CXX object CMakeFiles/ros2_test_client_lower.dir/src/ros2_test_client_lower.cpp.o[0m
[1.877s] [01m[K/home/jason/Desktop/ROS2_study/src/ros2_test_client_low/src/ros2_test_client_lower.cpp:[m[K In member function â€˜[01m[Kvoid Client_test02::send_request(int, int)[m[Kâ€™:
[1.877s] [01m[K/home/jason/Desktop/ROS2_study/src/ros2_test_client_low/src/ros2_test_client_lower.cpp:38:33:[m[K [01;31m[Kerror: [m[Kâ€˜[01m[KClient_test01[m[Kâ€™ has not been declared
[1.877s]    38 |             request, std::bind(&[01;31m[KClient_test01[m[K::result_callback, this, std::placeholders::_1));
[1.877s]       |                                 [01;31m[K^~~~~~~~~~~~~[m[K
[1.880s] [01m[K/home/jason/Desktop/ROS2_study/src/ros2_test_client_low/src/ros2_test_client_lower.cpp:[m[K In function â€˜[01m[Kint main()[m[Kâ€™:
[1.880s] [01m[K/home/jason/Desktop/ROS2_study/src/ros2_test_client_low/src/ros2_test_client_lower.cpp:72:34:[m[K [01;31m[Kerror: [m[Kâ€˜[01m[KClient_test01[m[Kâ€™ was not declared in this scope; did you mean â€˜[01m[KClient_test02[m[Kâ€™?
[1.880s]    72 |     auto node = std::make_shared<[01;31m[KClient_test01[m[K>("client_test01");
[1.880s]       |                                  [01;31m[K^~~~~~~~~~~~~[m[K
[1.880s]       |                                  [32m[KClient_test02[m[K
[1.880s] [01m[K/home/jason/Desktop/ROS2_study/src/ros2_test_client_low/src/ros2_test_client_lower.cpp:72:48:[m[K [01;31m[Kerror: [m[Kno matching function for call to â€˜[01m[Kmake_shared<<expression error> >(const char [14])[m[Kâ€™
[1.880s]    72 |     auto node = [01;31m[Kstd::make_shared<Client_test01>("client_test01")[m[K;
[1.880s]       |                 [01;31m[K~~~~~~~~~~~~~~~~~~~~~~~~~~~~~~~^~~~~~~~~~~~~~~~~[m[K
[1.881s] In file included from [01m[K/usr/include/c++/11/memory:77[m[K,
[1.881s]                  from [01m[K/opt/ros/humble/include/example_interfaces/example_interfaces/srv/detail/add_two_ints__struct.hpp:10[m[K,
[1.881s]                  from [01m[K/opt/ros/humble/include/example_interfaces/example_interfaces/srv/add_two_ints.hpp:7[m[K,
[1.881s]                  from [01m[K/home/jason/Desktop/ROS2_study/src/ros2_test_client_low/src/ros2_test_client_lower.cpp:1[m[K:
[1.881s] [01m[K/usr/include/c++/11/bits/shared_ptr.h:875:5:[m[K [01;36m[Knote: [m[Kcandidate: â€˜[01m[Ktemplate<class _Tp, class ... _Args> std::shared_ptr<_Tp> std::make_shared(_Args&& ...)[m[Kâ€™
[1.881s]   875 |     [01;36m[Kmake_shared[m[K(_Args&&... __args)
[1.881s]       |     [01;36m[K^~~~~~~~~~~[m[K
[1.881s] [01m[K/usr/include/c++/11/bits/shared_ptr.h:875:5:[m[K [01;36m[Knote: [m[K  template argument deduction/substitution failed:
[1.881s] [01m[K/home/jason/Desktop/ROS2_study/src/ros2_test_client_low/src/ros2_test_client_lower.cpp:72:48:[m[K [01;31m[Kerror: [m[Ktemplate argument 1 is invalid
[1.881s]    72 |     auto node = [01;31m[Kstd::make_shared<Client_test01>("client_test01")[m[K;
[1.881s]       |                 [01;31m[K~~~~~~~~~~~~~~~~~~~~~~~~~~~~~~~^~~~~~~~~~~~~~~~~[m[K
[2.130s] gmake[2]: *** [CMakeFiles/ros2_test_client_lower.dir/build.make:76ï¼šCMakeFiles/ros2_test_client_lower.dir/src/ros2_test_client_lower.cpp.o] é”™è¯¯ 1
[2.130s] gmake[1]: *** [CMakeFiles/Makefile2:137ï¼šCMakeFiles/ros2_test_client_lower.dir/all] é”™è¯¯ 2
[2.131s] gmake: *** [Makefile:146ï¼šall] é”™è¯¯ 2
[2.133s] Invoked command in '/home/jason/Desktop/ROS2_study/build/ros2_test_client_low' returned '2': CMAKE_PREFIX_PATH=${CMAKE_PREFIX_PATH}:/opt/ros/humble /usr/bin/cmake --build /home/jason/Desktop/ROS2_study/build/ros2_test_client_low -- -j32 -l32
