[35m[1mConsolidate compiler generated dependencies of target ros2_test_publisher[0m
[ 50%] [32mBuilding CXX object CMakeFiles/ros2_test_publisher.dir/src/ros2_test_publisher.cpp.o[0m
[01m[K/home/jason/Desktop/ROS2_study/src/ros2_test_publisher/src/ros2_test_publisher.cpp:[m[K In constructor â€˜[01m[KMinimalPublisher::MinimalPublisher(const char*)[m[Kâ€™:
[01m[K/home/jason/Desktop/ROS2_study/src/ros2_test_publisher/src/ros2_test_publisher.cpp:31:100:[m[K [01;31m[Kerror: [m[Kâ€˜[01m[Ktimer_callback[m[Kâ€™ is not a member of â€˜[01m[KMinimalPublisher[m[Kâ€™
   31 |         timer_=this->create_wall_timer(std::chrono::milliseconds(500),std::bind(&MinimalPublisher::[01;31m[Ktimer_callback[m[K,this));
      |                                                                                                    [01;31m[K^~~~~~~~~~~~~~[m[K
[01m[K/home/jason/Desktop/ROS2_study/src/ros2_test_publisher/src/ros2_test_publisher.cpp:24:34:[m[K [01;35m[Kwarning: [m[Kunused parameter â€˜[01m[Knode_name[m[Kâ€™ [[01;35m[K]8;;https://gcc.gnu.org/onlinedocs/gcc/Warning-Options.html#index-Wunused-parameter-Wunused-parameter]8;;[m[K]
   24 |     MinimalPublisher([01;35m[Kconst char* node_name[m[K):Node("minimal_publisher")
      |                      [01;35m[K~~~~~~~~~~~~^~~~~~~~~[m[K
In file included from [01m[K/opt/ros/humble/include/rclcpp/rclcpp/logging.hpp:24[m[K,
                 from [01m[K/opt/ros/humble/include/rclcpp/rclcpp/client.hpp:40[m[K,
                 from [01m[K/opt/ros/humble/include/rclcpp/rclcpp/callback_group.hpp:24[m[K,
                 from [01m[K/opt/ros/humble/include/rclcpp/rclcpp/any_executable.hpp:20[m[K,
                 from [01m[K/opt/ros/humble/include/rclcpp/rclcpp/memory_strategy.hpp:25[m[K,
                 from [01m[K/opt/ros/humble/include/rclcpp/rclcpp/memory_strategies.hpp:18[m[K,
                 from [01m[K/opt/ros/humble/include/rclcpp/rclcpp/executor_options.hpp:20[m[K,
                 from [01m[K/opt/ros/humble/include/rclcpp/rclcpp/executor.hpp:37[m[K,
                 from [01m[K/opt/ros/humble/include/rclcpp/rclcpp/executors/multi_threaded_executor.hpp:25[m[K,
                 from [01m[K/opt/ros/humble/include/rclcpp/rclcpp/executors.hpp:21[m[K,
                 from [01m[K/opt/ros/humble/include/rclcpp/rclcpp/rclcpp.hpp:155[m[K,
                 from [01m[K/home/jason/Desktop/ROS2_study/src/ros2_test_publisher/src/ros2_test_publisher.cpp:10[m[K:
[01m[K/home/jason/Desktop/ROS2_study/src/ros2_test_publisher/src/ros2_test_publisher.cpp:[m[K In member function â€˜[01m[Kvoid MinimalPublisher::topic_callback()[m[Kâ€™:
[01m[K/home/jason/Desktop/ROS2_study/src/ros2_test_publisher/src/ros2_test_publisher.cpp:45:41:[m[K [01;35m[Kwarning: [m[Kformat â€˜[01m[K%s[m[Kâ€™ expects argument of type â€˜[01m[Kchar*[m[Kâ€™, but argument 5 has type â€˜[01m[Kstd_msgs::msg::String_<std::allocator<void> >::_data_type[m[Kâ€™ {aka â€˜[01m[Kstd::__cxx11::basic_string<char>[m[Kâ€™} [[01;35m[K]8;;https://gcc.gnu.org/onlinedocs/gcc/Warning-Options.html#index-Wformat=-Wformat=]8;;[m[K]
   45 |         RCLCPP_INFO(this->get_logger(), [01;35m[K"Publishing: '%s'"[m[K, messages.data);
      |                                         [01;35m[K^~~~~~~~~~~~~~~~~~[m[K
[01m[K/home/jason/Desktop/ROS2_study/src/ros2_test_publisher/src/ros2_test_publisher.cpp:45:56:[m[K [01;36m[Knote: [m[Kformat string is defined here
   45 |         RCLCPP_INFO(this->get_logger(), "Publishing: '[01;36m[K%s[m[K'", messages.data);
      |                                                       [01;36m[K~^[m[K
      |                                                        [01;36m[K|[m[K
      |                                                        [01;36m[Kchar*[m[K
gmake[2]: *** [CMakeFiles/ros2_test_publisher.dir/build.make:76ï¼šCMakeFiles/ros2_test_publisher.dir/src/ros2_test_publisher.cpp.o] é”™è¯¯ 1
gmake[1]: *** [CMakeFiles/Makefile2:137ï¼šCMakeFiles/ros2_test_publisher.dir/all] é”™è¯¯ 2
gmake: *** [Makefile:146ï¼šall] é”™è¯¯ 2
