[35m[1mConsolidate compiler generated dependencies of target ros2_test_publisher[0m
[ 50%] [32mBuilding CXX object CMakeFiles/ros2_test_publisher.dir/src/ros2_test_service.cpp.o[0m
[01m[K/home/jason/Desktop/ROS2_study/src/ros2_test_publisher/src/ros2_test_service.cpp:11:9:[m[K [01;31m[Kfatal error: [m[Kstd_msgs/msg/uint32.hpp: æ²¡æœ‰é‚£ä¸ªæ–‡ä»¶æˆ–ç›®å½•
   11 | #include[01;31m[K"std_msgs/msg/uint32.hpp"[m[K
      |         [01;31m[K^~~~~~~~~~~~~~~~~~~~~~~~~[m[K
compilation terminated.
gmake[2]: *** [CMakeFiles/ros2_test_publisher.dir/build.make:76ï¼šCMakeFiles/ros2_test_publisher.dir/src/ros2_test_service.cpp.o] é”™è¯¯ 1
gmake[1]: *** [CMakeFiles/Makefile2:137ï¼šCMakeFiles/ros2_test_publisher.dir/all] é”™è¯¯ 2
gmake: *** [Makefile:146ï¼šall] é”™è¯¯ 2
