[0.034s] Invoking command in '/home/jason/Desktop/ROS2_study/build/ros2_test_publisher': CMAKE_PREFIX_PATH=/home/jason/Desktop/ROS2_study/install/ros2_test_interfaces:/home/jason/Desktop/ROS2_study/install/ros2_test_subscriber:/home/jason/Desktop/ROS2_study/install/ros2_test_publisher:/home/jason/Desktop/ROS2_study/install/ros2_test_node:/opt/ros/humble LD_LIBRARY_PATH=/home/jason/Desktop/ROS2_study/install/ros2_test_interfaces/lib:/opt/ros/humble/opt/rviz_ogre_vendor/lib:/opt/ros/humble/lib/x86_64-linux-gnu:/opt/ros/humble/lib:/opt/tdt/openvino/tools/compile_tool:/opt/tdt/openvino/runtime/3rdparty/hddl/lib:/opt/tdt/openvino/runtime/lib/intel64:/opt/tdt/libhikcamera/lib64:/opt/tdt/lib:/usr/local/opencv4.7.0/lib /usr/bin/cmake --build /home/jason/Desktop/ROS2_study/build/ros2_test_publisher -- -j32 -l32
[0.063s] [35m[1mConsolidate compiler generated dependencies of target ros2_test_publisher[0m
[0.072s] [ 50%] [32mBuilding CXX object CMakeFiles/ros2_test_publisher.dir/src/ros2_test_service.cpp.o[0m
[0.117s] [01m[K/home/jason/Desktop/ROS2_study/src/ros2_test_publisher/src/ros2_test_service.cpp:11:9:[m[K [01;31m[Kfatal error: [m[Kstd_msgs/msg/uint32.hpp: æ²¡æœ‰é‚£ä¸ªæ–‡ä»¶æˆ–ç›®å½•
[0.117s]    11 | #include[01;31m[K"std_msgs/msg/uint32.hpp"[m[K
[0.117s]       |         [01;31m[K^~~~~~~~~~~~~~~~~~~~~~~~~[m[K
[0.117s] compilation terminated.
[0.117s] gmake[2]: *** [CMakeFiles/ros2_test_publisher.dir/build.make:76ï¼šCMakeFiles/ros2_test_publisher.dir/src/ros2_test_service.cpp.o] é”™è¯¯ 1
[0.118s] gmake[1]: *** [CMakeFiles/Makefile2:137ï¼šCMakeFiles/ros2_test_publisher.dir/all] é”™è¯¯ 2
[0.118s] gmake: *** [Makefile:146ï¼šall] é”™è¯¯ 2
[0.120s] Invoked command in '/home/jason/Desktop/ROS2_study/build/ros2_test_publisher' returned '2': CMAKE_PREFIX_PATH=/home/jason/Desktop/ROS2_study/install/ros2_test_interfaces:/home/jason/Desktop/ROS2_study/install/ros2_test_subscriber:/home/jason/Desktop/ROS2_study/install/ros2_test_publisher:/home/jason/Desktop/ROS2_study/install/ros2_test_node:/opt/ros/humble LD_LIBRARY_PATH=/home/jason/Desktop/ROS2_study/install/ros2_test_interfaces/lib:/opt/ros/humble/opt/rviz_ogre_vendor/lib:/opt/ros/humble/lib/x86_64-linux-gnu:/opt/ros/humble/lib:/opt/tdt/openvino/tools/compile_tool:/opt/tdt/openvino/runtime/3rdparty/hddl/lib:/opt/tdt/openvino/runtime/lib/intel64:/opt/tdt/libhikcamera/lib64:/opt/tdt/lib:/usr/local/opencv4.7.0/lib /usr/bin/cmake --build /home/jason/Desktop/ROS2_study/build/ros2_test_publisher -- -j32 -l32
