[0.000000] (-) TimerEvent: {}
[0.000155] (-) JobUnselected: {'identifier': 'ros2_test_node'}
[0.000265] (-) JobUnselected: {'identifier': 'ros2_test_subscriber'}
[0.000369] (ros2_test_publisher) JobQueued: {'identifier': 'ros2_test_publisher', 'dependencies': OrderedDict()}
[0.000392] (ros2_test_publisher) JobStarted: {'identifier': 'ros2_test_publisher'}
[0.019224] (ros2_test_publisher) JobProgress: {'identifier': 'ros2_test_publisher', 'progress': 'cmake'}
[0.019527] (ros2_test_publisher) JobProgress: {'identifier': 'ros2_test_publisher', 'progress': 'build'}
[0.019817] (ros2_test_publisher) Command: {'cmd': ['/usr/bin/cmake', '--build', '/home/jason/Desktop/ROS2_study/build/ros2_test_publisher', '--', '-j32', '-l32'], 'cwd': '/home/jason/Desktop/ROS2_study/build/ros2_test_publisher', 'env': OrderedDict([('LESSOPEN', '| /usr/bin/lesspipe %s'), ('LANGUAGE', 'zh_CN:en'), ('USER', 'jason'), ('LC_TIME', 'zh_CN.UTF-8'), ('XDG_SESSION_TYPE', 'x11'), ('GIT_ASKPASS', '/usr/share/code/resources/app/extensions/git/dist/askpass.sh'), ('SHLVL', '2'), ('LD_LIBRARY_PATH', '/opt/ros/humble/opt/rviz_ogre_vendor/lib:/opt/ros/humble/lib/x86_64-linux-gnu:/opt/ros/humble/lib:/opt/tdt/openvino/tools/compile_tool:/opt/tdt/openvino/runtime/3rdparty/hddl/lib:/opt/tdt/openvino/runtime/lib/intel64::/opt/tdt/libhikcamera/lib64:/opt/tdt/lib:/usr/local/opencv4.7.0/lib'), ('HDDL_INSTALL_DIR', '/opt/tdt/openvino/runtime/3rdparty/hddl'), ('HOME', '/home/jason'), ('CHROME_DESKTOP', 'code-url-handler.desktop'), ('CONDA_SHLVL', '0'), ('TERM_PROGRAM_VERSION', '1.85.1'), ('DESKTOP_SESSION', 'ubuntu'), ('ROS_PYTHON_VERSION', '3'), ('GNOME_SHELL_SESSION_MODE', 'ubuntu'), ('GTK_MODULES', 'gail:atk-bridge'), ('INTEL_OPENVINO_DIR', '/opt/tdt/openvino'), ('VSCODE_GIT_ASKPASS_MAIN', '/usr/share/code/resources/app/extensions/git/dist/askpass-main.js'), ('LC_MONETARY', 'zh_CN.UTF-8'), ('VSCODE_GIT_ASKPASS_NODE', '/usr/share/code/code'), ('SYSTEMD_EXEC_PID', '1738'), ('DBUS_SESSION_BUS_ADDRESS', 'unix:path=/run/user/1000/bus'), ('COLORTERM', 'truecolor'), ('_CE_M', ''), ('IM_CONFIG_PHASE', '1'), ('ROS_DISTRO', 'humble'), ('GTK_IM_MODULE', 'fcitx'), ('LOGNAME', 'jason'), ('_', '/usr/bin/colcon'), ('ROS_VERSION', '2'), ('PKG_CONFIG_PATH', '/opt/tdt/openvino/runtime/lib/intel64/pkgconfig:/opt/tdt/lib/pkgconfig:/usr/local/opencv4.7.0/lib/pkgconfig'), ('XDG_SESSION_CLASS', 'user'), ('USERNAME', 'jason'), ('TERM', 'xterm-256color'), ('GNOME_DESKTOP_SESSION_ID', 'this-is-deprecated'), ('_CE_CONDA', ''), ('ROS_LOCALHOST_ONLY', '0'), ('WINDOWPATH', '2'), ('MVCAM_SDK_PATH', '/opt/tdt/MVS'), ('PATH', '/opt/tdt/libhikcamera/cmake:/opt/tdt/lib/cmake:/opt/ros/humble/bin:/opt/tdt/libhikcamera/cmake:/opt/tdt/lib/cmake:/home/jason/miniconda3/condabin:/opt/tdt/libhikcamera/cmake:/opt/tdt/lib/cmake:/home/jason/.local/bin:/usr/local/sbin:/usr/local/bin:/usr/sbin:/usr/bin:/sbin:/bin:/usr/games:/usr/local/games:/snap/bin:/snap/bin'), ('SESSION_MANAGER', 'local/jason-Legion:@/tmp/.ICE-unix/1708,unix/jason-Legion:/tmp/.ICE-unix/1708'), ('PAPERSIZE', 'a4'), ('XDG_MENU_PREFIX', 'gnome-'), ('LC_ADDRESS', 'zh_CN.UTF-8'), ('GNOME_TERMINAL_SCREEN', '/org/gnome/Terminal/screen/723cc42e_ce93_4c08_b88d_b3502d3b1c0a'), ('XDG_RUNTIME_DIR', '/run/user/1000'), ('GDK_BACKEND', 'x11'), ('DISPLAY', ':0'), ('LANG', 'zh_CN.UTF-8'), ('XDG_CURRENT_DESKTOP', 'Unity'), ('LC_TELEPHONE', 'zh_CN.UTF-8'), ('XMODIFIERS', '@im=fcitx'), ('XDG_SESSION_DESKTOP', 'ubuntu'), ('XAUTHORITY', '/run/user/1000/gdm/Xauthority'), ('LS_COLORS', 'rs=0:di=01;34:ln=01;36:mh=00:pi=40;33:so=01;35:do=01;35:bd=40;33;01:cd=40;33;01:or=40;31;01:mi=00:su=37;41:sg=30;43:ca=30;41:tw=30;42:ow=34;42:st=37;44:ex=01;32:*.tar=01;31:*.tgz=01;31:*.arc=01;31:*.arj=01;31:*.taz=01;31:*.lha=01;31:*.lz4=01;31:*.lzh=01;31:*.lzma=01;31:*.tlz=01;31:*.txz=01;31:*.tzo=01;31:*.t7z=01;31:*.zip=01;31:*.z=01;31:*.dz=01;31:*.gz=01;31:*.lrz=01;31:*.lz=01;31:*.lzo=01;31:*.xz=01;31:*.zst=01;31:*.tzst=01;31:*.bz2=01;31:*.bz=01;31:*.tbz=01;31:*.tbz2=01;31:*.tz=01;31:*.deb=01;31:*.rpm=01;31:*.jar=01;31:*.war=01;31:*.ear=01;31:*.sar=01;31:*.rar=01;31:*.alz=01;31:*.ace=01;31:*.zoo=01;31:*.cpio=01;31:*.7z=01;31:*.rz=01;31:*.cab=01;31:*.wim=01;31:*.swm=01;31:*.dwm=01;31:*.esd=01;31:*.jpg=01;35:*.jpeg=01;35:*.mjpg=01;35:*.mjpeg=01;35:*.gif=01;35:*.bmp=01;35:*.pbm=01;35:*.pgm=01;35:*.ppm=01;35:*.tga=01;35:*.xbm=01;35:*.xpm=01;35:*.tif=01;35:*.tiff=01;35:*.png=01;35:*.svg=01;35:*.svgz=01;35:*.mng=01;35:*.pcx=01;35:*.mov=01;35:*.mpg=01;35:*.mpeg=01;35:*.m2v=01;35:*.mkv=01;35:*.webm=01;35:*.webp=01;35:*.ogm=01;35:*.mp4=01;35:*.m4v=01;35:*.mp4v=01;35:*.vob=01;35:*.qt=01;35:*.nuv=01;35:*.wmv=01;35:*.asf=01;35:*.rm=01;35:*.rmvb=01;35:*.flc=01;35:*.avi=01;35:*.fli=01;35:*.flv=01;35:*.gl=01;35:*.dl=01;35:*.xcf=01;35:*.xwd=01;35:*.yuv=01;35:*.cgm=01;35:*.emf=01;35:*.ogv=01;35:*.ogx=01;35:*.aac=00;36:*.au=00;36:*.flac=00;36:*.m4a=00;36:*.mid=00;36:*.midi=00;36:*.mka=00;36:*.mp3=00;36:*.mpc=00;36:*.ogg=00;36:*.ra=00;36:*.wav=00;36:*.oga=00;36:*.opus=00;36:*.spx=00;36:*.xspf=00;36:'), ('VSCODE_GIT_IPC_HANDLE', '/run/user/1000/vscode-git-b7a0f9322e.sock'), ('GNOME_TERMINAL_SERVICE', ':1.116'), ('TERM_PROGRAM', 'vscode'), ('SSH_AGENT_LAUNCHER', 'gnome-keyring'), ('SSH_AUTH_SOCK', '/run/user/1000/keyring/ssh'), ('AMENT_PREFIX_PATH', '/opt/ros/humble'), ('CONDA_PYTHON_EXE', '/home/jason/miniconda3/bin/python'), ('ORIGINAL_XDG_CURRENT_DESKTOP', 'ubuntu:GNOME'), ('SHELL', '/bin/bash'), ('LC_NAME', 'zh_CN.UTF-8'), ('ngraph_DIR', '/opt/tdt/openvino/runtime/cmake'), ('QT_ACCESSIBILITY', '1'), ('GDMSESSION', 'ubuntu'), ('LESSCLOSE', '/usr/bin/lesspipe %s %s'), ('LC_MEASUREMENT', 'zh_CN.UTF-8'), ('GPG_AGENT_INFO', '/run/user/1000/gnupg/S.gpg-agent:0:1'), ('InferenceEngine_DIR', '/opt/tdt/openvino/runtime/cmake'), ('LC_IDENTIFICATION', 'zh_CN.UTF-8'), ('VSCODE_GIT_ASKPASS_EXTRA_ARGS', '--ms-enable-electron-run-as-node'), ('QT_IM_MODULE', 'fcitx'), ('PWD', '/home/jason/Desktop/ROS2_study/build/ros2_test_publisher'), ('XDG_CONFIG_DIRS', '/etc/xdg/xdg-ubuntu:/etc/xdg'), ('CONDA_EXE', '/home/jason/miniconda3/bin/conda'), ('CLUTTER_IM_MODULE', 'fcitx'), ('XDG_DATA_DIRS', '/usr/share/ubuntu:/usr/share/gnome:/usr/local/share/:/usr/share/:/var/lib/snapd/desktop'), ('PYTHONPATH', '/opt/ros/humble/lib/python3.10/site-packages:/opt/ros/humble/local/lib/python3.10/dist-packages'), ('LC_NUMERIC', 'zh_CN.UTF-8'), ('LC_PAPER', 'zh_CN.UTF-8'), ('COLCON', '1'), ('VTE_VERSION', '6800'), ('OpenVINO_DIR', '/opt/tdt/openvino/runtime/cmake'), ('MVCAM_COMMON_RUNENV', '/opt/tdt/MVS/lib'), ('CMAKE_PREFIX_PATH', '/opt/ros/humble')]), 'shell': False}
[0.064932] (ros2_test_publisher) StdoutLine: {'line': b'\x1b[35m\x1b[1mConsolidate compiler generated dependencies of target ros2_test_publisher\x1b[0m\n'}
[0.095288] (ros2_test_publisher) StdoutLine: {'line': b'[ 50%] \x1b[32mBuilding CXX object CMakeFiles/ros2_test_publisher.dir/src/ros2_test_publisher.cpp.o\x1b[0m\n'}
[0.099975] (-) TimerEvent: {}
[0.200249] (-) TimerEvent: {}
[0.300616] (-) TimerEvent: {}
[0.401050] (-) TimerEvent: {}
[0.501441] (-) TimerEvent: {}
[0.601755] (-) TimerEvent: {}
[0.702098] (-) TimerEvent: {}
[0.802431] (-) TimerEvent: {}
[0.902785] (-) TimerEvent: {}
[1.003127] (-) TimerEvent: {}
[1.103438] (-) TimerEvent: {}
[1.203750] (-) TimerEvent: {}
[1.304076] (-) TimerEvent: {}
[1.307690] (ros2_test_publisher) StderrLine: {'line': b'\x1b[01m\x1b[K/home/jason/Desktop/ROS2_study/src/ros2_test_publisher/src/ros2_test_publisher.cpp:\x1b[m\x1b[K In constructor \xe2\x80\x98\x1b[01m\x1b[KMinimalPublisher::MinimalPublisher(const char*)\x1b[m\x1b[K\xe2\x80\x99:\n'}
[1.307829] (ros2_test_publisher) StderrLine: {'line': b'\x1b[01m\x1b[K/home/jason/Desktop/ROS2_study/src/ros2_test_publisher/src/ros2_test_publisher.cpp:31:100:\x1b[m\x1b[K \x1b[01;31m\x1b[Kerror: \x1b[m\x1b[K\xe2\x80\x98\x1b[01m\x1b[Ktimer_callback\x1b[m\x1b[K\xe2\x80\x99 is not a member of \xe2\x80\x98\x1b[01m\x1b[KMinimalPublisher\x1b[m\x1b[K\xe2\x80\x99\n'}
[1.307862] (ros2_test_publisher) StderrLine: {'line': b'   31 |         timer_=this->create_wall_timer(std::chrono::milliseconds(500),std::bind(&MinimalPublisher::\x1b[01;31m\x1b[Ktimer_callback\x1b[m\x1b[K,this));\n'}
[1.307888] (ros2_test_publisher) StderrLine: {'line': b'      |                                                                                                    \x1b[01;31m\x1b[K^~~~~~~~~~~~~~\x1b[m\x1b[K\n'}
[1.307915] (ros2_test_publisher) StderrLine: {'line': b'\x1b[01m\x1b[K/home/jason/Desktop/ROS2_study/src/ros2_test_publisher/src/ros2_test_publisher.cpp:24:34:\x1b[m\x1b[K \x1b[01;35m\x1b[Kwarning: \x1b[m\x1b[Kunused parameter \xe2\x80\x98\x1b[01m\x1b[Knode_name\x1b[m\x1b[K\xe2\x80\x99 [\x1b[01;35m\x1b[K\x1b]8;;https://gcc.gnu.org/onlinedocs/gcc/Warning-Options.html#index-Wunused-parameter\x07-Wunused-parameter\x1b]8;;\x07\x1b[m\x1b[K]\n'}
[1.307940] (ros2_test_publisher) StderrLine: {'line': b'   24 |     MinimalPublisher(\x1b[01;35m\x1b[Kconst char* node_name\x1b[m\x1b[K):Node("minimal_publisher")\n'}
[1.307964] (ros2_test_publisher) StderrLine: {'line': b'      |                      \x1b[01;35m\x1b[K~~~~~~~~~~~~^~~~~~~~~\x1b[m\x1b[K\n'}
[1.308141] (ros2_test_publisher) StderrLine: {'line': b'In file included from \x1b[01m\x1b[K/opt/ros/humble/include/rclcpp/rclcpp/logging.hpp:24\x1b[m\x1b[K,\n'}
[1.308203] (ros2_test_publisher) StderrLine: {'line': b'                 from \x1b[01m\x1b[K/opt/ros/humble/include/rclcpp/rclcpp/client.hpp:40\x1b[m\x1b[K,\n'}
[1.308234] (ros2_test_publisher) StderrLine: {'line': b'                 from \x1b[01m\x1b[K/opt/ros/humble/include/rclcpp/rclcpp/callback_group.hpp:24\x1b[m\x1b[K,\n'}
[1.308259] (ros2_test_publisher) StderrLine: {'line': b'                 from \x1b[01m\x1b[K/opt/ros/humble/include/rclcpp/rclcpp/any_executable.hpp:20\x1b[m\x1b[K,\n'}
[1.308287] (ros2_test_publisher) StderrLine: {'line': b'                 from \x1b[01m\x1b[K/opt/ros/humble/include/rclcpp/rclcpp/memory_strategy.hpp:25\x1b[m\x1b[K,\n'}
[1.308314] (ros2_test_publisher) StderrLine: {'line': b'                 from \x1b[01m\x1b[K/opt/ros/humble/include/rclcpp/rclcpp/memory_strategies.hpp:18\x1b[m\x1b[K,\n'}
[1.308337] (ros2_test_publisher) StderrLine: {'line': b'                 from \x1b[01m\x1b[K/opt/ros/humble/include/rclcpp/rclcpp/executor_options.hpp:20\x1b[m\x1b[K,\n'}
[1.308360] (ros2_test_publisher) StderrLine: {'line': b'                 from \x1b[01m\x1b[K/opt/ros/humble/include/rclcpp/rclcpp/executor.hpp:37\x1b[m\x1b[K,\n'}
[1.308383] (ros2_test_publisher) StderrLine: {'line': b'                 from \x1b[01m\x1b[K/opt/ros/humble/include/rclcpp/rclcpp/executors/multi_threaded_executor.hpp:25\x1b[m\x1b[K,\n'}
[1.308407] (ros2_test_publisher) StderrLine: {'line': b'                 from \x1b[01m\x1b[K/opt/ros/humble/include/rclcpp/rclcpp/executors.hpp:21\x1b[m\x1b[K,\n'}
[1.308439] (ros2_test_publisher) StderrLine: {'line': b'                 from \x1b[01m\x1b[K/opt/ros/humble/include/rclcpp/rclcpp/rclcpp.hpp:155\x1b[m\x1b[K,\n'}
[1.308462] (ros2_test_publisher) StderrLine: {'line': b'                 from \x1b[01m\x1b[K/home/jason/Desktop/ROS2_study/src/ros2_test_publisher/src/ros2_test_publisher.cpp:10\x1b[m\x1b[K:\n'}
[1.308485] (ros2_test_publisher) StderrLine: {'line': b'\x1b[01m\x1b[K/home/jason/Desktop/ROS2_study/src/ros2_test_publisher/src/ros2_test_publisher.cpp:\x1b[m\x1b[K In member function \xe2\x80\x98\x1b[01m\x1b[Kvoid MinimalPublisher::topic_callback()\x1b[m\x1b[K\xe2\x80\x99:\n'}
[1.308509] (ros2_test_publisher) StderrLine: {'line': b'\x1b[01m\x1b[K/home/jason/Desktop/ROS2_study/src/ros2_test_publisher/src/ros2_test_publisher.cpp:45:41:\x1b[m\x1b[K \x1b[01;35m\x1b[Kwarning: \x1b[m\x1b[Kformat \xe2\x80\x98\x1b[01m\x1b[K%s\x1b[m\x1b[K\xe2\x80\x99 expects argument of type \xe2\x80\x98\x1b[01m\x1b[Kchar*\x1b[m\x1b[K\xe2\x80\x99, but argument 5 has type \xe2\x80\x98\x1b[01m\x1b[Kstd_msgs::msg::String_<std::allocator<void> >::_data_type\x1b[m\x1b[K\xe2\x80\x99 {aka \xe2\x80\x98\x1b[01m\x1b[Kstd::__cxx11::basic_string<char>\x1b[m\x1b[K\xe2\x80\x99} [\x1b[01;35m\x1b[K\x1b]8;;https://gcc.gnu.org/onlinedocs/gcc/Warning-Options.html#index-Wformat=\x07-Wformat=\x1b]8;;\x07\x1b[m\x1b[K]\n'}
[1.308534] (ros2_test_publisher) StderrLine: {'line': b'   45 |         RCLCPP_INFO(this->get_logger(), \x1b[01;35m\x1b[K"Publishing: %s"\x1b[m\x1b[K, messages.data);\n'}
[1.308560] (ros2_test_publisher) StderrLine: {'line': b'      |                                         \x1b[01;35m\x1b[K^~~~~~~~~~~~~~~~\x1b[m\x1b[K\n'}
[1.308584] (ros2_test_publisher) StderrLine: {'line': b'\x1b[01m\x1b[K/home/jason/Desktop/ROS2_study/src/ros2_test_publisher/src/ros2_test_publisher.cpp:45:55:\x1b[m\x1b[K \x1b[01;36m\x1b[Knote: \x1b[m\x1b[Kformat string is defined here\n'}
[1.308606] (ros2_test_publisher) StderrLine: {'line': b'   45 |         RCLCPP_INFO(this->get_logger(), "Publishing: \x1b[01;36m\x1b[K%s\x1b[m\x1b[K", messages.data);\n'}
[1.308629] (ros2_test_publisher) StderrLine: {'line': b'      |                                                      \x1b[01;36m\x1b[K~^\x1b[m\x1b[K\n'}
[1.308653] (ros2_test_publisher) StderrLine: {'line': b'      |                                                       \x1b[01;36m\x1b[K|\x1b[m\x1b[K\n'}
[1.308675] (ros2_test_publisher) StderrLine: {'line': b'      |                                                       \x1b[01;36m\x1b[Kchar*\x1b[m\x1b[K\n'}
[1.404288] (-) TimerEvent: {}
[1.504589] (-) TimerEvent: {}
[1.604927] (-) TimerEvent: {}
[1.671452] (ros2_test_publisher) StderrLine: {'line': b'gmake[2]: *** [CMakeFiles/ros2_test_publisher.dir/build.make:76\xef\xbc\x9aCMakeFiles/ros2_test_publisher.dir/src/ros2_test_publisher.cpp.o] \xe9\x94\x99\xe8\xaf\xaf 1\n'}
[1.671567] (ros2_test_publisher) StderrLine: {'line': b'gmake[1]: *** [CMakeFiles/Makefile2:137\xef\xbc\x9aCMakeFiles/ros2_test_publisher.dir/all] \xe9\x94\x99\xe8\xaf\xaf 2\n'}
[1.671735] (ros2_test_publisher) StderrLine: {'line': b'gmake: *** [Makefile:146\xef\xbc\x9aall] \xe9\x94\x99\xe8\xaf\xaf 2\n'}
[1.673059] (ros2_test_publisher) CommandEnded: {'returncode': 2}
[1.705340] (-) TimerEvent: {}
[1.726739] (ros2_test_publisher) JobEnded: {'identifier': 'ros2_test_publisher', 'rc': 2}
[1.737485] (-) EventReactorShutdown: {}
