[0.000000] (-) TimerEvent: {}
[0.000251] (ros2_test_client) JobQueued: {'identifier': 'ros2_test_client', 'dependencies': OrderedDict()}
[0.000504] (ros2_test_interfaces) JobQueued: {'identifier': 'ros2_test_interfaces', 'dependencies': OrderedDict()}
[0.000537] (ros2_test_node) JobQueued: {'identifier': 'ros2_test_node', 'dependencies': OrderedDict()}
[0.000789] (ros2_test_service) JobQueued: {'identifier': 'ros2_test_service', 'dependencies': OrderedDict()}
[0.001111] (ros2_test_subscriber) JobQueued: {'identifier': 'ros2_test_subscriber', 'dependencies': OrderedDict()}
[0.001148] (ros2_test_publisher) JobQueued: {'identifier': 'ros2_test_publisher', 'dependencies': OrderedDict([('ros2_test_interfaces', '/home/jason/Desktop/ROS2_study/install/ros2_test_interfaces')])}
[0.001182] (ros2_test_interfaces) JobStarted: {'identifier': 'ros2_test_interfaces'}
[0.019708] (ros2_test_client) JobStarted: {'identifier': 'ros2_test_client'}
[0.036476] (ros2_test_node) JobStarted: {'identifier': 'ros2_test_node'}
[0.054400] (ros2_test_service) JobStarted: {'identifier': 'ros2_test_service'}
[0.078148] (ros2_test_subscriber) JobStarted: {'identifier': 'ros2_test_subscriber'}
[0.097261] (ros2_test_interfaces) JobProgress: {'identifier': 'ros2_test_interfaces', 'progress': 'cmake'}
[0.098007] (ros2_test_interfaces) JobProgress: {'identifier': 'ros2_test_interfaces', 'progress': 'build'}
[0.098047] (ros2_test_interfaces) Command: {'cmd': ['/usr/bin/cmake', '--build', '/home/jason/Desktop/ROS2_study/build/ros2_test_interfaces', '--', '-j32', '-l32'], 'cwd': '/home/jason/Desktop/ROS2_study/build/ros2_test_interfaces', 'env': OrderedDict([('LESSOPEN', '| /usr/bin/lesspipe %s'), ('LANGUAGE', 'zh_CN:en'), ('USER', 'jason'), ('LC_TIME', 'zh_CN.UTF-8'), ('XDG_SESSION_TYPE', 'x11'), ('GIT_ASKPASS', '/usr/share/code/resources/app/extensions/git/dist/askpass.sh'), ('SHLVL', '2'), ('LD_LIBRARY_PATH', '/opt/ros/humble/opt/rviz_ogre_vendor/lib:/opt/ros/humble/lib/x86_64-linux-gnu:/opt/ros/humble/lib:/opt/tdt/openvino/tools/compile_tool:/opt/tdt/openvino/runtime/3rdparty/hddl/lib:/opt/tdt/openvino/runtime/lib/intel64::/opt/tdt/libhikcamera/lib64:/opt/tdt/lib:/usr/local/opencv4.7.0/lib'), ('HDDL_INSTALL_DIR', '/opt/tdt/openvino/runtime/3rdparty/hddl'), ('HOME', '/home/jason'), ('CHROME_DESKTOP', 'code-url-handler.desktop'), ('CONDA_SHLVL', '0'), ('OLDPWD', '/home/jason/Desktop/ROS2_study/src/ros2_test_client/src'), ('TERM_PROGRAM_VERSION', '1.85.1'), ('DESKTOP_SESSION', 'ubuntu'), ('ROS_PYTHON_VERSION', '3'), ('GNOME_SHELL_SESSION_MODE', 'ubuntu'), ('GTK_MODULES', 'gail:atk-bridge'), ('INTEL_OPENVINO_DIR', '/opt/tdt/openvino'), ('VSCODE_GIT_ASKPASS_MAIN', '/usr/share/code/resources/app/extensions/git/dist/askpass-main.js'), ('LC_MONETARY', 'zh_CN.UTF-8'), ('VSCODE_GIT_ASKPASS_NODE', '/usr/share/code/code'), ('SYSTEMD_EXEC_PID', '1755'), ('DBUS_SESSION_BUS_ADDRESS', 'unix:path=/run/user/1000/bus'), ('COLORTERM', 'truecolor'), ('_CE_M', ''), ('IM_CONFIG_PHASE', '1'), ('ROS_DISTRO', 'humble'), ('GTK_IM_MODULE', 'fcitx'), ('LOGNAME', 'jason'), ('_', '/usr/bin/colcon'), ('ROS_VERSION', '2'), ('PKG_CONFIG_PATH', '/opt/tdt/openvino/runtime/lib/intel64/pkgconfig:/opt/tdt/lib/pkgconfig:/usr/local/opencv4.7.0/lib/pkgconfig'), ('XDG_SESSION_CLASS', 'user'), ('USERNAME', 'jason'), ('TERM', 'xterm-256color'), ('GNOME_DESKTOP_SESSION_ID', 'this-is-deprecated'), ('_CE_CONDA', ''), ('ROS_LOCALHOST_ONLY', '0'), ('WINDOWPATH', '2'), ('MVCAM_SDK_PATH', '/opt/tdt/MVS'), ('PATH', '/opt/tdt/libhikcamera/cmake:/opt/tdt/lib/cmake:/opt/ros/humble/bin:/opt/tdt/libhikcamera/cmake:/opt/tdt/lib/cmake:/home/jason/miniconda3/condabin:/opt/tdt/libhikcamera/cmake:/opt/tdt/lib/cmake:/home/jason/.local/bin:/usr/local/sbin:/usr/local/bin:/usr/sbin:/usr/bin:/sbin:/bin:/usr/games:/usr/local/games:/snap/bin:/snap/bin'), ('SESSION_MANAGER', 'local/jason-Legion:@/tmp/.ICE-unix/1722,unix/jason-Legion:/tmp/.ICE-unix/1722'), ('PAPERSIZE', 'a4'), ('XDG_MENU_PREFIX', 'gnome-'), ('LC_ADDRESS', 'zh_CN.UTF-8'), ('GNOME_TERMINAL_SCREEN', '/org/gnome/Terminal/screen/b3ce8cc1_c70c_4c5f_9431_a1122d1603e6'), ('XDG_RUNTIME_DIR', '/run/user/1000'), ('GDK_BACKEND', 'x11'), ('DISPLAY', ':0'), ('LANG', 'zh_CN.UTF-8'), ('XDG_CURRENT_DESKTOP', 'Unity'), ('LC_TELEPHONE', 'zh_CN.UTF-8'), ('XMODIFIERS', '@im=fcitx'), ('XDG_SESSION_DESKTOP', 'ubuntu'), ('XAUTHORITY', '/run/user/1000/gdm/Xauthority'), ('LS_COLORS', 'rs=0:di=01;34:ln=01;36:mh=00:pi=40;33:so=01;35:do=01;35:bd=40;33;01:cd=40;33;01:or=40;31;01:mi=00:su=37;41:sg=30;43:ca=30;41:tw=30;42:ow=34;42:st=37;44:ex=01;32:*.tar=01;31:*.tgz=01;31:*.arc=01;31:*.arj=01;31:*.taz=01;31:*.lha=01;31:*.lz4=01;31:*.lzh=01;31:*.lzma=01;31:*.tlz=01;31:*.txz=01;31:*.tzo=01;31:*.t7z=01;31:*.zip=01;31:*.z=01;31:*.dz=01;31:*.gz=01;31:*.lrz=01;31:*.lz=01;31:*.lzo=01;31:*.xz=01;31:*.zst=01;31:*.tzst=01;31:*.bz2=01;31:*.bz=01;31:*.tbz=01;31:*.tbz2=01;31:*.tz=01;31:*.deb=01;31:*.rpm=01;31:*.jar=01;31:*.war=01;31:*.ear=01;31:*.sar=01;31:*.rar=01;31:*.alz=01;31:*.ace=01;31:*.zoo=01;31:*.cpio=01;31:*.7z=01;31:*.rz=01;31:*.cab=01;31:*.wim=01;31:*.swm=01;31:*.dwm=01;31:*.esd=01;31:*.jpg=01;35:*.jpeg=01;35:*.mjpg=01;35:*.mjpeg=01;35:*.gif=01;35:*.bmp=01;35:*.pbm=01;35:*.pgm=01;35:*.ppm=01;35:*.tga=01;35:*.xbm=01;35:*.xpm=01;35:*.tif=01;35:*.tiff=01;35:*.png=01;35:*.svg=01;35:*.svgz=01;35:*.mng=01;35:*.pcx=01;35:*.mov=01;35:*.mpg=01;35:*.mpeg=01;35:*.m2v=01;35:*.mkv=01;35:*.webm=01;35:*.webp=01;35:*.ogm=01;35:*.mp4=01;35:*.m4v=01;35:*.mp4v=01;35:*.vob=01;35:*.qt=01;35:*.nuv=01;35:*.wmv=01;35:*.asf=01;35:*.rm=01;35:*.rmvb=01;35:*.flc=01;35:*.avi=01;35:*.fli=01;35:*.flv=01;35:*.gl=01;35:*.dl=01;35:*.xcf=01;35:*.xwd=01;35:*.yuv=01;35:*.cgm=01;35:*.emf=01;35:*.ogv=01;35:*.ogx=01;35:*.aac=00;36:*.au=00;36:*.flac=00;36:*.m4a=00;36:*.mid=00;36:*.midi=00;36:*.mka=00;36:*.mp3=00;36:*.mpc=00;36:*.ogg=00;36:*.ra=00;36:*.wav=00;36:*.oga=00;36:*.opus=00;36:*.spx=00;36:*.xspf=00;36:'), ('VSCODE_GIT_IPC_HANDLE', '/run/user/1000/vscode-git-b7a0f9322e.sock'), ('GNOME_TERMINAL_SERVICE', ':1.120'), ('TERM_PROGRAM', 'vscode'), ('SSH_AGENT_LAUNCHER', 'gnome-keyring'), ('SSH_AUTH_SOCK', '/run/user/1000/keyring/ssh'), ('AMENT_PREFIX_PATH', '/opt/ros/humble'), ('CONDA_PYTHON_EXE', '/home/jason/miniconda3/bin/python'), ('ORIGINAL_XDG_CURRENT_DESKTOP', 'ubuntu:GNOME'), ('SHELL', '/bin/bash'), ('LC_NAME', 'zh_CN.UTF-8'), ('ngraph_DIR', '/opt/tdt/openvino/runtime/cmake'), ('QT_ACCESSIBILITY', '1'), ('GDMSESSION', 'ubuntu'), ('LESSCLOSE', '/usr/bin/lesspipe %s %s'), ('LC_MEASUREMENT', 'zh_CN.UTF-8'), ('GPG_AGENT_INFO', '/run/user/1000/gnupg/S.gpg-agent:0:1'), ('InferenceEngine_DIR', '/opt/tdt/openvino/runtime/cmake'), ('LC_IDENTIFICATION', 'zh_CN.UTF-8'), ('VSCODE_GIT_ASKPASS_EXTRA_ARGS', '--ms-enable-electron-run-as-node'), ('QT_IM_MODULE', 'fcitx'), ('PWD', '/home/jason/Desktop/ROS2_study/build/ros2_test_interfaces'), ('XDG_CONFIG_DIRS', '/etc/xdg/xdg-ubuntu:/etc/xdg'), ('CONDA_EXE', '/home/jason/miniconda3/bin/conda'), ('CLUTTER_IM_MODULE', 'fcitx'), ('XDG_DATA_DIRS', '/usr/share/ubuntu:/usr/share/gnome:/usr/local/share/:/usr/share/:/var/lib/snapd/desktop'), ('PYTHONPATH', '/opt/ros/humble/lib/python3.10/site-packages:/opt/ros/humble/local/lib/python3.10/dist-packages'), ('LC_NUMERIC', 'zh_CN.UTF-8'), ('LC_PAPER', 'zh_CN.UTF-8'), ('COLCON', '1'), ('VTE_VERSION', '6800'), ('OpenVINO_DIR', '/opt/tdt/openvino/runtime/cmake'), ('MVCAM_COMMON_RUNENV', '/opt/tdt/MVS/lib'), ('CMAKE_PREFIX_PATH', '/opt/ros/humble')]), 'shell': False}
[0.100277] (-) TimerEvent: {}
[0.100392] (ros2_test_client) JobProgress: {'identifier': 'ros2_test_client', 'progress': 'cmake'}
[0.100420] (ros2_test_client) Command: {'cmd': ['/usr/bin/cmake', '/home/jason/Desktop/ROS2_study/src/ros2_test_client', '-DCMAKE_INSTALL_PREFIX=/home/jason/Desktop/ROS2_study/install/ros2_test_client'], 'cwd': '/home/jason/Desktop/ROS2_study/build/ros2_test_client', 'env': OrderedDict([('LESSOPEN', '| /usr/bin/lesspipe %s'), ('LANGUAGE', 'zh_CN:en'), ('USER', 'jason'), ('LC_TIME', 'zh_CN.UTF-8'), ('XDG_SESSION_TYPE', 'x11'), ('GIT_ASKPASS', '/usr/share/code/resources/app/extensions/git/dist/askpass.sh'), ('SHLVL', '2'), ('LD_LIBRARY_PATH', '/opt/ros/humble/opt/rviz_ogre_vendor/lib:/opt/ros/humble/lib/x86_64-linux-gnu:/opt/ros/humble/lib:/opt/tdt/openvino/tools/compile_tool:/opt/tdt/openvino/runtime/3rdparty/hddl/lib:/opt/tdt/openvino/runtime/lib/intel64::/opt/tdt/libhikcamera/lib64:/opt/tdt/lib:/usr/local/opencv4.7.0/lib'), ('HDDL_INSTALL_DIR', '/opt/tdt/openvino/runtime/3rdparty/hddl'), ('HOME', '/home/jason'), ('CHROME_DESKTOP', 'code-url-handler.desktop'), ('CONDA_SHLVL', '0'), ('OLDPWD', '/home/jason/Desktop/ROS2_study/src/ros2_test_client/src'), ('TERM_PROGRAM_VERSION', '1.85.1'), ('DESKTOP_SESSION', 'ubuntu'), ('ROS_PYTHON_VERSION', '3'), ('GNOME_SHELL_SESSION_MODE', 'ubuntu'), ('GTK_MODULES', 'gail:atk-bridge'), ('INTEL_OPENVINO_DIR', '/opt/tdt/openvino'), ('VSCODE_GIT_ASKPASS_MAIN', '/usr/share/code/resources/app/extensions/git/dist/askpass-main.js'), ('LC_MONETARY', 'zh_CN.UTF-8'), ('VSCODE_GIT_ASKPASS_NODE', '/usr/share/code/code'), ('SYSTEMD_EXEC_PID', '1755'), ('DBUS_SESSION_BUS_ADDRESS', 'unix:path=/run/user/1000/bus'), ('COLORTERM', 'truecolor'), ('_CE_M', ''), ('IM_CONFIG_PHASE', '1'), ('ROS_DISTRO', 'humble'), ('GTK_IM_MODULE', 'fcitx'), ('LOGNAME', 'jason'), ('_', '/usr/bin/colcon'), ('ROS_VERSION', '2'), ('PKG_CONFIG_PATH', '/opt/tdt/openvino/runtime/lib/intel64/pkgconfig:/opt/tdt/lib/pkgconfig:/usr/local/opencv4.7.0/lib/pkgconfig'), ('XDG_SESSION_CLASS', 'user'), ('USERNAME', 'jason'), ('TERM', 'xterm-256color'), ('GNOME_DESKTOP_SESSION_ID', 'this-is-deprecated'), ('_CE_CONDA', ''), ('ROS_LOCALHOST_ONLY', '0'), ('WINDOWPATH', '2'), ('MVCAM_SDK_PATH', '/opt/tdt/MVS'), ('PATH', '/opt/tdt/libhikcamera/cmake:/opt/tdt/lib/cmake:/opt/ros/humble/bin:/opt/tdt/libhikcamera/cmake:/opt/tdt/lib/cmake:/home/jason/miniconda3/condabin:/opt/tdt/libhikcamera/cmake:/opt/tdt/lib/cmake:/home/jason/.local/bin:/usr/local/sbin:/usr/local/bin:/usr/sbin:/usr/bin:/sbin:/bin:/usr/games:/usr/local/games:/snap/bin:/snap/bin'), ('SESSION_MANAGER', 'local/jason-Legion:@/tmp/.ICE-unix/1722,unix/jason-Legion:/tmp/.ICE-unix/1722'), ('PAPERSIZE', 'a4'), ('XDG_MENU_PREFIX', 'gnome-'), ('LC_ADDRESS', 'zh_CN.UTF-8'), ('GNOME_TERMINAL_SCREEN', '/org/gnome/Terminal/screen/b3ce8cc1_c70c_4c5f_9431_a1122d1603e6'), ('XDG_RUNTIME_DIR', '/run/user/1000'), ('GDK_BACKEND', 'x11'), ('DISPLAY', ':0'), ('LANG', 'zh_CN.UTF-8'), ('XDG_CURRENT_DESKTOP', 'Unity'), ('LC_TELEPHONE', 'zh_CN.UTF-8'), ('XMODIFIERS', '@im=fcitx'), ('XDG_SESSION_DESKTOP', 'ubuntu'), ('XAUTHORITY', '/run/user/1000/gdm/Xauthority'), ('LS_COLORS', 'rs=0:di=01;34:ln=01;36:mh=00:pi=40;33:so=01;35:do=01;35:bd=40;33;01:cd=40;33;01:or=40;31;01:mi=00:su=37;41:sg=30;43:ca=30;41:tw=30;42:ow=34;42:st=37;44:ex=01;32:*.tar=01;31:*.tgz=01;31:*.arc=01;31:*.arj=01;31:*.taz=01;31:*.lha=01;31:*.lz4=01;31:*.lzh=01;31:*.lzma=01;31:*.tlz=01;31:*.txz=01;31:*.tzo=01;31:*.t7z=01;31:*.zip=01;31:*.z=01;31:*.dz=01;31:*.gz=01;31:*.lrz=01;31:*.lz=01;31:*.lzo=01;31:*.xz=01;31:*.zst=01;31:*.tzst=01;31:*.bz2=01;31:*.bz=01;31:*.tbz=01;31:*.tbz2=01;31:*.tz=01;31:*.deb=01;31:*.rpm=01;31:*.jar=01;31:*.war=01;31:*.ear=01;31:*.sar=01;31:*.rar=01;31:*.alz=01;31:*.ace=01;31:*.zoo=01;31:*.cpio=01;31:*.7z=01;31:*.rz=01;31:*.cab=01;31:*.wim=01;31:*.swm=01;31:*.dwm=01;31:*.esd=01;31:*.jpg=01;35:*.jpeg=01;35:*.mjpg=01;35:*.mjpeg=01;35:*.gif=01;35:*.bmp=01;35:*.pbm=01;35:*.pgm=01;35:*.ppm=01;35:*.tga=01;35:*.xbm=01;35:*.xpm=01;35:*.tif=01;35:*.tiff=01;35:*.png=01;35:*.svg=01;35:*.svgz=01;35:*.mng=01;35:*.pcx=01;35:*.mov=01;35:*.mpg=01;35:*.mpeg=01;35:*.m2v=01;35:*.mkv=01;35:*.webm=01;35:*.webp=01;35:*.ogm=01;35:*.mp4=01;35:*.m4v=01;35:*.mp4v=01;35:*.vob=01;35:*.qt=01;35:*.nuv=01;35:*.wmv=01;35:*.asf=01;35:*.rm=01;35:*.rmvb=01;35:*.flc=01;35:*.avi=01;35:*.fli=01;35:*.flv=01;35:*.gl=01;35:*.dl=01;35:*.xcf=01;35:*.xwd=01;35:*.yuv=01;35:*.cgm=01;35:*.emf=01;35:*.ogv=01;35:*.ogx=01;35:*.aac=00;36:*.au=00;36:*.flac=00;36:*.m4a=00;36:*.mid=00;36:*.midi=00;36:*.mka=00;36:*.mp3=00;36:*.mpc=00;36:*.ogg=00;36:*.ra=00;36:*.wav=00;36:*.oga=00;36:*.opus=00;36:*.spx=00;36:*.xspf=00;36:'), ('VSCODE_GIT_IPC_HANDLE', '/run/user/1000/vscode-git-b7a0f9322e.sock'), ('GNOME_TERMINAL_SERVICE', ':1.120'), ('TERM_PROGRAM', 'vscode'), ('SSH_AGENT_LAUNCHER', 'gnome-keyring'), ('SSH_AUTH_SOCK', '/run/user/1000/keyring/ssh'), ('AMENT_PREFIX_PATH', '/opt/ros/humble'), ('CONDA_PYTHON_EXE', '/home/jason/miniconda3/bin/python'), ('ORIGINAL_XDG_CURRENT_DESKTOP', 'ubuntu:GNOME'), ('SHELL', '/bin/bash'), ('LC_NAME', 'zh_CN.UTF-8'), ('ngraph_DIR', '/opt/tdt/openvino/runtime/cmake'), ('QT_ACCESSIBILITY', '1'), ('GDMSESSION', 'ubuntu'), ('LESSCLOSE', '/usr/bin/lesspipe %s %s'), ('LC_MEASUREMENT', 'zh_CN.UTF-8'), ('GPG_AGENT_INFO', '/run/user/1000/gnupg/S.gpg-agent:0:1'), ('InferenceEngine_DIR', '/opt/tdt/openvino/runtime/cmake'), ('LC_IDENTIFICATION', 'zh_CN.UTF-8'), ('VSCODE_GIT_ASKPASS_EXTRA_ARGS', '--ms-enable-electron-run-as-node'), ('QT_IM_MODULE', 'fcitx'), ('PWD', '/home/jason/Desktop/ROS2_study/build/ros2_test_client'), ('XDG_CONFIG_DIRS', '/etc/xdg/xdg-ubuntu:/etc/xdg'), ('CONDA_EXE', '/home/jason/miniconda3/bin/conda'), ('CLUTTER_IM_MODULE', 'fcitx'), ('XDG_DATA_DIRS', '/usr/share/ubuntu:/usr/share/gnome:/usr/local/share/:/usr/share/:/var/lib/snapd/desktop'), ('PYTHONPATH', '/opt/ros/humble/lib/python3.10/site-packages:/opt/ros/humble/local/lib/python3.10/dist-packages'), ('LC_NUMERIC', 'zh_CN.UTF-8'), ('LC_PAPER', 'zh_CN.UTF-8'), ('COLCON', '1'), ('VTE_VERSION', '6800'), ('OpenVINO_DIR', '/opt/tdt/openvino/runtime/cmake'), ('MVCAM_COMMON_RUNENV', '/opt/tdt/MVS/lib'), ('CMAKE_PREFIX_PATH', '/opt/ros/humble')]), 'shell': False}
[0.100729] (ros2_test_node) JobProgress: {'identifier': 'ros2_test_node', 'progress': 'cmake'}
[0.101335] (ros2_test_node) JobProgress: {'identifier': 'ros2_test_node', 'progress': 'build'}
[0.101512] (ros2_test_node) Command: {'cmd': ['/usr/bin/cmake', '--build', '/home/jason/Desktop/ROS2_study/build/ros2_test_node', '--', '-j32', '-l32'], 'cwd': '/home/jason/Desktop/ROS2_study/build/ros2_test_node', 'env': OrderedDict([('LESSOPEN', '| /usr/bin/lesspipe %s'), ('LANGUAGE', 'zh_CN:en'), ('USER', 'jason'), ('LC_TIME', 'zh_CN.UTF-8'), ('XDG_SESSION_TYPE', 'x11'), ('GIT_ASKPASS', '/usr/share/code/resources/app/extensions/git/dist/askpass.sh'), ('SHLVL', '2'), ('LD_LIBRARY_PATH', '/opt/ros/humble/opt/rviz_ogre_vendor/lib:/opt/ros/humble/lib/x86_64-linux-gnu:/opt/ros/humble/lib:/opt/tdt/openvino/tools/compile_tool:/opt/tdt/openvino/runtime/3rdparty/hddl/lib:/opt/tdt/openvino/runtime/lib/intel64::/opt/tdt/libhikcamera/lib64:/opt/tdt/lib:/usr/local/opencv4.7.0/lib'), ('HDDL_INSTALL_DIR', '/opt/tdt/openvino/runtime/3rdparty/hddl'), ('HOME', '/home/jason'), ('CHROME_DESKTOP', 'code-url-handler.desktop'), ('CONDA_SHLVL', '0'), ('OLDPWD', '/home/jason/Desktop/ROS2_study/src/ros2_test_client/src'), ('TERM_PROGRAM_VERSION', '1.85.1'), ('DESKTOP_SESSION', 'ubuntu'), ('ROS_PYTHON_VERSION', '3'), ('GNOME_SHELL_SESSION_MODE', 'ubuntu'), ('GTK_MODULES', 'gail:atk-bridge'), ('INTEL_OPENVINO_DIR', '/opt/tdt/openvino'), ('VSCODE_GIT_ASKPASS_MAIN', '/usr/share/code/resources/app/extensions/git/dist/askpass-main.js'), ('LC_MONETARY', 'zh_CN.UTF-8'), ('VSCODE_GIT_ASKPASS_NODE', '/usr/share/code/code'), ('SYSTEMD_EXEC_PID', '1755'), ('DBUS_SESSION_BUS_ADDRESS', 'unix:path=/run/user/1000/bus'), ('COLORTERM', 'truecolor'), ('_CE_M', ''), ('IM_CONFIG_PHASE', '1'), ('ROS_DISTRO', 'humble'), ('GTK_IM_MODULE', 'fcitx'), ('LOGNAME', 'jason'), ('_', '/usr/bin/colcon'), ('ROS_VERSION', '2'), ('PKG_CONFIG_PATH', '/opt/tdt/openvino/runtime/lib/intel64/pkgconfig:/opt/tdt/lib/pkgconfig:/usr/local/opencv4.7.0/lib/pkgconfig'), ('XDG_SESSION_CLASS', 'user'), ('USERNAME', 'jason'), ('TERM', 'xterm-256color'), ('GNOME_DESKTOP_SESSION_ID', 'this-is-deprecated'), ('_CE_CONDA', ''), ('ROS_LOCALHOST_ONLY', '0'), ('WINDOWPATH', '2'), ('MVCAM_SDK_PATH', '/opt/tdt/MVS'), ('PATH', '/opt/tdt/libhikcamera/cmake:/opt/tdt/lib/cmake:/opt/ros/humble/bin:/opt/tdt/libhikcamera/cmake:/opt/tdt/lib/cmake:/home/jason/miniconda3/condabin:/opt/tdt/libhikcamera/cmake:/opt/tdt/lib/cmake:/home/jason/.local/bin:/usr/local/sbin:/usr/local/bin:/usr/sbin:/usr/bin:/sbin:/bin:/usr/games:/usr/local/games:/snap/bin:/snap/bin'), ('SESSION_MANAGER', 'local/jason-Legion:@/tmp/.ICE-unix/1722,unix/jason-Legion:/tmp/.ICE-unix/1722'), ('PAPERSIZE', 'a4'), ('XDG_MENU_PREFIX', 'gnome-'), ('LC_ADDRESS', 'zh_CN.UTF-8'), ('GNOME_TERMINAL_SCREEN', '/org/gnome/Terminal/screen/b3ce8cc1_c70c_4c5f_9431_a1122d1603e6'), ('XDG_RUNTIME_DIR', '/run/user/1000'), ('GDK_BACKEND', 'x11'), ('DISPLAY', ':0'), ('LANG', 'zh_CN.UTF-8'), ('XDG_CURRENT_DESKTOP', 'Unity'), ('LC_TELEPHONE', 'zh_CN.UTF-8'), ('XMODIFIERS', '@im=fcitx'), ('XDG_SESSION_DESKTOP', 'ubuntu'), ('XAUTHORITY', '/run/user/1000/gdm/Xauthority'), ('LS_COLORS', 'rs=0:di=01;34:ln=01;36:mh=00:pi=40;33:so=01;35:do=01;35:bd=40;33;01:cd=40;33;01:or=40;31;01:mi=00:su=37;41:sg=30;43:ca=30;41:tw=30;42:ow=34;42:st=37;44:ex=01;32:*.tar=01;31:*.tgz=01;31:*.arc=01;31:*.arj=01;31:*.taz=01;31:*.lha=01;31:*.lz4=01;31:*.lzh=01;31:*.lzma=01;31:*.tlz=01;31:*.txz=01;31:*.tzo=01;31:*.t7z=01;31:*.zip=01;31:*.z=01;31:*.dz=01;31:*.gz=01;31:*.lrz=01;31:*.lz=01;31:*.lzo=01;31:*.xz=01;31:*.zst=01;31:*.tzst=01;31:*.bz2=01;31:*.bz=01;31:*.tbz=01;31:*.tbz2=01;31:*.tz=01;31:*.deb=01;31:*.rpm=01;31:*.jar=01;31:*.war=01;31:*.ear=01;31:*.sar=01;31:*.rar=01;31:*.alz=01;31:*.ace=01;31:*.zoo=01;31:*.cpio=01;31:*.7z=01;31:*.rz=01;31:*.cab=01;31:*.wim=01;31:*.swm=01;31:*.dwm=01;31:*.esd=01;31:*.jpg=01;35:*.jpeg=01;35:*.mjpg=01;35:*.mjpeg=01;35:*.gif=01;35:*.bmp=01;35:*.pbm=01;35:*.pgm=01;35:*.ppm=01;35:*.tga=01;35:*.xbm=01;35:*.xpm=01;35:*.tif=01;35:*.tiff=01;35:*.png=01;35:*.svg=01;35:*.svgz=01;35:*.mng=01;35:*.pcx=01;35:*.mov=01;35:*.mpg=01;35:*.mpeg=01;35:*.m2v=01;35:*.mkv=01;35:*.webm=01;35:*.webp=01;35:*.ogm=01;35:*.mp4=01;35:*.m4v=01;35:*.mp4v=01;35:*.vob=01;35:*.qt=01;35:*.nuv=01;35:*.wmv=01;35:*.asf=01;35:*.rm=01;35:*.rmvb=01;35:*.flc=01;35:*.avi=01;35:*.fli=01;35:*.flv=01;35:*.gl=01;35:*.dl=01;35:*.xcf=01;35:*.xwd=01;35:*.yuv=01;35:*.cgm=01;35:*.emf=01;35:*.ogv=01;35:*.ogx=01;35:*.aac=00;36:*.au=00;36:*.flac=00;36:*.m4a=00;36:*.mid=00;36:*.midi=00;36:*.mka=00;36:*.mp3=00;36:*.mpc=00;36:*.ogg=00;36:*.ra=00;36:*.wav=00;36:*.oga=00;36:*.opus=00;36:*.spx=00;36:*.xspf=00;36:'), ('VSCODE_GIT_IPC_HANDLE', '/run/user/1000/vscode-git-b7a0f9322e.sock'), ('GNOME_TERMINAL_SERVICE', ':1.120'), ('TERM_PROGRAM', 'vscode'), ('SSH_AGENT_LAUNCHER', 'gnome-keyring'), ('SSH_AUTH_SOCK', '/run/user/1000/keyring/ssh'), ('AMENT_PREFIX_PATH', '/opt/ros/humble'), ('CONDA_PYTHON_EXE', '/home/jason/miniconda3/bin/python'), ('ORIGINAL_XDG_CURRENT_DESKTOP', 'ubuntu:GNOME'), ('SHELL', '/bin/bash'), ('LC_NAME', 'zh_CN.UTF-8'), ('ngraph_DIR', '/opt/tdt/openvino/runtime/cmake'), ('QT_ACCESSIBILITY', '1'), ('GDMSESSION', 'ubuntu'), ('LESSCLOSE', '/usr/bin/lesspipe %s %s'), ('LC_MEASUREMENT', 'zh_CN.UTF-8'), ('GPG_AGENT_INFO', '/run/user/1000/gnupg/S.gpg-agent:0:1'), ('InferenceEngine_DIR', '/opt/tdt/openvino/runtime/cmake'), ('LC_IDENTIFICATION', 'zh_CN.UTF-8'), ('VSCODE_GIT_ASKPASS_EXTRA_ARGS', '--ms-enable-electron-run-as-node'), ('QT_IM_MODULE', 'fcitx'), ('PWD', '/home/jason/Desktop/ROS2_study/build/ros2_test_node'), ('XDG_CONFIG_DIRS', '/etc/xdg/xdg-ubuntu:/etc/xdg'), ('CONDA_EXE', '/home/jason/miniconda3/bin/conda'), ('CLUTTER_IM_MODULE', 'fcitx'), ('XDG_DATA_DIRS', '/usr/share/ubuntu:/usr/share/gnome:/usr/local/share/:/usr/share/:/var/lib/snapd/desktop'), ('PYTHONPATH', '/opt/ros/humble/lib/python3.10/site-packages:/opt/ros/humble/local/lib/python3.10/dist-packages'), ('LC_NUMERIC', 'zh_CN.UTF-8'), ('LC_PAPER', 'zh_CN.UTF-8'), ('COLCON', '1'), ('VTE_VERSION', '6800'), ('OpenVINO_DIR', '/opt/tdt/openvino/runtime/cmake'), ('MVCAM_COMMON_RUNENV', '/opt/tdt/MVS/lib'), ('CMAKE_PREFIX_PATH', '/opt/ros/humble')]), 'shell': False}
[0.102507] (ros2_test_service) JobProgress: {'identifier': 'ros2_test_service', 'progress': 'cmake'}
[0.102771] (ros2_test_service) JobProgress: {'identifier': 'ros2_test_service', 'progress': 'build'}
[0.102932] (ros2_test_service) Command: {'cmd': ['/usr/bin/cmake', '--build', '/home/jason/Desktop/ROS2_study/build/ros2_test_service', '--', '-j32', '-l32'], 'cwd': '/home/jason/Desktop/ROS2_study/build/ros2_test_service', 'env': OrderedDict([('LESSOPEN', '| /usr/bin/lesspipe %s'), ('LANGUAGE', 'zh_CN:en'), ('USER', 'jason'), ('LC_TIME', 'zh_CN.UTF-8'), ('XDG_SESSION_TYPE', 'x11'), ('GIT_ASKPASS', '/usr/share/code/resources/app/extensions/git/dist/askpass.sh'), ('SHLVL', '2'), ('LD_LIBRARY_PATH', '/opt/ros/humble/opt/rviz_ogre_vendor/lib:/opt/ros/humble/lib/x86_64-linux-gnu:/opt/ros/humble/lib:/opt/tdt/openvino/tools/compile_tool:/opt/tdt/openvino/runtime/3rdparty/hddl/lib:/opt/tdt/openvino/runtime/lib/intel64::/opt/tdt/libhikcamera/lib64:/opt/tdt/lib:/usr/local/opencv4.7.0/lib'), ('HDDL_INSTALL_DIR', '/opt/tdt/openvino/runtime/3rdparty/hddl'), ('HOME', '/home/jason'), ('CHROME_DESKTOP', 'code-url-handler.desktop'), ('CONDA_SHLVL', '0'), ('OLDPWD', '/home/jason/Desktop/ROS2_study/src/ros2_test_client/src'), ('TERM_PROGRAM_VERSION', '1.85.1'), ('DESKTOP_SESSION', 'ubuntu'), ('ROS_PYTHON_VERSION', '3'), ('GNOME_SHELL_SESSION_MODE', 'ubuntu'), ('GTK_MODULES', 'gail:atk-bridge'), ('INTEL_OPENVINO_DIR', '/opt/tdt/openvino'), ('VSCODE_GIT_ASKPASS_MAIN', '/usr/share/code/resources/app/extensions/git/dist/askpass-main.js'), ('LC_MONETARY', 'zh_CN.UTF-8'), ('VSCODE_GIT_ASKPASS_NODE', '/usr/share/code/code'), ('SYSTEMD_EXEC_PID', '1755'), ('DBUS_SESSION_BUS_ADDRESS', 'unix:path=/run/user/1000/bus'), ('COLORTERM', 'truecolor'), ('_CE_M', ''), ('IM_CONFIG_PHASE', '1'), ('ROS_DISTRO', 'humble'), ('GTK_IM_MODULE', 'fcitx'), ('LOGNAME', 'jason'), ('_', '/usr/bin/colcon'), ('ROS_VERSION', '2'), ('PKG_CONFIG_PATH', '/opt/tdt/openvino/runtime/lib/intel64/pkgconfig:/opt/tdt/lib/pkgconfig:/usr/local/opencv4.7.0/lib/pkgconfig'), ('XDG_SESSION_CLASS', 'user'), ('USERNAME', 'jason'), ('TERM', 'xterm-256color'), ('GNOME_DESKTOP_SESSION_ID', 'this-is-deprecated'), ('_CE_CONDA', ''), ('ROS_LOCALHOST_ONLY', '0'), ('WINDOWPATH', '2'), ('MVCAM_SDK_PATH', '/opt/tdt/MVS'), ('PATH', '/opt/tdt/libhikcamera/cmake:/opt/tdt/lib/cmake:/opt/ros/humble/bin:/opt/tdt/libhikcamera/cmake:/opt/tdt/lib/cmake:/home/jason/miniconda3/condabin:/opt/tdt/libhikcamera/cmake:/opt/tdt/lib/cmake:/home/jason/.local/bin:/usr/local/sbin:/usr/local/bin:/usr/sbin:/usr/bin:/sbin:/bin:/usr/games:/usr/local/games:/snap/bin:/snap/bin'), ('SESSION_MANAGER', 'local/jason-Legion:@/tmp/.ICE-unix/1722,unix/jason-Legion:/tmp/.ICE-unix/1722'), ('PAPERSIZE', 'a4'), ('XDG_MENU_PREFIX', 'gnome-'), ('LC_ADDRESS', 'zh_CN.UTF-8'), ('GNOME_TERMINAL_SCREEN', '/org/gnome/Terminal/screen/b3ce8cc1_c70c_4c5f_9431_a1122d1603e6'), ('XDG_RUNTIME_DIR', '/run/user/1000'), ('GDK_BACKEND', 'x11'), ('DISPLAY', ':0'), ('LANG', 'zh_CN.UTF-8'), ('XDG_CURRENT_DESKTOP', 'Unity'), ('LC_TELEPHONE', 'zh_CN.UTF-8'), ('XMODIFIERS', '@im=fcitx'), ('XDG_SESSION_DESKTOP', 'ubuntu'), ('XAUTHORITY', '/run/user/1000/gdm/Xauthority'), ('LS_COLORS', 'rs=0:di=01;34:ln=01;36:mh=00:pi=40;33:so=01;35:do=01;35:bd=40;33;01:cd=40;33;01:or=40;31;01:mi=00:su=37;41:sg=30;43:ca=30;41:tw=30;42:ow=34;42:st=37;44:ex=01;32:*.tar=01;31:*.tgz=01;31:*.arc=01;31:*.arj=01;31:*.taz=01;31:*.lha=01;31:*.lz4=01;31:*.lzh=01;31:*.lzma=01;31:*.tlz=01;31:*.txz=01;31:*.tzo=01;31:*.t7z=01;31:*.zip=01;31:*.z=01;31:*.dz=01;31:*.gz=01;31:*.lrz=01;31:*.lz=01;31:*.lzo=01;31:*.xz=01;31:*.zst=01;31:*.tzst=01;31:*.bz2=01;31:*.bz=01;31:*.tbz=01;31:*.tbz2=01;31:*.tz=01;31:*.deb=01;31:*.rpm=01;31:*.jar=01;31:*.war=01;31:*.ear=01;31:*.sar=01;31:*.rar=01;31:*.alz=01;31:*.ace=01;31:*.zoo=01;31:*.cpio=01;31:*.7z=01;31:*.rz=01;31:*.cab=01;31:*.wim=01;31:*.swm=01;31:*.dwm=01;31:*.esd=01;31:*.jpg=01;35:*.jpeg=01;35:*.mjpg=01;35:*.mjpeg=01;35:*.gif=01;35:*.bmp=01;35:*.pbm=01;35:*.pgm=01;35:*.ppm=01;35:*.tga=01;35:*.xbm=01;35:*.xpm=01;35:*.tif=01;35:*.tiff=01;35:*.png=01;35:*.svg=01;35:*.svgz=01;35:*.mng=01;35:*.pcx=01;35:*.mov=01;35:*.mpg=01;35:*.mpeg=01;35:*.m2v=01;35:*.mkv=01;35:*.webm=01;35:*.webp=01;35:*.ogm=01;35:*.mp4=01;35:*.m4v=01;35:*.mp4v=01;35:*.vob=01;35:*.qt=01;35:*.nuv=01;35:*.wmv=01;35:*.asf=01;35:*.rm=01;35:*.rmvb=01;35:*.flc=01;35:*.avi=01;35:*.fli=01;35:*.flv=01;35:*.gl=01;35:*.dl=01;35:*.xcf=01;35:*.xwd=01;35:*.yuv=01;35:*.cgm=01;35:*.emf=01;35:*.ogv=01;35:*.ogx=01;35:*.aac=00;36:*.au=00;36:*.flac=00;36:*.m4a=00;36:*.mid=00;36:*.midi=00;36:*.mka=00;36:*.mp3=00;36:*.mpc=00;36:*.ogg=00;36:*.ra=00;36:*.wav=00;36:*.oga=00;36:*.opus=00;36:*.spx=00;36:*.xspf=00;36:'), ('VSCODE_GIT_IPC_HANDLE', '/run/user/1000/vscode-git-b7a0f9322e.sock'), ('GNOME_TERMINAL_SERVICE', ':1.120'), ('TERM_PROGRAM', 'vscode'), ('SSH_AGENT_LAUNCHER', 'gnome-keyring'), ('SSH_AUTH_SOCK', '/run/user/1000/keyring/ssh'), ('AMENT_PREFIX_PATH', '/opt/ros/humble'), ('CONDA_PYTHON_EXE', '/home/jason/miniconda3/bin/python'), ('ORIGINAL_XDG_CURRENT_DESKTOP', 'ubuntu:GNOME'), ('SHELL', '/bin/bash'), ('LC_NAME', 'zh_CN.UTF-8'), ('ngraph_DIR', '/opt/tdt/openvino/runtime/cmake'), ('QT_ACCESSIBILITY', '1'), ('GDMSESSION', 'ubuntu'), ('LESSCLOSE', '/usr/bin/lesspipe %s %s'), ('LC_MEASUREMENT', 'zh_CN.UTF-8'), ('GPG_AGENT_INFO', '/run/user/1000/gnupg/S.gpg-agent:0:1'), ('InferenceEngine_DIR', '/opt/tdt/openvino/runtime/cmake'), ('LC_IDENTIFICATION', 'zh_CN.UTF-8'), ('VSCODE_GIT_ASKPASS_EXTRA_ARGS', '--ms-enable-electron-run-as-node'), ('QT_IM_MODULE', 'fcitx'), ('PWD', '/home/jason/Desktop/ROS2_study/build/ros2_test_service'), ('XDG_CONFIG_DIRS', '/etc/xdg/xdg-ubuntu:/etc/xdg'), ('CONDA_EXE', '/home/jason/miniconda3/bin/conda'), ('CLUTTER_IM_MODULE', 'fcitx'), ('XDG_DATA_DIRS', '/usr/share/ubuntu:/usr/share/gnome:/usr/local/share/:/usr/share/:/var/lib/snapd/desktop'), ('PYTHONPATH', '/opt/ros/humble/lib/python3.10/site-packages:/opt/ros/humble/local/lib/python3.10/dist-packages'), ('LC_NUMERIC', 'zh_CN.UTF-8'), ('LC_PAPER', 'zh_CN.UTF-8'), ('COLCON', '1'), ('VTE_VERSION', '6800'), ('OpenVINO_DIR', '/opt/tdt/openvino/runtime/cmake'), ('MVCAM_COMMON_RUNENV', '/opt/tdt/MVS/lib'), ('CMAKE_PREFIX_PATH', '/opt/ros/humble')]), 'shell': False}
[0.105058] (ros2_test_subscriber) JobProgress: {'identifier': 'ros2_test_subscriber', 'progress': 'cmake'}
[0.106101] (ros2_test_subscriber) JobProgress: {'identifier': 'ros2_test_subscriber', 'progress': 'build'}
[0.106158] (ros2_test_subscriber) Command: {'cmd': ['/usr/bin/cmake', '--build', '/home/jason/Desktop/ROS2_study/build/ros2_test_subscriber', '--', '-j32', '-l32'], 'cwd': '/home/jason/Desktop/ROS2_study/build/ros2_test_subscriber', 'env': OrderedDict([('LESSOPEN', '| /usr/bin/lesspipe %s'), ('LANGUAGE', 'zh_CN:en'), ('USER', 'jason'), ('LC_TIME', 'zh_CN.UTF-8'), ('XDG_SESSION_TYPE', 'x11'), ('GIT_ASKPASS', '/usr/share/code/resources/app/extensions/git/dist/askpass.sh'), ('SHLVL', '2'), ('LD_LIBRARY_PATH', '/opt/ros/humble/opt/rviz_ogre_vendor/lib:/opt/ros/humble/lib/x86_64-linux-gnu:/opt/ros/humble/lib:/opt/tdt/openvino/tools/compile_tool:/opt/tdt/openvino/runtime/3rdparty/hddl/lib:/opt/tdt/openvino/runtime/lib/intel64::/opt/tdt/libhikcamera/lib64:/opt/tdt/lib:/usr/local/opencv4.7.0/lib'), ('HDDL_INSTALL_DIR', '/opt/tdt/openvino/runtime/3rdparty/hddl'), ('HOME', '/home/jason'), ('CHROME_DESKTOP', 'code-url-handler.desktop'), ('CONDA_SHLVL', '0'), ('OLDPWD', '/home/jason/Desktop/ROS2_study/src/ros2_test_client/src'), ('TERM_PROGRAM_VERSION', '1.85.1'), ('DESKTOP_SESSION', 'ubuntu'), ('ROS_PYTHON_VERSION', '3'), ('GNOME_SHELL_SESSION_MODE', 'ubuntu'), ('GTK_MODULES', 'gail:atk-bridge'), ('INTEL_OPENVINO_DIR', '/opt/tdt/openvino'), ('VSCODE_GIT_ASKPASS_MAIN', '/usr/share/code/resources/app/extensions/git/dist/askpass-main.js'), ('LC_MONETARY', 'zh_CN.UTF-8'), ('VSCODE_GIT_ASKPASS_NODE', '/usr/share/code/code'), ('SYSTEMD_EXEC_PID', '1755'), ('DBUS_SESSION_BUS_ADDRESS', 'unix:path=/run/user/1000/bus'), ('COLORTERM', 'truecolor'), ('_CE_M', ''), ('IM_CONFIG_PHASE', '1'), ('ROS_DISTRO', 'humble'), ('GTK_IM_MODULE', 'fcitx'), ('LOGNAME', 'jason'), ('_', '/usr/bin/colcon'), ('ROS_VERSION', '2'), ('PKG_CONFIG_PATH', '/opt/tdt/openvino/runtime/lib/intel64/pkgconfig:/opt/tdt/lib/pkgconfig:/usr/local/opencv4.7.0/lib/pkgconfig'), ('XDG_SESSION_CLASS', 'user'), ('USERNAME', 'jason'), ('TERM', 'xterm-256color'), ('GNOME_DESKTOP_SESSION_ID', 'this-is-deprecated'), ('_CE_CONDA', ''), ('ROS_LOCALHOST_ONLY', '0'), ('WINDOWPATH', '2'), ('MVCAM_SDK_PATH', '/opt/tdt/MVS'), ('PATH', '/opt/tdt/libhikcamera/cmake:/opt/tdt/lib/cmake:/opt/ros/humble/bin:/opt/tdt/libhikcamera/cmake:/opt/tdt/lib/cmake:/home/jason/miniconda3/condabin:/opt/tdt/libhikcamera/cmake:/opt/tdt/lib/cmake:/home/jason/.local/bin:/usr/local/sbin:/usr/local/bin:/usr/sbin:/usr/bin:/sbin:/bin:/usr/games:/usr/local/games:/snap/bin:/snap/bin'), ('SESSION_MANAGER', 'local/jason-Legion:@/tmp/.ICE-unix/1722,unix/jason-Legion:/tmp/.ICE-unix/1722'), ('PAPERSIZE', 'a4'), ('XDG_MENU_PREFIX', 'gnome-'), ('LC_ADDRESS', 'zh_CN.UTF-8'), ('GNOME_TERMINAL_SCREEN', '/org/gnome/Terminal/screen/b3ce8cc1_c70c_4c5f_9431_a1122d1603e6'), ('XDG_RUNTIME_DIR', '/run/user/1000'), ('GDK_BACKEND', 'x11'), ('DISPLAY', ':0'), ('LANG', 'zh_CN.UTF-8'), ('XDG_CURRENT_DESKTOP', 'Unity'), ('LC_TELEPHONE', 'zh_CN.UTF-8'), ('XMODIFIERS', '@im=fcitx'), ('XDG_SESSION_DESKTOP', 'ubuntu'), ('XAUTHORITY', '/run/user/1000/gdm/Xauthority'), ('LS_COLORS', 'rs=0:di=01;34:ln=01;36:mh=00:pi=40;33:so=01;35:do=01;35:bd=40;33;01:cd=40;33;01:or=40;31;01:mi=00:su=37;41:sg=30;43:ca=30;41:tw=30;42:ow=34;42:st=37;44:ex=01;32:*.tar=01;31:*.tgz=01;31:*.arc=01;31:*.arj=01;31:*.taz=01;31:*.lha=01;31:*.lz4=01;31:*.lzh=01;31:*.lzma=01;31:*.tlz=01;31:*.txz=01;31:*.tzo=01;31:*.t7z=01;31:*.zip=01;31:*.z=01;31:*.dz=01;31:*.gz=01;31:*.lrz=01;31:*.lz=01;31:*.lzo=01;31:*.xz=01;31:*.zst=01;31:*.tzst=01;31:*.bz2=01;31:*.bz=01;31:*.tbz=01;31:*.tbz2=01;31:*.tz=01;31:*.deb=01;31:*.rpm=01;31:*.jar=01;31:*.war=01;31:*.ear=01;31:*.sar=01;31:*.rar=01;31:*.alz=01;31:*.ace=01;31:*.zoo=01;31:*.cpio=01;31:*.7z=01;31:*.rz=01;31:*.cab=01;31:*.wim=01;31:*.swm=01;31:*.dwm=01;31:*.esd=01;31:*.jpg=01;35:*.jpeg=01;35:*.mjpg=01;35:*.mjpeg=01;35:*.gif=01;35:*.bmp=01;35:*.pbm=01;35:*.pgm=01;35:*.ppm=01;35:*.tga=01;35:*.xbm=01;35:*.xpm=01;35:*.tif=01;35:*.tiff=01;35:*.png=01;35:*.svg=01;35:*.svgz=01;35:*.mng=01;35:*.pcx=01;35:*.mov=01;35:*.mpg=01;35:*.mpeg=01;35:*.m2v=01;35:*.mkv=01;35:*.webm=01;35:*.webp=01;35:*.ogm=01;35:*.mp4=01;35:*.m4v=01;35:*.mp4v=01;35:*.vob=01;35:*.qt=01;35:*.nuv=01;35:*.wmv=01;35:*.asf=01;35:*.rm=01;35:*.rmvb=01;35:*.flc=01;35:*.avi=01;35:*.fli=01;35:*.flv=01;35:*.gl=01;35:*.dl=01;35:*.xcf=01;35:*.xwd=01;35:*.yuv=01;35:*.cgm=01;35:*.emf=01;35:*.ogv=01;35:*.ogx=01;35:*.aac=00;36:*.au=00;36:*.flac=00;36:*.m4a=00;36:*.mid=00;36:*.midi=00;36:*.mka=00;36:*.mp3=00;36:*.mpc=00;36:*.ogg=00;36:*.ra=00;36:*.wav=00;36:*.oga=00;36:*.opus=00;36:*.spx=00;36:*.xspf=00;36:'), ('VSCODE_GIT_IPC_HANDLE', '/run/user/1000/vscode-git-b7a0f9322e.sock'), ('GNOME_TERMINAL_SERVICE', ':1.120'), ('TERM_PROGRAM', 'vscode'), ('SSH_AGENT_LAUNCHER', 'gnome-keyring'), ('SSH_AUTH_SOCK', '/run/user/1000/keyring/ssh'), ('AMENT_PREFIX_PATH', '/opt/ros/humble'), ('CONDA_PYTHON_EXE', '/home/jason/miniconda3/bin/python'), ('ORIGINAL_XDG_CURRENT_DESKTOP', 'ubuntu:GNOME'), ('SHELL', '/bin/bash'), ('LC_NAME', 'zh_CN.UTF-8'), ('ngraph_DIR', '/opt/tdt/openvino/runtime/cmake'), ('QT_ACCESSIBILITY', '1'), ('GDMSESSION', 'ubuntu'), ('LESSCLOSE', '/usr/bin/lesspipe %s %s'), ('LC_MEASUREMENT', 'zh_CN.UTF-8'), ('GPG_AGENT_INFO', '/run/user/1000/gnupg/S.gpg-agent:0:1'), ('InferenceEngine_DIR', '/opt/tdt/openvino/runtime/cmake'), ('LC_IDENTIFICATION', 'zh_CN.UTF-8'), ('VSCODE_GIT_ASKPASS_EXTRA_ARGS', '--ms-enable-electron-run-as-node'), ('QT_IM_MODULE', 'fcitx'), ('PWD', '/home/jason/Desktop/ROS2_study/build/ros2_test_subscriber'), ('XDG_CONFIG_DIRS', '/etc/xdg/xdg-ubuntu:/etc/xdg'), ('CONDA_EXE', '/home/jason/miniconda3/bin/conda'), ('CLUTTER_IM_MODULE', 'fcitx'), ('XDG_DATA_DIRS', '/usr/share/ubuntu:/usr/share/gnome:/usr/local/share/:/usr/share/:/var/lib/snapd/desktop'), ('PYTHONPATH', '/opt/ros/humble/lib/python3.10/site-packages:/opt/ros/humble/local/lib/python3.10/dist-packages'), ('LC_NUMERIC', 'zh_CN.UTF-8'), ('LC_PAPER', 'zh_CN.UTF-8'), ('COLCON', '1'), ('VTE_VERSION', '6800'), ('OpenVINO_DIR', '/opt/tdt/openvino/runtime/cmake'), ('MVCAM_COMMON_RUNENV', '/opt/tdt/MVS/lib'), ('CMAKE_PREFIX_PATH', '/opt/ros/humble')]), 'shell': False}
[0.122576] (ros2_test_interfaces) StdoutLine: {'line': b'-- Found ament_cmake: 1.3.6 (/opt/ros/humble/share/ament_cmake/cmake)\n'}
[0.122767] (ros2_test_service) StdoutLine: {'line': b'-- Found ament_cmake: 1.3.6 (/opt/ros/humble/share/ament_cmake/cmake)\n'}
[0.139482] (ros2_test_node) StdoutLine: {'line': b'[100%] Built target ros2_test_node\n'}
[0.139685] (ros2_test_subscriber) StdoutLine: {'line': b'[100%] Built target ros2_test_subscriber\n'}
[0.146989] (ros2_test_subscriber) CommandEnded: {'returncode': 0}
[0.148154] (ros2_test_node) CommandEnded: {'returncode': 0}
[0.151300] (ros2_test_client) StdoutLine: {'line': b'-- The C compiler identification is GNU 11.4.0\n'}
[0.163751] (ros2_test_subscriber) JobProgress: {'identifier': 'ros2_test_subscriber', 'progress': 'install'}
[0.170332] (ros2_test_subscriber) Command: {'cmd': ['/usr/bin/cmake', '--install', '/home/jason/Desktop/ROS2_study/build/ros2_test_subscriber'], 'cwd': '/home/jason/Desktop/ROS2_study/build/ros2_test_subscriber', 'env': OrderedDict([('LESSOPEN', '| /usr/bin/lesspipe %s'), ('LANGUAGE', 'zh_CN:en'), ('USER', 'jason'), ('LC_TIME', 'zh_CN.UTF-8'), ('XDG_SESSION_TYPE', 'x11'), ('GIT_ASKPASS', '/usr/share/code/resources/app/extensions/git/dist/askpass.sh'), ('SHLVL', '2'), ('LD_LIBRARY_PATH', '/opt/ros/humble/opt/rviz_ogre_vendor/lib:/opt/ros/humble/lib/x86_64-linux-gnu:/opt/ros/humble/lib:/opt/tdt/openvino/tools/compile_tool:/opt/tdt/openvino/runtime/3rdparty/hddl/lib:/opt/tdt/openvino/runtime/lib/intel64::/opt/tdt/libhikcamera/lib64:/opt/tdt/lib:/usr/local/opencv4.7.0/lib'), ('HDDL_INSTALL_DIR', '/opt/tdt/openvino/runtime/3rdparty/hddl'), ('HOME', '/home/jason'), ('CHROME_DESKTOP', 'code-url-handler.desktop'), ('CONDA_SHLVL', '0'), ('OLDPWD', '/home/jason/Desktop/ROS2_study/src/ros2_test_client/src'), ('TERM_PROGRAM_VERSION', '1.85.1'), ('DESKTOP_SESSION', 'ubuntu'), ('ROS_PYTHON_VERSION', '3'), ('GNOME_SHELL_SESSION_MODE', 'ubuntu'), ('GTK_MODULES', 'gail:atk-bridge'), ('INTEL_OPENVINO_DIR', '/opt/tdt/openvino'), ('VSCODE_GIT_ASKPASS_MAIN', '/usr/share/code/resources/app/extensions/git/dist/askpass-main.js'), ('LC_MONETARY', 'zh_CN.UTF-8'), ('VSCODE_GIT_ASKPASS_NODE', '/usr/share/code/code'), ('SYSTEMD_EXEC_PID', '1755'), ('DBUS_SESSION_BUS_ADDRESS', 'unix:path=/run/user/1000/bus'), ('COLORTERM', 'truecolor'), ('_CE_M', ''), ('IM_CONFIG_PHASE', '1'), ('ROS_DISTRO', 'humble'), ('GTK_IM_MODULE', 'fcitx'), ('LOGNAME', 'jason'), ('_', '/usr/bin/colcon'), ('ROS_VERSION', '2'), ('PKG_CONFIG_PATH', '/opt/tdt/openvino/runtime/lib/intel64/pkgconfig:/opt/tdt/lib/pkgconfig:/usr/local/opencv4.7.0/lib/pkgconfig'), ('XDG_SESSION_CLASS', 'user'), ('USERNAME', 'jason'), ('TERM', 'xterm-256color'), ('GNOME_DESKTOP_SESSION_ID', 'this-is-deprecated'), ('_CE_CONDA', ''), ('ROS_LOCALHOST_ONLY', '0'), ('WINDOWPATH', '2'), ('MVCAM_SDK_PATH', '/opt/tdt/MVS'), ('PATH', '/opt/tdt/libhikcamera/cmake:/opt/tdt/lib/cmake:/opt/ros/humble/bin:/opt/tdt/libhikcamera/cmake:/opt/tdt/lib/cmake:/home/jason/miniconda3/condabin:/opt/tdt/libhikcamera/cmake:/opt/tdt/lib/cmake:/home/jason/.local/bin:/usr/local/sbin:/usr/local/bin:/usr/sbin:/usr/bin:/sbin:/bin:/usr/games:/usr/local/games:/snap/bin:/snap/bin'), ('SESSION_MANAGER', 'local/jason-Legion:@/tmp/.ICE-unix/1722,unix/jason-Legion:/tmp/.ICE-unix/1722'), ('PAPERSIZE', 'a4'), ('XDG_MENU_PREFIX', 'gnome-'), ('LC_ADDRESS', 'zh_CN.UTF-8'), ('GNOME_TERMINAL_SCREEN', '/org/gnome/Terminal/screen/b3ce8cc1_c70c_4c5f_9431_a1122d1603e6'), ('XDG_RUNTIME_DIR', '/run/user/1000'), ('GDK_BACKEND', 'x11'), ('DISPLAY', ':0'), ('LANG', 'zh_CN.UTF-8'), ('XDG_CURRENT_DESKTOP', 'Unity'), ('LC_TELEPHONE', 'zh_CN.UTF-8'), ('XMODIFIERS', '@im=fcitx'), ('XDG_SESSION_DESKTOP', 'ubuntu'), ('XAUTHORITY', '/run/user/1000/gdm/Xauthority'), ('LS_COLORS', 'rs=0:di=01;34:ln=01;36:mh=00:pi=40;33:so=01;35:do=01;35:bd=40;33;01:cd=40;33;01:or=40;31;01:mi=00:su=37;41:sg=30;43:ca=30;41:tw=30;42:ow=34;42:st=37;44:ex=01;32:*.tar=01;31:*.tgz=01;31:*.arc=01;31:*.arj=01;31:*.taz=01;31:*.lha=01;31:*.lz4=01;31:*.lzh=01;31:*.lzma=01;31:*.tlz=01;31:*.txz=01;31:*.tzo=01;31:*.t7z=01;31:*.zip=01;31:*.z=01;31:*.dz=01;31:*.gz=01;31:*.lrz=01;31:*.lz=01;31:*.lzo=01;31:*.xz=01;31:*.zst=01;31:*.tzst=01;31:*.bz2=01;31:*.bz=01;31:*.tbz=01;31:*.tbz2=01;31:*.tz=01;31:*.deb=01;31:*.rpm=01;31:*.jar=01;31:*.war=01;31:*.ear=01;31:*.sar=01;31:*.rar=01;31:*.alz=01;31:*.ace=01;31:*.zoo=01;31:*.cpio=01;31:*.7z=01;31:*.rz=01;31:*.cab=01;31:*.wim=01;31:*.swm=01;31:*.dwm=01;31:*.esd=01;31:*.jpg=01;35:*.jpeg=01;35:*.mjpg=01;35:*.mjpeg=01;35:*.gif=01;35:*.bmp=01;35:*.pbm=01;35:*.pgm=01;35:*.ppm=01;35:*.tga=01;35:*.xbm=01;35:*.xpm=01;35:*.tif=01;35:*.tiff=01;35:*.png=01;35:*.svg=01;35:*.svgz=01;35:*.mng=01;35:*.pcx=01;35:*.mov=01;35:*.mpg=01;35:*.mpeg=01;35:*.m2v=01;35:*.mkv=01;35:*.webm=01;35:*.webp=01;35:*.ogm=01;35:*.mp4=01;35:*.m4v=01;35:*.mp4v=01;35:*.vob=01;35:*.qt=01;35:*.nuv=01;35:*.wmv=01;35:*.asf=01;35:*.rm=01;35:*.rmvb=01;35:*.flc=01;35:*.avi=01;35:*.fli=01;35:*.flv=01;35:*.gl=01;35:*.dl=01;35:*.xcf=01;35:*.xwd=01;35:*.yuv=01;35:*.cgm=01;35:*.emf=01;35:*.ogv=01;35:*.ogx=01;35:*.aac=00;36:*.au=00;36:*.flac=00;36:*.m4a=00;36:*.mid=00;36:*.midi=00;36:*.mka=00;36:*.mp3=00;36:*.mpc=00;36:*.ogg=00;36:*.ra=00;36:*.wav=00;36:*.oga=00;36:*.opus=00;36:*.spx=00;36:*.xspf=00;36:'), ('VSCODE_GIT_IPC_HANDLE', '/run/user/1000/vscode-git-b7a0f9322e.sock'), ('GNOME_TERMINAL_SERVICE', ':1.120'), ('TERM_PROGRAM', 'vscode'), ('SSH_AGENT_LAUNCHER', 'gnome-keyring'), ('SSH_AUTH_SOCK', '/run/user/1000/keyring/ssh'), ('AMENT_PREFIX_PATH', '/opt/ros/humble'), ('CONDA_PYTHON_EXE', '/home/jason/miniconda3/bin/python'), ('ORIGINAL_XDG_CURRENT_DESKTOP', 'ubuntu:GNOME'), ('SHELL', '/bin/bash'), ('LC_NAME', 'zh_CN.UTF-8'), ('ngraph_DIR', '/opt/tdt/openvino/runtime/cmake'), ('QT_ACCESSIBILITY', '1'), ('GDMSESSION', 'ubuntu'), ('LESSCLOSE', '/usr/bin/lesspipe %s %s'), ('LC_MEASUREMENT', 'zh_CN.UTF-8'), ('GPG_AGENT_INFO', '/run/user/1000/gnupg/S.gpg-agent:0:1'), ('InferenceEngine_DIR', '/opt/tdt/openvino/runtime/cmake'), ('LC_IDENTIFICATION', 'zh_CN.UTF-8'), ('VSCODE_GIT_ASKPASS_EXTRA_ARGS', '--ms-enable-electron-run-as-node'), ('QT_IM_MODULE', 'fcitx'), ('PWD', '/home/jason/Desktop/ROS2_study/build/ros2_test_subscriber'), ('XDG_CONFIG_DIRS', '/etc/xdg/xdg-ubuntu:/etc/xdg'), ('CONDA_EXE', '/home/jason/miniconda3/bin/conda'), ('CLUTTER_IM_MODULE', 'fcitx'), ('XDG_DATA_DIRS', '/usr/share/ubuntu:/usr/share/gnome:/usr/local/share/:/usr/share/:/var/lib/snapd/desktop'), ('PYTHONPATH', '/opt/ros/humble/lib/python3.10/site-packages:/opt/ros/humble/local/lib/python3.10/dist-packages'), ('LC_NUMERIC', 'zh_CN.UTF-8'), ('LC_PAPER', 'zh_CN.UTF-8'), ('COLCON', '1'), ('VTE_VERSION', '6800'), ('OpenVINO_DIR', '/opt/tdt/openvino/runtime/cmake'), ('MVCAM_COMMON_RUNENV', '/opt/tdt/MVS/lib'), ('CMAKE_PREFIX_PATH', '/opt/ros/humble')]), 'shell': False}
[0.172149] (ros2_test_node) JobProgress: {'identifier': 'ros2_test_node', 'progress': 'install'}
[0.172428] (ros2_test_node) Command: {'cmd': ['/usr/bin/cmake', '--install', '/home/jason/Desktop/ROS2_study/build/ros2_test_node'], 'cwd': '/home/jason/Desktop/ROS2_study/build/ros2_test_node', 'env': OrderedDict([('LESSOPEN', '| /usr/bin/lesspipe %s'), ('LANGUAGE', 'zh_CN:en'), ('USER', 'jason'), ('LC_TIME', 'zh_CN.UTF-8'), ('XDG_SESSION_TYPE', 'x11'), ('GIT_ASKPASS', '/usr/share/code/resources/app/extensions/git/dist/askpass.sh'), ('SHLVL', '2'), ('LD_LIBRARY_PATH', '/opt/ros/humble/opt/rviz_ogre_vendor/lib:/opt/ros/humble/lib/x86_64-linux-gnu:/opt/ros/humble/lib:/opt/tdt/openvino/tools/compile_tool:/opt/tdt/openvino/runtime/3rdparty/hddl/lib:/opt/tdt/openvino/runtime/lib/intel64::/opt/tdt/libhikcamera/lib64:/opt/tdt/lib:/usr/local/opencv4.7.0/lib'), ('HDDL_INSTALL_DIR', '/opt/tdt/openvino/runtime/3rdparty/hddl'), ('HOME', '/home/jason'), ('CHROME_DESKTOP', 'code-url-handler.desktop'), ('CONDA_SHLVL', '0'), ('OLDPWD', '/home/jason/Desktop/ROS2_study/src/ros2_test_client/src'), ('TERM_PROGRAM_VERSION', '1.85.1'), ('DESKTOP_SESSION', 'ubuntu'), ('ROS_PYTHON_VERSION', '3'), ('GNOME_SHELL_SESSION_MODE', 'ubuntu'), ('GTK_MODULES', 'gail:atk-bridge'), ('INTEL_OPENVINO_DIR', '/opt/tdt/openvino'), ('VSCODE_GIT_ASKPASS_MAIN', '/usr/share/code/resources/app/extensions/git/dist/askpass-main.js'), ('LC_MONETARY', 'zh_CN.UTF-8'), ('VSCODE_GIT_ASKPASS_NODE', '/usr/share/code/code'), ('SYSTEMD_EXEC_PID', '1755'), ('DBUS_SESSION_BUS_ADDRESS', 'unix:path=/run/user/1000/bus'), ('COLORTERM', 'truecolor'), ('_CE_M', ''), ('IM_CONFIG_PHASE', '1'), ('ROS_DISTRO', 'humble'), ('GTK_IM_MODULE', 'fcitx'), ('LOGNAME', 'jason'), ('_', '/usr/bin/colcon'), ('ROS_VERSION', '2'), ('PKG_CONFIG_PATH', '/opt/tdt/openvino/runtime/lib/intel64/pkgconfig:/opt/tdt/lib/pkgconfig:/usr/local/opencv4.7.0/lib/pkgconfig'), ('XDG_SESSION_CLASS', 'user'), ('USERNAME', 'jason'), ('TERM', 'xterm-256color'), ('GNOME_DESKTOP_SESSION_ID', 'this-is-deprecated'), ('_CE_CONDA', ''), ('ROS_LOCALHOST_ONLY', '0'), ('WINDOWPATH', '2'), ('MVCAM_SDK_PATH', '/opt/tdt/MVS'), ('PATH', '/opt/tdt/libhikcamera/cmake:/opt/tdt/lib/cmake:/opt/ros/humble/bin:/opt/tdt/libhikcamera/cmake:/opt/tdt/lib/cmake:/home/jason/miniconda3/condabin:/opt/tdt/libhikcamera/cmake:/opt/tdt/lib/cmake:/home/jason/.local/bin:/usr/local/sbin:/usr/local/bin:/usr/sbin:/usr/bin:/sbin:/bin:/usr/games:/usr/local/games:/snap/bin:/snap/bin'), ('SESSION_MANAGER', 'local/jason-Legion:@/tmp/.ICE-unix/1722,unix/jason-Legion:/tmp/.ICE-unix/1722'), ('PAPERSIZE', 'a4'), ('XDG_MENU_PREFIX', 'gnome-'), ('LC_ADDRESS', 'zh_CN.UTF-8'), ('GNOME_TERMINAL_SCREEN', '/org/gnome/Terminal/screen/b3ce8cc1_c70c_4c5f_9431_a1122d1603e6'), ('XDG_RUNTIME_DIR', '/run/user/1000'), ('GDK_BACKEND', 'x11'), ('DISPLAY', ':0'), ('LANG', 'zh_CN.UTF-8'), ('XDG_CURRENT_DESKTOP', 'Unity'), ('LC_TELEPHONE', 'zh_CN.UTF-8'), ('XMODIFIERS', '@im=fcitx'), ('XDG_SESSION_DESKTOP', 'ubuntu'), ('XAUTHORITY', '/run/user/1000/gdm/Xauthority'), ('LS_COLORS', 'rs=0:di=01;34:ln=01;36:mh=00:pi=40;33:so=01;35:do=01;35:bd=40;33;01:cd=40;33;01:or=40;31;01:mi=00:su=37;41:sg=30;43:ca=30;41:tw=30;42:ow=34;42:st=37;44:ex=01;32:*.tar=01;31:*.tgz=01;31:*.arc=01;31:*.arj=01;31:*.taz=01;31:*.lha=01;31:*.lz4=01;31:*.lzh=01;31:*.lzma=01;31:*.tlz=01;31:*.txz=01;31:*.tzo=01;31:*.t7z=01;31:*.zip=01;31:*.z=01;31:*.dz=01;31:*.gz=01;31:*.lrz=01;31:*.lz=01;31:*.lzo=01;31:*.xz=01;31:*.zst=01;31:*.tzst=01;31:*.bz2=01;31:*.bz=01;31:*.tbz=01;31:*.tbz2=01;31:*.tz=01;31:*.deb=01;31:*.rpm=01;31:*.jar=01;31:*.war=01;31:*.ear=01;31:*.sar=01;31:*.rar=01;31:*.alz=01;31:*.ace=01;31:*.zoo=01;31:*.cpio=01;31:*.7z=01;31:*.rz=01;31:*.cab=01;31:*.wim=01;31:*.swm=01;31:*.dwm=01;31:*.esd=01;31:*.jpg=01;35:*.jpeg=01;35:*.mjpg=01;35:*.mjpeg=01;35:*.gif=01;35:*.bmp=01;35:*.pbm=01;35:*.pgm=01;35:*.ppm=01;35:*.tga=01;35:*.xbm=01;35:*.xpm=01;35:*.tif=01;35:*.tiff=01;35:*.png=01;35:*.svg=01;35:*.svgz=01;35:*.mng=01;35:*.pcx=01;35:*.mov=01;35:*.mpg=01;35:*.mpeg=01;35:*.m2v=01;35:*.mkv=01;35:*.webm=01;35:*.webp=01;35:*.ogm=01;35:*.mp4=01;35:*.m4v=01;35:*.mp4v=01;35:*.vob=01;35:*.qt=01;35:*.nuv=01;35:*.wmv=01;35:*.asf=01;35:*.rm=01;35:*.rmvb=01;35:*.flc=01;35:*.avi=01;35:*.fli=01;35:*.flv=01;35:*.gl=01;35:*.dl=01;35:*.xcf=01;35:*.xwd=01;35:*.yuv=01;35:*.cgm=01;35:*.emf=01;35:*.ogv=01;35:*.ogx=01;35:*.aac=00;36:*.au=00;36:*.flac=00;36:*.m4a=00;36:*.mid=00;36:*.midi=00;36:*.mka=00;36:*.mp3=00;36:*.mpc=00;36:*.ogg=00;36:*.ra=00;36:*.wav=00;36:*.oga=00;36:*.opus=00;36:*.spx=00;36:*.xspf=00;36:'), ('VSCODE_GIT_IPC_HANDLE', '/run/user/1000/vscode-git-b7a0f9322e.sock'), ('GNOME_TERMINAL_SERVICE', ':1.120'), ('TERM_PROGRAM', 'vscode'), ('SSH_AGENT_LAUNCHER', 'gnome-keyring'), ('SSH_AUTH_SOCK', '/run/user/1000/keyring/ssh'), ('AMENT_PREFIX_PATH', '/opt/ros/humble'), ('CONDA_PYTHON_EXE', '/home/jason/miniconda3/bin/python'), ('ORIGINAL_XDG_CURRENT_DESKTOP', 'ubuntu:GNOME'), ('SHELL', '/bin/bash'), ('LC_NAME', 'zh_CN.UTF-8'), ('ngraph_DIR', '/opt/tdt/openvino/runtime/cmake'), ('QT_ACCESSIBILITY', '1'), ('GDMSESSION', 'ubuntu'), ('LESSCLOSE', '/usr/bin/lesspipe %s %s'), ('LC_MEASUREMENT', 'zh_CN.UTF-8'), ('GPG_AGENT_INFO', '/run/user/1000/gnupg/S.gpg-agent:0:1'), ('InferenceEngine_DIR', '/opt/tdt/openvino/runtime/cmake'), ('LC_IDENTIFICATION', 'zh_CN.UTF-8'), ('VSCODE_GIT_ASKPASS_EXTRA_ARGS', '--ms-enable-electron-run-as-node'), ('QT_IM_MODULE', 'fcitx'), ('PWD', '/home/jason/Desktop/ROS2_study/build/ros2_test_node'), ('XDG_CONFIG_DIRS', '/etc/xdg/xdg-ubuntu:/etc/xdg'), ('CONDA_EXE', '/home/jason/miniconda3/bin/conda'), ('CLUTTER_IM_MODULE', 'fcitx'), ('XDG_DATA_DIRS', '/usr/share/ubuntu:/usr/share/gnome:/usr/local/share/:/usr/share/:/var/lib/snapd/desktop'), ('PYTHONPATH', '/opt/ros/humble/lib/python3.10/site-packages:/opt/ros/humble/local/lib/python3.10/dist-packages'), ('LC_NUMERIC', 'zh_CN.UTF-8'), ('LC_PAPER', 'zh_CN.UTF-8'), ('COLCON', '1'), ('VTE_VERSION', '6800'), ('OpenVINO_DIR', '/opt/tdt/openvino/runtime/cmake'), ('MVCAM_COMMON_RUNENV', '/opt/tdt/MVS/lib'), ('CMAKE_PREFIX_PATH', '/opt/ros/humble')]), 'shell': False}
[0.176374] (ros2_test_subscriber) StdoutLine: {'line': b'-- Install configuration: ""\n'}
[0.176509] (ros2_test_subscriber) StdoutLine: {'line': b'-- Up-to-date: /home/jason/Desktop/ROS2_study/install/ros2_test_subscriber/share/ament_index/resource_index/package_run_dependencies/ros2_test_subscriber\n'}
[0.176697] (ros2_test_subscriber) StdoutLine: {'line': b'-- Up-to-date: /home/jason/Desktop/ROS2_study/install/ros2_test_subscriber/share/ament_index/resource_index/parent_prefix_path/ros2_test_subscriber\n'}
[0.176797] (ros2_test_subscriber) StdoutLine: {'line': b'-- Up-to-date: /home/jason/Desktop/ROS2_study/install/ros2_test_subscriber/share/ros2_test_subscriber/environment/ament_prefix_path.sh\n'}
[0.176874] (ros2_test_subscriber) StdoutLine: {'line': b'-- Up-to-date: /home/jason/Desktop/ROS2_study/install/ros2_test_subscriber/share/ros2_test_subscriber/environment/ament_prefix_path.dsv\n'}
[0.176944] (ros2_test_subscriber) StdoutLine: {'line': b'-- Up-to-date: /home/jason/Desktop/ROS2_study/install/ros2_test_subscriber/share/ros2_test_subscriber/environment/path.sh\n'}
[0.177028] (ros2_test_subscriber) StdoutLine: {'line': b'-- Up-to-date: /home/jason/Desktop/ROS2_study/install/ros2_test_subscriber/share/ros2_test_subscriber/environment/path.dsv\n'}
[0.177097] (ros2_test_subscriber) StdoutLine: {'line': b'-- Up-to-date: /home/jason/Desktop/ROS2_study/install/ros2_test_subscriber/share/ros2_test_subscriber/local_setup.bash\n'}
[0.177164] (ros2_test_subscriber) StdoutLine: {'line': b'-- Up-to-date: /home/jason/Desktop/ROS2_study/install/ros2_test_subscriber/share/ros2_test_subscriber/local_setup.sh\n'}
[0.177229] (ros2_test_subscriber) StdoutLine: {'line': b'-- Up-to-date: /home/jason/Desktop/ROS2_study/install/ros2_test_subscriber/share/ros2_test_subscriber/local_setup.zsh\n'}
[0.177293] (ros2_test_subscriber) StdoutLine: {'line': b'-- Up-to-date: /home/jason/Desktop/ROS2_study/install/ros2_test_subscriber/share/ros2_test_subscriber/local_setup.dsv\n'}
[0.177357] (ros2_test_subscriber) StdoutLine: {'line': b'-- Installing: /home/jason/Desktop/ROS2_study/install/ros2_test_subscriber/share/ros2_test_subscriber/package.dsv\n'}
[0.177449] (ros2_test_subscriber) StdoutLine: {'line': b'-- Up-to-date: /home/jason/Desktop/ROS2_study/install/ros2_test_subscriber/share/ament_index/resource_index/packages/ros2_test_subscriber\n'}
[0.177548] (ros2_test_subscriber) StdoutLine: {'line': b'-- Up-to-date: /home/jason/Desktop/ROS2_study/install/ros2_test_subscriber/share/ros2_test_subscriber/cmake/ros2_test_subscriberConfig.cmake\n'}
[0.177809] (ros2_test_subscriber) StdoutLine: {'line': b'-- Up-to-date: /home/jason/Desktop/ROS2_study/install/ros2_test_subscriber/share/ros2_test_subscriber/cmake/ros2_test_subscriberConfig-version.cmake\n'}
[0.177897] (ros2_test_subscriber) StdoutLine: {'line': b'-- Up-to-date: /home/jason/Desktop/ROS2_study/install/ros2_test_subscriber/share/ros2_test_subscriber/package.xml\n'}
[0.178143] (ros2_test_subscriber) StdoutLine: {'line': b'-- Up-to-date: /home/jason/Desktop/ROS2_study/install/ros2_test_subscriber/lib/ros2_test_subscriber/ros2_test_subscriber\n'}
[0.178592] (ros2_test_node) StdoutLine: {'line': b'-- Install configuration: ""\n'}
[0.179019] (ros2_test_node) StdoutLine: {'line': b'-- Up-to-date: /home/jason/Desktop/ROS2_study/install/ros2_test_node/share/ament_index/resource_index/package_run_dependencies/ros2_test_node\n'}
[0.179205] (ros2_test_node) StdoutLine: {'line': b'-- Up-to-date: /home/jason/Desktop/ROS2_study/install/ros2_test_node/share/ament_index/resource_index/parent_prefix_path/ros2_test_node\n'}
[0.179289] (ros2_test_node) StdoutLine: {'line': b'-- Up-to-date: /home/jason/Desktop/ROS2_study/install/ros2_test_node/share/ros2_test_node/environment/ament_prefix_path.sh\n'}
[0.179470] (ros2_test_node) StdoutLine: {'line': b'-- Up-to-date: /home/jason/Desktop/ROS2_study/install/ros2_test_node/share/ros2_test_node/environment/ament_prefix_path.dsv\n'}
[0.179664] (ros2_test_node) StdoutLine: {'line': b'-- Up-to-date: /home/jason/Desktop/ROS2_study/install/ros2_test_node/share/ros2_test_node/environment/path.sh\n'}
[0.179781] (ros2_test_node) StdoutLine: {'line': b'-- Up-to-date: /home/jason/Desktop/ROS2_study/install/ros2_test_node/share/ros2_test_node/environment/path.dsv\n'}
[0.179999] (ros2_test_node) StdoutLine: {'line': b'-- Up-to-date: /home/jason/Desktop/ROS2_study/install/ros2_test_node/share/ros2_test_node/local_setup.bash\n'}
[0.180161] (ros2_test_node) StdoutLine: {'line': b'-- Up-to-date: /home/jason/Desktop/ROS2_study/install/ros2_test_node/share/ros2_test_node/local_setup.sh\n'}
[0.180251] (ros2_test_node) StdoutLine: {'line': b'-- Up-to-date: /home/jason/Desktop/ROS2_study/install/ros2_test_node/share/ros2_test_node/local_setup.zsh\n'}
[0.180440] (ros2_test_node) StdoutLine: {'line': b'-- Up-to-date: /home/jason/Desktop/ROS2_study/install/ros2_test_node/share/ros2_test_node/local_setup.dsv\n'}
[0.180568] (ros2_test_node) StdoutLine: {'line': b'-- Installing: /home/jason/Desktop/ROS2_study/install/ros2_test_node/share/ros2_test_node/package.dsv\n'}
[0.180655] (ros2_test_node) StdoutLine: {'line': b'-- Up-to-date: /home/jason/Desktop/ROS2_study/install/ros2_test_node/share/ament_index/resource_index/packages/ros2_test_node\n'}
[0.180800] (ros2_test_node) StdoutLine: {'line': b'-- Up-to-date: /home/jason/Desktop/ROS2_study/install/ros2_test_node/share/ros2_test_node/cmake/ros2_test_nodeConfig.cmake\n'}
[0.180884] (ros2_test_node) StdoutLine: {'line': b'-- Up-to-date: /home/jason/Desktop/ROS2_study/install/ros2_test_node/share/ros2_test_node/cmake/ros2_test_nodeConfig-version.cmake\n'}
[0.181081] (ros2_test_node) StdoutLine: {'line': b'-- Up-to-date: /home/jason/Desktop/ROS2_study/install/ros2_test_node/share/ros2_test_node/package.xml\n'}
[0.181234] (ros2_test_node) StdoutLine: {'line': b'-- Up-to-date: /home/jason/Desktop/ROS2_study/install/ros2_test_node/lib/ros2_test_node/ros2_test_node\n'}
[0.181324] (ros2_test_subscriber) CommandEnded: {'returncode': 0}
[0.200508] (-) TimerEvent: {}
[0.201208] (ros2_test_client) StdoutLine: {'line': b'-- The CXX compiler identification is GNU 11.4.0\n'}
[0.208301] (ros2_test_client) StdoutLine: {'line': b'-- Detecting C compiler ABI info\n'}
[0.224767] (ros2_test_node) CommandEnded: {'returncode': 0}
[0.234822] (ros2_test_interfaces) StdoutLine: {'line': b'-- Found sensor_msgs: 4.2.3 (/opt/ros/humble/share/sensor_msgs/cmake)\n'}
[0.235591] (ros2_test_service) StdoutLine: {'line': b'-- Found rclcpp: 16.0.7 (/opt/ros/humble/share/rclcpp/cmake)\n'}
[0.283239] (ros2_test_interfaces) StdoutLine: {'line': b'-- Found rosidl_generator_c: 3.1.5 (/opt/ros/humble/share/rosidl_generator_c/cmake)\n'}
[0.283449] (ros2_test_client) StdoutLine: {'line': b'-- Detecting C compiler ABI info - done\n'}
[0.284064] (ros2_test_service) StdoutLine: {'line': b'-- Found rosidl_generator_c: 3.1.5 (/opt/ros/humble/share/rosidl_generator_c/cmake)\n'}
[0.287589] (ros2_test_service) StdoutLine: {'line': b'-- Found rosidl_adapter: 3.1.5 (/opt/ros/humble/share/rosidl_adapter/cmake)\n'}
[0.287787] (ros2_test_interfaces) StdoutLine: {'line': b'-- Found rosidl_adapter: 3.1.5 (/opt/ros/humble/share/rosidl_adapter/cmake)\n'}
[0.291449] (ros2_test_client) StdoutLine: {'line': b'-- Check for working C compiler: /usr/bin/cc - skipped\n'}
[0.291815] (ros2_test_client) StdoutLine: {'line': b'-- Detecting C compile features\n'}
[0.292587] (ros2_test_client) StdoutLine: {'line': b'-- Detecting C compile features - done\n'}
[0.295475] (ros2_test_interfaces) StdoutLine: {'line': b'-- Found rosidl_generator_cpp: 3.1.5 (/opt/ros/humble/share/rosidl_generator_cpp/cmake)\n'}
[0.295852] (ros2_test_service) StdoutLine: {'line': b'-- Found rosidl_generator_cpp: 3.1.5 (/opt/ros/humble/share/rosidl_generator_cpp/cmake)\n'}
[0.296069] (ros2_test_client) StdoutLine: {'line': b'-- Detecting CXX compiler ABI info\n'}
[0.300828] (-) TimerEvent: {}
[0.310534] (ros2_test_service) StdoutLine: {'line': b'-- Using all available rosidl_typesupport_c: rosidl_typesupport_fastrtps_c;rosidl_typesupport_introspection_c\n'}
[0.311103] (ros2_test_interfaces) StdoutLine: {'line': b'-- Using all available rosidl_typesupport_c: rosidl_typesupport_fastrtps_c;rosidl_typesupport_introspection_c\n'}
[0.335209] (ros2_test_interfaces) StdoutLine: {'line': b'-- Using all available rosidl_typesupport_cpp: rosidl_typesupport_fastrtps_cpp;rosidl_typesupport_introspection_cpp\n'}
[0.336689] (ros2_test_service) StdoutLine: {'line': b'-- Using all available rosidl_typesupport_cpp: rosidl_typesupport_fastrtps_cpp;rosidl_typesupport_introspection_cpp\n'}
[0.349316] (ros2_test_subscriber) JobEnded: {'identifier': 'ros2_test_subscriber', 'rc': 0}
[0.397795] (ros2_test_client) StdoutLine: {'line': b'-- Detecting CXX compiler ABI info - done\n'}
[0.400962] (-) TimerEvent: {}
[0.407452] (ros2_test_client) StdoutLine: {'line': b'-- Check for working CXX compiler: /usr/bin/c++ - skipped\n'}
[0.408334] (ros2_test_client) StdoutLine: {'line': b'-- Detecting CXX compile features\n'}
[0.408529] (ros2_test_client) StdoutLine: {'line': b'-- Detecting CXX compile features - done\n'}
[0.411871] (ros2_test_client) StdoutLine: {'line': b'-- Found ament_cmake: 1.3.6 (/opt/ros/humble/share/ament_cmake/cmake)\n'}
[0.423745] (ros2_test_node) JobEnded: {'identifier': 'ros2_test_node', 'rc': 0}
[0.439633] (ros2_test_service) StdoutLine: {'line': b'-- Found rmw_implementation_cmake: 6.1.1 (/opt/ros/humble/share/rmw_implementation_cmake/cmake)\n'}
[0.445985] (ros2_test_service) StdoutLine: {'line': b'-- Found rmw_fastrtps_cpp: 6.2.5 (/opt/ros/humble/share/rmw_fastrtps_cpp/cmake)\n'}
[0.501085] (-) TimerEvent: {}
[0.601420] (ros2_test_service) StdoutLine: {'line': b"-- Using RMW implementation 'rmw_fastrtps_cpp' as default\n"}
[0.601699] (-) TimerEvent: {}
[0.621053] (ros2_test_client) StdoutLine: {'line': b'-- Found Python3: /usr/bin/python3.10 (found version "3.10.12") found components: Interpreter \n'}
[0.623745] (ros2_test_interfaces) StdoutLine: {'line': b'-- Found rosidl_default_generators: 1.2.0 (/opt/ros/humble/share/rosidl_default_generators/cmake)\n'}
[0.701910] (-) TimerEvent: {}
[0.717493] (ros2_test_client) StdoutLine: {'line': b'-- Found rclcpp: 16.0.7 (/opt/ros/humble/share/rclcpp/cmake)\n'}
[0.736874] (ros2_test_client) StdoutLine: {'line': b'-- Found rosidl_generator_c: 3.1.5 (/opt/ros/humble/share/rosidl_generator_c/cmake)\n'}
[0.739196] (ros2_test_client) StdoutLine: {'line': b'-- Found rosidl_adapter: 3.1.5 (/opt/ros/humble/share/rosidl_adapter/cmake)\n'}
[0.743074] (ros2_test_client) StdoutLine: {'line': b'-- Found rosidl_generator_cpp: 3.1.5 (/opt/ros/humble/share/rosidl_generator_cpp/cmake)\n'}
[0.749995] (ros2_test_client) StdoutLine: {'line': b'-- Using all available rosidl_typesupport_c: rosidl_typesupport_fastrtps_c;rosidl_typesupport_introspection_c\n'}
[0.754416] (ros2_test_service) StdoutLine: {'line': b'-- Found example_interfaces: 0.9.3 (/opt/ros/humble/share/example_interfaces/cmake)\n'}
[0.759020] (ros2_test_client) StdoutLine: {'line': b'-- Using all available rosidl_typesupport_cpp: rosidl_typesupport_fastrtps_cpp;rosidl_typesupport_introspection_cpp\n'}
[0.796163] (ros2_test_client) StdoutLine: {'line': b'-- Found rmw_implementation_cmake: 6.1.1 (/opt/ros/humble/share/rmw_implementation_cmake/cmake)\n'}
[0.797219] (ros2_test_client) StdoutLine: {'line': b'-- Found rmw_fastrtps_cpp: 6.2.5 (/opt/ros/humble/share/rmw_fastrtps_cpp/cmake)\n'}
[0.801964] (-) TimerEvent: {}
[0.840744] (ros2_test_service) StdoutLine: {'line': b'-- Found ament_lint_auto: 0.12.9 (/opt/ros/humble/share/ament_lint_auto/cmake)\n'}
[0.846456] (ros2_test_interfaces) StdoutLine: {'line': b'-- Found ament_cmake_ros: 0.10.0 (/opt/ros/humble/share/ament_cmake_ros/cmake)\n'}
[0.858474] (ros2_test_client) StdoutLine: {'line': b'-- Found OpenSSL: /usr/lib/x86_64-linux-gnu/libcrypto.so (found version "3.0.2")  \n'}
[0.896582] (ros2_test_client) StdoutLine: {'line': b'-- Found FastRTPS: /opt/ros/humble/include  \n'}
[0.902138] (-) TimerEvent: {}
[0.921246] (ros2_test_service) StdoutLine: {'line': b"-- Added test 'cppcheck' to perform static code analysis on C / C++ code\n"}
[0.921445] (ros2_test_service) StdoutLine: {'line': b'-- Configured cppcheck include dirs: \n'}
[0.921517] (ros2_test_service) StdoutLine: {'line': b'-- Configured cppcheck exclude dirs and/or files: \n'}
[0.921925] (ros2_test_service) StdoutLine: {'line': b"-- Added test 'lint_cmake' to check CMake code style\n"}
[0.922787] (ros2_test_service) StdoutLine: {'line': b"-- Added test 'uncrustify' to check C / C++ code style\n"}
[0.922926] (ros2_test_service) StdoutLine: {'line': b'-- Configured uncrustify additional arguments: \n'}
[0.923110] (ros2_test_service) StdoutLine: {'line': b"-- Added test 'xmllint' to check XML markup files\n"}
[0.925250] (ros2_test_service) StdoutLine: {'line': b'-- Configuring done\n'}
[0.934956] (ros2_test_service) StdoutLine: {'line': b'-- Generating done\n'}
[0.936129] (ros2_test_service) StdoutLine: {'line': b'-- Build files have been written to: /home/jason/Desktop/ROS2_study/build/ros2_test_service\n'}
[0.943498] (ros2_test_client) StdoutLine: {'line': b"-- Using RMW implementation 'rmw_fastrtps_cpp' as default\n"}
[0.950644] (ros2_test_client) StdoutLine: {'line': b'-- Looking for pthread.h\n'}
[0.957997] (ros2_test_service) StdoutLine: {'line': b'\x1b[35m\x1b[1mConsolidate compiler generated dependencies of target ros2_test_service\x1b[0m\n'}
[0.974806] (ros2_test_service) StdoutLine: {'line': b'[100%] Built target ros2_test_service\n'}
[0.994846] (ros2_test_service) CommandEnded: {'returncode': 0}
[1.002328] (-) TimerEvent: {}
[1.039145] (ros2_test_service) JobProgress: {'identifier': 'ros2_test_service', 'progress': 'install'}
[1.039704] (ros2_test_service) Command: {'cmd': ['/usr/bin/cmake', '--install', '/home/jason/Desktop/ROS2_study/build/ros2_test_service'], 'cwd': '/home/jason/Desktop/ROS2_study/build/ros2_test_service', 'env': OrderedDict([('LESSOPEN', '| /usr/bin/lesspipe %s'), ('LANGUAGE', 'zh_CN:en'), ('USER', 'jason'), ('LC_TIME', 'zh_CN.UTF-8'), ('XDG_SESSION_TYPE', 'x11'), ('GIT_ASKPASS', '/usr/share/code/resources/app/extensions/git/dist/askpass.sh'), ('SHLVL', '2'), ('LD_LIBRARY_PATH', '/opt/ros/humble/opt/rviz_ogre_vendor/lib:/opt/ros/humble/lib/x86_64-linux-gnu:/opt/ros/humble/lib:/opt/tdt/openvino/tools/compile_tool:/opt/tdt/openvino/runtime/3rdparty/hddl/lib:/opt/tdt/openvino/runtime/lib/intel64::/opt/tdt/libhikcamera/lib64:/opt/tdt/lib:/usr/local/opencv4.7.0/lib'), ('HDDL_INSTALL_DIR', '/opt/tdt/openvino/runtime/3rdparty/hddl'), ('HOME', '/home/jason'), ('CHROME_DESKTOP', 'code-url-handler.desktop'), ('CONDA_SHLVL', '0'), ('OLDPWD', '/home/jason/Desktop/ROS2_study/src/ros2_test_client/src'), ('TERM_PROGRAM_VERSION', '1.85.1'), ('DESKTOP_SESSION', 'ubuntu'), ('ROS_PYTHON_VERSION', '3'), ('GNOME_SHELL_SESSION_MODE', 'ubuntu'), ('GTK_MODULES', 'gail:atk-bridge'), ('INTEL_OPENVINO_DIR', '/opt/tdt/openvino'), ('VSCODE_GIT_ASKPASS_MAIN', '/usr/share/code/resources/app/extensions/git/dist/askpass-main.js'), ('LC_MONETARY', 'zh_CN.UTF-8'), ('VSCODE_GIT_ASKPASS_NODE', '/usr/share/code/code'), ('SYSTEMD_EXEC_PID', '1755'), ('DBUS_SESSION_BUS_ADDRESS', 'unix:path=/run/user/1000/bus'), ('COLORTERM', 'truecolor'), ('_CE_M', ''), ('IM_CONFIG_PHASE', '1'), ('ROS_DISTRO', 'humble'), ('GTK_IM_MODULE', 'fcitx'), ('LOGNAME', 'jason'), ('_', '/usr/bin/colcon'), ('ROS_VERSION', '2'), ('PKG_CONFIG_PATH', '/opt/tdt/openvino/runtime/lib/intel64/pkgconfig:/opt/tdt/lib/pkgconfig:/usr/local/opencv4.7.0/lib/pkgconfig'), ('XDG_SESSION_CLASS', 'user'), ('USERNAME', 'jason'), ('TERM', 'xterm-256color'), ('GNOME_DESKTOP_SESSION_ID', 'this-is-deprecated'), ('_CE_CONDA', ''), ('ROS_LOCALHOST_ONLY', '0'), ('WINDOWPATH', '2'), ('MVCAM_SDK_PATH', '/opt/tdt/MVS'), ('PATH', '/opt/tdt/libhikcamera/cmake:/opt/tdt/lib/cmake:/opt/ros/humble/bin:/opt/tdt/libhikcamera/cmake:/opt/tdt/lib/cmake:/home/jason/miniconda3/condabin:/opt/tdt/libhikcamera/cmake:/opt/tdt/lib/cmake:/home/jason/.local/bin:/usr/local/sbin:/usr/local/bin:/usr/sbin:/usr/bin:/sbin:/bin:/usr/games:/usr/local/games:/snap/bin:/snap/bin'), ('SESSION_MANAGER', 'local/jason-Legion:@/tmp/.ICE-unix/1722,unix/jason-Legion:/tmp/.ICE-unix/1722'), ('PAPERSIZE', 'a4'), ('XDG_MENU_PREFIX', 'gnome-'), ('LC_ADDRESS', 'zh_CN.UTF-8'), ('GNOME_TERMINAL_SCREEN', '/org/gnome/Terminal/screen/b3ce8cc1_c70c_4c5f_9431_a1122d1603e6'), ('XDG_RUNTIME_DIR', '/run/user/1000'), ('GDK_BACKEND', 'x11'), ('DISPLAY', ':0'), ('LANG', 'zh_CN.UTF-8'), ('XDG_CURRENT_DESKTOP', 'Unity'), ('LC_TELEPHONE', 'zh_CN.UTF-8'), ('XMODIFIERS', '@im=fcitx'), ('XDG_SESSION_DESKTOP', 'ubuntu'), ('XAUTHORITY', '/run/user/1000/gdm/Xauthority'), ('LS_COLORS', 'rs=0:di=01;34:ln=01;36:mh=00:pi=40;33:so=01;35:do=01;35:bd=40;33;01:cd=40;33;01:or=40;31;01:mi=00:su=37;41:sg=30;43:ca=30;41:tw=30;42:ow=34;42:st=37;44:ex=01;32:*.tar=01;31:*.tgz=01;31:*.arc=01;31:*.arj=01;31:*.taz=01;31:*.lha=01;31:*.lz4=01;31:*.lzh=01;31:*.lzma=01;31:*.tlz=01;31:*.txz=01;31:*.tzo=01;31:*.t7z=01;31:*.zip=01;31:*.z=01;31:*.dz=01;31:*.gz=01;31:*.lrz=01;31:*.lz=01;31:*.lzo=01;31:*.xz=01;31:*.zst=01;31:*.tzst=01;31:*.bz2=01;31:*.bz=01;31:*.tbz=01;31:*.tbz2=01;31:*.tz=01;31:*.deb=01;31:*.rpm=01;31:*.jar=01;31:*.war=01;31:*.ear=01;31:*.sar=01;31:*.rar=01;31:*.alz=01;31:*.ace=01;31:*.zoo=01;31:*.cpio=01;31:*.7z=01;31:*.rz=01;31:*.cab=01;31:*.wim=01;31:*.swm=01;31:*.dwm=01;31:*.esd=01;31:*.jpg=01;35:*.jpeg=01;35:*.mjpg=01;35:*.mjpeg=01;35:*.gif=01;35:*.bmp=01;35:*.pbm=01;35:*.pgm=01;35:*.ppm=01;35:*.tga=01;35:*.xbm=01;35:*.xpm=01;35:*.tif=01;35:*.tiff=01;35:*.png=01;35:*.svg=01;35:*.svgz=01;35:*.mng=01;35:*.pcx=01;35:*.mov=01;35:*.mpg=01;35:*.mpeg=01;35:*.m2v=01;35:*.mkv=01;35:*.webm=01;35:*.webp=01;35:*.ogm=01;35:*.mp4=01;35:*.m4v=01;35:*.mp4v=01;35:*.vob=01;35:*.qt=01;35:*.nuv=01;35:*.wmv=01;35:*.asf=01;35:*.rm=01;35:*.rmvb=01;35:*.flc=01;35:*.avi=01;35:*.fli=01;35:*.flv=01;35:*.gl=01;35:*.dl=01;35:*.xcf=01;35:*.xwd=01;35:*.yuv=01;35:*.cgm=01;35:*.emf=01;35:*.ogv=01;35:*.ogx=01;35:*.aac=00;36:*.au=00;36:*.flac=00;36:*.m4a=00;36:*.mid=00;36:*.midi=00;36:*.mka=00;36:*.mp3=00;36:*.mpc=00;36:*.ogg=00;36:*.ra=00;36:*.wav=00;36:*.oga=00;36:*.opus=00;36:*.spx=00;36:*.xspf=00;36:'), ('VSCODE_GIT_IPC_HANDLE', '/run/user/1000/vscode-git-b7a0f9322e.sock'), ('GNOME_TERMINAL_SERVICE', ':1.120'), ('TERM_PROGRAM', 'vscode'), ('SSH_AGENT_LAUNCHER', 'gnome-keyring'), ('SSH_AUTH_SOCK', '/run/user/1000/keyring/ssh'), ('AMENT_PREFIX_PATH', '/opt/ros/humble'), ('CONDA_PYTHON_EXE', '/home/jason/miniconda3/bin/python'), ('ORIGINAL_XDG_CURRENT_DESKTOP', 'ubuntu:GNOME'), ('SHELL', '/bin/bash'), ('LC_NAME', 'zh_CN.UTF-8'), ('ngraph_DIR', '/opt/tdt/openvino/runtime/cmake'), ('QT_ACCESSIBILITY', '1'), ('GDMSESSION', 'ubuntu'), ('LESSCLOSE', '/usr/bin/lesspipe %s %s'), ('LC_MEASUREMENT', 'zh_CN.UTF-8'), ('GPG_AGENT_INFO', '/run/user/1000/gnupg/S.gpg-agent:0:1'), ('InferenceEngine_DIR', '/opt/tdt/openvino/runtime/cmake'), ('LC_IDENTIFICATION', 'zh_CN.UTF-8'), ('VSCODE_GIT_ASKPASS_EXTRA_ARGS', '--ms-enable-electron-run-as-node'), ('QT_IM_MODULE', 'fcitx'), ('PWD', '/home/jason/Desktop/ROS2_study/build/ros2_test_service'), ('XDG_CONFIG_DIRS', '/etc/xdg/xdg-ubuntu:/etc/xdg'), ('CONDA_EXE', '/home/jason/miniconda3/bin/conda'), ('CLUTTER_IM_MODULE', 'fcitx'), ('XDG_DATA_DIRS', '/usr/share/ubuntu:/usr/share/gnome:/usr/local/share/:/usr/share/:/var/lib/snapd/desktop'), ('PYTHONPATH', '/opt/ros/humble/lib/python3.10/site-packages:/opt/ros/humble/local/lib/python3.10/dist-packages'), ('LC_NUMERIC', 'zh_CN.UTF-8'), ('LC_PAPER', 'zh_CN.UTF-8'), ('COLCON', '1'), ('VTE_VERSION', '6800'), ('OpenVINO_DIR', '/opt/tdt/openvino/runtime/cmake'), ('MVCAM_COMMON_RUNENV', '/opt/tdt/MVS/lib'), ('CMAKE_PREFIX_PATH', '/opt/ros/humble')]), 'shell': False}
[1.049038] (ros2_test_client) StdoutLine: {'line': b'-- Looking for pthread.h - found\n'}
[1.049509] (ros2_test_client) StdoutLine: {'line': b'-- Performing Test CMAKE_HAVE_LIBC_PTHREAD\n'}
[1.050668] (ros2_test_service) StdoutLine: {'line': b'-- Install configuration: ""\n'}
[1.050818] (ros2_test_service) StdoutLine: {'line': b'-- Up-to-date: /home/jason/Desktop/ROS2_study/install/ros2_test_service/share/ament_index/resource_index/package_run_dependencies/ros2_test_service\n'}
[1.050902] (ros2_test_service) StdoutLine: {'line': b'-- Installing: /home/jason/Desktop/ROS2_study/install/ros2_test_service/share/ament_index/resource_index/parent_prefix_path/ros2_test_service\n'}
[1.051048] (ros2_test_service) StdoutLine: {'line': b'-- Up-to-date: /home/jason/Desktop/ROS2_study/install/ros2_test_service/share/ros2_test_service/environment/ament_prefix_path.sh\n'}
[1.051179] (ros2_test_service) StdoutLine: {'line': b'-- Installing: /home/jason/Desktop/ROS2_study/install/ros2_test_service/share/ros2_test_service/environment/ament_prefix_path.dsv\n'}
[1.051371] (ros2_test_service) StdoutLine: {'line': b'-- Up-to-date: /home/jason/Desktop/ROS2_study/install/ros2_test_service/share/ros2_test_service/environment/path.sh\n'}
[1.051575] (ros2_test_service) StdoutLine: {'line': b'-- Installing: /home/jason/Desktop/ROS2_study/install/ros2_test_service/share/ros2_test_service/environment/path.dsv\n'}
[1.051697] (ros2_test_service) StdoutLine: {'line': b'-- Up-to-date: /home/jason/Desktop/ROS2_study/install/ros2_test_service/share/ros2_test_service/local_setup.bash\n'}
[1.051813] (ros2_test_service) StdoutLine: {'line': b'-- Up-to-date: /home/jason/Desktop/ROS2_study/install/ros2_test_service/share/ros2_test_service/local_setup.sh\n'}
[1.051883] (ros2_test_service) StdoutLine: {'line': b'-- Up-to-date: /home/jason/Desktop/ROS2_study/install/ros2_test_service/share/ros2_test_service/local_setup.zsh\n'}
[1.051949] (ros2_test_service) StdoutLine: {'line': b'-- Installing: /home/jason/Desktop/ROS2_study/install/ros2_test_service/share/ros2_test_service/local_setup.dsv\n'}
[1.052015] (ros2_test_service) StdoutLine: {'line': b'-- Installing: /home/jason/Desktop/ROS2_study/install/ros2_test_service/share/ros2_test_service/package.dsv\n'}
[1.052100] (ros2_test_service) StdoutLine: {'line': b'-- Up-to-date: /home/jason/Desktop/ROS2_study/install/ros2_test_service/share/ament_index/resource_index/packages/ros2_test_service\n'}
[1.052168] (ros2_test_service) StdoutLine: {'line': b'-- Up-to-date: /home/jason/Desktop/ROS2_study/install/ros2_test_service/share/ros2_test_service/cmake/ros2_test_serviceConfig.cmake\n'}
[1.052249] (ros2_test_service) StdoutLine: {'line': b'-- Up-to-date: /home/jason/Desktop/ROS2_study/install/ros2_test_service/share/ros2_test_service/cmake/ros2_test_serviceConfig-version.cmake\n'}
[1.052324] (ros2_test_service) StdoutLine: {'line': b'-- Up-to-date: /home/jason/Desktop/ROS2_study/install/ros2_test_service/share/ros2_test_service/package.xml\n'}
[1.052392] (ros2_test_service) StdoutLine: {'line': b'-- Up-to-date: /home/jason/Desktop/ROS2_study/install/ros2_test_service/lib/ros2_test_service/ros2_test_service\n'}
[1.054234] (ros2_test_service) CommandEnded: {'returncode': 0}
[1.102511] (-) TimerEvent: {}
[1.144352] (ros2_test_client) StdoutLine: {'line': b'-- Performing Test CMAKE_HAVE_LIBC_PTHREAD - Success\n'}
[1.145305] (ros2_test_client) StdoutLine: {'line': b'-- Found Threads: TRUE  \n'}
[1.202656] (-) TimerEvent: {}
[1.216252] (ros2_test_service) JobEnded: {'identifier': 'ros2_test_service', 'rc': 0}
[1.275038] (ros2_test_client) StdoutLine: {'line': b'-- Found example_interfaces: 0.9.3 (/opt/ros/humble/share/example_interfaces/cmake)\n'}
[1.302833] (-) TimerEvent: {}
[1.318355] (ros2_test_interfaces) StdoutLine: {'line': b'-- Using all available rosidl_typesupport_c: rosidl_typesupport_fastrtps_c;rosidl_typesupport_introspection_c\n'}
[1.354675] (ros2_test_client) StdoutLine: {'line': b'-- Found ament_lint_auto: 0.12.9 (/opt/ros/humble/share/ament_lint_auto/cmake)\n'}
[1.403037] (-) TimerEvent: {}
[1.443608] (ros2_test_client) StdoutLine: {'line': b"-- Added test 'cppcheck' to perform static code analysis on C / C++ code\n"}
[1.443994] (ros2_test_client) StdoutLine: {'line': b'-- Configured cppcheck include dirs: \n'}
[1.444167] (ros2_test_client) StdoutLine: {'line': b'-- Configured cppcheck exclude dirs and/or files: \n'}
[1.444586] (ros2_test_client) StdoutLine: {'line': b"-- Added test 'lint_cmake' to check CMake code style\n"}
[1.445919] (ros2_test_client) StdoutLine: {'line': b"-- Added test 'uncrustify' to check C / C++ code style\n"}
[1.446101] (ros2_test_client) StdoutLine: {'line': b'-- Configured uncrustify additional arguments: \n'}
[1.446506] (ros2_test_client) StdoutLine: {'line': b"-- Added test 'xmllint' to check XML markup files\n"}
[1.450275] (ros2_test_client) StdoutLine: {'line': b'-- Configuring done\n'}
[1.464090] (ros2_test_client) StdoutLine: {'line': b'-- Generating done\n'}
[1.466033] (ros2_test_client) StdoutLine: {'line': b'-- Build files have been written to: /home/jason/Desktop/ROS2_study/build/ros2_test_client\n'}
[1.475266] (ros2_test_client) CommandEnded: {'returncode': 0}
[1.476145] (ros2_test_client) JobProgress: {'identifier': 'ros2_test_client', 'progress': 'build'}
[1.476456] (ros2_test_client) Command: {'cmd': ['/usr/bin/cmake', '--build', '/home/jason/Desktop/ROS2_study/build/ros2_test_client', '--', '-j32', '-l32'], 'cwd': '/home/jason/Desktop/ROS2_study/build/ros2_test_client', 'env': OrderedDict([('LESSOPEN', '| /usr/bin/lesspipe %s'), ('LANGUAGE', 'zh_CN:en'), ('USER', 'jason'), ('LC_TIME', 'zh_CN.UTF-8'), ('XDG_SESSION_TYPE', 'x11'), ('GIT_ASKPASS', '/usr/share/code/resources/app/extensions/git/dist/askpass.sh'), ('SHLVL', '2'), ('LD_LIBRARY_PATH', '/opt/ros/humble/opt/rviz_ogre_vendor/lib:/opt/ros/humble/lib/x86_64-linux-gnu:/opt/ros/humble/lib:/opt/tdt/openvino/tools/compile_tool:/opt/tdt/openvino/runtime/3rdparty/hddl/lib:/opt/tdt/openvino/runtime/lib/intel64::/opt/tdt/libhikcamera/lib64:/opt/tdt/lib:/usr/local/opencv4.7.0/lib'), ('HDDL_INSTALL_DIR', '/opt/tdt/openvino/runtime/3rdparty/hddl'), ('HOME', '/home/jason'), ('CHROME_DESKTOP', 'code-url-handler.desktop'), ('CONDA_SHLVL', '0'), ('OLDPWD', '/home/jason/Desktop/ROS2_study/src/ros2_test_client/src'), ('TERM_PROGRAM_VERSION', '1.85.1'), ('DESKTOP_SESSION', 'ubuntu'), ('ROS_PYTHON_VERSION', '3'), ('GNOME_SHELL_SESSION_MODE', 'ubuntu'), ('GTK_MODULES', 'gail:atk-bridge'), ('INTEL_OPENVINO_DIR', '/opt/tdt/openvino'), ('VSCODE_GIT_ASKPASS_MAIN', '/usr/share/code/resources/app/extensions/git/dist/askpass-main.js'), ('LC_MONETARY', 'zh_CN.UTF-8'), ('VSCODE_GIT_ASKPASS_NODE', '/usr/share/code/code'), ('SYSTEMD_EXEC_PID', '1755'), ('DBUS_SESSION_BUS_ADDRESS', 'unix:path=/run/user/1000/bus'), ('COLORTERM', 'truecolor'), ('_CE_M', ''), ('IM_CONFIG_PHASE', '1'), ('ROS_DISTRO', 'humble'), ('GTK_IM_MODULE', 'fcitx'), ('LOGNAME', 'jason'), ('_', '/usr/bin/colcon'), ('ROS_VERSION', '2'), ('PKG_CONFIG_PATH', '/opt/tdt/openvino/runtime/lib/intel64/pkgconfig:/opt/tdt/lib/pkgconfig:/usr/local/opencv4.7.0/lib/pkgconfig'), ('XDG_SESSION_CLASS', 'user'), ('USERNAME', 'jason'), ('TERM', 'xterm-256color'), ('GNOME_DESKTOP_SESSION_ID', 'this-is-deprecated'), ('_CE_CONDA', ''), ('ROS_LOCALHOST_ONLY', '0'), ('WINDOWPATH', '2'), ('MVCAM_SDK_PATH', '/opt/tdt/MVS'), ('PATH', '/opt/tdt/libhikcamera/cmake:/opt/tdt/lib/cmake:/opt/ros/humble/bin:/opt/tdt/libhikcamera/cmake:/opt/tdt/lib/cmake:/home/jason/miniconda3/condabin:/opt/tdt/libhikcamera/cmake:/opt/tdt/lib/cmake:/home/jason/.local/bin:/usr/local/sbin:/usr/local/bin:/usr/sbin:/usr/bin:/sbin:/bin:/usr/games:/usr/local/games:/snap/bin:/snap/bin'), ('SESSION_MANAGER', 'local/jason-Legion:@/tmp/.ICE-unix/1722,unix/jason-Legion:/tmp/.ICE-unix/1722'), ('PAPERSIZE', 'a4'), ('XDG_MENU_PREFIX', 'gnome-'), ('LC_ADDRESS', 'zh_CN.UTF-8'), ('GNOME_TERMINAL_SCREEN', '/org/gnome/Terminal/screen/b3ce8cc1_c70c_4c5f_9431_a1122d1603e6'), ('XDG_RUNTIME_DIR', '/run/user/1000'), ('GDK_BACKEND', 'x11'), ('DISPLAY', ':0'), ('LANG', 'zh_CN.UTF-8'), ('XDG_CURRENT_DESKTOP', 'Unity'), ('LC_TELEPHONE', 'zh_CN.UTF-8'), ('XMODIFIERS', '@im=fcitx'), ('XDG_SESSION_DESKTOP', 'ubuntu'), ('XAUTHORITY', '/run/user/1000/gdm/Xauthority'), ('LS_COLORS', 'rs=0:di=01;34:ln=01;36:mh=00:pi=40;33:so=01;35:do=01;35:bd=40;33;01:cd=40;33;01:or=40;31;01:mi=00:su=37;41:sg=30;43:ca=30;41:tw=30;42:ow=34;42:st=37;44:ex=01;32:*.tar=01;31:*.tgz=01;31:*.arc=01;31:*.arj=01;31:*.taz=01;31:*.lha=01;31:*.lz4=01;31:*.lzh=01;31:*.lzma=01;31:*.tlz=01;31:*.txz=01;31:*.tzo=01;31:*.t7z=01;31:*.zip=01;31:*.z=01;31:*.dz=01;31:*.gz=01;31:*.lrz=01;31:*.lz=01;31:*.lzo=01;31:*.xz=01;31:*.zst=01;31:*.tzst=01;31:*.bz2=01;31:*.bz=01;31:*.tbz=01;31:*.tbz2=01;31:*.tz=01;31:*.deb=01;31:*.rpm=01;31:*.jar=01;31:*.war=01;31:*.ear=01;31:*.sar=01;31:*.rar=01;31:*.alz=01;31:*.ace=01;31:*.zoo=01;31:*.cpio=01;31:*.7z=01;31:*.rz=01;31:*.cab=01;31:*.wim=01;31:*.swm=01;31:*.dwm=01;31:*.esd=01;31:*.jpg=01;35:*.jpeg=01;35:*.mjpg=01;35:*.mjpeg=01;35:*.gif=01;35:*.bmp=01;35:*.pbm=01;35:*.pgm=01;35:*.ppm=01;35:*.tga=01;35:*.xbm=01;35:*.xpm=01;35:*.tif=01;35:*.tiff=01;35:*.png=01;35:*.svg=01;35:*.svgz=01;35:*.mng=01;35:*.pcx=01;35:*.mov=01;35:*.mpg=01;35:*.mpeg=01;35:*.m2v=01;35:*.mkv=01;35:*.webm=01;35:*.webp=01;35:*.ogm=01;35:*.mp4=01;35:*.m4v=01;35:*.mp4v=01;35:*.vob=01;35:*.qt=01;35:*.nuv=01;35:*.wmv=01;35:*.asf=01;35:*.rm=01;35:*.rmvb=01;35:*.flc=01;35:*.avi=01;35:*.fli=01;35:*.flv=01;35:*.gl=01;35:*.dl=01;35:*.xcf=01;35:*.xwd=01;35:*.yuv=01;35:*.cgm=01;35:*.emf=01;35:*.ogv=01;35:*.ogx=01;35:*.aac=00;36:*.au=00;36:*.flac=00;36:*.m4a=00;36:*.mid=00;36:*.midi=00;36:*.mka=00;36:*.mp3=00;36:*.mpc=00;36:*.ogg=00;36:*.ra=00;36:*.wav=00;36:*.oga=00;36:*.opus=00;36:*.spx=00;36:*.xspf=00;36:'), ('VSCODE_GIT_IPC_HANDLE', '/run/user/1000/vscode-git-b7a0f9322e.sock'), ('GNOME_TERMINAL_SERVICE', ':1.120'), ('TERM_PROGRAM', 'vscode'), ('SSH_AGENT_LAUNCHER', 'gnome-keyring'), ('SSH_AUTH_SOCK', '/run/user/1000/keyring/ssh'), ('AMENT_PREFIX_PATH', '/opt/ros/humble'), ('CONDA_PYTHON_EXE', '/home/jason/miniconda3/bin/python'), ('ORIGINAL_XDG_CURRENT_DESKTOP', 'ubuntu:GNOME'), ('SHELL', '/bin/bash'), ('LC_NAME', 'zh_CN.UTF-8'), ('ngraph_DIR', '/opt/tdt/openvino/runtime/cmake'), ('QT_ACCESSIBILITY', '1'), ('GDMSESSION', 'ubuntu'), ('LESSCLOSE', '/usr/bin/lesspipe %s %s'), ('LC_MEASUREMENT', 'zh_CN.UTF-8'), ('GPG_AGENT_INFO', '/run/user/1000/gnupg/S.gpg-agent:0:1'), ('InferenceEngine_DIR', '/opt/tdt/openvino/runtime/cmake'), ('LC_IDENTIFICATION', 'zh_CN.UTF-8'), ('VSCODE_GIT_ASKPASS_EXTRA_ARGS', '--ms-enable-electron-run-as-node'), ('QT_IM_MODULE', 'fcitx'), ('PWD', '/home/jason/Desktop/ROS2_study/build/ros2_test_client'), ('XDG_CONFIG_DIRS', '/etc/xdg/xdg-ubuntu:/etc/xdg'), ('CONDA_EXE', '/home/jason/miniconda3/bin/conda'), ('CLUTTER_IM_MODULE', 'fcitx'), ('XDG_DATA_DIRS', '/usr/share/ubuntu:/usr/share/gnome:/usr/local/share/:/usr/share/:/var/lib/snapd/desktop'), ('PYTHONPATH', '/opt/ros/humble/lib/python3.10/site-packages:/opt/ros/humble/local/lib/python3.10/dist-packages'), ('LC_NUMERIC', 'zh_CN.UTF-8'), ('LC_PAPER', 'zh_CN.UTF-8'), ('COLCON', '1'), ('VTE_VERSION', '6800'), ('OpenVINO_DIR', '/opt/tdt/openvino/runtime/cmake'), ('MVCAM_COMMON_RUNENV', '/opt/tdt/MVS/lib'), ('CMAKE_PREFIX_PATH', '/opt/ros/humble')]), 'shell': False}
[1.503219] (-) TimerEvent: {}
[1.507778] (ros2_test_interfaces) StdoutLine: {'line': b'-- Using all available rosidl_typesupport_cpp: rosidl_typesupport_fastrtps_cpp;rosidl_typesupport_introspection_cpp\n'}
[1.544006] (ros2_test_interfaces) StdoutLine: {'line': b'-- Found python_cmake_module: 0.10.0 (/opt/ros/humble/share/python_cmake_module/cmake)\n'}
[1.549537] (ros2_test_client) StdoutLine: {'line': b'[ 50%] \x1b[32mBuilding CXX object CMakeFiles/ros2_test_client.dir/src/ros2_test_client.cpp.o\x1b[0m\n'}
[1.581263] (ros2_test_interfaces) StdoutLine: {'line': b'-- Using PYTHON_EXECUTABLE: /usr/bin/python3\n'}
[1.581805] (ros2_test_interfaces) StdoutLine: {'line': b'-- Using PYTHON_INCLUDE_DIRS: /usr/include/python3.10\n'}
[1.581946] (ros2_test_interfaces) StdoutLine: {'line': b'-- Using PYTHON_LIBRARIES: /usr/lib/x86_64-linux-gnu/libpython3.10.so\n'}
[1.603321] (-) TimerEvent: {}
[1.653695] (ros2_test_interfaces) StdoutLine: {'line': b'-- Found ament_lint_auto: 0.12.9 (/opt/ros/humble/share/ament_lint_auto/cmake)\n'}
[1.670524] (ros2_test_interfaces) StdoutLine: {'line': b"-- Added test 'flake8' to check Python code syntax and style conventions\n"}
[1.671454] (ros2_test_interfaces) StdoutLine: {'line': b"-- Added test 'lint_cmake' to check CMake code style\n"}
[1.671921] (ros2_test_interfaces) StdoutLine: {'line': b"-- Added test 'pep257' to check Python code against some of the docstring style conventions in PEP 257\n"}
[1.674350] (ros2_test_interfaces) StdoutLine: {'line': b"-- Added test 'xmllint' to check XML markup files\n"}
[1.676678] (ros2_test_interfaces) StdoutLine: {'line': b'-- Configuring done\n'}
[1.703553] (-) TimerEvent: {}
[1.741297] (ros2_test_interfaces) StdoutLine: {'line': b'-- Generating done\n'}
[1.745087] (ros2_test_interfaces) StdoutLine: {'line': b'-- Build files have been written to: /home/jason/Desktop/ROS2_study/build/ros2_test_interfaces\n'}
[1.783883] (ros2_test_interfaces) StdoutLine: {'line': b'[  2%] \x1b[34m\x1b[1mGenerating C code for ROS interfaces\x1b[0m\n'}
[1.799673] (ros2_test_interfaces) StdoutLine: {'line': b'[  4%] \x1b[34m\x1b[1mGenerating C++ code for ROS interfaces\x1b[0m\n'}
[1.803680] (-) TimerEvent: {}
[1.816060] (ros2_test_interfaces) StdoutLine: {'line': b'[  4%] Built target ament_cmake_python_copy_ros2_test_interfaces\n'}
[1.903884] (-) TimerEvent: {}
[1.993764] (ros2_test_interfaces) StdoutLine: {'line': b'running egg_info\n'}
[1.994401] (ros2_test_interfaces) StdoutLine: {'line': b'writing ros2_test_interfaces.egg-info/PKG-INFO\n'}
[1.994721] (ros2_test_interfaces) StdoutLine: {'line': b'writing dependency_links to ros2_test_interfaces.egg-info/dependency_links.txt\n'}
[1.994770] (ros2_test_interfaces) StdoutLine: {'line': b'writing top-level names to ros2_test_interfaces.egg-info/top_level.txt\n'}
[1.998173] (ros2_test_interfaces) StdoutLine: {'line': b"reading manifest file 'ros2_test_interfaces.egg-info/SOURCES.txt'\n"}
[1.998603] (ros2_test_interfaces) StdoutLine: {'line': b"writing manifest file 'ros2_test_interfaces.egg-info/SOURCES.txt'\n"}
[2.004052] (-) TimerEvent: {}
[2.017066] (ros2_test_interfaces) StdoutLine: {'line': b'[  4%] Built target ament_cmake_python_build_ros2_test_interfaces_egg\n'}
[2.104151] (-) TimerEvent: {}
[2.105753] (ros2_test_interfaces) StdoutLine: {'line': b'[  4%] Built target ros2_test_interfaces__cpp\n'}
[2.108049] (ros2_test_interfaces) StdoutLine: {'line': b'\x1b[35m\x1b[1mConsolidate compiler generated dependencies of target ros2_test_interfaces__rosidl_generator_c\x1b[0m\n'}
[2.113208] (ros2_test_interfaces) StdoutLine: {'line': b'[  8%] \x1b[34m\x1b[1mGenerating C++ type support dispatch for ROS interfaces\x1b[0m\n'}
[2.113406] (ros2_test_interfaces) StdoutLine: {'line': b'[  8%] \x1b[34m\x1b[1mGenerating C++ introspection for ROS interfaces\x1b[0m\n'}
[2.113505] (ros2_test_interfaces) StdoutLine: {'line': b'[ 10%] \x1b[34m\x1b[1mGenerating C++ type support for eProsima Fast-RTPS\x1b[0m\n'}
[2.117204] (ros2_test_interfaces) StdoutLine: {'line': b'[ 12%] \x1b[32mBuilding C object CMakeFiles/ros2_test_interfaces__rosidl_generator_c.dir/rosidl_generator_c/ros2_test_interfaces/srv/detail/test_interfaces__functions.c.o\x1b[0m\n'}
[2.117429] (ros2_test_interfaces) StdoutLine: {'line': b'[ 14%] \x1b[32mBuilding C object CMakeFiles/ros2_test_interfaces__rosidl_generator_c.dir/rosidl_generator_c/ros2_test_interfaces/msg/detail/test_interfaces__functions.c.o\x1b[0m\n'}
[2.117806] (ros2_test_interfaces) StdoutLine: {'line': b'[ 17%] \x1b[32mBuilding C object CMakeFiles/ros2_test_interfaces__rosidl_generator_c.dir/rosidl_generator_c/ros2_test_interfaces/srv/detail/sell_book__functions.c.o\x1b[0m\n'}
[2.162669] (ros2_test_interfaces) StdoutLine: {'line': b'[ 19%] \x1b[32m\x1b[1mLinking C shared library libros2_test_interfaces__rosidl_generator_c.so\x1b[0m\n'}
[2.189715] (ros2_test_interfaces) StdoutLine: {'line': b'[ 19%] Built target ros2_test_interfaces__rosidl_generator_c\n'}
[2.197422] (ros2_test_interfaces) StdoutLine: {'line': b'[ 23%] \x1b[34m\x1b[1mGenerating C type support dispatch for ROS interfaces\x1b[0m\n'}
[2.197623] (ros2_test_interfaces) StdoutLine: {'line': b'[ 23%] \x1b[34m\x1b[1mGenerating C introspection for ROS interfaces\x1b[0m\n'}
[2.199607] (ros2_test_interfaces) StdoutLine: {'line': b'[ 25%] \x1b[34m\x1b[1mGenerating C type support for eProsima Fast-RTPS\x1b[0m\n'}
[2.204343] (-) TimerEvent: {}
[2.304597] (-) TimerEvent: {}
[2.337522] (ros2_test_interfaces) StdoutLine: {'line': b'\x1b[35m\x1b[1mConsolidate compiler generated dependencies of target ros2_test_interfaces__rosidl_typesupport_cpp\x1b[0m\n'}
[2.350023] (ros2_test_interfaces) StdoutLine: {'line': b'[ 27%] \x1b[32mBuilding CXX object CMakeFiles/ros2_test_interfaces__rosidl_typesupport_cpp.dir/rosidl_typesupport_cpp/ros2_test_interfaces/srv/sell_book__type_support.cpp.o\x1b[0m\n'}
[2.351896] (ros2_test_interfaces) StdoutLine: {'line': b'[ 31%] \x1b[32mBuilding CXX object CMakeFiles/ros2_test_interfaces__rosidl_typesupport_cpp.dir/rosidl_typesupport_cpp/ros2_test_interfaces/srv/test_interfaces__type_support.cpp.o\x1b[0m\n'}
[2.352108] (ros2_test_interfaces) StdoutLine: {'line': b'[ 31%] \x1b[32mBuilding CXX object CMakeFiles/ros2_test_interfaces__rosidl_typesupport_cpp.dir/rosidl_typesupport_cpp/ros2_test_interfaces/msg/test_interfaces__type_support.cpp.o\x1b[0m\n'}
[2.386388] (ros2_test_interfaces) StdoutLine: {'line': b'\x1b[35m\x1b[1mConsolidate compiler generated dependencies of target ros2_test_interfaces__rosidl_typesupport_fastrtps_cpp\x1b[0m\n'}
[2.399140] (ros2_test_interfaces) StdoutLine: {'line': b'\x1b[35m\x1b[1mConsolidate compiler generated dependencies of target ros2_test_interfaces__rosidl_typesupport_introspection_cpp\x1b[0m\n'}
[2.401079] (ros2_test_interfaces) StdoutLine: {'line': b'[ 34%] \x1b[32mBuilding CXX object CMakeFiles/ros2_test_interfaces__rosidl_typesupport_fastrtps_cpp.dir/rosidl_typesupport_fastrtps_cpp/ros2_test_interfaces/msg/detail/dds_fastrtps/test_interfaces__type_support.cpp.o\x1b[0m\n'}
[2.404525] (ros2_test_interfaces) StdoutLine: {'line': b'[ 38%] \x1b[32mBuilding CXX object CMakeFiles/ros2_test_interfaces__rosidl_typesupport_fastrtps_cpp.dir/rosidl_typesupport_fastrtps_cpp/ros2_test_interfaces/srv/detail/dds_fastrtps/sell_book__type_support.cpp.o\x1b[0m\n'}
[2.404719] (-) TimerEvent: {}
[2.404866] (ros2_test_interfaces) StdoutLine: {'line': b'[ 38%] \x1b[32mBuilding CXX object CMakeFiles/ros2_test_interfaces__rosidl_typesupport_fastrtps_cpp.dir/rosidl_typesupport_fastrtps_cpp/ros2_test_interfaces/srv/detail/dds_fastrtps/test_interfaces__type_support.cpp.o\x1b[0m\n'}
[2.417966] (ros2_test_interfaces) StdoutLine: {'line': b'[ 44%] \x1b[32mBuilding CXX object CMakeFiles/ros2_test_interfaces__rosidl_typesupport_introspection_cpp.dir/rosidl_typesupport_introspection_cpp/ros2_test_interfaces/srv/detail/test_interfaces__type_support.cpp.o\x1b[0m\n'}
[2.418226] (ros2_test_interfaces) StdoutLine: {'line': b'[ 44%] \x1b[32mBuilding CXX object CMakeFiles/ros2_test_interfaces__rosidl_typesupport_introspection_cpp.dir/rosidl_typesupport_introspection_cpp/ros2_test_interfaces/srv/detail/sell_book__type_support.cpp.o\x1b[0m\n'}
[2.418330] (ros2_test_interfaces) StdoutLine: {'line': b'[ 44%] \x1b[32mBuilding CXX object CMakeFiles/ros2_test_interfaces__rosidl_typesupport_introspection_cpp.dir/rosidl_typesupport_introspection_cpp/ros2_test_interfaces/msg/detail/test_interfaces__type_support.cpp.o\x1b[0m\n'}
[2.436841] (ros2_test_interfaces) StdoutLine: {'line': b'\x1b[35m\x1b[1mConsolidate compiler generated dependencies of target ros2_test_interfaces__rosidl_typesupport_c\x1b[0m\n'}
[2.449871] (ros2_test_interfaces) StdoutLine: {'line': b'[ 46%] \x1b[32mBuilding CXX object CMakeFiles/ros2_test_interfaces__rosidl_typesupport_c.dir/rosidl_typesupport_c/ros2_test_interfaces/srv/sell_book__type_support.cpp.o\x1b[0m\n'}
[2.451409] (ros2_test_interfaces) StdoutLine: {'line': b'[ 51%] \x1b[32mBuilding CXX object CMakeFiles/ros2_test_interfaces__rosidl_typesupport_c.dir/rosidl_typesupport_c/ros2_test_interfaces/srv/test_interfaces__type_support.cpp.o\x1b[0m\n'}
[2.451572] (ros2_test_interfaces) StdoutLine: {'line': b'[ 51%] \x1b[32mBuilding CXX object CMakeFiles/ros2_test_interfaces__rosidl_typesupport_c.dir/rosidl_typesupport_c/ros2_test_interfaces/msg/test_interfaces__type_support.cpp.o\x1b[0m\n'}
[2.485294] (ros2_test_interfaces) StdoutLine: {'line': b'\x1b[35m\x1b[1mConsolidate compiler generated dependencies of target ros2_test_interfaces__rosidl_typesupport_fastrtps_c\x1b[0m\n'}
[2.485519] (ros2_test_interfaces) StdoutLine: {'line': b'[ 53%] \x1b[32m\x1b[1mLinking CXX shared library libros2_test_interfaces__rosidl_typesupport_c.so\x1b[0m\n'}
[2.503805] (ros2_test_interfaces) StdoutLine: {'line': b'[ 55%] \x1b[32mBuilding CXX object CMakeFiles/ros2_test_interfaces__rosidl_typesupport_fastrtps_c.dir/rosidl_typesupport_fastrtps_c/ros2_test_interfaces/srv/detail/sell_book__type_support_c.cpp.o\x1b[0m\n'}
[2.504794] (-) TimerEvent: {}
[2.505565] (ros2_test_interfaces) StdoutLine: {'line': b'[ 57%] \x1b[32mBuilding CXX object CMakeFiles/ros2_test_interfaces__rosidl_typesupport_fastrtps_c.dir/rosidl_typesupport_fastrtps_c/ros2_test_interfaces/srv/detail/test_interfaces__type_support_c.cpp.o\x1b[0m\n'}
[2.505830] (ros2_test_interfaces) StdoutLine: {'line': b'[ 59%] \x1b[32mBuilding CXX object CMakeFiles/ros2_test_interfaces__rosidl_typesupport_fastrtps_c.dir/rosidl_typesupport_fastrtps_c/ros2_test_interfaces/msg/detail/test_interfaces__type_support_c.cpp.o\x1b[0m\n'}
[2.532603] (ros2_test_interfaces) StdoutLine: {'line': b'[ 59%] Built target ros2_test_interfaces__rosidl_typesupport_c\n'}
[2.533116] (ros2_test_interfaces) StdoutLine: {'line': b'\x1b[35m\x1b[1mConsolidate compiler generated dependencies of target ros2_test_interfaces__rosidl_typesupport_introspection_c\x1b[0m\n'}
[2.547650] (ros2_test_interfaces) StdoutLine: {'line': b'[ 61%] \x1b[32mBuilding C object CMakeFiles/ros2_test_interfaces__rosidl_typesupport_introspection_c.dir/rosidl_typesupport_introspection_c/ros2_test_interfaces/srv/detail/test_interfaces__type_support.c.o\x1b[0m\n'}
[2.550527] (ros2_test_interfaces) StdoutLine: {'line': b'[ 65%] \x1b[32mBuilding C object CMakeFiles/ros2_test_interfaces__rosidl_typesupport_introspection_c.dir/rosidl_typesupport_introspection_c/ros2_test_interfaces/srv/detail/sell_book__type_support.c.o\x1b[0m\n'}
[2.550753] (ros2_test_interfaces) StdoutLine: {'line': b'[ 65%] \x1b[32mBuilding C object CMakeFiles/ros2_test_interfaces__rosidl_typesupport_introspection_c.dir/rosidl_typesupport_introspection_c/ros2_test_interfaces/msg/detail/test_interfaces__type_support.c.o\x1b[0m\n'}
[2.561868] (ros2_test_interfaces) StdoutLine: {'line': b'[ 68%] \x1b[32m\x1b[1mLinking CXX shared library libros2_test_interfaces__rosidl_typesupport_cpp.so\x1b[0m\n'}
[2.583392] (ros2_test_interfaces) StdoutLine: {'line': b'[ 70%] \x1b[32m\x1b[1mLinking C shared library libros2_test_interfaces__rosidl_typesupport_introspection_c.so\x1b[0m\n'}
[2.598682] (ros2_test_interfaces) StdoutLine: {'line': b'[ 70%] Built target ros2_test_interfaces__rosidl_typesupport_cpp\n'}
[2.604913] (-) TimerEvent: {}
[2.614855] (ros2_test_interfaces) StdoutLine: {'line': b'[ 70%] Built target ros2_test_interfaces__rosidl_typesupport_introspection_c\n'}
[2.705085] (-) TimerEvent: {}
[2.746164] (ros2_test_interfaces) StdoutLine: {'line': b'[ 72%] \x1b[32m\x1b[1mLinking CXX shared library libros2_test_interfaces__rosidl_typesupport_fastrtps_c.so\x1b[0m\n'}
[2.758049] (ros2_test_interfaces) StdoutLine: {'line': b'[ 74%] \x1b[32m\x1b[1mLinking CXX shared library libros2_test_interfaces__rosidl_typesupport_introspection_cpp.so\x1b[0m\n'}
[2.802241] (ros2_test_interfaces) StdoutLine: {'line': b'[ 74%] Built target ros2_test_interfaces__rosidl_typesupport_fastrtps_c\n'}
[2.803315] (ros2_test_interfaces) StdoutLine: {'line': b'[ 76%] \x1b[32m\x1b[1mLinking CXX shared library libros2_test_interfaces__rosidl_typesupport_fastrtps_cpp.so\x1b[0m\n'}
[2.805252] (-) TimerEvent: {}
[2.809755] (ros2_test_interfaces) StdoutLine: {'line': b'[ 76%] Built target ros2_test_interfaces__rosidl_typesupport_introspection_cpp\n'}
[2.852931] (ros2_test_interfaces) StdoutLine: {'line': b'[ 76%] Built target ros2_test_interfaces__rosidl_typesupport_fastrtps_cpp\n'}
[2.866349] (ros2_test_interfaces) StdoutLine: {'line': b'[ 76%] Built target ros2_test_interfaces\n'}
[2.878819] (ros2_test_interfaces) StdoutLine: {'line': b'[ 78%] \x1b[34m\x1b[1mGenerating Python code for ROS interfaces\x1b[0m\n'}
[2.905411] (-) TimerEvent: {}
[3.005757] (-) TimerEvent: {}
[3.106054] (-) TimerEvent: {}
[3.168207] (ros2_test_client) StderrLine: {'line': b'\x1b[01m\x1b[K/home/jason/Desktop/ROS2_study/src/ros2_test_client/src/ros2_test_client.cpp:30:5:\x1b[m\x1b[K \x1b[01;31m\x1b[Kerror: \x1b[m\x1b[Knon-static data member declared with placeholder \xe2\x80\x98\x1b[01m\x1b[Kauto\x1b[m\x1b[K\xe2\x80\x99\n'}
[3.168381] (ros2_test_client) StderrLine: {'line': b'   30 |     \x1b[01;31m\x1b[Kauto\x1b[m\x1b[K request = std::make_shared<example_interfaces::srv::AddTwoInts::Request>();\n'}
[3.168440] (ros2_test_client) StderrLine: {'line': b'      |     \x1b[01;31m\x1b[K^~~~\x1b[m\x1b[K\n'}
[3.169159] (ros2_test_client) StderrLine: {'line': b'\x1b[01m\x1b[K/home/jason/Desktop/ROS2_study/src/ros2_test_client/src/ros2_test_client.cpp:31:5:\x1b[m\x1b[K \x1b[01;31m\x1b[Kerror: \x1b[m\x1b[K\xe2\x80\x98\x1b[01m\x1b[Krequest\x1b[m\x1b[K\xe2\x80\x99 does not name a type\n'}
[3.169241] (ros2_test_client) StderrLine: {'line': b'   31 |     \x1b[01;31m\x1b[Krequest\x1b[m\x1b[K->a = a;\n'}
[3.169275] (ros2_test_client) StderrLine: {'line': b'      |     \x1b[01;31m\x1b[K^~~~~~~\x1b[m\x1b[K\n'}
[3.169988] (ros2_test_client) StderrLine: {'line': b'\x1b[01m\x1b[K/home/jason/Desktop/ROS2_study/src/ros2_test_client/src/ros2_test_client.cpp:32:5:\x1b[m\x1b[K \x1b[01;31m\x1b[Kerror: \x1b[m\x1b[K\xe2\x80\x98\x1b[01m\x1b[Krequest\x1b[m\x1b[K\xe2\x80\x99 does not name a type\n'}
[3.170059] (ros2_test_client) StderrLine: {'line': b'   32 |     \x1b[01;31m\x1b[Krequest\x1b[m\x1b[K->b = b;\n'}
[3.170093] (ros2_test_client) StderrLine: {'line': b'      |     \x1b[01;31m\x1b[K^~~~~~~\x1b[m\x1b[K\n'}
[3.171345] (ros2_test_client) StderrLine: {'line': b'\x1b[01m\x1b[K/home/jason/Desktop/ROS2_study/src/ros2_test_client/src/ros2_test_client.cpp:35:5:\x1b[m\x1b[K \x1b[01;31m\x1b[Kerror: \x1b[m\x1b[K\xe2\x80\x98\x1b[01m\x1b[Kadd_ints_client\x1b[m\x1b[K\xe2\x80\x99 does not name a type\n'}
[3.171421] (ros2_test_client) StderrLine: {'line': b'   35 |     \x1b[01;31m\x1b[Kadd_ints_client\x1b[m\x1b[K->async_send_request(\n'}
[3.171455] (ros2_test_client) StderrLine: {'line': b'      |     \x1b[01;31m\x1b[K^~~~~~~~~~~~~~~\x1b[m\x1b[K\n'}
[3.201226] (ros2_test_client) StderrLine: {'line': b'\x1b[01m\x1b[K/home/jason/Desktop/ROS2_study/src/ros2_test_client/src/ros2_test_client.cpp:\x1b[m\x1b[K In member function \xe2\x80\x98\x1b[01m\x1b[Kvoid Client_test01::send_request(int, int)\x1b[m\x1b[K\xe2\x80\x99:\n'}
[3.201376] (ros2_test_client) StderrLine: {'line': b'\x1b[01m\x1b[K/home/jason/Desktop/ROS2_study/src/ros2_test_client/src/ros2_test_client.cpp:20:15:\x1b[m\x1b[K \x1b[01;31m\x1b[Kerror: \x1b[m\x1b[K\xe2\x80\x98\x1b[01m\x1b[K\xef\xbc\x81add_ints_client\x1b[m\x1b[K\xe2\x80\x99 was not declared in this scope; did you mean \xe2\x80\x98\x1b[01m\x1b[Kadd_ints_client\x1b[m\x1b[K\xe2\x80\x99?\n'}
[3.201415] (ros2_test_client) StderrLine: {'line': b'   20 |         while(\x1b[01;31m\x1b[K\xef\xbc\x81add_ints_client\x1b[m\x1b[K->wait_for_service(std::chrono::seconds(1))){\n'}
[3.201455] (ros2_test_client) StderrLine: {'line': b'      |               \x1b[01;31m\x1b[K^~~~~~~~~~~~~~~~~\x1b[m\x1b[K\n'}
[3.201483] (ros2_test_client) StderrLine: {'line': b'      |               \x1b[32m\x1b[Kadd_ints_client\x1b[m\x1b[K\n'}
[3.204779] (ros2_test_client) StderrLine: {'line': b'\x1b[01m\x1b[K/home/jason/Desktop/ROS2_study/src/ros2_test_client/src/ros2_test_client.cpp:\x1b[m\x1b[K In member function \xe2\x80\x98\x1b[01m\x1b[Kvoid Client_test01::result_callback(std::shared_ptr<example_interfaces::srv::AddTwoInts_Response_<std::allocator<void> > >)\x1b[m\x1b[K\xe2\x80\x99:\n'}
[3.204870] (ros2_test_client) StderrLine: {'line': b'\x1b[01m\x1b[K/home/jason/Desktop/ROS2_study/src/ros2_test_client/src/ros2_test_client.cpp:45:9:\x1b[m\x1b[K \x1b[01;31m\x1b[Kerror: \x1b[m\x1b[K\xe2\x80\x98\x1b[01m\x1b[Katuo\x1b[m\x1b[K\xe2\x80\x99 was not declared in this scope; did you mean \xe2\x80\x98\x1b[01m\x1b[Kauto\x1b[m\x1b[K\xe2\x80\x99?\n'}
[3.204912] (ros2_test_client) StderrLine: {'line': b'   45 |         \x1b[01;31m\x1b[Katuo\x1b[m\x1b[K response = response.get();\n'}
[3.204943] (ros2_test_client) StderrLine: {'line': b'      |         \x1b[01;31m\x1b[K^~~~\x1b[m\x1b[K\n'}
[3.204970] (ros2_test_client) StderrLine: {'line': b'      |         \x1b[32m\x1b[Kauto\x1b[m\x1b[K\n'}
[3.206209] (-) TimerEvent: {}
[3.227203] (ros2_test_interfaces) StdoutLine: {'line': b'[ 78%] Built target ros2_test_interfaces__py\n'}
[3.235042] (ros2_test_interfaces) StdoutLine: {'line': b'\x1b[35m\x1b[1mConsolidate compiler generated dependencies of target ros2_test_interfaces__rosidl_generator_py\x1b[0m\n'}
[3.244710] (ros2_test_interfaces) StdoutLine: {'line': b'[ 80%] \x1b[32mBuilding C object CMakeFiles/ros2_test_interfaces__rosidl_generator_py.dir/rosidl_generator_py/ros2_test_interfaces/srv/_test_interfaces_s.c.o\x1b[0m\n'}
[3.244951] (ros2_test_interfaces) StdoutLine: {'line': b'[ 82%] \x1b[32mBuilding C object CMakeFiles/ros2_test_interfaces__rosidl_generator_py.dir/rosidl_generator_py/ros2_test_interfaces/srv/_sell_book_s.c.o\x1b[0m\n'}
[3.245995] (ros2_test_interfaces) StdoutLine: {'line': b'[ 85%] \x1b[32mBuilding C object CMakeFiles/ros2_test_interfaces__rosidl_generator_py.dir/rosidl_generator_py/ros2_test_interfaces/msg/_test_interfaces_s.c.o\x1b[0m\n'}
[3.306308] (-) TimerEvent: {}
[3.320446] (ros2_test_interfaces) StdoutLine: {'line': b'[ 87%] \x1b[32m\x1b[1mLinking C shared library rosidl_generator_py/ros2_test_interfaces/libros2_test_interfaces__rosidl_generator_py.so\x1b[0m\n'}
[3.351168] (ros2_test_interfaces) StdoutLine: {'line': b'[ 87%] Built target ros2_test_interfaces__rosidl_generator_py\n'}
[3.358776] (ros2_test_interfaces) StdoutLine: {'line': b'\x1b[35m\x1b[1mConsolidate compiler generated dependencies of target ros2_test_interfaces__rosidl_typesupport_introspection_c__pyext\x1b[0m\n'}
[3.358956] (ros2_test_interfaces) StdoutLine: {'line': b'\x1b[35m\x1b[1mConsolidate compiler generated dependencies of target ros2_test_interfaces__rosidl_typesupport_c__pyext\x1b[0m\n'}
[3.359038] (ros2_test_interfaces) StdoutLine: {'line': b'\x1b[35m\x1b[1mConsolidate compiler generated dependencies of target ros2_test_interfaces__rosidl_typesupport_fastrtps_c__pyext\x1b[0m\n'}
[3.368219] (ros2_test_interfaces) StdoutLine: {'line': b'[ 93%] \x1b[32mBuilding C object CMakeFiles/ros2_test_interfaces__rosidl_typesupport_introspection_c__pyext.dir/rosidl_generator_py/ros2_test_interfaces/_ros2_test_interfaces_s.ep.rosidl_typesupport_introspection_c.c.o\x1b[0m\n'}
[3.368377] (ros2_test_interfaces) StdoutLine: {'line': b'[ 93%] \x1b[32mBuilding C object CMakeFiles/ros2_test_interfaces__rosidl_typesupport_c__pyext.dir/rosidl_generator_py/ros2_test_interfaces/_ros2_test_interfaces_s.ep.rosidl_typesupport_c.c.o\x1b[0m\n'}
[3.368423] (ros2_test_interfaces) StdoutLine: {'line': b'[ 93%] \x1b[32mBuilding C object CMakeFiles/ros2_test_interfaces__rosidl_typesupport_fastrtps_c__pyext.dir/rosidl_generator_py/ros2_test_interfaces/_ros2_test_interfaces_s.ep.rosidl_typesupport_fastrtps_c.c.o\x1b[0m\n'}
[3.406506] (-) TimerEvent: {}
[3.438005] (ros2_test_interfaces) StdoutLine: {'line': b'[ 95%] \x1b[32m\x1b[1mLinking C shared library rosidl_generator_py/ros2_test_interfaces/ros2_test_interfaces_s__rosidl_typesupport_c.cpython-310-x86_64-linux-gnu.so\x1b[0m\n'}
[3.438346] (ros2_test_interfaces) StdoutLine: {'line': b'[ 97%] \x1b[32m\x1b[1mLinking C shared library rosidl_generator_py/ros2_test_interfaces/ros2_test_interfaces_s__rosidl_typesupport_introspection_c.cpython-310-x86_64-linux-gnu.so\x1b[0m\n'}
[3.441442] (ros2_test_interfaces) StdoutLine: {'line': b'[100%] \x1b[32m\x1b[1mLinking C shared library rosidl_generator_py/ros2_test_interfaces/ros2_test_interfaces_s__rosidl_typesupport_fastrtps_c.cpython-310-x86_64-linux-gnu.so\x1b[0m\n'}
[3.468901] (ros2_test_interfaces) StdoutLine: {'line': b'[100%] Built target ros2_test_interfaces__rosidl_typesupport_c__pyext\n'}
[3.469187] (ros2_test_interfaces) StdoutLine: {'line': b'[100%] Built target ros2_test_interfaces__rosidl_typesupport_introspection_c__pyext\n'}
[3.471954] (ros2_test_interfaces) StdoutLine: {'line': b'[100%] Built target ros2_test_interfaces__rosidl_typesupport_fastrtps_c__pyext\n'}
[3.480098] (ros2_test_interfaces) CommandEnded: {'returncode': 0}
[3.506701] (-) TimerEvent: {}
[3.540129] (ros2_test_client) StderrLine: {'line': b'gmake[2]: *** [CMakeFiles/ros2_test_client.dir/build.make:76\xef\xbc\x9aCMakeFiles/ros2_test_client.dir/src/ros2_test_client.cpp.o] \xe9\x94\x99\xe8\xaf\xaf 1\n'}
[3.540354] (ros2_test_client) StderrLine: {'line': b'gmake[1]: *** [CMakeFiles/Makefile2:137\xef\xbc\x9aCMakeFiles/ros2_test_client.dir/all] \xe9\x94\x99\xe8\xaf\xaf 2\n'}
[3.540452] (ros2_test_client) StderrLine: {'line': b'gmake: *** [Makefile:146\xef\xbc\x9aall] \xe9\x94\x99\xe8\xaf\xaf 2\n'}
[3.541559] (ros2_test_interfaces) JobProgress: {'identifier': 'ros2_test_interfaces', 'progress': 'install'}
[3.541656] (ros2_test_interfaces) Command: {'cmd': ['/usr/bin/cmake', '--install', '/home/jason/Desktop/ROS2_study/build/ros2_test_interfaces'], 'cwd': '/home/jason/Desktop/ROS2_study/build/ros2_test_interfaces', 'env': OrderedDict([('LESSOPEN', '| /usr/bin/lesspipe %s'), ('LANGUAGE', 'zh_CN:en'), ('USER', 'jason'), ('LC_TIME', 'zh_CN.UTF-8'), ('XDG_SESSION_TYPE', 'x11'), ('GIT_ASKPASS', '/usr/share/code/resources/app/extensions/git/dist/askpass.sh'), ('SHLVL', '2'), ('LD_LIBRARY_PATH', '/opt/ros/humble/opt/rviz_ogre_vendor/lib:/opt/ros/humble/lib/x86_64-linux-gnu:/opt/ros/humble/lib:/opt/tdt/openvino/tools/compile_tool:/opt/tdt/openvino/runtime/3rdparty/hddl/lib:/opt/tdt/openvino/runtime/lib/intel64::/opt/tdt/libhikcamera/lib64:/opt/tdt/lib:/usr/local/opencv4.7.0/lib'), ('HDDL_INSTALL_DIR', '/opt/tdt/openvino/runtime/3rdparty/hddl'), ('HOME', '/home/jason'), ('CHROME_DESKTOP', 'code-url-handler.desktop'), ('CONDA_SHLVL', '0'), ('OLDPWD', '/home/jason/Desktop/ROS2_study/src/ros2_test_client/src'), ('TERM_PROGRAM_VERSION', '1.85.1'), ('DESKTOP_SESSION', 'ubuntu'), ('ROS_PYTHON_VERSION', '3'), ('GNOME_SHELL_SESSION_MODE', 'ubuntu'), ('GTK_MODULES', 'gail:atk-bridge'), ('INTEL_OPENVINO_DIR', '/opt/tdt/openvino'), ('VSCODE_GIT_ASKPASS_MAIN', '/usr/share/code/resources/app/extensions/git/dist/askpass-main.js'), ('LC_MONETARY', 'zh_CN.UTF-8'), ('VSCODE_GIT_ASKPASS_NODE', '/usr/share/code/code'), ('SYSTEMD_EXEC_PID', '1755'), ('DBUS_SESSION_BUS_ADDRESS', 'unix:path=/run/user/1000/bus'), ('COLORTERM', 'truecolor'), ('_CE_M', ''), ('IM_CONFIG_PHASE', '1'), ('ROS_DISTRO', 'humble'), ('GTK_IM_MODULE', 'fcitx'), ('LOGNAME', 'jason'), ('_', '/usr/bin/colcon'), ('ROS_VERSION', '2'), ('PKG_CONFIG_PATH', '/opt/tdt/openvino/runtime/lib/intel64/pkgconfig:/opt/tdt/lib/pkgconfig:/usr/local/opencv4.7.0/lib/pkgconfig'), ('XDG_SESSION_CLASS', 'user'), ('USERNAME', 'jason'), ('TERM', 'xterm-256color'), ('GNOME_DESKTOP_SESSION_ID', 'this-is-deprecated'), ('_CE_CONDA', ''), ('ROS_LOCALHOST_ONLY', '0'), ('WINDOWPATH', '2'), ('MVCAM_SDK_PATH', '/opt/tdt/MVS'), ('PATH', '/opt/tdt/libhikcamera/cmake:/opt/tdt/lib/cmake:/opt/ros/humble/bin:/opt/tdt/libhikcamera/cmake:/opt/tdt/lib/cmake:/home/jason/miniconda3/condabin:/opt/tdt/libhikcamera/cmake:/opt/tdt/lib/cmake:/home/jason/.local/bin:/usr/local/sbin:/usr/local/bin:/usr/sbin:/usr/bin:/sbin:/bin:/usr/games:/usr/local/games:/snap/bin:/snap/bin'), ('SESSION_MANAGER', 'local/jason-Legion:@/tmp/.ICE-unix/1722,unix/jason-Legion:/tmp/.ICE-unix/1722'), ('PAPERSIZE', 'a4'), ('XDG_MENU_PREFIX', 'gnome-'), ('LC_ADDRESS', 'zh_CN.UTF-8'), ('GNOME_TERMINAL_SCREEN', '/org/gnome/Terminal/screen/b3ce8cc1_c70c_4c5f_9431_a1122d1603e6'), ('XDG_RUNTIME_DIR', '/run/user/1000'), ('GDK_BACKEND', 'x11'), ('DISPLAY', ':0'), ('LANG', 'zh_CN.UTF-8'), ('XDG_CURRENT_DESKTOP', 'Unity'), ('LC_TELEPHONE', 'zh_CN.UTF-8'), ('XMODIFIERS', '@im=fcitx'), ('XDG_SESSION_DESKTOP', 'ubuntu'), ('XAUTHORITY', '/run/user/1000/gdm/Xauthority'), ('LS_COLORS', 'rs=0:di=01;34:ln=01;36:mh=00:pi=40;33:so=01;35:do=01;35:bd=40;33;01:cd=40;33;01:or=40;31;01:mi=00:su=37;41:sg=30;43:ca=30;41:tw=30;42:ow=34;42:st=37;44:ex=01;32:*.tar=01;31:*.tgz=01;31:*.arc=01;31:*.arj=01;31:*.taz=01;31:*.lha=01;31:*.lz4=01;31:*.lzh=01;31:*.lzma=01;31:*.tlz=01;31:*.txz=01;31:*.tzo=01;31:*.t7z=01;31:*.zip=01;31:*.z=01;31:*.dz=01;31:*.gz=01;31:*.lrz=01;31:*.lz=01;31:*.lzo=01;31:*.xz=01;31:*.zst=01;31:*.tzst=01;31:*.bz2=01;31:*.bz=01;31:*.tbz=01;31:*.tbz2=01;31:*.tz=01;31:*.deb=01;31:*.rpm=01;31:*.jar=01;31:*.war=01;31:*.ear=01;31:*.sar=01;31:*.rar=01;31:*.alz=01;31:*.ace=01;31:*.zoo=01;31:*.cpio=01;31:*.7z=01;31:*.rz=01;31:*.cab=01;31:*.wim=01;31:*.swm=01;31:*.dwm=01;31:*.esd=01;31:*.jpg=01;35:*.jpeg=01;35:*.mjpg=01;35:*.mjpeg=01;35:*.gif=01;35:*.bmp=01;35:*.pbm=01;35:*.pgm=01;35:*.ppm=01;35:*.tga=01;35:*.xbm=01;35:*.xpm=01;35:*.tif=01;35:*.tiff=01;35:*.png=01;35:*.svg=01;35:*.svgz=01;35:*.mng=01;35:*.pcx=01;35:*.mov=01;35:*.mpg=01;35:*.mpeg=01;35:*.m2v=01;35:*.mkv=01;35:*.webm=01;35:*.webp=01;35:*.ogm=01;35:*.mp4=01;35:*.m4v=01;35:*.mp4v=01;35:*.vob=01;35:*.qt=01;35:*.nuv=01;35:*.wmv=01;35:*.asf=01;35:*.rm=01;35:*.rmvb=01;35:*.flc=01;35:*.avi=01;35:*.fli=01;35:*.flv=01;35:*.gl=01;35:*.dl=01;35:*.xcf=01;35:*.xwd=01;35:*.yuv=01;35:*.cgm=01;35:*.emf=01;35:*.ogv=01;35:*.ogx=01;35:*.aac=00;36:*.au=00;36:*.flac=00;36:*.m4a=00;36:*.mid=00;36:*.midi=00;36:*.mka=00;36:*.mp3=00;36:*.mpc=00;36:*.ogg=00;36:*.ra=00;36:*.wav=00;36:*.oga=00;36:*.opus=00;36:*.spx=00;36:*.xspf=00;36:'), ('VSCODE_GIT_IPC_HANDLE', '/run/user/1000/vscode-git-b7a0f9322e.sock'), ('GNOME_TERMINAL_SERVICE', ':1.120'), ('TERM_PROGRAM', 'vscode'), ('SSH_AGENT_LAUNCHER', 'gnome-keyring'), ('SSH_AUTH_SOCK', '/run/user/1000/keyring/ssh'), ('AMENT_PREFIX_PATH', '/opt/ros/humble'), ('CONDA_PYTHON_EXE', '/home/jason/miniconda3/bin/python'), ('ORIGINAL_XDG_CURRENT_DESKTOP', 'ubuntu:GNOME'), ('SHELL', '/bin/bash'), ('LC_NAME', 'zh_CN.UTF-8'), ('ngraph_DIR', '/opt/tdt/openvino/runtime/cmake'), ('QT_ACCESSIBILITY', '1'), ('GDMSESSION', 'ubuntu'), ('LESSCLOSE', '/usr/bin/lesspipe %s %s'), ('LC_MEASUREMENT', 'zh_CN.UTF-8'), ('GPG_AGENT_INFO', '/run/user/1000/gnupg/S.gpg-agent:0:1'), ('InferenceEngine_DIR', '/opt/tdt/openvino/runtime/cmake'), ('LC_IDENTIFICATION', 'zh_CN.UTF-8'), ('VSCODE_GIT_ASKPASS_EXTRA_ARGS', '--ms-enable-electron-run-as-node'), ('QT_IM_MODULE', 'fcitx'), ('PWD', '/home/jason/Desktop/ROS2_study/build/ros2_test_interfaces'), ('XDG_CONFIG_DIRS', '/etc/xdg/xdg-ubuntu:/etc/xdg'), ('CONDA_EXE', '/home/jason/miniconda3/bin/conda'), ('CLUTTER_IM_MODULE', 'fcitx'), ('XDG_DATA_DIRS', '/usr/share/ubuntu:/usr/share/gnome:/usr/local/share/:/usr/share/:/var/lib/snapd/desktop'), ('PYTHONPATH', '/opt/ros/humble/lib/python3.10/site-packages:/opt/ros/humble/local/lib/python3.10/dist-packages'), ('LC_NUMERIC', 'zh_CN.UTF-8'), ('LC_PAPER', 'zh_CN.UTF-8'), ('COLCON', '1'), ('VTE_VERSION', '6800'), ('OpenVINO_DIR', '/opt/tdt/openvino/runtime/cmake'), ('MVCAM_COMMON_RUNENV', '/opt/tdt/MVS/lib'), ('CMAKE_PREFIX_PATH', '/opt/ros/humble')]), 'shell': False}
[3.542440] (ros2_test_client) CommandEnded: {'returncode': 2}
[3.546825] (ros2_test_interfaces) StdoutLine: {'line': b'-- Install configuration: ""\n'}
[3.546915] (ros2_test_interfaces) StdoutLine: {'line': b'-- Up-to-date: /home/jason/Desktop/ROS2_study/install/ros2_test_interfaces/share/ament_index/resource_index/rosidl_interfaces/ros2_test_interfaces\n'}
[3.546953] (ros2_test_interfaces) StdoutLine: {'line': b'-- Up-to-date: /home/jason/Desktop/ROS2_study/install/ros2_test_interfaces/include/ros2_test_interfaces/ros2_test_interfaces\n'}
[3.547327] (ros2_test_interfaces) StdoutLine: {'line': b'-- Up-to-date: /home/jason/Desktop/ROS2_study/install/ros2_test_interfaces/include/ros2_test_interfaces/ros2_test_interfaces/msg\n'}
[3.547370] (ros2_test_interfaces) StdoutLine: {'line': b'-- Installing: /home/jason/Desktop/ROS2_study/install/ros2_test_interfaces/include/ros2_test_interfaces/ros2_test_interfaces/msg/test_interfaces.h\n'}
[3.547409] (ros2_test_interfaces) StdoutLine: {'line': b'-- Up-to-date: /home/jason/Desktop/ROS2_study/install/ros2_test_interfaces/include/ros2_test_interfaces/ros2_test_interfaces/msg/rosidl_generator_c__visibility_control.h\n'}
[3.547453] (ros2_test_interfaces) StdoutLine: {'line': b'-- Up-to-date: /home/jason/Desktop/ROS2_study/install/ros2_test_interfaces/include/ros2_test_interfaces/ros2_test_interfaces/msg/detail\n'}
[3.547518] (ros2_test_interfaces) StdoutLine: {'line': b'-- Installing: /home/jason/Desktop/ROS2_study/install/ros2_test_interfaces/include/ros2_test_interfaces/ros2_test_interfaces/msg/detail/test_interfaces__type_support.h\n'}
[3.547554] (ros2_test_interfaces) StdoutLine: {'line': b'-- Installing: /home/jason/Desktop/ROS2_study/install/ros2_test_interfaces/include/ros2_test_interfaces/ros2_test_interfaces/msg/detail/test_interfaces__struct.h\n'}
[3.547587] (ros2_test_interfaces) StdoutLine: {'line': b'-- Installing: /home/jason/Desktop/ROS2_study/install/ros2_test_interfaces/include/ros2_test_interfaces/ros2_test_interfaces/msg/detail/test_interfaces__functions.c\n'}
[3.547633] (ros2_test_interfaces) StdoutLine: {'line': b'-- Installing: /home/jason/Desktop/ROS2_study/install/ros2_test_interfaces/include/ros2_test_interfaces/ros2_test_interfaces/msg/detail/test_interfaces__functions.h\n'}
[3.547682] (ros2_test_interfaces) StdoutLine: {'line': b'-- Up-to-date: /home/jason/Desktop/ROS2_study/install/ros2_test_interfaces/include/ros2_test_interfaces/ros2_test_interfaces/srv\n'}
[3.547724] (ros2_test_interfaces) StdoutLine: {'line': b'-- Installing: /home/jason/Desktop/ROS2_study/install/ros2_test_interfaces/include/ros2_test_interfaces/ros2_test_interfaces/srv/test_interfaces.h\n'}
[3.547762] (ros2_test_interfaces) StdoutLine: {'line': b'-- Installing: /home/jason/Desktop/ROS2_study/install/ros2_test_interfaces/include/ros2_test_interfaces/ros2_test_interfaces/srv/sell_book.h\n'}
[3.547795] (ros2_test_interfaces) StdoutLine: {'line': b'-- Up-to-date: /home/jason/Desktop/ROS2_study/install/ros2_test_interfaces/include/ros2_test_interfaces/ros2_test_interfaces/srv/detail\n'}
[3.547848] (ros2_test_interfaces) StdoutLine: {'line': b'-- Installing: /home/jason/Desktop/ROS2_study/install/ros2_test_interfaces/include/ros2_test_interfaces/ros2_test_interfaces/srv/detail/sell_book__functions.c\n'}
[3.547881] (ros2_test_interfaces) StdoutLine: {'line': b'-- Installing: /home/jason/Desktop/ROS2_study/install/ros2_test_interfaces/include/ros2_test_interfaces/ros2_test_interfaces/srv/detail/test_interfaces__type_support.h\n'}
[3.547912] (ros2_test_interfaces) StdoutLine: {'line': b'-- Installing: /home/jason/Desktop/ROS2_study/install/ros2_test_interfaces/include/ros2_test_interfaces/ros2_test_interfaces/srv/detail/test_interfaces__struct.h\n'}
[3.547946] (ros2_test_interfaces) StdoutLine: {'line': b'-- Installing: /home/jason/Desktop/ROS2_study/install/ros2_test_interfaces/include/ros2_test_interfaces/ros2_test_interfaces/srv/detail/test_interfaces__functions.c\n'}
[3.547977] (ros2_test_interfaces) StdoutLine: {'line': b'-- Installing: /home/jason/Desktop/ROS2_study/install/ros2_test_interfaces/include/ros2_test_interfaces/ros2_test_interfaces/srv/detail/sell_book__type_support.h\n'}
[3.548009] (ros2_test_interfaces) StdoutLine: {'line': b'-- Installing: /home/jason/Desktop/ROS2_study/install/ros2_test_interfaces/include/ros2_test_interfaces/ros2_test_interfaces/srv/detail/sell_book__struct.h\n'}
[3.548042] (ros2_test_interfaces) StdoutLine: {'line': b'-- Installing: /home/jason/Desktop/ROS2_study/install/ros2_test_interfaces/include/ros2_test_interfaces/ros2_test_interfaces/srv/detail/test_interfaces__functions.h\n'}
[3.548073] (ros2_test_interfaces) StdoutLine: {'line': b'-- Installing: /home/jason/Desktop/ROS2_study/install/ros2_test_interfaces/include/ros2_test_interfaces/ros2_test_interfaces/srv/detail/sell_book__functions.h\n'}
[3.548103] (ros2_test_interfaces) StdoutLine: {'line': b'-- Up-to-date: /home/jason/Desktop/ROS2_study/install/ros2_test_interfaces/share/ros2_test_interfaces/environment/library_path.sh\n'}
[3.548134] (ros2_test_interfaces) StdoutLine: {'line': b'-- Installing: /home/jason/Desktop/ROS2_study/install/ros2_test_interfaces/share/ros2_test_interfaces/environment/library_path.dsv\n'}
[3.548288] (ros2_test_interfaces) StdoutLine: {'line': b'-- Installing: /home/jason/Desktop/ROS2_study/install/ros2_test_interfaces/lib/libros2_test_interfaces__rosidl_generator_c.so\n'}
[3.548918] (ros2_test_interfaces) StdoutLine: {'line': b'-- Set runtime path of "/home/jason/Desktop/ROS2_study/install/ros2_test_interfaces/lib/libros2_test_interfaces__rosidl_generator_c.so" to ""\n'}
[3.549295] (ros2_test_interfaces) StdoutLine: {'line': b'-- Up-to-date: /home/jason/Desktop/ROS2_study/install/ros2_test_interfaces/include/ros2_test_interfaces/ros2_test_interfaces\n'}
[3.549379] (ros2_test_interfaces) StdoutLine: {'line': b'-- Up-to-date: /home/jason/Desktop/ROS2_study/install/ros2_test_interfaces/include/ros2_test_interfaces/ros2_test_interfaces/msg\n'}
[3.549570] (ros2_test_interfaces) StdoutLine: {'line': b'-- Up-to-date: /home/jason/Desktop/ROS2_study/install/ros2_test_interfaces/include/ros2_test_interfaces/ros2_test_interfaces/msg/rosidl_typesupport_fastrtps_c__visibility_control.h\n'}
[3.550049] (ros2_test_interfaces) StdoutLine: {'line': b'-- Up-to-date: /home/jason/Desktop/ROS2_study/install/ros2_test_interfaces/include/ros2_test_interfaces/ros2_test_interfaces/msg/detail\n'}
[3.550191] (ros2_test_interfaces) StdoutLine: {'line': b'-- Installing: /home/jason/Desktop/ROS2_study/install/ros2_test_interfaces/include/ros2_test_interfaces/ros2_test_interfaces/msg/detail/test_interfaces__rosidl_typesupport_fastrtps_c.h\n'}
[3.550305] (ros2_test_interfaces) StdoutLine: {'line': b'-- Up-to-date: /home/jason/Desktop/ROS2_study/install/ros2_test_interfaces/include/ros2_test_interfaces/ros2_test_interfaces/srv\n'}
[3.550460] (ros2_test_interfaces) StdoutLine: {'line': b'-- Up-to-date: /home/jason/Desktop/ROS2_study/install/ros2_test_interfaces/include/ros2_test_interfaces/ros2_test_interfaces/srv/detail\n'}
[3.550538] (ros2_test_interfaces) StdoutLine: {'line': b'-- Installing: /home/jason/Desktop/ROS2_study/install/ros2_test_interfaces/include/ros2_test_interfaces/ros2_test_interfaces/srv/detail/test_interfaces__rosidl_typesupport_fastrtps_c.h\n'}
[3.550675] (ros2_test_interfaces) StdoutLine: {'line': b'-- Installing: /home/jason/Desktop/ROS2_study/install/ros2_test_interfaces/include/ros2_test_interfaces/ros2_test_interfaces/srv/detail/sell_book__rosidl_typesupport_fastrtps_c.h\n'}
[3.550721] (ros2_test_interfaces) StdoutLine: {'line': b'-- Installing: /home/jason/Desktop/ROS2_study/install/ros2_test_interfaces/lib/libros2_test_interfaces__rosidl_typesupport_fastrtps_c.so\n'}
[3.550758] (ros2_test_interfaces) StdoutLine: {'line': b'-- Set runtime path of "/home/jason/Desktop/ROS2_study/install/ros2_test_interfaces/lib/libros2_test_interfaces__rosidl_typesupport_fastrtps_c.so" to ""\n'}
[3.550792] (ros2_test_interfaces) StdoutLine: {'line': b'-- Up-to-date: /home/jason/Desktop/ROS2_study/install/ros2_test_interfaces/include/ros2_test_interfaces/ros2_test_interfaces\n'}
[3.550824] (ros2_test_interfaces) StdoutLine: {'line': b'-- Up-to-date: /home/jason/Desktop/ROS2_study/install/ros2_test_interfaces/include/ros2_test_interfaces/ros2_test_interfaces/msg\n'}
[3.550891] (ros2_test_interfaces) StdoutLine: {'line': b'-- Installing: /home/jason/Desktop/ROS2_study/install/ros2_test_interfaces/include/ros2_test_interfaces/ros2_test_interfaces/msg/test_interfaces.hpp\n'}
[3.550922] (ros2_test_interfaces) StdoutLine: {'line': b'-- Up-to-date: /home/jason/Desktop/ROS2_study/install/ros2_test_interfaces/include/ros2_test_interfaces/ros2_test_interfaces/msg/detail\n'}
[3.550953] (ros2_test_interfaces) StdoutLine: {'line': b'-- Installing: /home/jason/Desktop/ROS2_study/install/ros2_test_interfaces/include/ros2_test_interfaces/ros2_test_interfaces/msg/detail/test_interfaces__builder.hpp\n'}
[3.550985] (ros2_test_interfaces) StdoutLine: {'line': b'-- Installing: /home/jason/Desktop/ROS2_study/install/ros2_test_interfaces/include/ros2_test_interfaces/ros2_test_interfaces/msg/detail/test_interfaces__struct.hpp\n'}
[3.551016] (ros2_test_interfaces) StdoutLine: {'line': b'-- Installing: /home/jason/Desktop/ROS2_study/install/ros2_test_interfaces/include/ros2_test_interfaces/ros2_test_interfaces/msg/detail/test_interfaces__traits.hpp\n'}
[3.551086] (ros2_test_interfaces) StdoutLine: {'line': b'-- Up-to-date: /home/jason/Desktop/ROS2_study/install/ros2_test_interfaces/include/ros2_test_interfaces/ros2_test_interfaces/srv\n'}
[3.551121] (ros2_test_interfaces) StdoutLine: {'line': b'-- Installing: /home/jason/Desktop/ROS2_study/install/ros2_test_interfaces/include/ros2_test_interfaces/ros2_test_interfaces/srv/sell_book.hpp\n'}
[3.551155] (ros2_test_interfaces) StdoutLine: {'line': b'-- Installing: /home/jason/Desktop/ROS2_study/install/ros2_test_interfaces/include/ros2_test_interfaces/ros2_test_interfaces/srv/test_interfaces.hpp\n'}
[3.551185] (ros2_test_interfaces) StdoutLine: {'line': b'-- Up-to-date: /home/jason/Desktop/ROS2_study/install/ros2_test_interfaces/include/ros2_test_interfaces/ros2_test_interfaces/srv/detail\n'}
[3.551216] (ros2_test_interfaces) StdoutLine: {'line': b'-- Installing: /home/jason/Desktop/ROS2_study/install/ros2_test_interfaces/include/ros2_test_interfaces/ros2_test_interfaces/srv/detail/sell_book__struct.hpp\n'}
[3.551249] (ros2_test_interfaces) StdoutLine: {'line': b'-- Installing: /home/jason/Desktop/ROS2_study/install/ros2_test_interfaces/include/ros2_test_interfaces/ros2_test_interfaces/srv/detail/sell_book__builder.hpp\n'}
[3.551418] (ros2_test_interfaces) StdoutLine: {'line': b'-- Installing: /home/jason/Desktop/ROS2_study/install/ros2_test_interfaces/include/ros2_test_interfaces/ros2_test_interfaces/srv/detail/test_interfaces__builder.hpp\n'}
[3.551520] (ros2_test_interfaces) StdoutLine: {'line': b'-- Installing: /home/jason/Desktop/ROS2_study/install/ros2_test_interfaces/include/ros2_test_interfaces/ros2_test_interfaces/srv/detail/test_interfaces__struct.hpp\n'}
[3.551610] (ros2_test_interfaces) StdoutLine: {'line': b'-- Installing: /home/jason/Desktop/ROS2_study/install/ros2_test_interfaces/include/ros2_test_interfaces/ros2_test_interfaces/srv/detail/sell_book__traits.hpp\n'}
[3.551692] (ros2_test_interfaces) StdoutLine: {'line': b'-- Installing: /home/jason/Desktop/ROS2_study/install/ros2_test_interfaces/include/ros2_test_interfaces/ros2_test_interfaces/srv/detail/test_interfaces__traits.hpp\n'}
[3.551788] (ros2_test_interfaces) StdoutLine: {'line': b'-- Up-to-date: /home/jason/Desktop/ROS2_study/install/ros2_test_interfaces/include/ros2_test_interfaces/ros2_test_interfaces\n'}
[3.551860] (ros2_test_interfaces) StdoutLine: {'line': b'-- Up-to-date: /home/jason/Desktop/ROS2_study/install/ros2_test_interfaces/include/ros2_test_interfaces/ros2_test_interfaces/msg\n'}
[3.551927] (ros2_test_interfaces) StdoutLine: {'line': b'-- Up-to-date: /home/jason/Desktop/ROS2_study/install/ros2_test_interfaces/include/ros2_test_interfaces/ros2_test_interfaces/msg/rosidl_typesupport_fastrtps_cpp__visibility_control.h\n'}
[3.551997] (ros2_test_interfaces) StdoutLine: {'line': b'-- Up-to-date: /home/jason/Desktop/ROS2_study/install/ros2_test_interfaces/include/ros2_test_interfaces/ros2_test_interfaces/msg/detail\n'}
[3.552082] (ros2_test_interfaces) StdoutLine: {'line': b'-- Up-to-date: /home/jason/Desktop/ROS2_study/install/ros2_test_interfaces/include/ros2_test_interfaces/ros2_test_interfaces/msg/detail/dds_fastrtps\n'}
[3.552165] (ros2_test_interfaces) StdoutLine: {'line': b'-- Installing: /home/jason/Desktop/ROS2_study/install/ros2_test_interfaces/include/ros2_test_interfaces/ros2_test_interfaces/msg/detail/test_interfaces__rosidl_typesupport_fastrtps_cpp.hpp\n'}
[3.552320] (ros2_test_interfaces) StdoutLine: {'line': b'-- Up-to-date: /home/jason/Desktop/ROS2_study/install/ros2_test_interfaces/include/ros2_test_interfaces/ros2_test_interfaces/srv\n'}
[3.552462] (ros2_test_interfaces) StdoutLine: {'line': b'-- Up-to-date: /home/jason/Desktop/ROS2_study/install/ros2_test_interfaces/include/ros2_test_interfaces/ros2_test_interfaces/srv/detail\n'}
[3.552526] (ros2_test_interfaces) StdoutLine: {'line': b'-- Installing: /home/jason/Desktop/ROS2_study/install/ros2_test_interfaces/include/ros2_test_interfaces/ros2_test_interfaces/srv/detail/sell_book__rosidl_typesupport_fastrtps_cpp.hpp\n'}
[3.552566] (ros2_test_interfaces) StdoutLine: {'line': b'-- Up-to-date: /home/jason/Desktop/ROS2_study/install/ros2_test_interfaces/include/ros2_test_interfaces/ros2_test_interfaces/srv/detail/dds_fastrtps\n'}
[3.552606] (ros2_test_interfaces) StdoutLine: {'line': b'-- Installing: /home/jason/Desktop/ROS2_study/install/ros2_test_interfaces/include/ros2_test_interfaces/ros2_test_interfaces/srv/detail/test_interfaces__rosidl_typesupport_fastrtps_cpp.hpp\n'}
[3.552640] (ros2_test_interfaces) StdoutLine: {'line': b'-- Installing: /home/jason/Desktop/ROS2_study/install/ros2_test_interfaces/lib/libros2_test_interfaces__rosidl_typesupport_fastrtps_cpp.so\n'}
[3.552672] (ros2_test_interfaces) StdoutLine: {'line': b'-- Set runtime path of "/home/jason/Desktop/ROS2_study/install/ros2_test_interfaces/lib/libros2_test_interfaces__rosidl_typesupport_fastrtps_cpp.so" to ""\n'}
[3.552707] (ros2_test_interfaces) StdoutLine: {'line': b'-- Up-to-date: /home/jason/Desktop/ROS2_study/install/ros2_test_interfaces/include/ros2_test_interfaces/ros2_test_interfaces\n'}
[3.552819] (ros2_test_interfaces) StdoutLine: {'line': b'-- Up-to-date: /home/jason/Desktop/ROS2_study/install/ros2_test_interfaces/include/ros2_test_interfaces/ros2_test_interfaces/msg\n'}
[3.552860] (ros2_test_interfaces) StdoutLine: {'line': b'-- Up-to-date: /home/jason/Desktop/ROS2_study/install/ros2_test_interfaces/include/ros2_test_interfaces/ros2_test_interfaces/msg/rosidl_typesupport_introspection_c__visibility_control.h\n'}
[3.552896] (ros2_test_interfaces) StdoutLine: {'line': b'-- Up-to-date: /home/jason/Desktop/ROS2_study/install/ros2_test_interfaces/include/ros2_test_interfaces/ros2_test_interfaces/msg/detail\n'}
[3.552928] (ros2_test_interfaces) StdoutLine: {'line': b'-- Installing: /home/jason/Desktop/ROS2_study/install/ros2_test_interfaces/include/ros2_test_interfaces/ros2_test_interfaces/msg/detail/test_interfaces__rosidl_typesupport_introspection_c.h\n'}
[3.552964] (ros2_test_interfaces) StdoutLine: {'line': b'-- Installing: /home/jason/Desktop/ROS2_study/install/ros2_test_interfaces/include/ros2_test_interfaces/ros2_test_interfaces/msg/detail/test_interfaces__type_support.c\n'}
[3.552996] (ros2_test_interfaces) StdoutLine: {'line': b'-- Up-to-date: /home/jason/Desktop/ROS2_study/install/ros2_test_interfaces/include/ros2_test_interfaces/ros2_test_interfaces/srv\n'}
[3.553026] (ros2_test_interfaces) StdoutLine: {'line': b'-- Up-to-date: /home/jason/Desktop/ROS2_study/install/ros2_test_interfaces/include/ros2_test_interfaces/ros2_test_interfaces/srv/detail\n'}
[3.553055] (ros2_test_interfaces) StdoutLine: {'line': b'-- Installing: /home/jason/Desktop/ROS2_study/install/ros2_test_interfaces/include/ros2_test_interfaces/ros2_test_interfaces/srv/detail/sell_book__rosidl_typesupport_introspection_c.h\n'}
[3.553124] (ros2_test_interfaces) StdoutLine: {'line': b'-- Installing: /home/jason/Desktop/ROS2_study/install/ros2_test_interfaces/include/ros2_test_interfaces/ros2_test_interfaces/srv/detail/test_interfaces__rosidl_typesupport_introspection_c.h\n'}
[3.553190] (ros2_test_interfaces) StdoutLine: {'line': b'-- Installing: /home/jason/Desktop/ROS2_study/install/ros2_test_interfaces/include/ros2_test_interfaces/ros2_test_interfaces/srv/detail/sell_book__type_support.c\n'}
[3.553221] (ros2_test_interfaces) StdoutLine: {'line': b'-- Installing: /home/jason/Desktop/ROS2_study/install/ros2_test_interfaces/include/ros2_test_interfaces/ros2_test_interfaces/srv/detail/test_interfaces__type_support.c\n'}
[3.553264] (ros2_test_interfaces) StdoutLine: {'line': b'-- Installing: /home/jason/Desktop/ROS2_study/install/ros2_test_interfaces/lib/libros2_test_interfaces__rosidl_typesupport_introspection_c.so\n'}
[3.553308] (ros2_test_interfaces) StdoutLine: {'line': b'-- Set runtime path of "/home/jason/Desktop/ROS2_study/install/ros2_test_interfaces/lib/libros2_test_interfaces__rosidl_typesupport_introspection_c.so" to ""\n'}
[3.553364] (ros2_test_interfaces) StdoutLine: {'line': b'-- Installing: /home/jason/Desktop/ROS2_study/install/ros2_test_interfaces/lib/libros2_test_interfaces__rosidl_typesupport_c.so\n'}
[3.553410] (ros2_test_interfaces) StdoutLine: {'line': b'-- Set runtime path of "/home/jason/Desktop/ROS2_study/install/ros2_test_interfaces/lib/libros2_test_interfaces__rosidl_typesupport_c.so" to ""\n'}
[3.553442] (ros2_test_interfaces) StdoutLine: {'line': b'-- Up-to-date: /home/jason/Desktop/ROS2_study/install/ros2_test_interfaces/include/ros2_test_interfaces/ros2_test_interfaces\n'}
[3.553507] (ros2_test_interfaces) StdoutLine: {'line': b'-- Up-to-date: /home/jason/Desktop/ROS2_study/install/ros2_test_interfaces/include/ros2_test_interfaces/ros2_test_interfaces/msg\n'}
[3.553608] (ros2_test_interfaces) StdoutLine: {'line': b'-- Up-to-date: /home/jason/Desktop/ROS2_study/install/ros2_test_interfaces/include/ros2_test_interfaces/ros2_test_interfaces/msg/detail\n'}
[3.553646] (ros2_test_interfaces) StdoutLine: {'line': b'-- Installing: /home/jason/Desktop/ROS2_study/install/ros2_test_interfaces/include/ros2_test_interfaces/ros2_test_interfaces/msg/detail/test_interfaces__type_support.cpp\n'}
[3.553691] (ros2_test_interfaces) StdoutLine: {'line': b'-- Installing: /home/jason/Desktop/ROS2_study/install/ros2_test_interfaces/include/ros2_test_interfaces/ros2_test_interfaces/msg/detail/test_interfaces__rosidl_typesupport_introspection_cpp.hpp\n'}
[3.553723] (ros2_test_interfaces) StdoutLine: {'line': b'-- Up-to-date: /home/jason/Desktop/ROS2_study/install/ros2_test_interfaces/include/ros2_test_interfaces/ros2_test_interfaces/srv\n'}
[3.553753] (ros2_test_interfaces) StdoutLine: {'line': b'-- Up-to-date: /home/jason/Desktop/ROS2_study/install/ros2_test_interfaces/include/ros2_test_interfaces/ros2_test_interfaces/srv/detail\n'}
[3.553783] (ros2_test_interfaces) StdoutLine: {'line': b'-- Installing: /home/jason/Desktop/ROS2_study/install/ros2_test_interfaces/include/ros2_test_interfaces/ros2_test_interfaces/srv/detail/test_interfaces__type_support.cpp\n'}
[3.553815] (ros2_test_interfaces) StdoutLine: {'line': b'-- Installing: /home/jason/Desktop/ROS2_study/install/ros2_test_interfaces/include/ros2_test_interfaces/ros2_test_interfaces/srv/detail/test_interfaces__rosidl_typesupport_introspection_cpp.hpp\n'}
[3.553847] (ros2_test_interfaces) StdoutLine: {'line': b'-- Installing: /home/jason/Desktop/ROS2_study/install/ros2_test_interfaces/include/ros2_test_interfaces/ros2_test_interfaces/srv/detail/sell_book__rosidl_typesupport_introspection_cpp.hpp\n'}
[3.553904] (ros2_test_interfaces) StdoutLine: {'line': b'-- Installing: /home/jason/Desktop/ROS2_study/install/ros2_test_interfaces/include/ros2_test_interfaces/ros2_test_interfaces/srv/detail/sell_book__type_support.cpp\n'}
[3.554080] (ros2_test_interfaces) StdoutLine: {'line': b'-- Installing: /home/jason/Desktop/ROS2_study/install/ros2_test_interfaces/lib/libros2_test_interfaces__rosidl_typesupport_introspection_cpp.so\n'}
[3.554311] (ros2_test_interfaces) StdoutLine: {'line': b'-- Set runtime path of "/home/jason/Desktop/ROS2_study/install/ros2_test_interfaces/lib/libros2_test_interfaces__rosidl_typesupport_introspection_cpp.so" to ""\n'}
[3.554546] (ros2_test_interfaces) StdoutLine: {'line': b'-- Installing: /home/jason/Desktop/ROS2_study/install/ros2_test_interfaces/lib/libros2_test_interfaces__rosidl_typesupport_cpp.so\n'}
[3.554696] (ros2_test_interfaces) StdoutLine: {'line': b'-- Set runtime path of "/home/jason/Desktop/ROS2_study/install/ros2_test_interfaces/lib/libros2_test_interfaces__rosidl_typesupport_cpp.so" to ""\n'}
[3.554751] (ros2_test_interfaces) StdoutLine: {'line': b'-- Up-to-date: /home/jason/Desktop/ROS2_study/install/ros2_test_interfaces/share/ros2_test_interfaces/environment/pythonpath.sh\n'}
[3.554783] (ros2_test_interfaces) StdoutLine: {'line': b'-- Installing: /home/jason/Desktop/ROS2_study/install/ros2_test_interfaces/share/ros2_test_interfaces/environment/pythonpath.dsv\n'}
[3.554856] (ros2_test_interfaces) StdoutLine: {'line': b'-- Up-to-date: /home/jason/Desktop/ROS2_study/install/ros2_test_interfaces/local/lib/python3.10/dist-packages/ros2_test_interfaces-0.0.0-py3.10.egg-info\n'}
[3.554903] (ros2_test_interfaces) StdoutLine: {'line': b'-- Installing: /home/jason/Desktop/ROS2_study/install/ros2_test_interfaces/local/lib/python3.10/dist-packages/ros2_test_interfaces-0.0.0-py3.10.egg-info/SOURCES.txt\n'}
[3.554991] (ros2_test_interfaces) StdoutLine: {'line': b'-- Installing: /home/jason/Desktop/ROS2_study/install/ros2_test_interfaces/local/lib/python3.10/dist-packages/ros2_test_interfaces-0.0.0-py3.10.egg-info/PKG-INFO\n'}
[3.555090] (ros2_test_interfaces) StdoutLine: {'line': b'-- Installing: /home/jason/Desktop/ROS2_study/install/ros2_test_interfaces/local/lib/python3.10/dist-packages/ros2_test_interfaces-0.0.0-py3.10.egg-info/dependency_links.txt\n'}
[3.555189] (ros2_test_interfaces) StdoutLine: {'line': b'-- Installing: /home/jason/Desktop/ROS2_study/install/ros2_test_interfaces/local/lib/python3.10/dist-packages/ros2_test_interfaces-0.0.0-py3.10.egg-info/top_level.txt\n'}
[3.555312] (ros2_test_interfaces) StdoutLine: {'line': b'-- Up-to-date: /home/jason/Desktop/ROS2_study/install/ros2_test_interfaces/local/lib/python3.10/dist-packages/ros2_test_interfaces\n'}
[3.555359] (ros2_test_interfaces) StdoutLine: {'line': b'-- Installing: /home/jason/Desktop/ROS2_study/install/ros2_test_interfaces/local/lib/python3.10/dist-packages/ros2_test_interfaces/__init__.py\n'}
[3.555404] (ros2_test_interfaces) StdoutLine: {'line': b'-- Installing: /home/jason/Desktop/ROS2_study/install/ros2_test_interfaces/local/lib/python3.10/dist-packages/ros2_test_interfaces/_ros2_test_interfaces_s.ep.rosidl_typesupport_introspection_c.c\n'}
[3.555461] (ros2_test_interfaces) StdoutLine: {'line': b'-- Up-to-date: /home/jason/Desktop/ROS2_study/install/ros2_test_interfaces/local/lib/python3.10/dist-packages/ros2_test_interfaces/msg\n'}
[3.555507] (ros2_test_interfaces) StdoutLine: {'line': b'-- Installing: /home/jason/Desktop/ROS2_study/install/ros2_test_interfaces/local/lib/python3.10/dist-packages/ros2_test_interfaces/msg/__init__.py\n'}
[3.555553] (ros2_test_interfaces) StdoutLine: {'line': b'-- Installing: /home/jason/Desktop/ROS2_study/install/ros2_test_interfaces/local/lib/python3.10/dist-packages/ros2_test_interfaces/msg/_test_interfaces.py\n'}
[3.555603] (ros2_test_interfaces) StdoutLine: {'line': b'-- Installing: /home/jason/Desktop/ROS2_study/install/ros2_test_interfaces/local/lib/python3.10/dist-packages/ros2_test_interfaces/msg/_test_interfaces_s.c\n'}
[3.555683] (ros2_test_interfaces) StdoutLine: {'line': b'-- Installing: /home/jason/Desktop/ROS2_study/install/ros2_test_interfaces/local/lib/python3.10/dist-packages/ros2_test_interfaces/libros2_test_interfaces__rosidl_generator_py.so\n'}
[3.555747] (ros2_test_interfaces) StdoutLine: {'line': b'-- Installing: /home/jason/Desktop/ROS2_study/install/ros2_test_interfaces/local/lib/python3.10/dist-packages/ros2_test_interfaces/_ros2_test_interfaces_s.ep.rosidl_typesupport_c.c\n'}
[3.555829] (ros2_test_interfaces) StdoutLine: {'line': b'-- Installing: /home/jason/Desktop/ROS2_study/install/ros2_test_interfaces/local/lib/python3.10/dist-packages/ros2_test_interfaces/ros2_test_interfaces_s__rosidl_typesupport_introspection_c.cpython-310-x86_64-linux-gnu.so\n'}
[3.555907] (ros2_test_interfaces) StdoutLine: {'line': b'-- Installing: /home/jason/Desktop/ROS2_study/install/ros2_test_interfaces/local/lib/python3.10/dist-packages/ros2_test_interfaces/ros2_test_interfaces_s__rosidl_typesupport_c.cpython-310-x86_64-linux-gnu.so\n'}
[3.555973] (ros2_test_interfaces) StdoutLine: {'line': b'-- Installing: /home/jason/Desktop/ROS2_study/install/ros2_test_interfaces/local/lib/python3.10/dist-packages/ros2_test_interfaces/ros2_test_interfaces_s__rosidl_typesupport_fastrtps_c.cpython-310-x86_64-linux-gnu.so\n'}
[3.556044] (ros2_test_interfaces) StdoutLine: {'line': b'-- Installing: /home/jason/Desktop/ROS2_study/install/ros2_test_interfaces/local/lib/python3.10/dist-packages/ros2_test_interfaces/_ros2_test_interfaces_s.ep.rosidl_typesupport_fastrtps_c.c\n'}
[3.556118] (ros2_test_interfaces) StdoutLine: {'line': b'-- Up-to-date: /home/jason/Desktop/ROS2_study/install/ros2_test_interfaces/local/lib/python3.10/dist-packages/ros2_test_interfaces/srv\n'}
[3.556163] (ros2_test_interfaces) StdoutLine: {'line': b'-- Installing: /home/jason/Desktop/ROS2_study/install/ros2_test_interfaces/local/lib/python3.10/dist-packages/ros2_test_interfaces/srv/_sell_book_s.c\n'}
[3.556209] (ros2_test_interfaces) StdoutLine: {'line': b'-- Installing: /home/jason/Desktop/ROS2_study/install/ros2_test_interfaces/local/lib/python3.10/dist-packages/ros2_test_interfaces/srv/__init__.py\n'}
[3.556261] (ros2_test_interfaces) StdoutLine: {'line': b'-- Installing: /home/jason/Desktop/ROS2_study/install/ros2_test_interfaces/local/lib/python3.10/dist-packages/ros2_test_interfaces/srv/_test_interfaces.py\n'}
[3.556508] (ros2_test_interfaces) StdoutLine: {'line': b'-- Installing: /home/jason/Desktop/ROS2_study/install/ros2_test_interfaces/local/lib/python3.10/dist-packages/ros2_test_interfaces/srv/_sell_book.py\n'}
[3.556794] (ros2_test_interfaces) StdoutLine: {'line': b'-- Installing: /home/jason/Desktop/ROS2_study/install/ros2_test_interfaces/local/lib/python3.10/dist-packages/ros2_test_interfaces/srv/_test_interfaces_s.c\n'}
[3.578888] (ros2_test_client) JobEnded: {'identifier': 'ros2_test_client', 'rc': 2}
[3.579565] (ros2_test_interfaces) StdoutLine: {'line': b"Listing '/home/jason/Desktop/ROS2_study/install/ros2_test_interfaces/local/lib/python3.10/dist-packages/ros2_test_interfaces'...\n"}
[3.579652] (ros2_test_interfaces) StdoutLine: {'line': b"Compiling '/home/jason/Desktop/ROS2_study/install/ros2_test_interfaces/local/lib/python3.10/dist-packages/ros2_test_interfaces/__init__.py'...\n"}
[3.579690] (ros2_test_interfaces) StdoutLine: {'line': b"Listing '/home/jason/Desktop/ROS2_study/install/ros2_test_interfaces/local/lib/python3.10/dist-packages/ros2_test_interfaces/msg'...\n"}
[3.579723] (ros2_test_interfaces) StdoutLine: {'line': b"Compiling '/home/jason/Desktop/ROS2_study/install/ros2_test_interfaces/local/lib/python3.10/dist-packages/ros2_test_interfaces/msg/__init__.py'...\n"}
[3.579753] (ros2_test_interfaces) StdoutLine: {'line': b"Compiling '/home/jason/Desktop/ROS2_study/install/ros2_test_interfaces/local/lib/python3.10/dist-packages/ros2_test_interfaces/msg/_test_interfaces.py'...\n"}
[3.579784] (ros2_test_interfaces) StdoutLine: {'line': b"Listing '/home/jason/Desktop/ROS2_study/install/ros2_test_interfaces/local/lib/python3.10/dist-packages/ros2_test_interfaces/srv'...\n"}
[3.579813] (ros2_test_interfaces) StdoutLine: {'line': b"Compiling '/home/jason/Desktop/ROS2_study/install/ros2_test_interfaces/local/lib/python3.10/dist-packages/ros2_test_interfaces/srv/__init__.py'...\n"}
[3.579844] (ros2_test_interfaces) StdoutLine: {'line': b"Compiling '/home/jason/Desktop/ROS2_study/install/ros2_test_interfaces/local/lib/python3.10/dist-packages/ros2_test_interfaces/srv/_sell_book.py'...\n"}
[3.579874] (ros2_test_interfaces) StdoutLine: {'line': b"Compiling '/home/jason/Desktop/ROS2_study/install/ros2_test_interfaces/local/lib/python3.10/dist-packages/ros2_test_interfaces/srv/_test_interfaces.py'...\n"}
[3.582849] (ros2_test_interfaces) StdoutLine: {'line': b'-- Installing: /home/jason/Desktop/ROS2_study/install/ros2_test_interfaces/local/lib/python3.10/dist-packages/ros2_test_interfaces/ros2_test_interfaces_s__rosidl_typesupport_fastrtps_c.cpython-310-x86_64-linux-gnu.so\n'}
[3.582989] (ros2_test_interfaces) StdoutLine: {'line': b'-- Set runtime path of "/home/jason/Desktop/ROS2_study/install/ros2_test_interfaces/local/lib/python3.10/dist-packages/ros2_test_interfaces/ros2_test_interfaces_s__rosidl_typesupport_fastrtps_c.cpython-310-x86_64-linux-gnu.so" to ""\n'}
[3.583102] (ros2_test_interfaces) StdoutLine: {'line': b'-- Installing: /home/jason/Desktop/ROS2_study/install/ros2_test_interfaces/local/lib/python3.10/dist-packages/ros2_test_interfaces/ros2_test_interfaces_s__rosidl_typesupport_introspection_c.cpython-310-x86_64-linux-gnu.so\n'}
[3.583145] (ros2_test_interfaces) StdoutLine: {'line': b'-- Set runtime path of "/home/jason/Desktop/ROS2_study/install/ros2_test_interfaces/local/lib/python3.10/dist-packages/ros2_test_interfaces/ros2_test_interfaces_s__rosidl_typesupport_introspection_c.cpython-310-x86_64-linux-gnu.so" to ""\n'}
[3.583256] (ros2_test_interfaces) StdoutLine: {'line': b'-- Installing: /home/jason/Desktop/ROS2_study/install/ros2_test_interfaces/local/lib/python3.10/dist-packages/ros2_test_interfaces/ros2_test_interfaces_s__rosidl_typesupport_c.cpython-310-x86_64-linux-gnu.so\n'}
[3.583293] (ros2_test_interfaces) StdoutLine: {'line': b'-- Set runtime path of "/home/jason/Desktop/ROS2_study/install/ros2_test_interfaces/local/lib/python3.10/dist-packages/ros2_test_interfaces/ros2_test_interfaces_s__rosidl_typesupport_c.cpython-310-x86_64-linux-gnu.so" to ""\n'}
[3.583416] (ros2_test_interfaces) StdoutLine: {'line': b'-- Installing: /home/jason/Desktop/ROS2_study/install/ros2_test_interfaces/lib/libros2_test_interfaces__rosidl_generator_py.so\n'}
[3.583616] (ros2_test_interfaces) StdoutLine: {'line': b'-- Set runtime path of "/home/jason/Desktop/ROS2_study/install/ros2_test_interfaces/lib/libros2_test_interfaces__rosidl_generator_py.so" to ""\n'}
[3.583651] (ros2_test_interfaces) StdoutLine: {'line': b'-- Installing: /home/jason/Desktop/ROS2_study/install/ros2_test_interfaces/share/ros2_test_interfaces/msg/TestInterfaces.idl\n'}
[3.583727] (ros2_test_interfaces) StdoutLine: {'line': b'-- Up-to-date: /home/jason/Desktop/ROS2_study/install/ros2_test_interfaces/share/ros2_test_interfaces/srv/TestInterfaces.idl\n'}
[3.583763] (ros2_test_interfaces) StdoutLine: {'line': b'-- Up-to-date: /home/jason/Desktop/ROS2_study/install/ros2_test_interfaces/share/ros2_test_interfaces/srv/SellBook.idl\n'}
[3.583816] (ros2_test_interfaces) StdoutLine: {'line': b'-- Installing: /home/jason/Desktop/ROS2_study/install/ros2_test_interfaces/share/ros2_test_interfaces/msg/TestInterfaces.msg\n'}
[3.583861] (ros2_test_interfaces) StdoutLine: {'line': b'-- Up-to-date: /home/jason/Desktop/ROS2_study/install/ros2_test_interfaces/share/ros2_test_interfaces/srv/TestInterfaces.srv\n'}
[3.583925] (ros2_test_interfaces) StdoutLine: {'line': b'-- Up-to-date: /home/jason/Desktop/ROS2_study/install/ros2_test_interfaces/share/ros2_test_interfaces/srv/TestInterfaces_Request.msg\n'}
[3.583974] (ros2_test_interfaces) StdoutLine: {'line': b'-- Up-to-date: /home/jason/Desktop/ROS2_study/install/ros2_test_interfaces/share/ros2_test_interfaces/srv/TestInterfaces_Response.msg\n'}
[3.584029] (ros2_test_interfaces) StdoutLine: {'line': b'-- Up-to-date: /home/jason/Desktop/ROS2_study/install/ros2_test_interfaces/share/ros2_test_interfaces/srv/SellBook.srv\n'}
[3.584060] (ros2_test_interfaces) StdoutLine: {'line': b'-- Up-to-date: /home/jason/Desktop/ROS2_study/install/ros2_test_interfaces/share/ros2_test_interfaces/srv/SellBook_Request.msg\n'}
[3.584090] (ros2_test_interfaces) StdoutLine: {'line': b'-- Up-to-date: /home/jason/Desktop/ROS2_study/install/ros2_test_interfaces/share/ros2_test_interfaces/srv/SellBook_Response.msg\n'}
[3.584121] (ros2_test_interfaces) StdoutLine: {'line': b'-- Up-to-date: /home/jason/Desktop/ROS2_study/install/ros2_test_interfaces/share/ament_index/resource_index/package_run_dependencies/ros2_test_interfaces\n'}
[3.584173] (ros2_test_interfaces) StdoutLine: {'line': b'-- Installing: /home/jason/Desktop/ROS2_study/install/ros2_test_interfaces/share/ament_index/resource_index/parent_prefix_path/ros2_test_interfaces\n'}
[3.584206] (ros2_test_interfaces) StdoutLine: {'line': b'-- Up-to-date: /home/jason/Desktop/ROS2_study/install/ros2_test_interfaces/share/ros2_test_interfaces/environment/ament_prefix_path.sh\n'}
[3.584236] (ros2_test_interfaces) StdoutLine: {'line': b'-- Installing: /home/jason/Desktop/ROS2_study/install/ros2_test_interfaces/share/ros2_test_interfaces/environment/ament_prefix_path.dsv\n'}
[3.584278] (ros2_test_interfaces) StdoutLine: {'line': b'-- Up-to-date: /home/jason/Desktop/ROS2_study/install/ros2_test_interfaces/share/ros2_test_interfaces/environment/path.sh\n'}
[3.584326] (ros2_test_interfaces) StdoutLine: {'line': b'-- Installing: /home/jason/Desktop/ROS2_study/install/ros2_test_interfaces/share/ros2_test_interfaces/environment/path.dsv\n'}
[3.584359] (ros2_test_interfaces) StdoutLine: {'line': b'-- Up-to-date: /home/jason/Desktop/ROS2_study/install/ros2_test_interfaces/share/ros2_test_interfaces/local_setup.bash\n'}
[3.584392] (ros2_test_interfaces) StdoutLine: {'line': b'-- Up-to-date: /home/jason/Desktop/ROS2_study/install/ros2_test_interfaces/share/ros2_test_interfaces/local_setup.sh\n'}
[3.584436] (ros2_test_interfaces) StdoutLine: {'line': b'-- Up-to-date: /home/jason/Desktop/ROS2_study/install/ros2_test_interfaces/share/ros2_test_interfaces/local_setup.zsh\n'}
[3.584626] (ros2_test_interfaces) StdoutLine: {'line': b'-- Installing: /home/jason/Desktop/ROS2_study/install/ros2_test_interfaces/share/ros2_test_interfaces/local_setup.dsv\n'}
[3.584736] (ros2_test_interfaces) StdoutLine: {'line': b'-- Installing: /home/jason/Desktop/ROS2_study/install/ros2_test_interfaces/share/ros2_test_interfaces/package.dsv\n'}
[3.584823] (ros2_test_interfaces) StdoutLine: {'line': b'-- Up-to-date: /home/jason/Desktop/ROS2_study/install/ros2_test_interfaces/share/ament_index/resource_index/packages/ros2_test_interfaces\n'}
[3.584950] (ros2_test_interfaces) StdoutLine: {'line': b'-- Up-to-date: /home/jason/Desktop/ROS2_study/install/ros2_test_interfaces/share/ros2_test_interfaces/cmake/export_ros2_test_interfaces__rosidl_generator_cExport.cmake\n'}
[3.584994] (ros2_test_interfaces) StdoutLine: {'line': b'-- Up-to-date: /home/jason/Desktop/ROS2_study/install/ros2_test_interfaces/share/ros2_test_interfaces/cmake/export_ros2_test_interfaces__rosidl_generator_cExport-noconfig.cmake\n'}
[3.585102] (ros2_test_interfaces) StdoutLine: {'line': b'-- Up-to-date: /home/jason/Desktop/ROS2_study/install/ros2_test_interfaces/share/ros2_test_interfaces/cmake/export_ros2_test_interfaces__rosidl_typesupport_fastrtps_cExport.cmake\n'}
[3.585146] (ros2_test_interfaces) StdoutLine: {'line': b'-- Up-to-date: /home/jason/Desktop/ROS2_study/install/ros2_test_interfaces/share/ros2_test_interfaces/cmake/export_ros2_test_interfaces__rosidl_typesupport_fastrtps_cExport-noconfig.cmake\n'}
[3.585234] (ros2_test_interfaces) StdoutLine: {'line': b'-- Up-to-date: /home/jason/Desktop/ROS2_study/install/ros2_test_interfaces/share/ros2_test_interfaces/cmake/export_ros2_test_interfaces__rosidl_generator_cppExport.cmake\n'}
[3.585351] (ros2_test_interfaces) StdoutLine: {'line': b'-- Up-to-date: /home/jason/Desktop/ROS2_study/install/ros2_test_interfaces/share/ros2_test_interfaces/cmake/export_ros2_test_interfaces__rosidl_typesupport_fastrtps_cppExport.cmake\n'}
[3.585391] (ros2_test_interfaces) StdoutLine: {'line': b'-- Up-to-date: /home/jason/Desktop/ROS2_study/install/ros2_test_interfaces/share/ros2_test_interfaces/cmake/export_ros2_test_interfaces__rosidl_typesupport_fastrtps_cppExport-noconfig.cmake\n'}
[3.585487] (ros2_test_interfaces) StdoutLine: {'line': b'-- Up-to-date: /home/jason/Desktop/ROS2_study/install/ros2_test_interfaces/share/ros2_test_interfaces/cmake/ros2_test_interfaces__rosidl_typesupport_introspection_cExport.cmake\n'}
[3.585529] (ros2_test_interfaces) StdoutLine: {'line': b'-- Up-to-date: /home/jason/Desktop/ROS2_study/install/ros2_test_interfaces/share/ros2_test_interfaces/cmake/ros2_test_interfaces__rosidl_typesupport_introspection_cExport-noconfig.cmake\n'}
[3.585620] (ros2_test_interfaces) StdoutLine: {'line': b'-- Up-to-date: /home/jason/Desktop/ROS2_study/install/ros2_test_interfaces/share/ros2_test_interfaces/cmake/ros2_test_interfaces__rosidl_typesupport_cExport.cmake\n'}
[3.585658] (ros2_test_interfaces) StdoutLine: {'line': b'-- Up-to-date: /home/jason/Desktop/ROS2_study/install/ros2_test_interfaces/share/ros2_test_interfaces/cmake/ros2_test_interfaces__rosidl_typesupport_cExport-noconfig.cmake\n'}
[3.585786] (ros2_test_interfaces) StdoutLine: {'line': b'-- Up-to-date: /home/jason/Desktop/ROS2_study/install/ros2_test_interfaces/share/ros2_test_interfaces/cmake/ros2_test_interfaces__rosidl_typesupport_introspection_cppExport.cmake\n'}
[3.585835] (ros2_test_interfaces) StdoutLine: {'line': b'-- Up-to-date: /home/jason/Desktop/ROS2_study/install/ros2_test_interfaces/share/ros2_test_interfaces/cmake/ros2_test_interfaces__rosidl_typesupport_introspection_cppExport-noconfig.cmake\n'}
[3.585899] (ros2_test_interfaces) StdoutLine: {'line': b'-- Up-to-date: /home/jason/Desktop/ROS2_study/install/ros2_test_interfaces/share/ros2_test_interfaces/cmake/ros2_test_interfaces__rosidl_typesupport_cppExport.cmake\n'}
[3.585938] (ros2_test_interfaces) StdoutLine: {'line': b'-- Up-to-date: /home/jason/Desktop/ROS2_study/install/ros2_test_interfaces/share/ros2_test_interfaces/cmake/ros2_test_interfaces__rosidl_typesupport_cppExport-noconfig.cmake\n'}
[3.586031] (ros2_test_interfaces) StdoutLine: {'line': b'-- Up-to-date: /home/jason/Desktop/ROS2_study/install/ros2_test_interfaces/share/ros2_test_interfaces/cmake/export_ros2_test_interfaces__rosidl_generator_pyExport.cmake\n'}
[3.586087] (ros2_test_interfaces) StdoutLine: {'line': b'-- Up-to-date: /home/jason/Desktop/ROS2_study/install/ros2_test_interfaces/share/ros2_test_interfaces/cmake/export_ros2_test_interfaces__rosidl_generator_pyExport-noconfig.cmake\n'}
[3.586142] (ros2_test_interfaces) StdoutLine: {'line': b'-- Up-to-date: /home/jason/Desktop/ROS2_study/install/ros2_test_interfaces/share/ros2_test_interfaces/cmake/rosidl_cmake-extras.cmake\n'}
[3.586207] (ros2_test_interfaces) StdoutLine: {'line': b'-- Up-to-date: /home/jason/Desktop/ROS2_study/install/ros2_test_interfaces/share/ros2_test_interfaces/cmake/ament_cmake_export_dependencies-extras.cmake\n'}
[3.586260] (ros2_test_interfaces) StdoutLine: {'line': b'-- Up-to-date: /home/jason/Desktop/ROS2_study/install/ros2_test_interfaces/share/ros2_test_interfaces/cmake/ament_cmake_export_include_directories-extras.cmake\n'}
[3.586292] (ros2_test_interfaces) StdoutLine: {'line': b'-- Up-to-date: /home/jason/Desktop/ROS2_study/install/ros2_test_interfaces/share/ros2_test_interfaces/cmake/ament_cmake_export_libraries-extras.cmake\n'}
[3.586323] (ros2_test_interfaces) StdoutLine: {'line': b'-- Up-to-date: /home/jason/Desktop/ROS2_study/install/ros2_test_interfaces/share/ros2_test_interfaces/cmake/ament_cmake_export_targets-extras.cmake\n'}
[3.586353] (ros2_test_interfaces) StdoutLine: {'line': b'-- Up-to-date: /home/jason/Desktop/ROS2_study/install/ros2_test_interfaces/share/ros2_test_interfaces/cmake/rosidl_cmake_export_typesupport_targets-extras.cmake\n'}
[3.586384] (ros2_test_interfaces) StdoutLine: {'line': b'-- Up-to-date: /home/jason/Desktop/ROS2_study/install/ros2_test_interfaces/share/ros2_test_interfaces/cmake/rosidl_cmake_export_typesupport_libraries-extras.cmake\n'}
[3.586413] (ros2_test_interfaces) StdoutLine: {'line': b'-- Up-to-date: /home/jason/Desktop/ROS2_study/install/ros2_test_interfaces/share/ros2_test_interfaces/cmake/ros2_test_interfacesConfig.cmake\n'}
[3.586442] (ros2_test_interfaces) StdoutLine: {'line': b'-- Up-to-date: /home/jason/Desktop/ROS2_study/install/ros2_test_interfaces/share/ros2_test_interfaces/cmake/ros2_test_interfacesConfig-version.cmake\n'}
[3.586472] (ros2_test_interfaces) StdoutLine: {'line': b'-- Up-to-date: /home/jason/Desktop/ROS2_study/install/ros2_test_interfaces/share/ros2_test_interfaces/package.xml\n'}
[3.587607] (ros2_test_interfaces) JobEnded: {'identifier': 'ros2_test_interfaces', 'rc': 'SIGINT'}
[3.598025] (ros2_test_publisher) JobSkipped: {'identifier': 'ros2_test_publisher'}
[3.598068] (-) EventReactorShutdown: {}
