[01m[K/home/jason/Desktop/ROS2_study/src/ros2_test_client/src/ros2_test_client.cpp:30:5:[m[K [01;31m[Kerror: [m[Knon-static data member declared with placeholder ‘[01m[Kauto[m[K’
   30 |     [01;31m[Kauto[m[K request = std::make_shared<example_interfaces::srv::AddTwoInts::Request>();
      |     [01;31m[K^~~~[m[K
[01m[K/home/jason/Desktop/ROS2_study/src/ros2_test_client/src/ros2_test_client.cpp:31:5:[m[K [01;31m[Kerror: [m[K‘[01m[Krequest[m[K’ does not name a type
   31 |     [01;31m[Krequest[m[K->a = a;
      |     [01;31m[K^~~~~~~[m[K
[01m[K/home/jason/Desktop/ROS2_study/src/ros2_test_client/src/ros2_test_client.cpp:32:5:[m[K [01;31m[Kerror: [m[K‘[01m[Krequest[m[K’ does not name a type
   32 |     [01;31m[Krequest[m[K->b = b;
      |     [01;31m[K^~~~~~~[m[K
[01m[K/home/jason/Desktop/ROS2_study/src/ros2_test_client/src/ros2_test_client.cpp:35:5:[m[K [01;31m[Kerror: [m[K‘[01m[Kadd_ints_client[m[K’ does not name a type
   35 |     [01;31m[Kadd_ints_client[m[K->async_send_request(
      |     [01;31m[K^~~~~~~~~~~~~~~[m[K
[01m[K/home/jason/Desktop/ROS2_study/src/ros2_test_client/src/ros2_test_client.cpp:[m[K In member function ‘[01m[Kvoid Client_test01::send_request(int, int)[m[K’:
[01m[K/home/jason/Desktop/ROS2_study/src/ros2_test_client/src/ros2_test_client.cpp:20:15:[m[K [01;31m[Kerror: [m[K‘[01m[K！add_ints_client[m[K’ was not declared in this scope; did you mean ‘[01m[Kadd_ints_client[m[K’?
   20 |         while([01;31m[K！add_ints_client[m[K->wait_for_service(std::chrono::seconds(1))){
      |               [01;31m[K^~~~~~~~~~~~~~~~~[m[K
      |               [32m[Kadd_ints_client[m[K
[01m[K/home/jason/Desktop/ROS2_study/src/ros2_test_client/src/ros2_test_client.cpp:[m[K In member function ‘[01m[Kvoid Client_test01::result_callback(std::shared_ptr<example_interfaces::srv::AddTwoInts_Response_<std::allocator<void> > >)[m[K’:
[01m[K/home/jason/Desktop/ROS2_study/src/ros2_test_client/src/ros2_test_client.cpp:45:9:[m[K [01;31m[Kerror: [m[K‘[01m[Katuo[m[K’ was not declared in this scope; did you mean ‘[01m[Kauto[m[K’?
   45 |         [01;31m[Katuo[m[K response = response.get();
      |         [01;31m[K^~~~[m[K
      |         [32m[Kauto[m[K
gmake[2]: *** [CMakeFiles/ros2_test_client.dir/build.make:76：CMakeFiles/ros2_test_client.dir/src/ros2_test_client.cpp.o] 错误 1
gmake[1]: *** [CMakeFiles/Makefile2:137：CMakeFiles/ros2_test_client.dir/all] 错误 2
gmake: *** [Makefile:146：all] 错误 2
