[01m[K/home/jason/Desktop/ROS2_study/src/ros2_test_publisher/src/ros2_test_service.cpp:[m[K In constructor ‚Äò[01m[KMinimalPublisher::MinimalPublisher(std::string)[m[K‚Äô:
[01m[K/home/jason/Desktop/ROS2_study/src/ros2_test_publisher/src/ros2_test_service.cpp:33:82:[m[K [01;31m[Kerror: [m[Kno match for ‚Äò[01m[Koperator=[m[K‚Äô (operand types are ‚Äò[01m[Krclcpp::Publisher<std_msgs::msg::String_<std::allocator<void> > >::SharedPtr[m[K‚Äô {aka ‚Äò[01m[Kstd::shared_ptr<rclcpp::Publisher<std_msgs::msg::String_<std::allocator<void> > > >[m[K‚Äô} and ‚Äò[01m[Kstd::shared_ptr<rclcpp::Publisher<std_msgs::msg::UInt32_<std::allocator<void> >, std::allocator<void> > >[m[K‚Äô)
   33 |         publisher = this->create_publisher<std_msgs::msg::UInt32>("topic_name",10[01;31m[K)[m[K;//ÂàõÂª∫‰∏Ä‰∏™ÂèëÂ∏ÉËÄÖÔºåËØùÈ¢òÂêçÂ≠ó‰∏∫topic_nameÔºåÁºìÂÜ≤Âå∫Â§ßÂ∞è‰∏∫10
      |                                                                                  [01;31m[K^[m[K
In file included from [01m[K/usr/include/c++/11/memory:77[m[K,
                 from [01m[K/home/jason/Desktop/ROS2_study/install/ros2_test_interfaces/include/ros2_test_interfaces/ros2_test_interfaces/srv/detail/sell_book__struct.hpp:10[m[K,
                 from [01m[K/home/jason/Desktop/ROS2_study/install/ros2_test_interfaces/include/ros2_test_interfaces/ros2_test_interfaces/srv/sell_book.hpp:7[m[K,
                 from [01m[K/home/jason/Desktop/ROS2_study/src/ros2_test_publisher/src/ros2_test_service.cpp:9[m[K:
[01m[K/usr/include/c++/11/bits/shared_ptr.h:363:9:[m[K [01;36m[Knote: [m[Kcandidate: ‚Äò[01m[Ktemplate<class _Yp> std::shared_ptr<_Tp>::_Assignable<const std::shared_ptr<_Yp>&> std::shared_ptr<_Tp>::operator=(const std::shared_ptr<_Yp>&) [with _Yp = _Yp; _Tp = rclcpp::Publisher<std_msgs::msg::String_<std::allocator<void> > >][m[K‚Äô
  363 |         [01;36m[Koperator[m[K=(const shared_ptr<_Yp>& __r) noexcept
      |         [01;36m[K^~~~~~~~[m[K
[01m[K/usr/include/c++/11/bits/shared_ptr.h:363:9:[m[K [01;36m[Knote: [m[K  template argument deduction/substitution failed:
/usr/include/c++/11/bits/shared_ptr.h: In substitution of ‚Äò[01m[Ktemplate<class _Tp> template<class _Arg> using _Assignable = typename std::enable_if<std::is_assignable<std::__shared_ptr<_Tp>&, _Arg>::value, std::shared_ptr<_Tp>&>::type [with _Arg = const std::shared_ptr<rclcpp::Publisher<std_msgs::msg::UInt32_<std::allocator<void> >, std::allocator<void> > >&; _Tp = rclcpp::Publisher<std_msgs::msg::String_<std::allocator<void> > >][m[K‚Äô:
[01m[K/usr/include/c++/11/bits/shared_ptr.h:363:2:[m[K   required by substitution of ‚Äò[01m[Ktemplate<class _Yp> std::shared_ptr<rclcpp::Publisher<std_msgs::msg::String_<std::allocator<void> > > >::_Assignable<const std::shared_ptr<_Tp>&> std::shared_ptr<rclcpp::Publisher<std_msgs::msg::String_<std::allocator<void> > > >::operator=<_Yp>(const std::shared_ptr<_Tp>&) [with _Yp = rclcpp::Publisher<std_msgs::msg::UInt32_<std::allocator<void> >, std::allocator<void> >][m[K‚Äô
[01m[K/home/jason/Desktop/ROS2_study/src/ros2_test_publisher/src/ros2_test_service.cpp:33:82:[m[K   required from here
[01m[K/usr/include/c++/11/bits/shared_ptr.h:130:15:[m[K [01;31m[Kerror: [m[Kno type named ‚Äò[01m[Ktype[m[K‚Äô in ‚Äò[01m[Kstruct std::enable_if<false, std::shared_ptr<rclcpp::Publisher<std_msgs::msg::String_<std::allocator<void> > > >&>[m[K‚Äô
  130 |         using [01;31m[K_Assignable[m[K = typename enable_if<
      |               [01;31m[K^~~~~~~~~~~[m[K
[01m[K/usr/include/c++/11/bits/shared_ptr.h:374:9:[m[K [01;36m[Knote: [m[Kcandidate: ‚Äò[01m[Ktemplate<class _Yp> std::shared_ptr<_Tp>::_Assignable<std::auto_ptr<_Up> > std::shared_ptr<_Tp>::operator=(std::auto_ptr<_Up>&&) [with _Yp = _Yp; _Tp = rclcpp::Publisher<std_msgs::msg::String_<std::allocator<void> > >][m[K‚Äô
  374 |         [01;36m[Koperator[m[K=(auto_ptr<_Yp>&& __r)
      |         [01;36m[K^~~~~~~~[m[K
[01m[K/usr/include/c++/11/bits/shared_ptr.h:374:9:[m[K [01;36m[Knote: [m[K  template argument deduction/substitution failed:
[01m[K/home/jason/Desktop/ROS2_study/src/ros2_test_publisher/src/ros2_test_service.cpp:33:82:[m[K [01;36m[Knote: [m[K  ‚Äò[01m[Kstd::shared_ptr<rclcpp::Publisher<std_msgs::msg::UInt32_<std::allocator<void> >, std::allocator<void> > >[m[K‚Äô is not derived from ‚Äò[01m[Kstd::auto_ptr<_Up>[m[K‚Äô
   33 |         publisher = this->create_publisher<std_msgs::msg::UInt32>("topic_name",10[01;36m[K)[m[K;//ÂàõÂª∫‰∏Ä‰∏™ÂèëÂ∏ÉËÄÖÔºåËØùÈ¢òÂêçÂ≠ó‰∏∫topic_nameÔºåÁºìÂÜ≤Âå∫Â§ßÂ∞è‰∏∫10
      |                                                                                  [01;36m[K^[m[K
In file included from [01m[K/usr/include/c++/11/memory:77[m[K,
                 from [01m[K/home/jason/Desktop/ROS2_study/install/ros2_test_interfaces/include/ros2_test_interfaces/ros2_test_interfaces/srv/detail/sell_book__struct.hpp:10[m[K,
                 from [01m[K/home/jason/Desktop/ROS2_study/install/ros2_test_interfaces/include/ros2_test_interfaces/ros2_test_interfaces/srv/sell_book.hpp:7[m[K,
                 from [01m[K/home/jason/Desktop/ROS2_study/src/ros2_test_publisher/src/ros2_test_service.cpp:9[m[K:
[01m[K/usr/include/c++/11/bits/shared_ptr.h:391:9:[m[K [01;36m[Knote: [m[Kcandidate: ‚Äò[01m[Ktemplate<class _Yp> std::shared_ptr<_Tp>::_Assignable<std::shared_ptr<_Yp> > std::shared_ptr<_Tp>::operator=(std::shared_ptr<_Yp>&&) [with _Yp = _Yp; _Tp = rclcpp::Publisher<std_msgs::msg::String_<std::allocator<void> > >][m[K‚Äô
  391 |         [01;36m[Koperator[m[K=(shared_ptr<_Yp>&& __r) noexcept
      |         [01;36m[K^~~~~~~~[m[K
[01m[K/usr/include/c++/11/bits/shared_ptr.h:391:9:[m[K [01;36m[Knote: [m[K  template argument deduction/substitution failed:
/usr/include/c++/11/bits/shared_ptr.h: In substitution of ‚Äò[01m[Ktemplate<class _Tp> template<class _Arg> using _Assignable = typename std::enable_if<std::is_assignable<std::__shared_ptr<_Tp>&, _Arg>::value, std::shared_ptr<_Tp>&>::type [with _Arg = std::shared_ptr<rclcpp::Publisher<std_msgs::msg::UInt32_<std::allocator<void> >, std::allocator<void> > >; _Tp = rclcpp::Publisher<std_msgs::msg::String_<std::allocator<void> > >][m[K‚Äô:
[01m[K/usr/include/c++/11/bits/shared_ptr.h:391:2:[m[K   required by substitution of ‚Äò[01m[Ktemplate<class _Yp> std::shared_ptr<rclcpp::Publisher<std_msgs::msg::String_<std::allocator<void> > > >::_Assignable<std::shared_ptr<_Tp> > std::shared_ptr<rclcpp::Publisher<std_msgs::msg::String_<std::allocator<void> > > >::operator=<_Yp>(std::shared_ptr<_Tp>&&) [with _Yp = rclcpp::Publisher<std_msgs::msg::UInt32_<std::allocator<void> >, std::allocator<void> >][m[K‚Äô
[01m[K/home/jason/Desktop/ROS2_study/src/ros2_test_publisher/src/ros2_test_service.cpp:33:82:[m[K   required from here
[01m[K/usr/include/c++/11/bits/shared_ptr.h:130:15:[m[K [01;31m[Kerror: [m[Kno type named ‚Äò[01m[Ktype[m[K‚Äô in ‚Äò[01m[Kstruct std::enable_if<false, std::shared_ptr<rclcpp::Publisher<std_msgs::msg::String_<std::allocator<void> > > >&>[m[K‚Äô
  130 |         using [01;31m[K_Assignable[m[K = typename enable_if<
      |               [01;31m[K^~~~~~~~~~~[m[K
[01m[K/usr/include/c++/11/bits/shared_ptr.h:399:9:[m[K [01;36m[Knote: [m[Kcandidate: ‚Äò[01m[Ktemplate<class _Yp, class _Del> std::shared_ptr<_Tp>::_Assignable<std::unique_ptr<_Up, _Ep> > std::shared_ptr<_Tp>::operator=(std::unique_ptr<_Up, _Ep>&&) [with _Yp = _Yp; _Del = _Del; _Tp = rclcpp::Publisher<std_msgs::msg::String_<std::allocator<void> > >][m[K‚Äô
  399 |         [01;36m[Koperator[m[K=(unique_ptr<_Yp, _Del>&& __r)
      |         [01;36m[K^~~~~~~~[m[K
[01m[K/usr/include/c++/11/bits/shared_ptr.h:399:9:[m[K [01;36m[Knote: [m[K  template argument deduction/substitution failed:
[01m[K/home/jason/Desktop/ROS2_study/src/ros2_test_publisher/src/ros2_test_service.cpp:33:82:[m[K [01;36m[Knote: [m[K  ‚Äò[01m[Kstd::shared_ptr<rclcpp::Publisher<std_msgs::msg::UInt32_<std::allocator<void> >, std::allocator<void> > >[m[K‚Äô is not derived from ‚Äò[01m[Kstd::unique_ptr<_Tp, _Dp>[m[K‚Äô
   33 |         publisher = this->create_publisher<std_msgs::msg::UInt32>("topic_name",10[01;36m[K)[m[K;//ÂàõÂª∫‰∏Ä‰∏™ÂèëÂ∏ÉËÄÖÔºåËØùÈ¢òÂêçÂ≠ó‰∏∫topic_nameÔºåÁºìÂÜ≤Âå∫Â§ßÂ∞è‰∏∫10
      |                                                                                  [01;36m[K^[m[K
In file included from [01m[K/usr/include/c++/11/memory:77[m[K,
                 from [01m[K/home/jason/Desktop/ROS2_study/install/ros2_test_interfaces/include/ros2_test_interfaces/ros2_test_interfaces/srv/detail/sell_book__struct.hpp:10[m[K,
                 from [01m[K/home/jason/Desktop/ROS2_study/install/ros2_test_interfaces/include/ros2_test_interfaces/ros2_test_interfaces/srv/sell_book.hpp:7[m[K,
                 from [01m[K/home/jason/Desktop/ROS2_study/src/ros2_test_publisher/src/ros2_test_service.cpp:9[m[K:
[01m[K/usr/include/c++/11/bits/shared_ptr.h:359:19:[m[K [01;36m[Knote: [m[Kcandidate: ‚Äò[01m[Kstd::shared_ptr<_Tp>& std::shared_ptr<_Tp>::operator=(const std::shared_ptr<_Tp>&) [with _Tp = rclcpp::Publisher<std_msgs::msg::String_<std::allocator<void> > >][m[K‚Äô
  359 |       shared_ptr& [01;36m[Koperator[m[K=(const shared_ptr&) noexcept = default;
      |                   [01;36m[K^~~~~~~~[m[K
[01m[K/usr/include/c++/11/bits/shared_ptr.h:359:29:[m[K [01;36m[Knote: [m[K  no known conversion for argument 1 from ‚Äò[01m[Kstd::shared_ptr<rclcpp::Publisher<std_msgs::msg::UInt32_<std::allocator<void> >, std::allocator<void> > >[m[K‚Äô to ‚Äò[01m[Kconst std::shared_ptr<rclcpp::Publisher<std_msgs::msg::String_<std::allocator<void> > > >&[m[K‚Äô
  359 |       shared_ptr& operator=([01;36m[Kconst shared_ptr&[m[K) noexcept = default;
      |                             [01;36m[K^~~~~~~~~~~~~~~~~[m[K
[01m[K/usr/include/c++/11/bits/shared_ptr.h:383:7:[m[K [01;36m[Knote: [m[Kcandidate: ‚Äò[01m[Kstd::shared_ptr<_Tp>& std::shared_ptr<_Tp>::operator=(std::shared_ptr<_Tp>&&) [with _Tp = rclcpp::Publisher<std_msgs::msg::String_<std::allocator<void> > >][m[K‚Äô
  383 |       [01;36m[Koperator[m[K=(shared_ptr&& __r) noexcept
      |       [01;36m[K^~~~~~~~[m[K
[01m[K/usr/include/c++/11/bits/shared_ptr.h:383:30:[m[K [01;36m[Knote: [m[K  no known conversion for argument 1 from ‚Äò[01m[Kstd::shared_ptr<rclcpp::Publisher<std_msgs::msg::UInt32_<std::allocator<void> >, std::allocator<void> > >[m[K‚Äô to ‚Äò[01m[Kstd::shared_ptr<rclcpp::Publisher<std_msgs::msg::String_<std::allocator<void> > > >&&[m[K‚Äô
  383 |       operator=([01;36m[Kshared_ptr&& __r[m[K) noexcept
      |                 [01;36m[K~~~~~~~~~~~~~^~~[m[K
[01m[K/home/jason/Desktop/ROS2_study/src/ros2_test_publisher/src/ros2_test_service.cpp:38:135:[m[K [01;31m[Kerror: [m[K‚Äò[01m[Krequest[m[K‚Äô was not declared in this scope
   38 | mer_callback=this->create_wall_timer(std::chrono::milliseconds(1000),std::bind(&MinimalPublisher::sell_book_callback, this, [01;31m[Krequest[m[K, response),callback_group);
      |                                                                                                                             [01;31m[K^~~~~~~[m[K

[01m[K/home/jason/Desktop/ROS2_study/src/ros2_test_publisher/src/ros2_test_service.cpp:38:144:[m[K [01;31m[Kerror: [m[K‚Äò[01m[Kresponse[m[K‚Äô was not declared in this scope
   38 | ack=this->create_wall_timer(std::chrono::milliseconds(1000),std::bind(&MinimalPublisher::sell_book_callback, this, request, [01;31m[Kresponse[m[K),callback_group);
      |                                                                                                                             [01;31m[K^~~~~~~~[m[K

[01m[K/home/jason/Desktop/ROS2_study/src/ros2_test_publisher/src/ros2_test_service.cpp:[m[K In member function ‚Äò[01m[Kvoid MinimalPublisher::novel_callback(std_msgs::msg::String_<std::allocator<void> >::SharedPtr)[m[K‚Äô:
[01m[K/home/jason/Desktop/ROS2_study/src/ros2_test_publisher/src/ros2_test_service.cpp:63:27:[m[K [01;31m[Kerror: [m[Kno matching function for call to ‚Äò[01m[Krclcpp::Publisher<std_msgs::msg::String_<std::allocator<void> > >::publish(std_msgs::msg::UInt32&)[m[K‚Äô
   63 |         [01;31m[Kpublisher->publish(money)[m[K;
      |         [01;31m[K~~~~~~~~~~~~~~~~~~^~~~~~~[m[K
In file included from [01m[K/opt/ros/humble/include/rclcpp/rclcpp/topic_statistics/subscription_topic_statistics.hpp:31[m[K,
                 from [01m[K/opt/ros/humble/include/rclcpp/rclcpp/subscription.hpp:50[m[K,
                 from [01m[K/opt/ros/humble/include/rclcpp/rclcpp/any_executable.hpp:25[m[K,
                 from [01m[K/opt/ros/humble/include/rclcpp/rclcpp/memory_strategy.hpp:25[m[K,
                 from [01m[K/opt/ros/humble/include/rclcpp/rclcpp/memory_strategies.hpp:18[m[K,
                 from [01m[K/opt/ros/humble/include/rclcpp/rclcpp/executor_options.hpp:20[m[K,
                 from [01m[K/opt/ros/humble/include/rclcpp/rclcpp/executor.hpp:37[m[K,
                 from [01m[K/opt/ros/humble/include/rclcpp/rclcpp/executors/multi_threaded_executor.hpp:25[m[K,
                 from [01m[K/opt/ros/humble/include/rclcpp/rclcpp/executors.hpp:21[m[K,
                 from [01m[K/opt/ros/humble/include/rclcpp/rclcpp/rclcpp.hpp:155[m[K,
                 from [01m[K/home/jason/Desktop/ROS2_study/src/ros2_test_publisher/src/ros2_test_service.cpp:13[m[K:
[01m[K/opt/ros/humble/include/rclcpp/rclcpp/publisher.hpp:251:3:[m[K [01;36m[Knote: [m[Kcandidate: ‚Äò[01m[Ktemplate<class T> std::enable_if_t<(rosidl_generator_traits::is_message<T>::value && std::is_same<T, typename rclcpp::TypeAdapter<MessageT>::ros_message_type>::value)> rclcpp::Publisher<MessageT, AllocatorT>::publish(std::unique_ptr<T, typename std::conditional<std::is_same<typename std::allocator_traits<typename std::allocator_traits<_Allocator>::rebind_traits<typename rclcpp::TypeAdapter<MessageT, void, void>::ros_message_type>::allocator_type>::rebind_alloc<typename rclcpp::TypeAdapter<MessageT, void, void>::ros_message_type>, std::allocator<typename rclcpp::TypeAdapter<MessageT>::ros_message_type> >::value, std::default_delete<typename rclcpp::TypeAdapter<MessageT>::ros_message_type>, rclcpp::allocator::AllocatorDeleter<typename std::allocator_traits<_Allocator>::rebind_traits<typename rclcpp::TypeAdapter<MessageT, void, void>::ros_message_type>::allocator_type> >::type>) [with T = T; MessageT = std_msgs::msg::String_<std::allocator<void> >; AllocatorT = std::allocator<void>][m[K‚Äô
  251 |   [01;36m[Kpublish[m[K(std::unique_ptr<T, ROSMessageTypeDeleter> msg)
      |   [01;36m[K^~~~~~~[m[K
[01m[K/opt/ros/humble/include/rclcpp/rclcpp/publisher.hpp:251:3:[m[K [01;36m[Knote: [m[K  template argument deduction/substitution failed:
[01m[K/home/jason/Desktop/ROS2_study/src/ros2_test_publisher/src/ros2_test_service.cpp:63:27:[m[K [01;36m[Knote: [m[K  ‚Äò[01m[Kstd_msgs::msg::UInt32_<std::allocator<void> >[m[K‚Äô is not derived from ‚Äò[01m[Kstd::unique_ptr<T, std::default_delete<std_msgs::msg::String_<std::allocator<void> > > >[m[K‚Äô
   63 |         [01;36m[Kpublisher->publish(money)[m[K;
      |         [01;36m[K~~~~~~~~~~~~~~~~~~^~~~~~~[m[K
In file included from [01m[K/opt/ros/humble/include/rclcpp/rclcpp/topic_statistics/subscription_topic_statistics.hpp:31[m[K,
                 from [01m[K/opt/ros/humble/include/rclcpp/rclcpp/subscription.hpp:50[m[K,
                 from [01m[K/opt/ros/humble/include/rclcpp/rclcpp/any_executable.hpp:25[m[K,
                 from [01m[K/opt/ros/humble/include/rclcpp/rclcpp/memory_strategy.hpp:25[m[K,
                 from [01m[K/opt/ros/humble/include/rclcpp/rclcpp/memory_strategies.hpp:18[m[K,
                 from [01m[K/opt/ros/humble/include/rclcpp/rclcpp/executor_options.hpp:20[m[K,
                 from [01m[K/opt/ros/humble/include/rclcpp/rclcpp/executor.hpp:37[m[K,
                 from [01m[K/opt/ros/humble/include/rclcpp/rclcpp/executors/multi_threaded_executor.hpp:25[m[K,
                 from [01m[K/opt/ros/humble/include/rclcpp/rclcpp/executors.hpp:21[m[K,
                 from [01m[K/opt/ros/humble/include/rclcpp/rclcpp/rclcpp.hpp:155[m[K,
                 from [01m[K/home/jason/Desktop/ROS2_study/src/ros2_test_publisher/src/ros2_test_service.cpp:13[m[K:
[01m[K/opt/ros/humble/include/rclcpp/rclcpp/publisher.hpp:292:3:[m[K [01;36m[Knote: [m[Kcandidate: ‚Äò[01m[Ktemplate<class T> std::enable_if_t<(rosidl_generator_traits::is_message<T>::value && std::is_same<T, typename rclcpp::TypeAdapter<MessageT>::ros_message_type>::value)> rclcpp::Publisher<MessageT, AllocatorT>::publish(const T&) [with T = T; MessageT = std_msgs::msg::String_<std::allocator<void> >; AllocatorT = std::allocator<void>][m[K‚Äô
  292 |   [01;36m[Kpublish[m[K(const T & msg)
      |   [01;36m[K^~~~~~~[m[K
[01m[K/opt/ros/humble/include/rclcpp/rclcpp/publisher.hpp:292:3:[m[K [01;36m[Knote: [m[K  template argument deduction/substitution failed:
In file included from [01m[K/usr/include/c++/11/bits/move.h:57[m[K,
                 from [01m[K/usr/include/c++/11/bits/stl_pair.h:59[m[K,
                 from [01m[K/usr/include/c++/11/utility:70[m[K,
                 from [01m[K/usr/include/c++/11/algorithm:60[m[K,
                 from [01m[K/home/jason/Desktop/ROS2_study/install/ros2_test_interfaces/include/ros2_test_interfaces/ros2_test_interfaces/srv/detail/sell_book__struct.hpp:8[m[K,
                 from [01m[K/home/jason/Desktop/ROS2_study/install/ros2_test_interfaces/include/ros2_test_interfaces/ros2_test_interfaces/srv/sell_book.hpp:7[m[K,
                 from [01m[K/home/jason/Desktop/ROS2_study/src/ros2_test_publisher/src/ros2_test_service.cpp:9[m[K:
/usr/include/c++/11/type_traits: In substitution of ‚Äò[01m[Ktemplate<bool _Cond, class _Tp> using enable_if_t = typename std::enable_if::type [with bool _Cond = false; _Tp = void][m[K‚Äô:
[01m[K/opt/ros/humble/include/rclcpp/rclcpp/publisher.hpp:292:3:[m[K   required by substitution of ‚Äò[01m[Ktemplate<class T> std::enable_if_t<(rosidl_generator_traits::is_message<T>::value && std::is_same<T, std_msgs::msg::String_<std::allocator<void> > >::value), void> rclcpp::Publisher<std_msgs::msg::String_<std::allocator<void> > >::publish<T>(const T&) [with T = std_msgs::msg::UInt32_<std::allocator<void> >][m[K‚Äô
[01m[K/home/jason/Desktop/ROS2_study/src/ros2_test_publisher/src/ros2_test_service.cpp:63:27:[m[K   required from here
[01m[K/usr/include/c++/11/type_traits:2579:11:[m[K [01;31m[Kerror: [m[Kno type named ‚Äò[01m[Ktype[m[K‚Äô in ‚Äò[01m[Kstruct std::enable_if<false, void>[m[K‚Äô
 2579 |     using [01;31m[Kenable_if_t[m[K = typename enable_if<_Cond, _Tp>::type;
      |           [01;31m[K^~~~~~~~~~~[m[K
In file included from [01m[K/opt/ros/humble/include/rclcpp/rclcpp/topic_statistics/subscription_topic_statistics.hpp:31[m[K,
                 from [01m[K/opt/ros/humble/include/rclcpp/rclcpp/subscription.hpp:50[m[K,
                 from [01m[K/opt/ros/humble/include/rclcpp/rclcpp/any_executable.hpp:25[m[K,
                 from [01m[K/opt/ros/humble/include/rclcpp/rclcpp/memory_strategy.hpp:25[m[K,
                 from [01m[K/opt/ros/humble/include/rclcpp/rclcpp/memory_strategies.hpp:18[m[K,
                 from [01m[K/opt/ros/humble/include/rclcpp/rclcpp/executor_options.hpp:20[m[K,
                 from [01m[K/opt/ros/humble/include/rclcpp/rclcpp/executor.hpp:37[m[K,
                 from [01m[K/opt/ros/humble/include/rclcpp/rclcpp/executors/multi_threaded_executor.hpp:25[m[K,
                 from [01m[K/opt/ros/humble/include/rclcpp/rclcpp/executors.hpp:21[m[K,
                 from [01m[K/opt/ros/humble/include/rclcpp/rclcpp/rclcpp.hpp:155[m[K,
                 from [01m[K/home/jason/Desktop/ROS2_study/src/ros2_test_publisher/src/ros2_test_service.cpp:13[m[K:
[01m[K/opt/ros/humble/include/rclcpp/rclcpp/publisher.hpp:322:3:[m[K [01;36m[Knote: [m[Kcandidate: ‚Äò[01m[Ktemplate<class T> std::enable_if_t<(typename rclcpp::TypeAdapter<MessageT>::is_specialized::value && std::is_same<T, typename rclcpp::TypeAdapter<MessageT>::custom_type>::value)> rclcpp::Publisher<MessageT, AllocatorT>::publish(std::unique_ptr<T, typename std::conditional<std::is_same<typename std::allocator_traits<typename std::allocator_traits<_Allocator>::rebind_traits<typename rclcpp::TypeAdapter<MessageT, void, void>::custom_type>::allocator_type>::rebind_alloc<typename rclcpp::TypeAdapter<MessageT, void, void>::custom_type>, std::allocator<typename rclcpp::TypeAdapter<MessageT>::custom_type> >::value, std::default_delete<typename rclcpp::TypeAdapter<MessageT>::custom_type>, rclcpp::allocator::AllocatorDeleter<typename std::allocator_traits<_Allocator>::rebind_traits<typename rclcpp::TypeAdapter<MessageT, void, void>::custom_type>::allocator_type> >::type>) [with T = T; MessageT = std_msgs::msg::String_<std::allocator<void> >; AllocatorT = std::allocator<void>][m[K‚Äô
  322 |   [01;36m[Kpublish[m[K(std::unique_ptr<T, PublishedTypeDeleter> msg)
      |   [01;36m[K^~~~~~~[m[K
[01m[K/opt/ros/humble/include/rclcpp/rclcpp/publisher.hpp:322:3:[m[K [01;36m[Knote: [m[K  template argument deduction/substitution failed:
[01m[K/home/jason/Desktop/ROS2_study/src/ros2_test_publisher/src/ros2_test_service.cpp:63:27:[m[K [01;36m[Knote: [m[K  ‚Äò[01m[Kstd_msgs::msg::UInt32_<std::allocator<void> >[m[K‚Äô is not derived from ‚Äò[01m[Kstd::unique_ptr<T, std::default_delete<std_msgs::msg::String_<std::allocator<void> > > >[m[K‚Äô
   63 |         [01;36m[Kpublisher->publish(money)[m[K;
      |         [01;36m[K~~~~~~~~~~~~~~~~~~^~~~~~~[m[K
In file included from [01m[K/opt/ros/humble/include/rclcpp/rclcpp/topic_statistics/subscription_topic_statistics.hpp:31[m[K,
                 from [01m[K/opt/ros/humble/include/rclcpp/rclcpp/subscription.hpp:50[m[K,
                 from [01m[K/opt/ros/humble/include/rclcpp/rclcpp/any_executable.hpp:25[m[K,
                 from [01m[K/opt/ros/humble/include/rclcpp/rclcpp/memory_strategy.hpp:25[m[K,
                 from [01m[K/opt/ros/humble/include/rclcpp/rclcpp/memory_strategies.hpp:18[m[K,
                 from [01m[K/opt/ros/humble/include/rclcpp/rclcpp/executor_options.hpp:20[m[K,
                 from [01m[K/opt/ros/humble/include/rclcpp/rclcpp/executor.hpp:37[m[K,
                 from [01m[K/opt/ros/humble/include/rclcpp/rclcpp/executors/multi_threaded_executor.hpp:25[m[K,
                 from [01m[K/opt/ros/humble/include/rclcpp/rclcpp/executors.hpp:21[m[K,
                 from [01m[K/opt/ros/humble/include/rclcpp/rclcpp/rclcpp.hpp:155[m[K,
                 from [01m[K/home/jason/Desktop/ROS2_study/src/ros2_test_publisher/src/ros2_test_service.cpp:13[m[K:
[01m[K/opt/ros/humble/include/rclcpp/rclcpp/publisher.hpp:364:3:[m[K [01;36m[Knote: [m[Kcandidate: ‚Äò[01m[Ktemplate<class T> std::enable_if_t<(typename rclcpp::TypeAdapter<MessageT>::is_specialized::value && std::is_same<T, typename rclcpp::TypeAdapter<MessageT>::custom_type>::value)> rclcpp::Publisher<MessageT, AllocatorT>::publish(const T&) [with T = T; MessageT = std_msgs::msg::String_<std::allocator<void> >; AllocatorT = std::allocator<void>][m[K‚Äô
  364 |   [01;36m[Kpublish[m[K(const T & msg)
      |   [01;36m[K^~~~~~~[m[K
[01m[K/opt/ros/humble/include/rclcpp/rclcpp/publisher.hpp:364:3:[m[K [01;36m[Knote: [m[K  template argument deduction/substitution failed:
[01m[K/opt/ros/humble/include/rclcpp/rclcpp/publisher.hpp:383:3:[m[K [01;36m[Knote: [m[Kcandidate: ‚Äò[01m[Kvoid rclcpp::Publisher<MessageT, AllocatorT>::publish(const rcl_serialized_message_t&) [with MessageT = std_msgs::msg::String_<std::allocator<void> >; AllocatorT = std::allocator<void>; rcl_serialized_message_t = rcutils_uint8_array_s][m[K‚Äô
  383 |   [01;36m[Kpublish[m[K(const rcl_serialized_message_t & serialized_msg)
      |   [01;36m[K^~~~~~~[m[K
[01m[K/opt/ros/humble/include/rclcpp/rclcpp/publisher.hpp:383:44:[m[K [01;36m[Knote: [m[K  no known conversion for argument 1 from ‚Äò[01m[Kstd_msgs::msg::UInt32[m[K‚Äô {aka ‚Äò[01m[Kstd_msgs::msg::UInt32_<std::allocator<void> >[m[K‚Äô} to ‚Äò[01m[Kconst rcl_serialized_message_t&[m[K‚Äô {aka ‚Äò[01m[Kconst rcutils_uint8_array_s&[m[K‚Äô}
  383 |   publish([01;36m[Kconst rcl_serialized_message_t & serialized_msg[m[K)
      |           [01;36m[K~~~~~~~~~~~~~~~~~~~~~~~~~~~~~~~~~^~~~~~~~~~~~~~[m[K
[01m[K/opt/ros/humble/include/rclcpp/rclcpp/publisher.hpp:389:3:[m[K [01;36m[Knote: [m[Kcandidate: ‚Äò[01m[Kvoid rclcpp::Publisher<MessageT, AllocatorT>::publish(const rclcpp::SerializedMessage&) [with MessageT = std_msgs::msg::String_<std::allocator<void> >; AllocatorT = std::allocator<void>][m[K‚Äô
  389 |   [01;36m[Kpublish[m[K(const SerializedMessage & serialized_msg)
      |   [01;36m[K^~~~~~~[m[K
[01m[K/opt/ros/humble/include/rclcpp/rclcpp/publisher.hpp:389:37:[m[K [01;36m[Knote: [m[K  no known conversion for argument 1 from ‚Äò[01m[Kstd_msgs::msg::UInt32[m[K‚Äô {aka ‚Äò[01m[Kstd_msgs::msg::UInt32_<std::allocator<void> >[m[K‚Äô} to ‚Äò[01m[Kconst rclcpp::SerializedMessage&[m[K‚Äô
  389 |   publish([01;36m[Kconst SerializedMessage & serialized_msg[m[K)
      |           [01;36m[K~~~~~~~~~~~~~~~~~~~~~~~~~~^~~~~~~~~~~~~~[m[K
[01m[K/opt/ros/humble/include/rclcpp/rclcpp/publisher.hpp:403:3:[m[K [01;36m[Knote: [m[Kcandidate: ‚Äò[01m[Kvoid rclcpp::Publisher<MessageT, AllocatorT>::publish(rclcpp::LoanedMessage<typename rclcpp::TypeAdapter<MessageT>::ros_message_type, AllocatorT>&&) [with MessageT = std_msgs::msg::String_<std::allocator<void> >; AllocatorT = std::allocator<void>; typename rclcpp::TypeAdapter<MessageT>::ros_message_type = std_msgs::msg::String_<std::allocator<void> >][m[K‚Äô
  403 |   [01;36m[Kpublish[m[K(rclcpp::LoanedMessage<ROSMessageType, AllocatorT> && loaned_msg)
      |   [01;36m[K^~~~~~~[m[K
[01m[K/opt/ros/humble/include/rclcpp/rclcpp/publisher.hpp:403:64:[m[K [01;36m[Knote: [m[K  no known conversion for argument 1 from ‚Äò[01m[Kstd_msgs::msg::UInt32[m[K‚Äô {aka ‚Äò[01m[Kstd_msgs::msg::UInt32_<std::allocator<void> >[m[K‚Äô} to ‚Äò[01m[Krclcpp::LoanedMessage<std_msgs::msg::String_<std::allocator<void> >, std::allocator<void> >&&[m[K‚Äô
  403 |   publish([01;36m[Krclcpp::LoanedMessage<ROSMessageType, AllocatorT> && loaned_msg[m[K)
      |           [01;36m[K~~~~~~~~~~~~~~~~~~~~~~~~~~~~~~~~~~~~~~~~~~~~~~~~~~~~~^~~~~~~~~~[m[K
In file included from [01m[K/opt/ros/humble/include/rclcpp/rclcpp/logging.hpp:24[m[K,
                 from [01m[K/opt/ros/humble/include/rclcpp/rclcpp/client.hpp:40[m[K,
                 from [01m[K/opt/ros/humble/include/rclcpp/rclcpp/callback_group.hpp:24[m[K,
                 from [01m[K/opt/ros/humble/include/rclcpp/rclcpp/any_executable.hpp:20[m[K,
                 from [01m[K/opt/ros/humble/include/rclcpp/rclcpp/memory_strategy.hpp:25[m[K,
                 from [01m[K/opt/ros/humble/include/rclcpp/rclcpp/memory_strategies.hpp:18[m[K,
                 from [01m[K/opt/ros/humble/include/rclcpp/rclcpp/executor_options.hpp:20[m[K,
                 from [01m[K/opt/ros/humble/include/rclcpp/rclcpp/executor.hpp:37[m[K,
                 from [01m[K/opt/ros/humble/include/rclcpp/rclcpp/executors/multi_threaded_executor.hpp:25[m[K,
                 from [01m[K/opt/ros/humble/include/rclcpp/rclcpp/executors.hpp:21[m[K,
                 from [01m[K/opt/ros/humble/include/rclcpp/rclcpp/rclcpp.hpp:155[m[K,
                 from [01m[K/home/jason/Desktop/ROS2_study/src/ros2_test_publisher/src/ros2_test_service.cpp:13[m[K:
[01m[K/home/jason/Desktop/ROS2_study/src/ros2_test_publisher/src/ros2_test_service.cpp:[m[K In member function ‚Äò[01m[Kvoid MinimalPublisher::sell_book_callback(ros2_test_interfaces::srv::SellBook_Request_<std::allocator<void> >::SharedPtr, ros2_test_interfaces::srv::SellBook_Response_<std::allocator<void> >::SharedPtr)[m[K‚Äô:
[01m[K/home/jason/Desktop/ROS2_study/src/ros2_test_publisher/src/ros2_test_service.cpp:79:69:[m[K [01;31m[Kerror: [m[K‚Äò[01m[Kusing element_type = struct ros2_test_interfaces::srv::SellBook_Request_<std::allocator<void> >[m[K‚Äô {aka ‚Äò[01m[Kstruct ros2_test_interfaces::srv::SellBook_Request_<std::allocator<void> >[m[K‚Äô} has no member named ‚Äò[01m[Kname[m[K‚Äô
   79 |         RCLCPP_INFO(this->get_logger(), "Sell book: '%s'", request->[01;31m[Kname[m[K.c_str());
      |                                                                     [01;31m[K^~~~[m[K
[01m[K/home/jason/Desktop/ROS2_study/src/ros2_test_publisher/src/ros2_test_service.cpp:85:16:[m[K [01;35m[Kwarning: [m[Kcomparison of integer expressions of different signedness: ‚Äò[01m[Kint[m[K‚Äô and ‚Äò[01m[Kstd::queue<std::__cxx11::basic_string<char> >::size_type[m[K‚Äô {aka ‚Äò[01m[Klong unsigned int[m[K‚Äô} [[01;35m[K]8;;https://gcc.gnu.org/onlinedocs/gcc/Warning-Options.html#index-Wsign-compare-Wsign-compare]8;;[m[K]
   85 |         if([01;35m[Knum > novels_queue.size()[m[K){
      |            [01;35m[K~~~~^~~~~~~~~~~~~~~~~~~~~[m[K
[01m[K/home/jason/Desktop/ROS2_study/src/ros2_test_publisher/src/ros2_test_service.cpp:91:49:[m[K [01;31m[Kerror: [m[Kno matching function for call to ‚Äò[01m[KMinimalPublisher::create_wall_timer(std::chrono::milliseconds, std::_Bind_helper<false, void (MinimalPublisher::*)(std::shared_ptr<ros2_test_interfaces::srv::SellBook_Request_<std::allocator<void> > >, std::shared_ptr<ros2_test_interfaces::srv::SellBook_Response_<std::allocator<void> > >), MinimalPublisher*, const std::shared_ptr<ros2_test_interfaces::srv::SellBook_Request_<std::allocator<void> > >&, const std::shared_ptr<ros2_test_interfaces::srv::SellBook_Response_<std::allocator<void> > >&>::type, rclcpp::CallbackGroup::SharedPtr&)[m[K‚Äô
   91 |             auto timer = [01;31m[Kthis->create_wall_timer(std::chrono::milliseconds(1000),std::bind(&MinimalPublisher::sell_book_callback,this,request,response),callback_group)[m[K;
      |                          [01;31m[K~~~~~~~~~~~~~~~~~~~~~~~^~~~~~~~~~~~~~~~~~~~~~~~~~~~~~~~~~~~~~~~~~~~~~~~~~~~~~~~~~~~~~~~~~~~~~~~~~~~~~~~~~~~~~~~~~~~~~~~~~~~~~~~~~~~~~~~~~~~~~~[m[K
In file included from [01m[K/opt/ros/humble/include/rclcpp/rclcpp/executors/single_threaded_executor.hpp:28[m[K,
                 from [01m[K/opt/ros/humble/include/rclcpp/rclcpp/executors.hpp:22[m[K,
                 from [01m[K/opt/ros/humble/include/rclcpp/rclcpp/rclcpp.hpp:155[m[K,
                 from [01m[K/home/jason/Desktop/ROS2_study/src/ros2_test_publisher/src/ros2_test_service.cpp:13[m[K:
[01m[K/opt/ros/humble/include/rclcpp/rclcpp/node.hpp:238:3:[m[K [01;36m[Knote: [m[Kcandidate: ‚Äò[01m[Ktemplate<class DurationRepT, class DurationT, class CallbackT> typename rclcpp::WallTimer<CallbackT>::SharedPtr rclcpp::Node::create_wall_timer(std::chrono::duration<_Rep1, _Period1>, CallbackT, rclcpp::CallbackGroup::SharedPtr)[m[K‚Äô
  238 |   [01;36m[Kcreate_wall_timer[m[K(
      |   [01;36m[K^~~~~~~~~~~~~~~~~[m[K
[01m[K/opt/ros/humble/include/rclcpp/rclcpp/node.hpp:238:3:[m[K [01;36m[Knote: [m[K  template argument deduction/substitution failed:
In file included from [01m[K/opt/ros/humble/include/rclcpp/rclcpp/node.hpp:1321[m[K,
                 from [01m[K/opt/ros/humble/include/rclcpp/rclcpp/executors/single_threaded_executor.hpp:28[m[K,
                 from [01m[K/opt/ros/humble/include/rclcpp/rclcpp/executors.hpp:22[m[K,
                 from [01m[K/opt/ros/humble/include/rclcpp/rclcpp/rclcpp.hpp:155[m[K,
                 from [01m[K/home/jason/Desktop/ROS2_study/src/ros2_test_publisher/src/ros2_test_service.cpp:13[m[K:
/opt/ros/humble/include/rclcpp/rclcpp/node_impl.hpp: In substitution of ‚Äò[01m[Ktemplate<class DurationRepT, class DurationT, class CallbackT> typename rclcpp::WallTimer<CallbackT>::SharedPtr rclcpp::Node::create_wall_timer(std::chrono::duration<_Rep1, _Period1>, CallbackT, rclcpp::CallbackGroup::SharedPtr) [with DurationRepT = long int; DurationT = std::ratio<1, 1000>; CallbackT = std::_Bind<void (MinimalPublisher::*(MinimalPublisher*, std::shared_ptr<ros2_test_interfaces::srv::SellBook_Request_<std::allocator<void> > >, std::shared_ptr<ros2_test_interfaces::srv::SellBook_Response_<std::allocator<void> > >))(std::shared_ptr<ros2_test_interfaces::srv::SellBook_Request_<std::allocator<void> > >, std::shared_ptr<ros2_test_interfaces::srv::SellBook_Response_<std::allocator<void> > >)>][m[K‚Äô:
[01m[K/home/jason/Desktop/ROS2_study/src/ros2_test_publisher/src/ros2_test_service.cpp:91:49:[m[K   required from here
[01m[K/opt/ros/humble/include/rclcpp/rclcpp/node_impl.hpp:110:1:[m[K [01;31m[Kerror: [m[Kno type named ‚Äò[01m[Ktype[m[K‚Äô in ‚Äò[01m[Kstruct std::enable_if<false, void>[m[K‚Äô
  110 | [01;31m[KNode[m[K::create_wall_timer(
      | [01;31m[K^~~~[m[K
[01m[K/opt/ros/humble/include/rclcpp/rclcpp/node_impl.hpp:110:1:[m[K [01;31m[Kerror: [m[Kno type named ‚Äò[01m[Ktype[m[K‚Äô in ‚Äò[01m[Kstruct std::enable_if<false, void>[m[K‚Äô
[01m[K/opt/ros/humble/include/rclcpp/rclcpp/node_impl.hpp:110:1:[m[K [01;36m[Knote: [m[Kinvalid template non-type parameter
gmake[2]: *** [CMakeFiles/ros2_test_publisher.dir/build.make:76ÔºöCMakeFiles/ros2_test_publisher.dir/src/ros2_test_service.cpp.o] ÈîôËØØ 1
gmake[1]: *** [CMakeFiles/Makefile2:137ÔºöCMakeFiles/ros2_test_publisher.dir/all] ÈîôËØØ 2
gmake: *** [Makefile:146Ôºöall] ÈîôËØØ 2
