[0.019s] Invoking command in '/home/jason/Desktop/ROS2_study/build/ros2_test_interfaces': CMAKE_PREFIX_PATH=/opt/ros/humble /usr/bin/cmake --build /home/jason/Desktop/ROS2_study/build/ros2_test_interfaces -- -j32 -l32
[0.034s] -- Found ament_cmake: 1.3.6 (/opt/ros/humble/share/ament_cmake/cmake)
[0.241s] -- Found rclcpp: 16.0.7 (/opt/ros/humble/share/rclcpp/cmake)
[0.285s] -- Found rosidl_generator_c: 3.1.5 (/opt/ros/humble/share/rosidl_generator_c/cmake)
[0.288s] -- Found rosidl_adapter: 3.1.5 (/opt/ros/humble/share/rosidl_adapter/cmake)
[0.295s] -- Found rosidl_generator_cpp: 3.1.5 (/opt/ros/humble/share/rosidl_generator_cpp/cmake)
[0.309s] -- Using all available rosidl_typesupport_c: rosidl_typesupport_fastrtps_c;rosidl_typesupport_introspection_c
[0.332s] -- Using all available rosidl_typesupport_cpp: rosidl_typesupport_fastrtps_cpp;rosidl_typesupport_introspection_cpp
[0.393s] -- Found rmw_implementation_cmake: 6.1.1 (/opt/ros/humble/share/rmw_implementation_cmake/cmake)
[0.394s] -- Found rmw_fastrtps_cpp: 6.2.5 (/opt/ros/humble/share/rmw_fastrtps_cpp/cmake)
[0.450s] -- Using RMW implementation 'rmw_fastrtps_cpp' as default
[0.524s] -- Found sensor_msgs: 4.2.3 (/opt/ros/humble/share/sensor_msgs/cmake)
[0.583s] -- Found ament_lint_auto: 0.12.9 (/opt/ros/humble/share/ament_lint_auto/cmake)
[0.853s] [31mCMake Error at /opt/ros/humble/share/rosidl_adapter/cmake/rosidl_adapt_interfaces.cmake:59 (message):
[0.853s]   execute_process(/usr/bin/python3.10 -m rosidl_adapter --package-name
[0.853s]   ros2_test_interfaces --arguments-file
[0.853s]   /home/jason/Desktop/ROS2_study/build/ros2_test_interfaces/rosidl_adapter__arguments__ros2_test_interfaces.json
[0.853s]   --output-dir
[0.854s]   /home/jason/Desktop/ROS2_study/build/ros2_test_interfaces/rosidl_adapter/ros2_test_interfaces
[0.854s]   --output-file
[0.854s]   /home/jason/Desktop/ROS2_study/build/ros2_test_interfaces/rosidl_adapter/ros2_test_interfaces.idls)
[0.854s]   returned error code 1:
[0.854s] 
[0.854s]   Traceback (most recent call last):
[0.854s] 
[0.854s]     File "/usr/lib/python3.10/runpy.py", line 196, in _run_module_as_main
[0.854s]       return _run_code(code, main_globals, None,
[0.854s]     File "/usr/lib/python3.10/runpy.py", line 86, in _run_code
[0.854s]       exec(code, run_globals)
[0.854s]     File "/opt/ros/humble/local/lib/python3.10/dist-packages/rosidl_adapter/__main__.py", line 19, in <module>
[0.854s]       sys.exit(main())
[0.854s]     File "/opt/ros/humble/local/lib/python3.10/dist-packages/rosidl_adapter/main.py", line 53, in main
[0.854s]       abs_idl_file = convert_to_idl(
[0.854s]     File "/opt/ros/humble/local/lib/python3.10/dist-packages/rosidl_adapter/__init__.py", line 24, in convert_to_idl
[0.854s]       return convert_srv_to_idl(
[0.854s]     File "/opt/ros/humble/local/lib/python3.10/dist-packages/rosidl_adapter/srv/__init__.py", line 28, in convert_srv_to_idl
[0.854s]       srv = parse_service_string(package_name, input_file.stem, content)
[0.854s]     File "/opt/ros/humble/local/lib/python3.10/dist-packages/rosidl_adapter/parser.py", line 850, in parse_service_string
[0.854s]       raise InvalidServiceSpecification(
[0.854s] 
[0.854s]   rosidl_adapter.parser.InvalidServiceSpecification: Could not find separator
[0.854s]   '---' between request and response
[0.854s] 
[0.854s] Call Stack (most recent call first):
[0.854s]   /opt/ros/humble/share/rosidl_cmake/cmake/rosidl_generate_interfaces.cmake:130 (rosidl_adapt_interfaces)
[0.854s]   CMakeLists.txt:28 (rosidl_generate_interfaces)
[0.854s] 
[0.854s] [0m
[0.854s] -- Configuring incomplete, errors occurred!
[0.854s] See also "/home/jason/Desktop/ROS2_study/build/ros2_test_interfaces/CMakeFiles/CMakeOutput.log".
[0.858s] gmake: *** [Makefile:541ï¼šcmake_check_build_system] é”™è¯¯ 1
[0.860s] Invoked command in '/home/jason/Desktop/ROS2_study/build/ros2_test_interfaces' returned '2': CMAKE_PREFIX_PATH=/opt/ros/humble /usr/bin/cmake --build /home/jason/Desktop/ROS2_study/build/ros2_test_interfaces -- -j32 -l32
