[0.027s] Invoking command in '/home/jason/Desktop/ROS2_study/build/ros2_test_interfaces': CMAKE_PREFIX_PATH=${CMAKE_PREFIX_PATH}:/opt/ros/humble /usr/bin/cmake --build /home/jason/Desktop/ROS2_study/build/ros2_test_interfaces -- -j32 -l32
[0.040s] -- Found ament_cmake: 1.3.6 (/opt/ros/humble/share/ament_cmake/cmake)
[0.221s] -- Found sensor_msgs: 4.2.3 (/opt/ros/humble/share/sensor_msgs/cmake)
[0.261s] -- Found rosidl_generator_c: 3.1.5 (/opt/ros/humble/share/rosidl_generator_c/cmake)
[0.265s] -- Found rosidl_adapter: 3.1.5 (/opt/ros/humble/share/rosidl_adapter/cmake)
[0.273s] -- Found rosidl_generator_cpp: 3.1.5 (/opt/ros/humble/share/rosidl_generator_cpp/cmake)
[0.286s] -- Using all available rosidl_typesupport_c: rosidl_typesupport_fastrtps_c;rosidl_typesupport_introspection_c
[0.304s] -- Using all available rosidl_typesupport_cpp: rosidl_typesupport_fastrtps_cpp;rosidl_typesupport_introspection_cpp
[0.436s] -- Found rosidl_default_generators: 1.2.0 (/opt/ros/humble/share/rosidl_default_generators/cmake)
[0.560s] [31mCMake Error at /opt/ros/humble/share/rosidl_adapter/cmake/rosidl_adapt_interfaces.cmake:59 (message):
[0.560s]   execute_process(/usr/bin/python3.10 -m rosidl_adapter --package-name
[0.560s]   ros2_test_interfaces --arguments-file
[0.560s]   /home/jason/Desktop/ROS2_study/build/ros2_test_interfaces/rosidl_adapter__arguments__ros2_test_interfaces.json
[0.560s]   --output-dir
[0.560s]   /home/jason/Desktop/ROS2_study/build/ros2_test_interfaces/rosidl_adapter/ros2_test_interfaces
[0.560s]   --output-file
[0.560s]   /home/jason/Desktop/ROS2_study/build/ros2_test_interfaces/rosidl_adapter/ros2_test_interfaces.idls)
[0.560s]   returned error code 1:
[0.560s] 
[0.560s]   Error processing 'uint 32 money' of
[0.560s]   'ros2_test_interfaces/TestInterfaces_Request': ''uint' is an invalid
[0.560s]   message name.  It should have the pattern '^[A-Z][A-Za-z0-9]*$''
[0.560s] 
[0.560s]   Traceback (most recent call last):
[0.560s] 
[0.560s]     File "/usr/lib/python3.10/runpy.py", line 196, in _run_module_as_main
[0.560s]       return _run_code(code, main_globals, None,
[0.560s]     File "/usr/lib/python3.10/runpy.py", line 86, in _run_code
[0.560s]       exec(code, run_globals)
[0.560s]     File "/opt/ros/humble/local/lib/python3.10/dist-packages/rosidl_adapter/__main__.py", line 19, in <module>
[0.560s]       sys.exit(main())
[0.560s]     File "/opt/ros/humble/local/lib/python3.10/dist-packages/rosidl_adapter/main.py", line 53, in main
[0.560s]       abs_idl_file = convert_to_idl(
[0.561s]     File "/opt/ros/humble/local/lib/python3.10/dist-packages/rosidl_adapter/__init__.py", line 24, in convert_to_idl
[0.561s]       return convert_srv_to_idl(
[0.561s]     File "/opt/ros/humble/local/lib/python3.10/dist-packages/rosidl_adapter/srv/__init__.py", line 28, in convert_srv_to_idl
[0.561s]       srv = parse_service_string(package_name, input_file.stem, content)
[0.561s]     File "/opt/ros/humble/local/lib/python3.10/dist-packages/rosidl_adapter/parser.py", line 859, in parse_service_string
[0.561s]       request_message = parse_message_string(
[0.561s]     File "/opt/ros/humble/local/lib/python3.10/dist-packages/rosidl_adapter/parser.py", line 520, in parse_message_string
[0.561s]       Type(type_string, context_package_name=pkg_name),
[0.561s]     File "/opt/ros/humble/local/lib/python3.10/dist-packages/rosidl_adapter/parser.py", line 277, in __init__
[0.561s]       super(Type, self).__init__(
[0.561s]     File "/opt/ros/humble/local/lib/python3.10/dist-packages/rosidl_adapter/parser.py", line 205, in __init__
[0.561s]       raise InvalidResourceName(
[0.561s] 
[0.561s]   rosidl_adapter.parser.InvalidResourceName: 'uint' is an invalid message
[0.561s]   name.  It should have the pattern '^[A-Z][A-Za-z0-9]*$'
[0.561s] 
[0.561s] Call Stack (most recent call first):
[0.561s]   /opt/ros/humble/share/rosidl_cmake/cmake/rosidl_generate_interfaces.cmake:130 (rosidl_adapt_interfaces)
[0.561s]   CMakeLists.txt:18 (rosidl_generate_interfaces)
[0.561s] 
[0.561s] [0m
[0.561s] -- Configuring incomplete, errors occurred!
[0.561s] See also "/home/jason/Desktop/ROS2_study/build/ros2_test_interfaces/CMakeFiles/CMakeOutput.log".
[0.563s] gmake: *** [Makefile:747ï¼šcmake_check_build_system] é”™è¯¯ 1
[0.564s] Invoked command in '/home/jason/Desktop/ROS2_study/build/ros2_test_interfaces' returned '2': CMAKE_PREFIX_PATH=${CMAKE_PREFIX_PATH}:/opt/ros/humble /usr/bin/cmake --build /home/jason/Desktop/ROS2_study/build/ros2_test_interfaces -- -j32 -l32
