[0.098s] Invoking command in '/home/jason/Desktop/ROS2_study/build/ros2_test_client': CMAKE_PREFIX_PATH=/opt/ros/humble /usr/bin/cmake --build /home/jason/Desktop/ROS2_study/build/ros2_test_client -- -j32 -l32
[0.170s] [35m[1mConsolidate compiler generated dependencies of target ros2_test_client[0m
[0.197s] [ 50%] [32mBuilding CXX object CMakeFiles/ros2_test_client.dir/src/ros2_test_client.cpp.o[0m
[1.408s] [01m[K/home/jason/Desktop/ROS2_study/src/ros2_test_client/src/ros2_test_client.cpp:30:5:[m[K [01;31m[Kerror: [m[Knon-static data member declared with placeholder â€˜[01m[Kauto[m[Kâ€™
[1.408s]    30 |     [01;31m[Kauto[m[K request =
[1.408s]       |     [01;31m[K^~~~[m[K
[1.409s] [01m[K/home/jason/Desktop/ROS2_study/src/ros2_test_client/src/ros2_test_client.cpp:32:5:[m[K [01;31m[Kerror: [m[Kâ€˜[01m[Krequest[m[Kâ€™ does not name a type
[1.409s]    32 |     [01;31m[Krequest[m[K->a = a;
[1.409s]       |     [01;31m[K^~~~~~~[m[K
[1.410s] [01m[K/home/jason/Desktop/ROS2_study/src/ros2_test_client/src/ros2_test_client.cpp:33:5:[m[K [01;31m[Kerror: [m[Kâ€˜[01m[Krequest[m[Kâ€™ does not name a type
[1.410s]    33 |     [01;31m[Krequest[m[K->b = b;
[1.410s]       |     [01;31m[K^~~~~~~[m[K
[1.411s] [01m[K/home/jason/Desktop/ROS2_study/src/ros2_test_client/src/ros2_test_client.cpp:36:5:[m[K [01;31m[Kerror: [m[Kâ€˜[01m[Kadd_ints_client[m[Kâ€™ does not name a type
[1.411s]    36 |     [01;31m[Kadd_ints_client[m[K->async_send_request(
[1.411s]       |     [01;31m[K^~~~~~~~~~~~~~~[m[K
[1.724s] gmake[2]: *** [CMakeFiles/ros2_test_client.dir/build.make:76ï¼šCMakeFiles/ros2_test_client.dir/src/ros2_test_client.cpp.o] é”™è¯¯ 1
[1.725s] gmake[1]: *** [CMakeFiles/Makefile2:137ï¼šCMakeFiles/ros2_test_client.dir/all] é”™è¯¯ 2
[1.725s] gmake: *** [Makefile:146ï¼šall] é”™è¯¯ 2
[1.727s] Invoked command in '/home/jason/Desktop/ROS2_study/build/ros2_test_client' returned '2': CMAKE_PREFIX_PATH=/opt/ros/humble /usr/bin/cmake --build /home/jason/Desktop/ROS2_study/build/ros2_test_client -- -j32 -l32
