[01m[K/home/jason/Desktop/ROS2_study/src/ros2_test_client/src/ros2_test_client.cpp:[m[K In constructor â€˜[01m[KClient_test01::Client_test01(std::string)[m[Kâ€™:
[01m[K/home/jason/Desktop/ROS2_study/src/ros2_test_client/src/ros2_test_client.cpp:13:16:[m[K [01;31m[Kerror: [m[Kexpected unqualified-id before â€˜[01m[K=[m[Kâ€™ token
   13 |         timer_t[01;31m[K=[m[Kthis->create_wall_timer(std::chrono::milliseconds(500),std::bind(&Client_test01::send_request_around,this));
      |                [01;31m[K^[m[K
gmake[2]: *** [CMakeFiles/ros2_test_client.dir/build.make:76ï¼šCMakeFiles/ros2_test_client.dir/src/ros2_test_client.cpp.o] é”™è¯¯ 1
gmake[1]: *** [CMakeFiles/Makefile2:137ï¼šCMakeFiles/ros2_test_client.dir/all] é”™è¯¯ 2
gmake: *** [Makefile:146ï¼šall] é”™è¯¯ 2
