<?xml version="1.0" encoding="UTF-8"?>
<Site BuildName="(empty)"
	BuildStamp="20240114-0827-Experimental"
	Name="jason-Legion"
	Generator="ctest-3.22.1"
	CompilerName="/usr/bin/c++"
	CompilerVersion="11.4.0"
	OSName="Linux"
	Hostname="jason-Legion"
	OSRelease="6.2.0-39-generic"
	OSVersion="#40~22.04.1-Ubuntu SMP PREEMPT_DYNAMIC Thu Nov 16 10:53:04 UTC 2"
	OSPlatform="x86_64"
	Is64Bits="1"
	VendorString="GenuineIntel"
	VendorID="Intel Corporation"
	FamilyID="6"
	ModelID="183"
	ProcessorCacheSize="36864"
	NumberOfLogicalCPU="32"
	NumberOfPhysicalCPU="24"
	TotalVirtualMemory="19072"
	TotalPhysicalMemory="15719"
	LogicalProcessorsPerPhysical="1"
	ProcessorClockFrequency="4400.01"
	>
	<Testing>
		<StartDateTime>Jan 14 16:46 CST</StartDateTime>
		<StartTestTime>1705221993</StartTestTime>
		<TestList/>
		<EndDateTime>Jan 14 16:46 CST</EndDateTime>
		<EndTestTime>1705221993</EndTestTime>
		<ElapsedMinutes>0</ElapsedMinutes>
	</Testing>
</Site>
