[0.000000] (-) TimerEvent: {}
[0.000079] (-) JobUnselected: {'identifier': 'ros2_test_node'}
[0.000131] (-) JobUnselected: {'identifier': 'ros2_test_subscriber'}
[0.000143] (ros2_test_publisher) JobQueued: {'identifier': 'ros2_test_publisher', 'dependencies': OrderedDict()}
[0.000588] (ros2_test_publisher) JobStarted: {'identifier': 'ros2_test_publisher'}
[0.028017] (ros2_test_publisher) JobProgress: {'identifier': 'ros2_test_publisher', 'progress': 'cmake'}
[0.028658] (ros2_test_publisher) JobProgress: {'identifier': 'ros2_test_publisher', 'progress': 'build'}
[0.028690] (ros2_test_publisher) Command: {'cmd': ['/usr/bin/cmake', '--build', '/home/jason/Desktop/ROS2_study/build/ros2_test_publisher', '--', '-j32', '-l32'], 'cwd': '/home/jason/Desktop/ROS2_study/build/ros2_test_publisher', 'env': OrderedDict([('LESSOPEN', '| /usr/bin/lesspipe %s'), ('LANGUAGE', 'zh_CN:en'), ('USER', 'jason'), ('LC_TIME', 'zh_CN.UTF-8'), ('XDG_SESSION_TYPE', 'x11'), ('GIT_ASKPASS', '/usr/share/code/resources/app/extensions/git/dist/askpass.sh'), ('SHLVL', '2'), ('LD_LIBRARY_PATH', '/opt/ros/humble/opt/rviz_ogre_vendor/lib:/opt/ros/humble/lib/x86_64-linux-gnu:/opt/ros/humble/lib:/opt/tdt/openvino/tools/compile_tool:/opt/tdt/openvino/runtime/3rdparty/hddl/lib:/opt/tdt/openvino/runtime/lib/intel64::/opt/tdt/libhikcamera/lib64:/opt/tdt/lib:/usr/local/opencv4.7.0/lib'), ('HDDL_INSTALL_DIR', '/opt/tdt/openvino/runtime/3rdparty/hddl'), ('HOME', '/home/jason'), ('CHROME_DESKTOP', 'code-url-handler.desktop'), ('CONDA_SHLVL', '0'), ('TERM_PROGRAM_VERSION', '1.85.1'), ('DESKTOP_SESSION', 'ubuntu'), ('ROS_PYTHON_VERSION', '3'), ('GNOME_SHELL_SESSION_MODE', 'ubuntu'), ('GTK_MODULES', 'gail:atk-bridge'), ('INTEL_OPENVINO_DIR', '/opt/tdt/openvino'), ('VSCODE_GIT_ASKPASS_MAIN', '/usr/share/code/resources/app/extensions/git/dist/askpass-main.js'), ('LC_MONETARY', 'zh_CN.UTF-8'), ('VSCODE_GIT_ASKPASS_NODE', '/usr/share/code/code'), ('SYSTEMD_EXEC_PID', '1736'), ('DBUS_SESSION_BUS_ADDRESS', 'unix:path=/run/user/1000/bus'), ('COLORTERM', 'truecolor'), ('_CE_M', ''), ('IM_CONFIG_PHASE', '1'), ('COLCON_PREFIX_PATH', '/home/jason/Desktop/ROS2_study/install'), ('ROS_DISTRO', 'humble'), ('GTK_IM_MODULE', 'fcitx'), ('LOGNAME', 'jason'), ('_', '/usr/bin/colcon'), ('ROS_VERSION', '2'), ('PKG_CONFIG_PATH', '/opt/tdt/openvino/runtime/lib/intel64/pkgconfig:/opt/tdt/lib/pkgconfig:/usr/local/opencv4.7.0/lib/pkgconfig'), ('XDG_SESSION_CLASS', 'user'), ('USERNAME', 'jason'), ('TERM', 'xterm-256color'), ('GNOME_DESKTOP_SESSION_ID', 'this-is-deprecated'), ('_CE_CONDA', ''), ('ROS_LOCALHOST_ONLY', '0'), ('WINDOWPATH', '2'), ('MVCAM_SDK_PATH', '/opt/tdt/MVS'), ('PATH', '/opt/tdt/libhikcamera/cmake:/opt/tdt/lib/cmake:/opt/ros/humble/bin:/opt/tdt/libhikcamera/cmake:/opt/tdt/lib/cmake:/home/jason/miniconda3/condabin:/opt/tdt/libhikcamera/cmake:/opt/tdt/lib/cmake:/home/jason/.local/bin:/usr/local/sbin:/usr/local/bin:/usr/sbin:/usr/bin:/sbin:/bin:/usr/games:/usr/local/games:/snap/bin:/snap/bin'), ('SESSION_MANAGER', 'local/jason-Legion:@/tmp/.ICE-unix/1707,unix/jason-Legion:/tmp/.ICE-unix/1707'), ('PAPERSIZE', 'a4'), ('XDG_MENU_PREFIX', 'gnome-'), ('LC_ADDRESS', 'zh_CN.UTF-8'), ('GNOME_TERMINAL_SCREEN', '/org/gnome/Terminal/screen/103879de_8cfd_4a11_a1c6_9a75a880d2a6'), ('XDG_RUNTIME_DIR', '/run/user/1000'), ('GDK_BACKEND', 'x11'), ('DISPLAY', ':0'), ('LANG', 'zh_CN.UTF-8'), ('XDG_CURRENT_DESKTOP', 'Unity'), ('LC_TELEPHONE', 'zh_CN.UTF-8'), ('XMODIFIERS', '@im=fcitx'), ('XDG_SESSION_DESKTOP', 'ubuntu'), ('XAUTHORITY', '/run/user/1000/gdm/Xauthority'), ('LS_COLORS', 'rs=0:di=01;34:ln=01;36:mh=00:pi=40;33:so=01;35:do=01;35:bd=40;33;01:cd=40;33;01:or=40;31;01:mi=00:su=37;41:sg=30;43:ca=30;41:tw=30;42:ow=34;42:st=37;44:ex=01;32:*.tar=01;31:*.tgz=01;31:*.arc=01;31:*.arj=01;31:*.taz=01;31:*.lha=01;31:*.lz4=01;31:*.lzh=01;31:*.lzma=01;31:*.tlz=01;31:*.txz=01;31:*.tzo=01;31:*.t7z=01;31:*.zip=01;31:*.z=01;31:*.dz=01;31:*.gz=01;31:*.lrz=01;31:*.lz=01;31:*.lzo=01;31:*.xz=01;31:*.zst=01;31:*.tzst=01;31:*.bz2=01;31:*.bz=01;31:*.tbz=01;31:*.tbz2=01;31:*.tz=01;31:*.deb=01;31:*.rpm=01;31:*.jar=01;31:*.war=01;31:*.ear=01;31:*.sar=01;31:*.rar=01;31:*.alz=01;31:*.ace=01;31:*.zoo=01;31:*.cpio=01;31:*.7z=01;31:*.rz=01;31:*.cab=01;31:*.wim=01;31:*.swm=01;31:*.dwm=01;31:*.esd=01;31:*.jpg=01;35:*.jpeg=01;35:*.mjpg=01;35:*.mjpeg=01;35:*.gif=01;35:*.bmp=01;35:*.pbm=01;35:*.pgm=01;35:*.ppm=01;35:*.tga=01;35:*.xbm=01;35:*.xpm=01;35:*.tif=01;35:*.tiff=01;35:*.png=01;35:*.svg=01;35:*.svgz=01;35:*.mng=01;35:*.pcx=01;35:*.mov=01;35:*.mpg=01;35:*.mpeg=01;35:*.m2v=01;35:*.mkv=01;35:*.webm=01;35:*.webp=01;35:*.ogm=01;35:*.mp4=01;35:*.m4v=01;35:*.mp4v=01;35:*.vob=01;35:*.qt=01;35:*.nuv=01;35:*.wmv=01;35:*.asf=01;35:*.rm=01;35:*.rmvb=01;35:*.flc=01;35:*.avi=01;35:*.fli=01;35:*.flv=01;35:*.gl=01;35:*.dl=01;35:*.xcf=01;35:*.xwd=01;35:*.yuv=01;35:*.cgm=01;35:*.emf=01;35:*.ogv=01;35:*.ogx=01;35:*.aac=00;36:*.au=00;36:*.flac=00;36:*.m4a=00;36:*.mid=00;36:*.midi=00;36:*.mka=00;36:*.mp3=00;36:*.mpc=00;36:*.ogg=00;36:*.ra=00;36:*.wav=00;36:*.oga=00;36:*.opus=00;36:*.spx=00;36:*.xspf=00;36:'), ('VSCODE_GIT_IPC_HANDLE', '/run/user/1000/vscode-git-b7a0f9322e.sock'), ('GNOME_TERMINAL_SERVICE', ':1.129'), ('TERM_PROGRAM', 'vscode'), ('SSH_AGENT_LAUNCHER', 'gnome-keyring'), ('SSH_AUTH_SOCK', '/run/user/1000/keyring/ssh'), ('AMENT_PREFIX_PATH', '/home/jason/Desktop/ROS2_study/install/ros2_test_subscriber:/home/jason/Desktop/ROS2_study/install/ros2_test_publisher:/home/jason/Desktop/ROS2_study/install/ros2_test_node:/opt/ros/humble'), ('CONDA_PYTHON_EXE', '/home/jason/miniconda3/bin/python'), ('ORIGINAL_XDG_CURRENT_DESKTOP', 'ubuntu:GNOME'), ('SHELL', '/bin/bash'), ('LC_NAME', 'zh_CN.UTF-8'), ('ngraph_DIR', '/opt/tdt/openvino/runtime/cmake'), ('QT_ACCESSIBILITY', '1'), ('GDMSESSION', 'ubuntu'), ('LESSCLOSE', '/usr/bin/lesspipe %s %s'), ('LC_MEASUREMENT', 'zh_CN.UTF-8'), ('GPG_AGENT_INFO', '/run/user/1000/gnupg/S.gpg-agent:0:1'), ('InferenceEngine_DIR', '/opt/tdt/openvino/runtime/cmake'), ('LC_IDENTIFICATION', 'zh_CN.UTF-8'), ('VSCODE_GIT_ASKPASS_EXTRA_ARGS', '--ms-enable-electron-run-as-node'), ('QT_IM_MODULE', 'fcitx'), ('PWD', '/home/jason/Desktop/ROS2_study/build/ros2_test_publisher'), ('XDG_CONFIG_DIRS', '/etc/xdg/xdg-ubuntu:/etc/xdg'), ('CONDA_EXE', '/home/jason/miniconda3/bin/conda'), ('CLUTTER_IM_MODULE', 'fcitx'), ('XDG_DATA_DIRS', '/usr/share/ubuntu:/usr/share/gnome:/usr/local/share/:/usr/share/:/var/lib/snapd/desktop'), ('PYTHONPATH', '/opt/ros/humble/lib/python3.10/site-packages:/opt/ros/humble/local/lib/python3.10/dist-packages'), ('LC_NUMERIC', 'zh_CN.UTF-8'), ('LC_PAPER', 'zh_CN.UTF-8'), ('COLCON', '1'), ('VTE_VERSION', '6800'), ('OpenVINO_DIR', '/opt/tdt/openvino/runtime/cmake'), ('CMAKE_PREFIX_PATH', '/home/jason/Desktop/ROS2_study/install/ros2_test_subscriber:/home/jason/Desktop/ROS2_study/install/ros2_test_publisher:/home/jason/Desktop/ROS2_study/install/ros2_test_node:/opt/ros/humble'), ('MVCAM_COMMON_RUNENV', '/opt/tdt/MVS/lib')]), 'shell': False}
[0.048359] (ros2_test_publisher) StdoutLine: {'line': b'-- Found ament_cmake: 1.3.6 (/opt/ros/humble/share/ament_cmake/cmake)\n'}
[0.099975] (-) TimerEvent: {}
[0.200332] (-) TimerEvent: {}
[0.256231] (ros2_test_publisher) StdoutLine: {'line': b'-- Found rclcpp: 16.0.7 (/opt/ros/humble/share/rclcpp/cmake)\n'}
[0.298734] (ros2_test_publisher) StdoutLine: {'line': b'-- Found rosidl_generator_c: 3.1.5 (/opt/ros/humble/share/rosidl_generator_c/cmake)\n'}
[0.300447] (-) TimerEvent: {}
[0.301780] (ros2_test_publisher) StdoutLine: {'line': b'-- Found rosidl_adapter: 3.1.5 (/opt/ros/humble/share/rosidl_adapter/cmake)\n'}
[0.309896] (ros2_test_publisher) StdoutLine: {'line': b'-- Found rosidl_generator_cpp: 3.1.5 (/opt/ros/humble/share/rosidl_generator_cpp/cmake)\n'}
[0.327900] (ros2_test_publisher) StdoutLine: {'line': b'-- Using all available rosidl_typesupport_c: rosidl_typesupport_fastrtps_c;rosidl_typesupport_introspection_c\n'}
[0.353292] (ros2_test_publisher) StdoutLine: {'line': b'-- Using all available rosidl_typesupport_cpp: rosidl_typesupport_fastrtps_cpp;rosidl_typesupport_introspection_cpp\n'}
[0.394894] (ros2_test_publisher) StdoutLine: {'line': b'-- Found rmw_implementation_cmake: 6.1.1 (/opt/ros/humble/share/rmw_implementation_cmake/cmake)\n'}
[0.395583] (ros2_test_publisher) StdoutLine: {'line': b'-- Found rmw_fastrtps_cpp: 6.2.5 (/opt/ros/humble/share/rmw_fastrtps_cpp/cmake)\n'}
[0.400622] (-) TimerEvent: {}
[0.452385] (ros2_test_publisher) StdoutLine: {'line': b"-- Using RMW implementation 'rmw_fastrtps_cpp' as default\n"}
[0.500841] (-) TimerEvent: {}
[0.537178] (ros2_test_publisher) StdoutLine: {'line': b'-- Found ament_lint_auto: 0.12.9 (/opt/ros/humble/share/ament_lint_auto/cmake)\n'}
[0.596158] (ros2_test_publisher) StdoutLine: {'line': b"-- Added test 'cppcheck' to perform static code analysis on C / C++ code\n"}
[0.596328] (ros2_test_publisher) StdoutLine: {'line': b'-- Configured cppcheck include dirs: \n'}
[0.596396] (ros2_test_publisher) StdoutLine: {'line': b'-- Configured cppcheck exclude dirs and/or files: \n'}
[0.596644] (ros2_test_publisher) StdoutLine: {'line': b"-- Added test 'lint_cmake' to check CMake code style\n"}
[0.597187] (ros2_test_publisher) StdoutLine: {'line': b"-- Added test 'uncrustify' to check C / C++ code style\n"}
[0.597321] (ros2_test_publisher) StdoutLine: {'line': b'-- Configured uncrustify additional arguments: \n'}
[0.597523] (ros2_test_publisher) StdoutLine: {'line': b"-- Added test 'xmllint' to check XML markup files\n"}
[0.599018] (ros2_test_publisher) StdoutLine: {'line': b'-- Configuring done\n'}
[0.600900] (-) TimerEvent: {}
[0.606947] (ros2_test_publisher) StdoutLine: {'line': b'-- Generating done\n'}
[0.608569] (ros2_test_publisher) StdoutLine: {'line': b'-- Build files have been written to: /home/jason/Desktop/ROS2_study/build/ros2_test_publisher\n'}
[0.646997] (ros2_test_publisher) StdoutLine: {'line': b'\x1b[35m\x1b[1mConsolidate compiler generated dependencies of target ros2_test_publisher\x1b[0m\n'}
[0.669907] (ros2_test_publisher) StdoutLine: {'line': b'[ 50%] \x1b[32mBuilding CXX object CMakeFiles/ros2_test_publisher.dir/src/ros2_test_publisher.cpp.o\x1b[0m\n'}
[0.701025] (-) TimerEvent: {}
[0.801419] (-) TimerEvent: {}
[0.901661] (-) TimerEvent: {}
[1.002040] (-) TimerEvent: {}
[1.023798] (ros2_test_publisher) StderrLine: {'line': b'\x1b[01m\x1b[K/home/jason/Desktop/ROS2_study/src/ros2_test_publisher/src/ros2_test_publisher.cpp:15:33:\x1b[m\x1b[K \x1b[01;31m\x1b[Kerror: \x1b[m\x1b[K\xe2\x80\x98\x1b[01m\x1b[Krclcpp\x1b[m\x1b[K\xe2\x80\x99 has not been declared\n'}
[1.024163] (ros2_test_publisher) StderrLine: {'line': b'   15 | imalPublisher : public \x1b[01;31m\x1b[Krclcpp\x1b[m\x1b[K::Node\n'}
[1.024204] (ros2_test_publisher) StderrLine: {'line': b'      |                        \x1b[01;31m\x1b[K^~~~~~\x1b[m\x1b[K\n'}
[1.024231] (ros2_test_publisher) StderrLine: {'line': b'\n'}
[1.024258] (ros2_test_publisher) StderrLine: {'line': b'\x1b[01m\x1b[K/home/jason/Desktop/ROS2_study/src/ros2_test_publisher/src/ros2_test_publisher.cpp:15:41:\x1b[m\x1b[K \x1b[01;31m\x1b[Kerror: \x1b[m\x1b[Kexpected \xe2\x80\x98\x1b[01m\x1b[K{\x1b[m\x1b[K\xe2\x80\x99 before \xe2\x80\x98\x1b[01m\x1b[KNode\x1b[m\x1b[K\xe2\x80\x99\n'}
[1.024284] (ros2_test_publisher) StderrLine: {'line': b'   15 | malPublisher : public rclcpp::\x1b[01;31m\x1b[KNode\x1b[m\x1b[K\n'}
[1.024307] (ros2_test_publisher) StderrLine: {'line': b'      |                               \x1b[01;31m\x1b[K^~~~\x1b[m\x1b[K\n'}
[1.024329] (ros2_test_publisher) StderrLine: {'line': b'\n'}
[1.024350] (ros2_test_publisher) StderrLine: {'line': b'\x1b[01m\x1b[K/home/jason/Desktop/ROS2_study/src/ros2_test_publisher/src/ros2_test_publisher.cpp:17:1:\x1b[m\x1b[K \x1b[01;31m\x1b[Kerror: \x1b[m\x1b[Kexpected primary-expression before \xe2\x80\x98\x1b[01m\x1b[Kprivate\x1b[m\x1b[K\xe2\x80\x99\n'}
[1.024374] (ros2_test_publisher) StderrLine: {'line': b'   17 | \x1b[01;31m\x1b[Kprivate\x1b[m\x1b[K:\n'}
[1.024398] (ros2_test_publisher) StderrLine: {'line': b'      | \x1b[01;31m\x1b[K^~~~~~~\x1b[m\x1b[K\n'}
[1.024420] (ros2_test_publisher) StderrLine: {'line': b'\x1b[01m\x1b[K/home/jason/Desktop/ROS2_study/src/ros2_test_publisher/src/ros2_test_publisher.cpp:17:1:\x1b[m\x1b[K \x1b[01;31m\x1b[Kerror: \x1b[m\x1b[Kexpected \xe2\x80\x98\x1b[01m\x1b[K}\x1b[m\x1b[K\xe2\x80\x99 before \xe2\x80\x98\x1b[01m\x1b[Kprivate\x1b[m\x1b[K\xe2\x80\x99\n'}
[1.024448] (ros2_test_publisher) StderrLine: {'line': b'\x1b[01m\x1b[K/home/jason/Desktop/ROS2_study/src/ros2_test_publisher/src/ros2_test_publisher.cpp:16:1:\x1b[m\x1b[K \x1b[01;36m\x1b[Knote: \x1b[m\x1b[Kto match this \xe2\x80\x98\x1b[01m\x1b[K{\x1b[m\x1b[K\xe2\x80\x99\n'}
[1.024474] (ros2_test_publisher) StderrLine: {'line': b'   16 | \x1b[01;36m\x1b[K{\x1b[m\x1b[K\n'}
[1.024497] (ros2_test_publisher) StderrLine: {'line': b'      | \x1b[01;36m\x1b[K^\x1b[m\x1b[K\n'}
[1.024520] (ros2_test_publisher) StderrLine: {'line': b'\x1b[01m\x1b[K/home/jason/Desktop/ROS2_study/src/ros2_test_publisher/src/ros2_test_publisher.cpp:21:5:\x1b[m\x1b[K \x1b[01;31m\x1b[Kerror: \x1b[m\x1b[K\xe2\x80\x98\x1b[01m\x1b[Krclcpp\x1b[m\x1b[K\xe2\x80\x99 does not name a type\n'}
[1.024544] (ros2_test_publisher) StderrLine: {'line': b'   21 |     \x1b[01;31m\x1b[Krclcpp\x1b[m\x1b[K::Publisher<std_msgs::msg::UInt32>::SharedPtr publisher;\n'}
[1.024567] (ros2_test_publisher) StderrLine: {'line': b'      |     \x1b[01;31m\x1b[K^~~~~~\x1b[m\x1b[K\n'}
[1.024590] (ros2_test_publisher) StderrLine: {'line': b'\x1b[01m\x1b[K/home/jason/Desktop/ROS2_study/src/ros2_test_publisher/src/ros2_test_publisher.cpp:24:46:\x1b[m\x1b[K \x1b[01;31m\x1b[Kerror: \x1b[m\x1b[K\xe2\x80\x98\x1b[01m\x1b[KString\x1b[m\x1b[K\xe2\x80\x99 in namespace \xe2\x80\x98\x1b[01m\x1b[Kstd_msgs::msg\x1b[m\x1b[K\xe2\x80\x99 does not name a type\n'}
[1.024615] (ros2_test_publisher) StderrLine: {'line': b'   24 | k(const std_msgs::msg::\x1b[01;31m\x1b[KString\x1b[m\x1b[K::SharedPtr msg)\n'}
[1.024641] (ros2_test_publisher) StderrLine: {'line': b'      |                        \x1b[01;31m\x1b[K^~~~~~\x1b[m\x1b[K\n'}
[1.024663] (ros2_test_publisher) StderrLine: {'line': b'\n'}
[1.024686] (ros2_test_publisher) StderrLine: {'line': b'\x1b[01m\x1b[K/home/jason/Desktop/ROS2_study/src/ros2_test_publisher/src/ros2_test_publisher.cpp:24:64:\x1b[m\x1b[K \x1b[01;31m\x1b[Kerror: \x1b[m\x1b[Kexpected unqualified-id before \xe2\x80\x98\x1b[01m\x1b[Kmsg\x1b[m\x1b[K\xe2\x80\x99\n'}
[1.024708] (ros2_test_publisher) StderrLine: {'line': b'   24 | _msgs::msg::String::SharedPtr \x1b[01;31m\x1b[Kmsg\x1b[m\x1b[K)\n'}
[1.024730] (ros2_test_publisher) StderrLine: {'line': b'      |                               \x1b[01;31m\x1b[K^~~\x1b[m\x1b[K\n'}
[1.024753] (ros2_test_publisher) StderrLine: {'line': b'\n'}
[1.024775] (ros2_test_publisher) StderrLine: {'line': b'\x1b[01m\x1b[K/home/jason/Desktop/ROS2_study/src/ros2_test_publisher/src/ros2_test_publisher.cpp:24:63:\x1b[m\x1b[K \x1b[01;31m\x1b[Kerror: \x1b[m\x1b[Kexpected \xe2\x80\x98\x1b[01m\x1b[K)\x1b[m\x1b[K\xe2\x80\x99 before \xe2\x80\x98\x1b[01m\x1b[Kmsg\x1b[m\x1b[K\xe2\x80\x99\n'}
[1.024798] (ros2_test_publisher) StderrLine: {'line': b'   24 | _msgs::msg::String::SharedPtr\x1b[01;31m\x1b[K \x1b[m\x1b[K\x1b[32m\x1b[Kmsg\x1b[m\x1b[K)\n'}
[1.024824] (ros2_test_publisher) StderrLine: {'line': b'      |                              \x1b[01;31m\x1b[K^\x1b[m\x1b[K\x1b[32m\x1b[K~~~\x1b[m\x1b[K\n'}
[1.024847] (ros2_test_publisher) StderrLine: {'line': b'      |                              \x1b[32m\x1b[K)\x1b[m\x1b[K\n'}
[1.024869] (ros2_test_publisher) StderrLine: {'line': b'\x1b[01m\x1b[K/home/jason/Desktop/ROS2_study/src/ros2_test_publisher/src/ros2_test_publisher.cpp:24:64:\x1b[m\x1b[K \x1b[01;31m\x1b[Kerror: \x1b[m\x1b[Kexpected initializer before \xe2\x80\x98\x1b[01m\x1b[Kmsg\x1b[m\x1b[K\xe2\x80\x99\n'}
[1.024893] (ros2_test_publisher) StderrLine: {'line': b'   24 | _msgs::msg::String::SharedPtr \x1b[01;31m\x1b[Kmsg\x1b[m\x1b[K)\n'}
[1.024915] (ros2_test_publisher) StderrLine: {'line': b'      |                               \x1b[01;31m\x1b[K^~~\x1b[m\x1b[K\n'}
[1.024937] (ros2_test_publisher) StderrLine: {'line': b'\n'}
[1.024959] (ros2_test_publisher) StderrLine: {'line': b'\x1b[01m\x1b[K/home/jason/Desktop/ROS2_study/src/ros2_test_publisher/src/ros2_test_publisher.cpp:36:1:\x1b[m\x1b[K \x1b[01;31m\x1b[Kerror: \x1b[m\x1b[Kexpected unqualified-id before \xe2\x80\x98\x1b[01m\x1b[Kpublic\x1b[m\x1b[K\xe2\x80\x99\n'}
[1.024983] (ros2_test_publisher) StderrLine: {'line': b'   36 | \x1b[01;31m\x1b[Kpublic\x1b[m\x1b[K:\n'}
[1.025005] (ros2_test_publisher) StderrLine: {'line': b'      | \x1b[01;31m\x1b[K^~~~~~\x1b[m\x1b[K\n'}
[1.025027] (ros2_test_publisher) StderrLine: {'line': b'\x1b[01m\x1b[K/home/jason/Desktop/ROS2_study/src/ros2_test_publisher/src/ros2_test_publisher.cpp:48:1:\x1b[m\x1b[K \x1b[01;31m\x1b[Kerror: \x1b[m\x1b[Kexpected declaration before \xe2\x80\x98\x1b[01m\x1b[K}\x1b[m\x1b[K\xe2\x80\x99 token\n'}
[1.025049] (ros2_test_publisher) StderrLine: {'line': b'   48 | \x1b[01;31m\x1b[K}\x1b[m\x1b[K;\n'}
[1.025075] (ros2_test_publisher) StderrLine: {'line': b'      | \x1b[01;31m\x1b[K^\x1b[m\x1b[K\n'}
[1.025097] (ros2_test_publisher) StderrLine: {'line': b'\x1b[01m\x1b[K/home/jason/Desktop/ROS2_study/src/ros2_test_publisher/src/ros2_test_publisher.cpp:\x1b[m\x1b[K In function \xe2\x80\x98\x1b[01m\x1b[Kint main(int, char**)\x1b[m\x1b[K\xe2\x80\x99:\n'}
[1.025119] (ros2_test_publisher) StderrLine: {'line': b'\x1b[01m\x1b[K/home/jason/Desktop/ROS2_study/src/ros2_test_publisher/src/ros2_test_publisher.cpp:53:5:\x1b[m\x1b[K \x1b[01;31m\x1b[Kerror: \x1b[m\x1b[K\xe2\x80\x98\x1b[01m\x1b[Krclcpp\x1b[m\x1b[K\xe2\x80\x99 has not been declared\n'}
[1.025278] (ros2_test_publisher) StderrLine: {'line': b'   53 |     \x1b[01;31m\x1b[Krclcpp\x1b[m\x1b[K::init(argc, argv);\n'}
[1.025320] (ros2_test_publisher) StderrLine: {'line': b'      |     \x1b[01;31m\x1b[K^~~~~~\x1b[m\x1b[K\n'}
[1.025348] (ros2_test_publisher) StderrLine: {'line': b'\x1b[01m\x1b[K/home/jason/Desktop/ROS2_study/src/ros2_test_publisher/src/ros2_test_publisher.cpp:57:5:\x1b[m\x1b[K \x1b[01;31m\x1b[Kerror: \x1b[m\x1b[K\xe2\x80\x98\x1b[01m\x1b[Krclcpp\x1b[m\x1b[K\xe2\x80\x99 has not been declared\n'}
[1.025373] (ros2_test_publisher) StderrLine: {'line': b'   57 |     \x1b[01;31m\x1b[Krclcpp\x1b[m\x1b[K::spin(node);\n'}
[1.025397] (ros2_test_publisher) StderrLine: {'line': b'      |     \x1b[01;31m\x1b[K^~~~~~\x1b[m\x1b[K\n'}
[1.025420] (ros2_test_publisher) StderrLine: {'line': b'\x1b[01m\x1b[K/home/jason/Desktop/ROS2_study/src/ros2_test_publisher/src/ros2_test_publisher.cpp:59:5:\x1b[m\x1b[K \x1b[01;31m\x1b[Kerror: \x1b[m\x1b[K\xe2\x80\x98\x1b[01m\x1b[Krclcpp\x1b[m\x1b[K\xe2\x80\x99 has not been declared\n'}
[1.025448] (ros2_test_publisher) StderrLine: {'line': b'   59 |     \x1b[01;31m\x1b[Krclcpp\x1b[m\x1b[K::shutdown();\n'}
[1.025471] (ros2_test_publisher) StderrLine: {'line': b'      |     \x1b[01;31m\x1b[K^~~~~~\x1b[m\x1b[K\n'}
[1.041229] (ros2_test_publisher) StderrLine: {'line': b'In file included from \x1b[01m\x1b[K/usr/include/c++/11/unordered_map:42\x1b[m\x1b[K,\n'}
[1.041363] (ros2_test_publisher) StderrLine: {'line': b'                 from \x1b[01m\x1b[K/usr/include/c++/11/functional:61\x1b[m\x1b[K,\n'}
[1.041397] (ros2_test_publisher) StderrLine: {'line': b'                 from \x1b[01m\x1b[K/usr/include/c++/11/pstl/glue_algorithm_defs.h:13\x1b[m\x1b[K,\n'}
[1.041423] (ros2_test_publisher) StderrLine: {'line': b'                 from \x1b[01m\x1b[K/usr/include/c++/11/algorithm:74\x1b[m\x1b[K,\n'}
[1.041447] (ros2_test_publisher) StderrLine: {'line': b'                 from \x1b[01m\x1b[K/opt/ros/humble/include/std_msgs/std_msgs/msg/detail/u_int32__struct.hpp:8\x1b[m\x1b[K,\n'}
[1.041473] (ros2_test_publisher) StderrLine: {'line': b'                 from \x1b[01m\x1b[K/opt/ros/humble/include/std_msgs/std_msgs/msg/u_int32.hpp:7\x1b[m\x1b[K,\n'}
[1.041498] (ros2_test_publisher) StderrLine: {'line': b'                 from \x1b[01m\x1b[K/home/jason/Desktop/ROS2_study/src/ros2_test_publisher/src/ros2_test_publisher.cpp:8\x1b[m\x1b[K:\n'}
[1.041522] (ros2_test_publisher) StderrLine: {'line': b'/usr/include/c++/11/ext/aligned_buffer.h: In instantiation of \xe2\x80\x98\x1b[01m\x1b[Kstruct __gnu_cxx::__aligned_buffer<MinimalPublisher>\x1b[m\x1b[K\xe2\x80\x99:\n'}
[1.041546] (ros2_test_publisher) StderrLine: {'line': b'\x1b[01m\x1b[K/usr/include/c++/11/bits/shared_ptr_base.h:506:35:\x1b[m\x1b[K   required from \xe2\x80\x98\x1b[01m\x1b[Kclass std::_Sp_counted_ptr_inplace<MinimalPublisher, std::allocator<MinimalPublisher>, __gnu_cxx::_S_atomic>::_Impl\x1b[m\x1b[K\xe2\x80\x99\n'}
[1.041577] (ros2_test_publisher) StderrLine: {'line': b'\x1b[01m\x1b[K/usr/include/c++/11/bits/shared_ptr_base.h:567:13:\x1b[m\x1b[K   required from \xe2\x80\x98\x1b[01m\x1b[Kclass std::_Sp_counted_ptr_inplace<MinimalPublisher, std::allocator<MinimalPublisher>, __gnu_cxx::_S_atomic>\x1b[m\x1b[K\xe2\x80\x99\n'}
[1.041601] (ros2_test_publisher) StderrLine: {'line': b'\x1b[01m\x1b[K/usr/include/c++/11/bits/shared_ptr_base.h:647:43:\x1b[m\x1b[K   required from \xe2\x80\x98\x1b[01m\x1b[Kstd::__shared_count<_Lp>::__shared_count(_Tp*&, std::_Sp_alloc_shared_tag<_Alloc>, _Args&& ...) [with _Tp = MinimalPublisher; _Alloc = std::allocator<MinimalPublisher>; _Args = {const char (&)[20]}; __gnu_cxx::_Lock_policy _Lp = __gnu_cxx::_S_atomic]\x1b[m\x1b[K\xe2\x80\x99\n'}
[1.041628] (ros2_test_publisher) StderrLine: {'line': b'\x1b[01m\x1b[K/usr/include/c++/11/bits/shared_ptr_base.h:1342:14:\x1b[m\x1b[K   required from \xe2\x80\x98\x1b[01m\x1b[Kstd::__shared_ptr<_Tp, _Lp>::__shared_ptr(std::_Sp_alloc_shared_tag<_Tp>, _Args&& ...) [with _Alloc = std::allocator<MinimalPublisher>; _Args = {const char (&)[20]}; _Tp = MinimalPublisher; __gnu_cxx::_Lock_policy _Lp = __gnu_cxx::_S_atomic]\x1b[m\x1b[K\xe2\x80\x99\n'}
[1.041653] (ros2_test_publisher) StderrLine: {'line': b'\x1b[01m\x1b[K/usr/include/c++/11/bits/shared_ptr.h:409:59:\x1b[m\x1b[K   required from \xe2\x80\x98\x1b[01m\x1b[Kstd::shared_ptr<_Tp>::shared_ptr(std::_Sp_alloc_shared_tag<_Tp>, _Args&& ...) [with _Alloc = std::allocator<MinimalPublisher>; _Args = {const char (&)[20]}; _Tp = MinimalPublisher]\x1b[m\x1b[K\xe2\x80\x99\n'}
[1.041676] (ros2_test_publisher) StderrLine: {'line': b'\x1b[01m\x1b[K/usr/include/c++/11/bits/shared_ptr.h:862:14:\x1b[m\x1b[K   required from \xe2\x80\x98\x1b[01m\x1b[Kstd::shared_ptr<_Tp> std::allocate_shared(const _Alloc&, _Args&& ...) [with _Tp = MinimalPublisher; _Alloc = std::allocator<MinimalPublisher>; _Args = {const char (&)[20]}]\x1b[m\x1b[K\xe2\x80\x99\n'}
[1.041701] (ros2_test_publisher) StderrLine: {'line': b'\x1b[01m\x1b[K/usr/include/c++/11/bits/shared_ptr.h:878:39:\x1b[m\x1b[K   required from \xe2\x80\x98\x1b[01m\x1b[Kstd::shared_ptr<_Tp> std::make_shared(_Args&& ...) [with _Tp = MinimalPublisher; _Args = {const char (&)[20]}]\x1b[m\x1b[K\xe2\x80\x99\n'}
[1.041724] (ros2_test_publisher) StderrLine: {'line': b'\x1b[01m\x1b[K/home/jason/Desktop/ROS2_study/src/ros2_test_publisher/src/ros2_test_publisher.cpp:55:51:\x1b[m\x1b[K   required from here\n'}
[1.041747] (ros2_test_publisher) StderrLine: {'line': b'\x1b[01m\x1b[K/usr/include/c++/11/ext/aligned_buffer.h:91:28:\x1b[m\x1b[K \x1b[01;31m\x1b[Kerror: \x1b[m\x1b[Kinvalid application of \xe2\x80\x98\x1b[01m\x1b[Ksizeof\x1b[m\x1b[K\xe2\x80\x99 to incomplete type \xe2\x80\x98\x1b[01m\x1b[KMinimalPublisher\x1b[m\x1b[K\xe2\x80\x99\n'}
[1.041770] (ros2_test_publisher) StderrLine: {'line': b'   91 | : std::aligned_storage<\x1b[01;31m\x1b[Ksizeof(_Tp)\x1b[m\x1b[K, __alignof__(_Tp)>\n'}
[1.041793] (ros2_test_publisher) StderrLine: {'line': b'      |                        \x1b[01;31m\x1b[K^~~~~~~~~~~\x1b[m\x1b[K\n'}
[1.041816] (ros2_test_publisher) StderrLine: {'line': b'\n'}
[1.041839] (ros2_test_publisher) StderrLine: {'line': b'\x1b[01m\x1b[K/usr/include/c++/11/ext/aligned_buffer.h:91:28:\x1b[m\x1b[K \x1b[01;31m\x1b[Kerror: \x1b[m\x1b[Kinvalid application of \xe2\x80\x98\x1b[01m\x1b[Ksizeof\x1b[m\x1b[K\xe2\x80\x99 to incomplete type \xe2\x80\x98\x1b[01m\x1b[KMinimalPublisher\x1b[m\x1b[K\xe2\x80\x99\n'}
[1.054601] (ros2_test_publisher) StderrLine: {'line': b'gmake[2]: *** [CMakeFiles/ros2_test_publisher.dir/build.make:76\xef\xbc\x9aCMakeFiles/ros2_test_publisher.dir/src/ros2_test_publisher.cpp.o] \xe9\x94\x99\xe8\xaf\xaf 1\n'}
[1.054867] (ros2_test_publisher) StderrLine: {'line': b'gmake[1]: *** [CMakeFiles/Makefile2:137\xef\xbc\x9aCMakeFiles/ros2_test_publisher.dir/all] \xe9\x94\x99\xe8\xaf\xaf 2\n'}
[1.055018] (ros2_test_publisher) StderrLine: {'line': b'gmake: *** [Makefile:146\xef\xbc\x9aall] \xe9\x94\x99\xe8\xaf\xaf 2\n'}
[1.056942] (ros2_test_publisher) CommandEnded: {'returncode': 2}
[1.102239] (-) TimerEvent: {}
[1.170165] (ros2_test_publisher) JobEnded: {'identifier': 'ros2_test_publisher', 'rc': 2}
[1.180703] (-) EventReactorShutdown: {}
