[35m[1mConsolidate compiler generated dependencies of target ros2_test_client[0m
[ 50%] [32mBuilding CXX object CMakeFiles/ros2_test_client.dir/src/ros2_test_client.cpp.o[0m
[01m[K/home/jason/Desktop/ROS2_study/src/ros2_test_client/src/ros2_test_client.cpp:[m[K In constructor â€˜[01m[KClient_test01::Client_test01(std::string)[m[Kâ€™:
[01m[K/home/jason/Desktop/ROS2_study/src/ros2_test_client/src/ros2_test_client.cpp:13:9:[m[K [01;31m[Kerror: [m[Kâ€˜[01m[Ktimer_[m[Kâ€™ was not declared in this scope; did you mean â€˜[01m[Ktimer_t[m[Kâ€™?
   13 |         [01;31m[Ktimer_[m[K=this->create_wall_timer(std::chrono::milliseconds(500),std::bind(&Client_test01::send_request_around,this));
      |         [01;31m[K^~~~~~[m[K
      |         [32m[Ktimer_t[m[K
gmake[2]: *** [CMakeFiles/ros2_test_client.dir/build.make:76ï¼šCMakeFiles/ros2_test_client.dir/src/ros2_test_client.cpp.o] é”™è¯¯ 1
gmake[1]: *** [CMakeFiles/Makefile2:137ï¼šCMakeFiles/ros2_test_client.dir/all] é”™è¯¯ 2
gmake: *** [Makefile:146ï¼šall] é”™è¯¯ 2
