[0.021s] Invoking command in '/home/jason/Desktop/ROS2_study/build/ros2_test_parameters': CMAKE_PREFIX_PATH=/opt/ros/humble /usr/bin/cmake --build /home/jason/Desktop/ROS2_study/build/ros2_test_parameters -- -j32 -l32
[0.061s] [35m[1mConsolidate compiler generated dependencies of target ros2_test_parameters[0m
[0.103s] [ 50%] [32mBuilding CXX object CMakeFiles/ros2_test_parameters.dir/src/ros2_test_parameters.cpp.o[0m
[1.286s] [01m[K/home/jason/Desktop/ROS2_study/src/ros2_test_parameters/src/ros2_test_parameters.cpp:[m[K In constructor ‘[01m[KParameters_test01::Parameters_test01(std::string)[m[K’:
[1.286s] [01m[K/home/jason/Desktop/ROS2_study/src/ros2_test_parameters/src/ros2_test_parameters.cpp:22:23:[m[K [01;31m[Kerror: [m[Kbase operand of ‘[01m[K->[m[K’ has non-pointer type ‘[01m[Krclcpp::Logger[m[K’
[1.286s]    22 |     this->get_logger()[01;31m[K->[m[Kset_level((rclcpp::Logger::Level)log_level);//设置日志级别 含义：设置日志级别为log_level
[1.286s]       |                       [01;31m[K^~[m[K
[1.293s] [01m[K/home/jason/Desktop/ROS2_study/src/ros2_test_parameters/src/ros2_test_parameters.cpp:[m[K In function ‘[01m[Kint main(int, char**)[m[K’:
[1.293s] [01m[K/home/jason/Desktop/ROS2_study/src/ros2_test_parameters/src/ros2_test_parameters.cpp:44:14:[m[K [01;35m[Kwarning: [m[Kunused parameter ‘[01m[Kargc[m[K’ [[01;35m[K]8;;https://gcc.gnu.org/onlinedocs/gcc/Warning-Options.html#index-Wunused-parameter-Wunused-parameter]8;;[m[K]
[1.293s]    44 | int main([01;35m[Kint argc[m[K,char** argv){
[1.293s]       |          [01;35m[K~~~~^~~~[m[K
[1.293s] [01m[K/home/jason/Desktop/ROS2_study/src/ros2_test_parameters/src/ros2_test_parameters.cpp:44:26:[m[K [01;35m[Kwarning: [m[Kunused parameter ‘[01m[Kargv[m[K’ [[01;35m[K]8;;https://gcc.gnu.org/onlinedocs/gcc/Warning-Options.html#index-Wunused-parameter-Wunused-parameter]8;;[m[K]
[1.293s]    44 | int main(int argc,[01;35m[Kchar** argv[m[K){
[1.293s]       |                   [01;35m[K~~~~~~~^~~~[m[K
[1.519s] gmake[2]: *** [CMakeFiles/ros2_test_parameters.dir/build.make:76：CMakeFiles/ros2_test_parameters.dir/src/ros2_test_parameters.cpp.o] 错误 1
[1.519s] gmake[1]: *** [CMakeFiles/Makefile2:137：CMakeFiles/ros2_test_parameters.dir/all] 错误 2
[1.519s] gmake: *** [Makefile:146：all] 错误 2
[1.521s] Invoked command in '/home/jason/Desktop/ROS2_study/build/ros2_test_parameters' returned '2': CMAKE_PREFIX_PATH=/opt/ros/humble /usr/bin/cmake --build /home/jason/Desktop/ROS2_study/build/ros2_test_parameters -- -j32 -l32
