[0.000000] (-) TimerEvent: {}
[0.000764] (-) JobUnselected: {'identifier': 'ros2_test_node'}
[0.000785] (-) JobUnselected: {'identifier': 'ros2_test_subscriber'}
[0.000795] (ros2_test_publisher) JobQueued: {'identifier': 'ros2_test_publisher', 'dependencies': OrderedDict()}
[0.000805] (ros2_test_publisher) JobStarted: {'identifier': 'ros2_test_publisher'}
[0.020195] (ros2_test_publisher) JobProgress: {'identifier': 'ros2_test_publisher', 'progress': 'cmake'}
[0.021014] (ros2_test_publisher) JobProgress: {'identifier': 'ros2_test_publisher', 'progress': 'build'}
[0.021044] (ros2_test_publisher) Command: {'cmd': ['/usr/bin/cmake', '--build', '/home/jason/Desktop/ROS2_study/build/ros2_test_publisher', '--', '-j32', '-l32'], 'cwd': '/home/jason/Desktop/ROS2_study/build/ros2_test_publisher', 'env': OrderedDict([('LESSOPEN', '| /usr/bin/lesspipe %s'), ('LANGUAGE', 'zh_CN:en'), ('USER', 'jason'), ('LC_TIME', 'zh_CN.UTF-8'), ('XDG_SESSION_TYPE', 'x11'), ('GIT_ASKPASS', '/usr/share/code/resources/app/extensions/git/dist/askpass.sh'), ('SHLVL', '2'), ('LD_LIBRARY_PATH', '/opt/ros/humble/opt/rviz_ogre_vendor/lib:/opt/ros/humble/lib/x86_64-linux-gnu:/opt/ros/humble/lib:/opt/tdt/openvino/tools/compile_tool:/opt/tdt/openvino/runtime/3rdparty/hddl/lib:/opt/tdt/openvino/runtime/lib/intel64::/opt/tdt/libhikcamera/lib64:/opt/tdt/lib:/usr/local/opencv4.7.0/lib'), ('HDDL_INSTALL_DIR', '/opt/tdt/openvino/runtime/3rdparty/hddl'), ('HOME', '/home/jason'), ('CHROME_DESKTOP', 'code-url-handler.desktop'), ('CONDA_SHLVL', '0'), ('TERM_PROGRAM_VERSION', '1.85.1'), ('DESKTOP_SESSION', 'ubuntu'), ('ROS_PYTHON_VERSION', '3'), ('GNOME_SHELL_SESSION_MODE', 'ubuntu'), ('GTK_MODULES', 'gail:atk-bridge'), ('INTEL_OPENVINO_DIR', '/opt/tdt/openvino'), ('VSCODE_GIT_ASKPASS_MAIN', '/usr/share/code/resources/app/extensions/git/dist/askpass-main.js'), ('LC_MONETARY', 'zh_CN.UTF-8'), ('VSCODE_GIT_ASKPASS_NODE', '/usr/share/code/code'), ('SYSTEMD_EXEC_PID', '1738'), ('DBUS_SESSION_BUS_ADDRESS', 'unix:path=/run/user/1000/bus'), ('COLORTERM', 'truecolor'), ('_CE_M', ''), ('IM_CONFIG_PHASE', '1'), ('ROS_DISTRO', 'humble'), ('GTK_IM_MODULE', 'fcitx'), ('LOGNAME', 'jason'), ('_', '/usr/bin/colcon'), ('ROS_VERSION', '2'), ('PKG_CONFIG_PATH', '/opt/tdt/openvino/runtime/lib/intel64/pkgconfig:/opt/tdt/lib/pkgconfig:/usr/local/opencv4.7.0/lib/pkgconfig'), ('XDG_SESSION_CLASS', 'user'), ('USERNAME', 'jason'), ('TERM', 'xterm-256color'), ('GNOME_DESKTOP_SESSION_ID', 'this-is-deprecated'), ('_CE_CONDA', ''), ('ROS_LOCALHOST_ONLY', '0'), ('WINDOWPATH', '2'), ('MVCAM_SDK_PATH', '/opt/tdt/MVS'), ('PATH', '/opt/tdt/libhikcamera/cmake:/opt/tdt/lib/cmake:/opt/ros/humble/bin:/opt/tdt/libhikcamera/cmake:/opt/tdt/lib/cmake:/home/jason/miniconda3/condabin:/opt/tdt/libhikcamera/cmake:/opt/tdt/lib/cmake:/home/jason/.local/bin:/usr/local/sbin:/usr/local/bin:/usr/sbin:/usr/bin:/sbin:/bin:/usr/games:/usr/local/games:/snap/bin:/snap/bin'), ('SESSION_MANAGER', 'local/jason-Legion:@/tmp/.ICE-unix/1708,unix/jason-Legion:/tmp/.ICE-unix/1708'), ('PAPERSIZE', 'a4'), ('XDG_MENU_PREFIX', 'gnome-'), ('LC_ADDRESS', 'zh_CN.UTF-8'), ('GNOME_TERMINAL_SCREEN', '/org/gnome/Terminal/screen/723cc42e_ce93_4c08_b88d_b3502d3b1c0a'), ('XDG_RUNTIME_DIR', '/run/user/1000'), ('GDK_BACKEND', 'x11'), ('DISPLAY', ':0'), ('LANG', 'zh_CN.UTF-8'), ('XDG_CURRENT_DESKTOP', 'Unity'), ('LC_TELEPHONE', 'zh_CN.UTF-8'), ('XMODIFIERS', '@im=fcitx'), ('XDG_SESSION_DESKTOP', 'ubuntu'), ('XAUTHORITY', '/run/user/1000/gdm/Xauthority'), ('LS_COLORS', 'rs=0:di=01;34:ln=01;36:mh=00:pi=40;33:so=01;35:do=01;35:bd=40;33;01:cd=40;33;01:or=40;31;01:mi=00:su=37;41:sg=30;43:ca=30;41:tw=30;42:ow=34;42:st=37;44:ex=01;32:*.tar=01;31:*.tgz=01;31:*.arc=01;31:*.arj=01;31:*.taz=01;31:*.lha=01;31:*.lz4=01;31:*.lzh=01;31:*.lzma=01;31:*.tlz=01;31:*.txz=01;31:*.tzo=01;31:*.t7z=01;31:*.zip=01;31:*.z=01;31:*.dz=01;31:*.gz=01;31:*.lrz=01;31:*.lz=01;31:*.lzo=01;31:*.xz=01;31:*.zst=01;31:*.tzst=01;31:*.bz2=01;31:*.bz=01;31:*.tbz=01;31:*.tbz2=01;31:*.tz=01;31:*.deb=01;31:*.rpm=01;31:*.jar=01;31:*.war=01;31:*.ear=01;31:*.sar=01;31:*.rar=01;31:*.alz=01;31:*.ace=01;31:*.zoo=01;31:*.cpio=01;31:*.7z=01;31:*.rz=01;31:*.cab=01;31:*.wim=01;31:*.swm=01;31:*.dwm=01;31:*.esd=01;31:*.jpg=01;35:*.jpeg=01;35:*.mjpg=01;35:*.mjpeg=01;35:*.gif=01;35:*.bmp=01;35:*.pbm=01;35:*.pgm=01;35:*.ppm=01;35:*.tga=01;35:*.xbm=01;35:*.xpm=01;35:*.tif=01;35:*.tiff=01;35:*.png=01;35:*.svg=01;35:*.svgz=01;35:*.mng=01;35:*.pcx=01;35:*.mov=01;35:*.mpg=01;35:*.mpeg=01;35:*.m2v=01;35:*.mkv=01;35:*.webm=01;35:*.webp=01;35:*.ogm=01;35:*.mp4=01;35:*.m4v=01;35:*.mp4v=01;35:*.vob=01;35:*.qt=01;35:*.nuv=01;35:*.wmv=01;35:*.asf=01;35:*.rm=01;35:*.rmvb=01;35:*.flc=01;35:*.avi=01;35:*.fli=01;35:*.flv=01;35:*.gl=01;35:*.dl=01;35:*.xcf=01;35:*.xwd=01;35:*.yuv=01;35:*.cgm=01;35:*.emf=01;35:*.ogv=01;35:*.ogx=01;35:*.aac=00;36:*.au=00;36:*.flac=00;36:*.m4a=00;36:*.mid=00;36:*.midi=00;36:*.mka=00;36:*.mp3=00;36:*.mpc=00;36:*.ogg=00;36:*.ra=00;36:*.wav=00;36:*.oga=00;36:*.opus=00;36:*.spx=00;36:*.xspf=00;36:'), ('VSCODE_GIT_IPC_HANDLE', '/run/user/1000/vscode-git-b7a0f9322e.sock'), ('GNOME_TERMINAL_SERVICE', ':1.116'), ('TERM_PROGRAM', 'vscode'), ('SSH_AGENT_LAUNCHER', 'gnome-keyring'), ('SSH_AUTH_SOCK', '/run/user/1000/keyring/ssh'), ('AMENT_PREFIX_PATH', '/opt/ros/humble'), ('CONDA_PYTHON_EXE', '/home/jason/miniconda3/bin/python'), ('ORIGINAL_XDG_CURRENT_DESKTOP', 'ubuntu:GNOME'), ('SHELL', '/bin/bash'), ('LC_NAME', 'zh_CN.UTF-8'), ('ngraph_DIR', '/opt/tdt/openvino/runtime/cmake'), ('QT_ACCESSIBILITY', '1'), ('GDMSESSION', 'ubuntu'), ('LESSCLOSE', '/usr/bin/lesspipe %s %s'), ('LC_MEASUREMENT', 'zh_CN.UTF-8'), ('GPG_AGENT_INFO', '/run/user/1000/gnupg/S.gpg-agent:0:1'), ('InferenceEngine_DIR', '/opt/tdt/openvino/runtime/cmake'), ('LC_IDENTIFICATION', 'zh_CN.UTF-8'), ('VSCODE_GIT_ASKPASS_EXTRA_ARGS', '--ms-enable-electron-run-as-node'), ('QT_IM_MODULE', 'fcitx'), ('PWD', '/home/jason/Desktop/ROS2_study/build/ros2_test_publisher'), ('XDG_CONFIG_DIRS', '/etc/xdg/xdg-ubuntu:/etc/xdg'), ('CONDA_EXE', '/home/jason/miniconda3/bin/conda'), ('CLUTTER_IM_MODULE', 'fcitx'), ('XDG_DATA_DIRS', '/usr/share/ubuntu:/usr/share/gnome:/usr/local/share/:/usr/share/:/var/lib/snapd/desktop'), ('PYTHONPATH', '/opt/ros/humble/lib/python3.10/site-packages:/opt/ros/humble/local/lib/python3.10/dist-packages'), ('LC_NUMERIC', 'zh_CN.UTF-8'), ('LC_PAPER', 'zh_CN.UTF-8'), ('COLCON', '1'), ('VTE_VERSION', '6800'), ('OpenVINO_DIR', '/opt/tdt/openvino/runtime/cmake'), ('MVCAM_COMMON_RUNENV', '/opt/tdt/MVS/lib'), ('CMAKE_PREFIX_PATH', '/opt/ros/humble')]), 'shell': False}
[0.092872] (ros2_test_publisher) StdoutLine: {'line': b'\x1b[35m\x1b[1mConsolidate compiler generated dependencies of target ros2_test_publisher\x1b[0m\n'}
[0.100071] (-) TimerEvent: {}
[0.134414] (ros2_test_publisher) StdoutLine: {'line': b'[ 50%] \x1b[32mBuilding CXX object CMakeFiles/ros2_test_publisher.dir/src/ros2_test_publisher.cpp.o\x1b[0m\n'}
[0.200270] (-) TimerEvent: {}
[0.301072] (-) TimerEvent: {}
[0.401628] (-) TimerEvent: {}
[0.501843] (-) TimerEvent: {}
[0.602051] (-) TimerEvent: {}
[0.702287] (-) TimerEvent: {}
[0.802595] (-) TimerEvent: {}
[0.902924] (-) TimerEvent: {}
[1.003251] (-) TimerEvent: {}
[1.103510] (-) TimerEvent: {}
[1.203762] (-) TimerEvent: {}
[1.304057] (-) TimerEvent: {}
[1.404387] (-) TimerEvent: {}
[1.435862] (ros2_test_publisher) StderrLine: {'line': b'\x1b[01m\x1b[K/home/jason/Desktop/ROS2_study/src/ros2_test_publisher/src/ros2_test_publisher.cpp:\x1b[m\x1b[K In constructor \xe2\x80\x98\x1b[01m\x1b[KMinimalPublisher::MinimalPublisher(const char*)\x1b[m\x1b[K\xe2\x80\x99:\n'}
[1.436128] (ros2_test_publisher) StderrLine: {'line': b'\x1b[01m\x1b[K/home/jason/Desktop/ROS2_study/src/ros2_test_publisher/src/ros2_test_publisher.cpp:29:87:\x1b[m\x1b[K \x1b[01;31m\x1b[Kerror: \x1b[m\x1b[Kno match for \xe2\x80\x98\x1b[01m\x1b[Koperator=\x1b[m\x1b[K\xe2\x80\x99 (operand types are \xe2\x80\x98\x1b[01m\x1b[Krclcpp::Publisher<std_msgs::msg::String_<std::allocator<void> > >::SharedPtr\x1b[m\x1b[K\xe2\x80\x99 {aka \xe2\x80\x98\x1b[01m\x1b[Kstd::shared_ptr<rclcpp::Publisher<std_msgs::msg::String_<std::allocator<void> > > >\x1b[m\x1b[K\xe2\x80\x99} and \xe2\x80\x98\x1b[01m\x1b[Kstd::shared_ptr<rclcpp::Publisher<std_msgs::msg::UInt32_<std::allocator<void> >, std::allocator<void> > >\x1b[m\x1b[K\xe2\x80\x99)\n'}
[1.436175] (ros2_test_publisher) StderrLine: {'line': b'   29 | msgs::msg::UInt32>("publisher_topic",10\x1b[01;31m\x1b[K)\x1b[m\x1b[K;\n'}
[1.436205] (ros2_test_publisher) StderrLine: {'line': b'      |                                        \x1b[01;31m\x1b[K^\x1b[m\x1b[K\n'}
[1.436234] (ros2_test_publisher) StderrLine: {'line': b'\n'}
[1.436484] (ros2_test_publisher) StderrLine: {'line': b'In file included from \x1b[01m\x1b[K/usr/include/c++/11/memory:77\x1b[m\x1b[K,\n'}
[1.436566] (ros2_test_publisher) StderrLine: {'line': b'                 from \x1b[01m\x1b[K/opt/ros/humble/include/std_msgs/std_msgs/msg/detail/u_int32__struct.hpp:10\x1b[m\x1b[K,\n'}
[1.436600] (ros2_test_publisher) StderrLine: {'line': b'                 from \x1b[01m\x1b[K/opt/ros/humble/include/std_msgs/std_msgs/msg/u_int32.hpp:7\x1b[m\x1b[K,\n'}
[1.436807] (ros2_test_publisher) StderrLine: {'line': b'                 from \x1b[01m\x1b[K/home/jason/Desktop/ROS2_study/src/ros2_test_publisher/src/ros2_test_publisher.cpp:8\x1b[m\x1b[K:\n'}
[1.436856] (ros2_test_publisher) StderrLine: {'line': b'\x1b[01m\x1b[K/usr/include/c++/11/bits/shared_ptr.h:363:9:\x1b[m\x1b[K \x1b[01;36m\x1b[Knote: \x1b[m\x1b[Kcandidate: \xe2\x80\x98\x1b[01m\x1b[Ktemplate<class _Yp> std::shared_ptr<_Tp>::_Assignable<const std::shared_ptr<_Yp>&> std::shared_ptr<_Tp>::operator=(const std::shared_ptr<_Yp>&) [with _Yp = _Yp; _Tp = rclcpp::Publisher<std_msgs::msg::String_<std::allocator<void> > >]\x1b[m\x1b[K\xe2\x80\x99\n'}
[1.436893] (ros2_test_publisher) StderrLine: {'line': b'  363 |         \x1b[01;36m\x1b[Koperator\x1b[m\x1b[K=(const shared_ptr<_Yp>& __r) noexcept\n'}
[1.436923] (ros2_test_publisher) StderrLine: {'line': b'      |         \x1b[01;36m\x1b[K^~~~~~~~\x1b[m\x1b[K\n'}
[1.436953] (ros2_test_publisher) StderrLine: {'line': b'\x1b[01m\x1b[K/usr/include/c++/11/bits/shared_ptr.h:363:9:\x1b[m\x1b[K \x1b[01;36m\x1b[Knote: \x1b[m\x1b[K  template argument deduction/substitution failed:\n'}
[1.436980] (ros2_test_publisher) StderrLine: {'line': b'/usr/include/c++/11/bits/shared_ptr.h: In substitution of \xe2\x80\x98\x1b[01m\x1b[Ktemplate<class _Tp> template<class _Arg> using _Assignable = typename std::enable_if<std::is_assignable<std::__shared_ptr<_Tp>&, _Arg>::value, std::shared_ptr<_Tp>&>::type [with _Arg = const std::shared_ptr<rclcpp::Publisher<std_msgs::msg::UInt32_<std::allocator<void> >, std::allocator<void> > >&; _Tp = rclcpp::Publisher<std_msgs::msg::String_<std::allocator<void> > >]\x1b[m\x1b[K\xe2\x80\x99:\n'}
[1.437008] (ros2_test_publisher) StderrLine: {'line': b'\x1b[01m\x1b[K/usr/include/c++/11/bits/shared_ptr.h:363:2:\x1b[m\x1b[K   required by substitution of \xe2\x80\x98\x1b[01m\x1b[Ktemplate<class _Yp> std::shared_ptr<rclcpp::Publisher<std_msgs::msg::String_<std::allocator<void> > > >::_Assignable<const std::shared_ptr<_Tp>&> std::shared_ptr<rclcpp::Publisher<std_msgs::msg::String_<std::allocator<void> > > >::operator=<_Yp>(const std::shared_ptr<_Tp>&) [with _Yp = rclcpp::Publisher<std_msgs::msg::UInt32_<std::allocator<void> >, std::allocator<void> >]\x1b[m\x1b[K\xe2\x80\x99\n'}
[1.437036] (ros2_test_publisher) StderrLine: {'line': b'\x1b[01m\x1b[K/home/jason/Desktop/ROS2_study/src/ros2_test_publisher/src/ros2_test_publisher.cpp:29:87:\x1b[m\x1b[K   required from here\n'}
[1.437063] (ros2_test_publisher) StderrLine: {'line': b'\x1b[01m\x1b[K/usr/include/c++/11/bits/shared_ptr.h:130:15:\x1b[m\x1b[K \x1b[01;31m\x1b[Kerror: \x1b[m\x1b[Kno type named \xe2\x80\x98\x1b[01m\x1b[Ktype\x1b[m\x1b[K\xe2\x80\x99 in \xe2\x80\x98\x1b[01m\x1b[Kstruct std::enable_if<false, std::shared_ptr<rclcpp::Publisher<std_msgs::msg::String_<std::allocator<void> > > >&>\x1b[m\x1b[K\xe2\x80\x99\n'}
[1.437091] (ros2_test_publisher) StderrLine: {'line': b'  130 |         using \x1b[01;31m\x1b[K_Assignable\x1b[m\x1b[K = typename enable_if<\n'}
[1.437116] (ros2_test_publisher) StderrLine: {'line': b'      |               \x1b[01;31m\x1b[K^~~~~~~~~~~\x1b[m\x1b[K\n'}
[1.437146] (ros2_test_publisher) StderrLine: {'line': b'\x1b[01m\x1b[K/usr/include/c++/11/bits/shared_ptr.h:374:9:\x1b[m\x1b[K \x1b[01;36m\x1b[Knote: \x1b[m\x1b[Kcandidate: \xe2\x80\x98\x1b[01m\x1b[Ktemplate<class _Yp> std::shared_ptr<_Tp>::_Assignable<std::auto_ptr<_Up> > std::shared_ptr<_Tp>::operator=(std::auto_ptr<_Up>&&) [with _Yp = _Yp; _Tp = rclcpp::Publisher<std_msgs::msg::String_<std::allocator<void> > >]\x1b[m\x1b[K\xe2\x80\x99\n'}
[1.437176] (ros2_test_publisher) StderrLine: {'line': b'  374 |         \x1b[01;36m\x1b[Koperator\x1b[m\x1b[K=(auto_ptr<_Yp>&& __r)\n'}
[1.437201] (ros2_test_publisher) StderrLine: {'line': b'      |         \x1b[01;36m\x1b[K^~~~~~~~\x1b[m\x1b[K\n'}
[1.437226] (ros2_test_publisher) StderrLine: {'line': b'\x1b[01m\x1b[K/usr/include/c++/11/bits/shared_ptr.h:374:9:\x1b[m\x1b[K \x1b[01;36m\x1b[Knote: \x1b[m\x1b[K  template argument deduction/substitution failed:\n'}
[1.437251] (ros2_test_publisher) StderrLine: {'line': b'\x1b[01m\x1b[K/home/jason/Desktop/ROS2_study/src/ros2_test_publisher/src/ros2_test_publisher.cpp:29:87:\x1b[m\x1b[K \x1b[01;36m\x1b[Knote: \x1b[m\x1b[K  \xe2\x80\x98\x1b[01m\x1b[Kstd::shared_ptr<rclcpp::Publisher<std_msgs::msg::UInt32_<std::allocator<void> >, std::allocator<void> > >\x1b[m\x1b[K\xe2\x80\x99 is not derived from \xe2\x80\x98\x1b[01m\x1b[Kstd::auto_ptr<_Up>\x1b[m\x1b[K\xe2\x80\x99\n'}
[1.437280] (ros2_test_publisher) StderrLine: {'line': b'   29 | msgs::msg::UInt32>("publisher_topic",10\x1b[01;36m\x1b[K)\x1b[m\x1b[K;\n'}
[1.437305] (ros2_test_publisher) StderrLine: {'line': b'      |                                        \x1b[01;36m\x1b[K^\x1b[m\x1b[K\n'}
[1.437330] (ros2_test_publisher) StderrLine: {'line': b'\n'}
[1.437355] (ros2_test_publisher) StderrLine: {'line': b'In file included from \x1b[01m\x1b[K/usr/include/c++/11/memory:77\x1b[m\x1b[K,\n'}
[1.437382] (ros2_test_publisher) StderrLine: {'line': b'                 from \x1b[01m\x1b[K/opt/ros/humble/include/std_msgs/std_msgs/msg/detail/u_int32__struct.hpp:10\x1b[m\x1b[K,\n'}
[1.437407] (ros2_test_publisher) StderrLine: {'line': b'                 from \x1b[01m\x1b[K/opt/ros/humble/include/std_msgs/std_msgs/msg/u_int32.hpp:7\x1b[m\x1b[K,\n'}
[1.437432] (ros2_test_publisher) StderrLine: {'line': b'                 from \x1b[01m\x1b[K/home/jason/Desktop/ROS2_study/src/ros2_test_publisher/src/ros2_test_publisher.cpp:8\x1b[m\x1b[K:\n'}
[1.437456] (ros2_test_publisher) StderrLine: {'line': b'\x1b[01m\x1b[K/usr/include/c++/11/bits/shared_ptr.h:391:9:\x1b[m\x1b[K \x1b[01;36m\x1b[Knote: \x1b[m\x1b[Kcandidate: \xe2\x80\x98\x1b[01m\x1b[Ktemplate<class _Yp> std::shared_ptr<_Tp>::_Assignable<std::shared_ptr<_Yp> > std::shared_ptr<_Tp>::operator=(std::shared_ptr<_Yp>&&) [with _Yp = _Yp; _Tp = rclcpp::Publisher<std_msgs::msg::String_<std::allocator<void> > >]\x1b[m\x1b[K\xe2\x80\x99\n'}
[1.437485] (ros2_test_publisher) StderrLine: {'line': b'  391 |         \x1b[01;36m\x1b[Koperator\x1b[m\x1b[K=(shared_ptr<_Yp>&& __r) noexcept\n'}
[1.437510] (ros2_test_publisher) StderrLine: {'line': b'      |         \x1b[01;36m\x1b[K^~~~~~~~\x1b[m\x1b[K\n'}
[1.437535] (ros2_test_publisher) StderrLine: {'line': b'\x1b[01m\x1b[K/usr/include/c++/11/bits/shared_ptr.h:391:9:\x1b[m\x1b[K \x1b[01;36m\x1b[Knote: \x1b[m\x1b[K  template argument deduction/substitution failed:\n'}
[1.437560] (ros2_test_publisher) StderrLine: {'line': b'/usr/include/c++/11/bits/shared_ptr.h: In substitution of \xe2\x80\x98\x1b[01m\x1b[Ktemplate<class _Tp> template<class _Arg> using _Assignable = typename std::enable_if<std::is_assignable<std::__shared_ptr<_Tp>&, _Arg>::value, std::shared_ptr<_Tp>&>::type [with _Arg = std::shared_ptr<rclcpp::Publisher<std_msgs::msg::UInt32_<std::allocator<void> >, std::allocator<void> > >; _Tp = rclcpp::Publisher<std_msgs::msg::String_<std::allocator<void> > >]\x1b[m\x1b[K\xe2\x80\x99:\n'}
[1.437587] (ros2_test_publisher) StderrLine: {'line': b'\x1b[01m\x1b[K/usr/include/c++/11/bits/shared_ptr.h:391:2:\x1b[m\x1b[K   required by substitution of \xe2\x80\x98\x1b[01m\x1b[Ktemplate<class _Yp> std::shared_ptr<rclcpp::Publisher<std_msgs::msg::String_<std::allocator<void> > > >::_Assignable<std::shared_ptr<_Tp> > std::shared_ptr<rclcpp::Publisher<std_msgs::msg::String_<std::allocator<void> > > >::operator=<_Yp>(std::shared_ptr<_Tp>&&) [with _Yp = rclcpp::Publisher<std_msgs::msg::UInt32_<std::allocator<void> >, std::allocator<void> >]\x1b[m\x1b[K\xe2\x80\x99\n'}
[1.437617] (ros2_test_publisher) StderrLine: {'line': b'\x1b[01m\x1b[K/home/jason/Desktop/ROS2_study/src/ros2_test_publisher/src/ros2_test_publisher.cpp:29:87:\x1b[m\x1b[K   required from here\n'}
[1.437643] (ros2_test_publisher) StderrLine: {'line': b'\x1b[01m\x1b[K/usr/include/c++/11/bits/shared_ptr.h:130:15:\x1b[m\x1b[K \x1b[01;31m\x1b[Kerror: \x1b[m\x1b[Kno type named \xe2\x80\x98\x1b[01m\x1b[Ktype\x1b[m\x1b[K\xe2\x80\x99 in \xe2\x80\x98\x1b[01m\x1b[Kstruct std::enable_if<false, std::shared_ptr<rclcpp::Publisher<std_msgs::msg::String_<std::allocator<void> > > >&>\x1b[m\x1b[K\xe2\x80\x99\n'}
[1.437668] (ros2_test_publisher) StderrLine: {'line': b'  130 |         using \x1b[01;31m\x1b[K_Assignable\x1b[m\x1b[K = typename enable_if<\n'}
[1.437693] (ros2_test_publisher) StderrLine: {'line': b'      |               \x1b[01;31m\x1b[K^~~~~~~~~~~\x1b[m\x1b[K\n'}
[1.437718] (ros2_test_publisher) StderrLine: {'line': b'\x1b[01m\x1b[K/usr/include/c++/11/bits/shared_ptr.h:399:9:\x1b[m\x1b[K \x1b[01;36m\x1b[Knote: \x1b[m\x1b[Kcandidate: \xe2\x80\x98\x1b[01m\x1b[Ktemplate<class _Yp, class _Del> std::shared_ptr<_Tp>::_Assignable<std::unique_ptr<_Up, _Ep> > std::shared_ptr<_Tp>::operator=(std::unique_ptr<_Up, _Ep>&&) [with _Yp = _Yp; _Del = _Del; _Tp = rclcpp::Publisher<std_msgs::msg::String_<std::allocator<void> > >]\x1b[m\x1b[K\xe2\x80\x99\n'}
[1.437743] (ros2_test_publisher) StderrLine: {'line': b'  399 |         \x1b[01;36m\x1b[Koperator\x1b[m\x1b[K=(unique_ptr<_Yp, _Del>&& __r)\n'}
[1.437768] (ros2_test_publisher) StderrLine: {'line': b'      |         \x1b[01;36m\x1b[K^~~~~~~~\x1b[m\x1b[K\n'}
[1.437793] (ros2_test_publisher) StderrLine: {'line': b'\x1b[01m\x1b[K/usr/include/c++/11/bits/shared_ptr.h:399:9:\x1b[m\x1b[K \x1b[01;36m\x1b[Knote: \x1b[m\x1b[K  template argument deduction/substitution failed:\n'}
[1.437820] (ros2_test_publisher) StderrLine: {'line': b'\x1b[01m\x1b[K/home/jason/Desktop/ROS2_study/src/ros2_test_publisher/src/ros2_test_publisher.cpp:29:87:\x1b[m\x1b[K \x1b[01;36m\x1b[Knote: \x1b[m\x1b[K  \xe2\x80\x98\x1b[01m\x1b[Kstd::shared_ptr<rclcpp::Publisher<std_msgs::msg::UInt32_<std::allocator<void> >, std::allocator<void> > >\x1b[m\x1b[K\xe2\x80\x99 is not derived from \xe2\x80\x98\x1b[01m\x1b[Kstd::unique_ptr<_Tp, _Dp>\x1b[m\x1b[K\xe2\x80\x99\n'}
[1.437848] (ros2_test_publisher) StderrLine: {'line': b'   29 | msgs::msg::UInt32>("publisher_topic",10\x1b[01;36m\x1b[K)\x1b[m\x1b[K;\n'}
[1.437872] (ros2_test_publisher) StderrLine: {'line': b'      |                                        \x1b[01;36m\x1b[K^\x1b[m\x1b[K\n'}
[1.437898] (ros2_test_publisher) StderrLine: {'line': b'\n'}
[1.437923] (ros2_test_publisher) StderrLine: {'line': b'In file included from \x1b[01m\x1b[K/usr/include/c++/11/memory:77\x1b[m\x1b[K,\n'}
[1.437949] (ros2_test_publisher) StderrLine: {'line': b'                 from \x1b[01m\x1b[K/opt/ros/humble/include/std_msgs/std_msgs/msg/detail/u_int32__struct.hpp:10\x1b[m\x1b[K,\n'}
[1.437973] (ros2_test_publisher) StderrLine: {'line': b'                 from \x1b[01m\x1b[K/opt/ros/humble/include/std_msgs/std_msgs/msg/u_int32.hpp:7\x1b[m\x1b[K,\n'}
[1.437999] (ros2_test_publisher) StderrLine: {'line': b'                 from \x1b[01m\x1b[K/home/jason/Desktop/ROS2_study/src/ros2_test_publisher/src/ros2_test_publisher.cpp:8\x1b[m\x1b[K:\n'}
[1.438025] (ros2_test_publisher) StderrLine: {'line': b'\x1b[01m\x1b[K/usr/include/c++/11/bits/shared_ptr.h:359:19:\x1b[m\x1b[K \x1b[01;36m\x1b[Knote: \x1b[m\x1b[Kcandidate: \xe2\x80\x98\x1b[01m\x1b[Kstd::shared_ptr<_Tp>& std::shared_ptr<_Tp>::operator=(const std::shared_ptr<_Tp>&) [with _Tp = rclcpp::Publisher<std_msgs::msg::String_<std::allocator<void> > >]\x1b[m\x1b[K\xe2\x80\x99\n'}
[1.438051] (ros2_test_publisher) StderrLine: {'line': b'  359 |       shared_ptr& \x1b[01;36m\x1b[Koperator\x1b[m\x1b[K=(const shared_ptr&) noexcept = default;\n'}
[1.438079] (ros2_test_publisher) StderrLine: {'line': b'      |                   \x1b[01;36m\x1b[K^~~~~~~~\x1b[m\x1b[K\n'}
[1.438103] (ros2_test_publisher) StderrLine: {'line': b'\x1b[01m\x1b[K/usr/include/c++/11/bits/shared_ptr.h:359:29:\x1b[m\x1b[K \x1b[01;36m\x1b[Knote: \x1b[m\x1b[K  no known conversion for argument 1 from \xe2\x80\x98\x1b[01m\x1b[Kstd::shared_ptr<rclcpp::Publisher<std_msgs::msg::UInt32_<std::allocator<void> >, std::allocator<void> > >\x1b[m\x1b[K\xe2\x80\x99 to \xe2\x80\x98\x1b[01m\x1b[Kconst std::shared_ptr<rclcpp::Publisher<std_msgs::msg::String_<std::allocator<void> > > >&\x1b[m\x1b[K\xe2\x80\x99\n'}
[1.438130] (ros2_test_publisher) StderrLine: {'line': b'  359 |       shared_ptr& operator=(\x1b[01;36m\x1b[Kconst shared_ptr&\x1b[m\x1b[K) noexcept = default;\n'}
[1.438154] (ros2_test_publisher) StderrLine: {'line': b'      |                             \x1b[01;36m\x1b[K^~~~~~~~~~~~~~~~~\x1b[m\x1b[K\n'}
[1.438180] (ros2_test_publisher) StderrLine: {'line': b'\x1b[01m\x1b[K/usr/include/c++/11/bits/shared_ptr.h:383:7:\x1b[m\x1b[K \x1b[01;36m\x1b[Knote: \x1b[m\x1b[Kcandidate: \xe2\x80\x98\x1b[01m\x1b[Kstd::shared_ptr<_Tp>& std::shared_ptr<_Tp>::operator=(std::shared_ptr<_Tp>&&) [with _Tp = rclcpp::Publisher<std_msgs::msg::String_<std::allocator<void> > >]\x1b[m\x1b[K\xe2\x80\x99\n'}
[1.438205] (ros2_test_publisher) StderrLine: {'line': b'  383 |       \x1b[01;36m\x1b[Koperator\x1b[m\x1b[K=(shared_ptr&& __r) noexcept\n'}
[1.438229] (ros2_test_publisher) StderrLine: {'line': b'      |       \x1b[01;36m\x1b[K^~~~~~~~\x1b[m\x1b[K\n'}
[1.438253] (ros2_test_publisher) StderrLine: {'line': b'\x1b[01m\x1b[K/usr/include/c++/11/bits/shared_ptr.h:383:30:\x1b[m\x1b[K \x1b[01;36m\x1b[Knote: \x1b[m\x1b[K  no known conversion for argument 1 from \xe2\x80\x98\x1b[01m\x1b[Kstd::shared_ptr<rclcpp::Publisher<std_msgs::msg::UInt32_<std::allocator<void> >, std::allocator<void> > >\x1b[m\x1b[K\xe2\x80\x99 to \xe2\x80\x98\x1b[01m\x1b[Kstd::shared_ptr<rclcpp::Publisher<std_msgs::msg::String_<std::allocator<void> > > >&&\x1b[m\x1b[K\xe2\x80\x99\n'}
[1.438278] (ros2_test_publisher) StderrLine: {'line': b'  383 |       operator=(\x1b[01;36m\x1b[Kshared_ptr&& __r\x1b[m\x1b[K) noexcept\n'}
[1.438302] (ros2_test_publisher) StderrLine: {'line': b'      |                 \x1b[01;36m\x1b[K~~~~~~~~~~~~~^~~\x1b[m\x1b[K\n'}
[1.438328] (ros2_test_publisher) StderrLine: {'line': b'\x1b[01m\x1b[K/home/jason/Desktop/ROS2_study/src/ros2_test_publisher/src/ros2_test_publisher.cpp:31:100:\x1b[m\x1b[K \x1b[01;31m\x1b[Kerror: \x1b[m\x1b[K\xe2\x80\x98\x1b[01m\x1b[Ktimer_callback\x1b[m\x1b[K\xe2\x80\x99 is not a member of \xe2\x80\x98\x1b[01m\x1b[KMinimalPublisher\x1b[m\x1b[K\xe2\x80\x99\n'}
[1.438353] (ros2_test_publisher) StderrLine: {'line': b'   31 | ,std::bind(&MinimalPublisher::\x1b[01;31m\x1b[Ktimer_callback\x1b[m\x1b[K,this));\n'}
[1.438377] (ros2_test_publisher) StderrLine: {'line': b'      |                               \x1b[01;31m\x1b[K^~~~~~~~~~~~~~\x1b[m\x1b[K\n'}
[1.438400] (ros2_test_publisher) StderrLine: {'line': b'\n'}
[1.438423] (ros2_test_publisher) StderrLine: {'line': b'\x1b[01m\x1b[K/home/jason/Desktop/ROS2_study/src/ros2_test_publisher/src/ros2_test_publisher.cpp:24:34:\x1b[m\x1b[K \x1b[01;35m\x1b[Kwarning: \x1b[m\x1b[Kunused parameter \xe2\x80\x98\x1b[01m\x1b[Knode_name\x1b[m\x1b[K\xe2\x80\x99 [\x1b[01;35m\x1b[K\x1b]8;;https://gcc.gnu.org/onlinedocs/gcc/Warning-Options.html#index-Wunused-parameter\x07-Wunused-parameter\x1b]8;;\x07\x1b[m\x1b[K]\n'}
[1.438448] (ros2_test_publisher) StderrLine: {'line': b'   24 |  MinimalPublisher(\x1b[01;35m\x1b[Kconst char* node_name\x1b[m\x1b[K):Node("minimal_publisher")\n'}
[1.438473] (ros2_test_publisher) StderrLine: {'line': b'      |                   \x1b[01;35m\x1b[K~~~~~~~~~~~~^~~~~~~~~\x1b[m\x1b[K\n'}
[1.438499] (ros2_test_publisher) StderrLine: {'line': b'\n'}
[1.438528] (ros2_test_publisher) StderrLine: {'line': b'\x1b[01m\x1b[K/home/jason/Desktop/ROS2_study/src/ros2_test_publisher/src/ros2_test_publisher.cpp:\x1b[m\x1b[K In member function \xe2\x80\x98\x1b[01m\x1b[Kvoid MinimalPublisher::topic_callback()\x1b[m\x1b[K\xe2\x80\x99:\n'}
[1.438558] (ros2_test_publisher) StderrLine: {'line': b'\x1b[01m\x1b[K/home/jason/Desktop/ROS2_study/src/ros2_test_publisher/src/ros2_test_publisher.cpp:42:44:\x1b[m\x1b[K \x1b[01;31m\x1b[Kerror: \x1b[m\x1b[Kqualified-id in declaration before \xe2\x80\x98\x1b[01m\x1b[K;\x1b[m\x1b[K\xe2\x80\x99 token\n'}
[1.438591] (ros2_test_publisher) StderrLine: {'line': b'   42 | sgs::msg::String std::messages\x1b[01;31m\x1b[K;\x1b[m\x1b[K//\xe5\x88\x9b\xe5\xbb\xba\xe4\xb8\x80\xe4\xb8\xaa\xe6\xb6\x88\xe6\x81\xaf\n'}
[1.438619] (ros2_test_publisher) StderrLine: {'line': b'      |                               \x1b[01;31m\x1b[K^\x1b[m\x1b[K\n'}
[1.438647] (ros2_test_publisher) StderrLine: {'line': b'\n'}
[1.441540] (ros2_test_publisher) StderrLine: {'line': b'\x1b[01m\x1b[K/home/jason/Desktop/ROS2_study/src/ros2_test_publisher/src/ros2_test_publisher.cpp:43:9:\x1b[m\x1b[K \x1b[01;31m\x1b[Kerror: \x1b[m\x1b[K\xe2\x80\x98\x1b[01m\x1b[Kmessage\x1b[m\x1b[K\xe2\x80\x99 was not declared in this scope\n'}
[1.441672] (ros2_test_publisher) StderrLine: {'line': b'   43 |         \x1b[01;31m\x1b[Kmessage\x1b[m\x1b[K.data = "Hello World!";//\xe8\xb5\x8b\xe5\x80\xbc\n'}
[1.441726] (ros2_test_publisher) StderrLine: {'line': b'      |         \x1b[01;31m\x1b[K^~~~~~~\x1b[m\x1b[K\n'}
[1.504536] (-) TimerEvent: {}
[1.605090] (-) TimerEvent: {}
[1.705653] (-) TimerEvent: {}
[1.805975] (-) TimerEvent: {}
[1.892090] (ros2_test_publisher) StderrLine: {'line': b'gmake[2]: *** [CMakeFiles/ros2_test_publisher.dir/build.make:76\xef\xbc\x9aCMakeFiles/ros2_test_publisher.dir/src/ros2_test_publisher.cpp.o] \xe9\x94\x99\xe8\xaf\xaf 1\n'}
[1.892377] (ros2_test_publisher) StderrLine: {'line': b'gmake[1]: *** [CMakeFiles/Makefile2:137\xef\xbc\x9aCMakeFiles/ros2_test_publisher.dir/all] \xe9\x94\x99\xe8\xaf\xaf 2\n'}
[1.892446] (ros2_test_publisher) StderrLine: {'line': b'gmake: *** [Makefile:146\xef\xbc\x9aall] \xe9\x94\x99\xe8\xaf\xaf 2\n'}
[1.894354] (ros2_test_publisher) CommandEnded: {'returncode': 2}
[1.906162] (-) TimerEvent: {}
[1.974204] (ros2_test_publisher) JobEnded: {'identifier': 'ros2_test_publisher', 'rc': 2}
[1.984913] (-) EventReactorShutdown: {}
